<!-- 
RSS generated by JIRA (9.12.27#9120027-sha1:edc4490121e366e9e7bd2213d532dbe7e028fc5d) at Tue Sep 30 12:34:20 UTC 2025

It is possible to restrict the fields that are returned in this document by specifying the 'field' parameter in your request.
For example, to request only the issue key and summary append 'field=key&field=summary' to the URL of your request.
-->
<rss version="0.92" >
<channel>
    <title>Java Bug System</title>
    <link>https://bugs.openjdk.org</link>
    <description>This file is an XML representation of an issue</description>
    <language>en-us</language>    <build-info>
        <version>9.12.27</version>
        <build-number>9120027</build-number>
        <build-date>02-09-2025</build-date>
    </build-info>


<item>
            <title>[JDK-8316361] C2: assert(!failure) failed: Missed optimization opportunity in PhaseIterGVN with -XX:VerifyIterativeGVN=10</title>
                <link>https://bugs.openjdk.org/browse/JDK-8316361</link>
                <project id="10100" key="JDK">JDK</project>
                    <description>A fuzzy test have crashed with the following error:&lt;br/&gt;
&lt;br/&gt;
assert(!failure) failed: Missed optimization opportunity in PhaseIterGVN&lt;br/&gt;
&lt;br/&gt;
Missed Value optimization:&lt;br/&gt;
dist dump&lt;br/&gt;
---------------------------------------------&lt;br/&gt;
&amp;nbsp;&amp;nbsp;&amp;nbsp;1  524  OpaqueZeroTripGuard  === _ 233  [[ 525 ]] &lt;br/&gt;
&amp;nbsp;&amp;nbsp;&amp;nbsp;1  491  AddI  === _ 501 32  [[ 490 501 510 525 ]]  !orig=422,[242] !jvms: Test::vMeth @ bci:180 (line 274)&lt;br/&gt;
&amp;nbsp;&amp;nbsp;&amp;nbsp;0  525  CmpI  === _ 491 524  [[ 526 ]] &lt;br/&gt;
Current type:&lt;br/&gt;
int:-1..1&lt;br/&gt;
Optimized type:&lt;br/&gt;
int:1&lt;br/&gt;
&lt;br/&gt;
&lt;br/&gt;
Stack:&lt;br/&gt;
&lt;br/&gt;
Native frames: (J=compiled Java code, j=interpreted, Vv=VM code, C=native code)&lt;br/&gt;
V  [libjvm.dylib+0x13ccb00]  VMError::report_and_die(int, char const*, char const*, char*, Thread*, unsigned char*, void*, void*, char const*, int, unsigned long)+0x4bc  (phaseX.cpp:1080)&lt;br/&gt;
V  [libjvm.dylib+0x13cd4a8]  VMError::report_and_die(Thread*, void*, char const*, int, char const*, char const*, char*)+0x40&lt;br/&gt;
V  [libjvm.dylib+0x6bbc4c]  report_vm_error(char const*, int, char const*, char const*, ...)+0x6c&lt;br/&gt;
V  [libjvm.dylib+0x10c2a94]  PhaseIterGVN::verify_optimize()+0x480&lt;br/&gt;
V  [libjvm.dylib+0x6191bc]  PhaseIdealLoop::optimize(PhaseIterGVN&amp;amp;, LoopOptsMode)+0x124&lt;br/&gt;
V  [libjvm.dylib+0x6195b4]  Compile::optimize_loops(PhaseIterGVN&amp;amp;, LoopOptsMode)+0x70&lt;br/&gt;
V  [libjvm.dylib+0x6125dc]  Compile::Optimize()+0xa0c&lt;br/&gt;
V  [libjvm.dylib+0x610678]  Compile::Compile(ciEnv*, ciMethod*, int, Options, DirectiveSet*)+0x1474&lt;br/&gt;
V  [libjvm.dylib+0x4c3488]  C2Compiler::compile_method(ciEnv*, ciMethod*, int, bool, DirectiveSet*)+0x1dc&lt;br/&gt;
V  [libjvm.dylib+0x631110]  CompileBroker::invoke_compiler_on_method(CompileTask*)+0xa00&lt;br/&gt;
V  [libjvm.dylib+0x630450]  CompileBroker::compiler_thread_loop()+0x3c8&lt;br/&gt;
V  [libjvm.dylib+0xa3dfcc]  JavaThread::thread_main_inner()+0x334&lt;br/&gt;
V  [libjvm.dylib+0x12f4128]  Thread::call_run()+0x134&lt;br/&gt;
V  [libjvm.dylib+0x1055654]  thread_native_entry(Thread*)+0x160&lt;br/&gt;
C  [libsystem_pthread.dylib+0x706c]  _pthread_start+0x94&lt;br/&gt;
&lt;br/&gt;
The test was started on macosx-aarch64 (have also been spotted on linux-x64) with the following stress flags:&lt;br/&gt;
&lt;br/&gt;
-XX:RepeatCompilation=81 -Xmx1G -XX:+IgnoreUnrecognizedVMOptions -XX:CompileOnly=*Test*::* -XX:CompileCommand=quiet -XX:-TieredCompilation -Xcomp -XX:+UnlockDiagnosticVMOptions -XX:+StressLCM -XX:+StressGCM -XX:+StressIGVN -XX:+StressCCP -XX:StressSeed=578462776 -XX:+UnlockExperimentalVMOptions -XX:PerMethodSpecTrapLimit=0 -XX:PerMethodTrapLimit=0 -XX:+VerifyLoopOptimizations -XX:VerifyIterativeGVN=10 -XX:MaxRAMPercentage=6.25&lt;br/&gt;
&lt;br/&gt;
Please find hs_err and the test files attached.</description>
                <environment></environment>
        <key id="5110410">JDK-8316361</key>
            <summary>C2: assert(!failure) failed: Missed optimization opportunity in PhaseIterGVN with -XX:VerifyIterativeGVN=10</summary>
                <type id="1" iconUrl="https://bugs.openjdk.org/secure/viewavatar?size=xsmall&amp;avatarId=14703&amp;avatarType=issuetype">Bug</type>
                                            <priority id="4" iconUrl="https://bugs.openjdk.org/images/jbsImages/p4.png">P4</priority>
                        <status id="5" iconUrl="https://bugs.openjdk.org/images/icons/statuses/resolved.png" description="A resolution has been taken, and it is awaiting verification by reporter. From here issues are either reopened, or are closed.">Resolved</status>
                    <statusCategory id="3" key="done" colorName="success"/>
                                    <resolution id="1">Fixed</resolution>
                                        <assignee username="epeter">Emanuel Peter</assignee>
                                    <reporter username="enikitin">Evgeny Nikitin</reporter>
                        <labels>
                            <label>amazon-interest</label>
                            <label>c2</label>
                            <label>javafuzzer</label>
                            <label>jdk21u-fix-request</label>
                            <label>jdk21u-fix-yes</label>
                            <label>oracle-triage-22</label>
                            <label>starter</label>
                            <label>tier6</label>
                            <label>tier8</label>
                    </labels>
                <created>Fri, 15 Sep 2023 06:50:38 -0700</created>
                <updated>Tue, 9 Jul 2024 10:53:19 -0700</updated>
                            <resolved>Mon, 2 Oct 2023 01:07:42 -0700</resolved>
                                    <version>21</version>
                    <version>22</version>
                                    <fixVersion>22</fixVersion>
                                    <component>hotspot</component>
                        <due></due>
                            <votes>0</votes>
                                    <watches>9</watches>
                                                                                                                <comments>
                            <comment id="14687284" author="mbaesken" created="Thu, 4 Jul 2024 23:49:43 -0700"  >jdk21u-dev backport request&lt;br/&gt;
I would like to have the patch in OpenJDk 21u-dev as well, for parity with OracleJDK. The backport is clean and low-to-medium risk.</comment>
                            <comment id="14687029" author="roboduke" created="Thu, 4 Jul 2024 01:16:40 -0700"  >A pull request was submitted for review.&lt;br/&gt;
Branch: master&lt;br/&gt;
URL: &lt;a href=&quot;https://git.openjdk.org/jdk21u-dev/pull/820&quot;&gt;https://git.openjdk.org/jdk21u-dev/pull/820&lt;/a&gt;&lt;br/&gt;
Date: 2024-07-04 08:12:19 +0000</comment>
                            <comment id="14615286" author="dcubed" created="Mon, 2 Oct 2023 12:17:13 -0700"  >The fix for this bug is integrated in jdk-22+18-1378.</comment>
                            <comment id="14615150" author="dukebot" created="Mon, 2 Oct 2023 01:07:41 -0700"  >Changeset: eeb63cd0&lt;br/&gt;
Author:    Emanuel Peter &amp;lt;&lt;a href=&apos;mailto:epeter@openjdk.org&apos;&gt;epeter@openjdk.org&lt;/a&gt;&amp;gt;&lt;br/&gt;
Date:      2023-10-02 08:03:10 +0000&lt;br/&gt;
URL:       &lt;a href=&quot;https://git.openjdk.org/jdk/commit/eeb63cd0fad9de1f7182ab97d0f25ac67745aa9e&quot;&gt;https://git.openjdk.org/jdk/commit/eeb63cd0fad9de1f7182ab97d0f25ac67745aa9e&lt;/a&gt;&lt;br/&gt;
</comment>
                            <comment id="14615115" author="dcubed" created="Sun, 1 Oct 2023 06:51:27 -0700"  >Here&amp;#39;s a log file snippet from the jdk-22+18-1369-tier8 sighting:&lt;br/&gt;
&lt;br/&gt;
applications/javafuzzer/BigTest.java&lt;br/&gt;
&lt;br/&gt;
#section:driver&lt;br/&gt;
----------messages:(7/309)----------&lt;br/&gt;
command: driver applications.javafuzzer.JavaFuzzerRunner -NT 300&lt;br/&gt;
reason: User specified action: run driver/timeout=100000 applications.javafuzzer.JavaFuzzerRunner -NT 300 &lt;br/&gt;
started: Sun Oct 01 03:51:01 UTC 2023&lt;br/&gt;
Mode: agentvm&lt;br/&gt;
Agent id: 2&lt;br/&gt;
finished: Sun Oct 01 12:05:39 UTC 2023&lt;br/&gt;
elapsed time (seconds): 29677.929&lt;br/&gt;
----------configuration:(16/2434)----------&lt;br/&gt;
&lt;br/&gt;
&amp;lt;snip&amp;gt;&lt;br/&gt;
&lt;br/&gt;
----------System.out:(53/3758)----------&lt;br/&gt;
For random generator using seed: 8000374035869827031&lt;br/&gt;
To re-run test with same seed value please add &amp;quot;-Djdk.test.lib.random.seed=8000374035869827031&amp;quot; to command line.&lt;br/&gt;
Using JRuby executable: /opt/mach5/mesos/work_dir/jib-master/install/org/jruby/jruby-dist/9.2.12.0/jruby-dist-9.2.12.0-bin.zip/jruby-9.2.12.0/bin/jruby&lt;br/&gt;
Starting JavaFuzzer: &amp;#39;/bin/bash /opt/mach5/mesos/work_dir/jib-master/install/com/oracle/jpg/bigapps/javafuzzer/javafuzzer/2.0/javafuzzer-2.0.zip/mrt.sh -R /opt/mach5/mesos/work_dir/slaves/cd627e65-f015-4fb1-a1d2-b6c9b8127f98-S202949/frameworks/1735e8a2-a1db-478c-8104-60c8b0af87dd-0196/executors/97fd2739-4dfc-4c46-8e5f-aadbdd6e9a9b/runs/a39f0df2-aeba-4006-822b-acf32866d689/testoutput/test-support/jtreg_closed_test_hotspot_jtreg_applications_javafuzzer_BigTest_java/scratch/0 -NT 300 -NP 12 -A -conf config.yml&amp;#39;&lt;br/&gt;
[2023-10-01T03:51:06.646334428Z] Gathering output for process 6534&lt;br/&gt;
[2023-10-01T12:05:38.779453713Z] Waiting for completion for process 6534&lt;br/&gt;
[2023-10-01T12:05:38.779755506Z] Waiting for completion finished for process 6534&lt;br/&gt;
Output and diagnostic info for process 6534 was saved into &amp;#39;pid-6534-output.log&amp;#39;&lt;br/&gt;
&lt;br/&gt;
Summary of the JavaFuzzer run:&lt;br/&gt;
------------------------------&lt;br/&gt;
Host:     ol7-x64-165599&lt;br/&gt;
Tests:    12 x 300&lt;br/&gt;
Args:     -conf config.yml&lt;br/&gt;
&lt;br/&gt;
Started  at: Sun Oct  1 03:51:06 UTC 2023&lt;br/&gt;
&lt;br/&gt;
&lt;br/&gt;
r6- 300: 195 passed, 1 crashes, 0 fails, 0 hangs, 0 incorrect tests, 104 Reference Java failures&lt;br/&gt;
r3- 300: 188 passed, 0 crashes, 0 fails, 0 hangs, 0 incorrect tests, 112 Reference Java failures&lt;br/&gt;
r12- 300: 197 passed, 0 crashes, 0 fails, 0 hangs, 0 incorrect tests, 103 Reference Java failures&lt;br/&gt;
r9- 300: 180 passed, 0 crashes, 0 fails, 0 hangs, 0 incorrect tests, 120 Reference Java failures&lt;br/&gt;
r5- 300: 168 passed, 0 crashes, 0 fails, 0 hangs, 0 incorrect tests, 132 Reference Java failures&lt;br/&gt;
r2- 300: 191 passed, 0 crashes, 0 fails, 0 hangs, 0 incorrect tests, 109 Reference Java failures&lt;br/&gt;
r7- 300: 184 passed, 0 crashes, 0 fails, 0 hangs, 0 incorrect tests, 116 Reference Java failures&lt;br/&gt;
r10- 300: 179 passed, 0 crashes, 0 fails, 0 hangs, 0 incorrect tests, 121 Reference Java failures&lt;br/&gt;
r8- 300: 181 passed, 0 crashes, 0 fails, 0 hangs, 0 incorrect tests, 119 Reference Java failures&lt;br/&gt;
r1- 300: 175 passed, 0 crashes, 0 fails, 0 hangs, 0 incorrect tests, 125 Reference Java failures&lt;br/&gt;
r11- 300: 180 passed, 0 crashes, 0 fails, 0 hangs, 0 incorrect tests, 120 Reference Java failures&lt;br/&gt;
r4- 300: 173 passed, 0 crashes, 0 fails, 0 hangs, 0 incorrect tests, 127 Reference Java failures&lt;br/&gt;
&lt;br/&gt;
Finished at: Sun Oct  1 12:05:38 UTC 2023&lt;br/&gt;
&lt;br/&gt;
&lt;br/&gt;
#&lt;br/&gt;
# A fatal error has been detected by the Java Runtime Environment:&lt;br/&gt;
#&lt;br/&gt;
#  Internal Error (/opt/mach5/mesos/work_dir/slaves/cd627e65-f015-4fb1-a1d2-b6c9b8127f98-S202615/frameworks/1735e8a2-a1db-478c-8104-60c8b0af87dd-0196/executors/8e55b3a4-6c35-4a62-ba3a-9b6622c7013e/runs/074bcfa6-aeef-4998-ab03-4240c3258975/workspace/open/src/hotspot/share/opto/phaseX.cpp:1087), pid=4220, tid=4329&lt;br/&gt;
#  assert(!failure) failed: Missed optimization opportunity in PhaseIterGVN&lt;br/&gt;
#&lt;br/&gt;
# JRE version: Java(TM) SE Runtime Environment (22.0+18) (fastdebug build 22-ea+18-1369)&lt;br/&gt;
# Java VM: Java HotSpot(TM) 64-Bit Server VM (fastdebug 22-ea+18-1369, compiled mode, sharing, compressed oops, compressed class ptrs, g1 gc, linux-amd64)&lt;br/&gt;
# Problematic frame:&lt;br/&gt;
# V  [libjvm.so+0x152942e]  PhaseIterGVN::verify_optimize() [clone .part.0]+0x69e&lt;br/&gt;
#&lt;br/&gt;
# Core dump will be written. Default location: Core dumps may be processed with &amp;quot;/opt/core.sh %p&amp;quot; (or dumping to /tmp/fuzzer.tmp.nNgnof6xdP/core.4220)&lt;br/&gt;
#&lt;br/&gt;
# If you would like to submit a bug report, please visit:&lt;br/&gt;
#   &lt;a href=&quot;https://bugreport.java.com/bugreport/crash.jsp&quot;&gt;https://bugreport.java.com/bugreport/crash.jsp&lt;/a&gt;&lt;br/&gt;
#&lt;br/&gt;
&lt;br/&gt;
[2023-10-01T12:05:39.052194012Z] Waiting for completion for process 6534&lt;br/&gt;
[2023-10-01T12:05:39.052392279Z] Waiting for completion finished for process 6534&lt;br/&gt;
----------System.err:(15/908)----------&lt;br/&gt;
java.lang.RuntimeException: assertEquals: expected 1 to equal 2&lt;br/&gt;
	at jdk.test.lib.Asserts.fail(Asserts.java:594)&lt;br/&gt;
	at jdk.test.lib.Asserts.assertEquals(Asserts.java:205)&lt;br/&gt;
	at jdk.test.lib.Asserts.assertEquals(Asserts.java:189)&lt;br/&gt;
	at applications.javafuzzer.JavaFuzzerRunner.reportResults(JavaFuzzerRunner.java:247)&lt;br/&gt;
	at applications.javafuzzer.JavaFuzzerRunner.runWithConfigurations(JavaFuzzerRunner.java:268)&lt;br/&gt;
	at applications.javafuzzer.JavaFuzzerRunner.main(JavaFuzzerRunner.java:290)&lt;br/&gt;
	at java.base/jdk.internal.reflect.DirectMethodHandleAccessor.invoke(DirectMethodHandleAccessor.java:103)&lt;br/&gt;
	at java.base/java.lang.reflect.Method.invoke(Method.java:580)&lt;br/&gt;
	at com.sun.javatest.regtest.agent.MainActionHelper$AgentVMRunnable.run(MainActionHelper.java:333)&lt;br/&gt;
	at java.base/java.lang.Thread.run(Thread.java:1570)&lt;br/&gt;
&lt;br/&gt;
JavaTest Message: Test threw exception: java.lang.RuntimeException&lt;br/&gt;
JavaTest Message: shutting down test&lt;br/&gt;
&lt;br/&gt;
result: Failed. Execution failed: `main&amp;#39; threw exception: java.lang.RuntimeException: assertEquals: expected 1 to equal 2&lt;br/&gt;
&lt;br/&gt;
&lt;br/&gt;
Here&amp;#39;s the crashing thread&amp;#39;s stack:&lt;br/&gt;
&lt;br/&gt;
---------------  T H R E A D  ---------------&lt;br/&gt;
&lt;br/&gt;
Current thread (0x00007fa1cc33ec30):  JavaThread &amp;quot;C2 CompilerThread0&amp;quot; daemon [_thread_in_native, id=4329, stack(0x00007fa1bc228000,0x00007fa1bc328000) (1024K)]&lt;br/&gt;
&lt;br/&gt;
&lt;br/&gt;
Current CompileTask:&lt;br/&gt;
C2:   1601   81    b        Test::iMeth (250 bytes)&lt;br/&gt;
&lt;br/&gt;
Stack: [0x00007fa1bc228000,0x00007fa1bc328000],  sp=0x00007fa1bc323150,  free space=1004k&lt;br/&gt;
Native frames: (J=compiled Java code, j=interpreted, Vv=VM code, C=native code)&lt;br/&gt;
V  [libjvm.so+0x152942e]  PhaseIterGVN::verify_optimize() [clone .part.0]+0x69e  (phaseX.cpp:1087)&lt;br/&gt;
V  [libjvm.so+0x152a5b8]  PhaseIterGVN::optimize()+0x328  (phaseX.cpp:1058)&lt;br/&gt;
V  [libjvm.so+0x9f2efa]  PhaseIdealLoop::optimize(PhaseIterGVN&amp;amp;, LoopOptsMode)+0x64a  (loopnode.hpp:1198)&lt;br/&gt;
V  [libjvm.so+0x9ee214]  Compile::Optimize()+0xe14  (compile.cpp:2362)&lt;br/&gt;
V  [libjvm.so+0x9f1a30]  Compile::Compile(ciEnv*, ciMethod*, int, Options, DirectiveSet*)+0x1bb0  (compile.cpp:854)&lt;br/&gt;
V  [libjvm.so+0x84ac5b]  C2Compiler::compile_method(ciEnv*, ciMethod*, int, bool, DirectiveSet*)+0x13b  (c2compiler.cpp:119)&lt;br/&gt;
V  [libjvm.so+0x9fd9e0]  CompileBroker::invoke_compiler_on_method(CompileTask*)+0x980  (compileBroker.cpp:2282)&lt;br/&gt;
V  [libjvm.so+0x9fe768]  CompileBroker::compiler_thread_loop()+0x508  (compileBroker.cpp:1943)&lt;br/&gt;
V  [libjvm.so+0xebc7bc]  JavaThread::thread_main_inner()+0xcc  (javaThread.cpp:720)&lt;br/&gt;
V  [libjvm.so+0x17a3e5a]  Thread::call_run()+0xba  (thread.cpp:220)&lt;br/&gt;
V  [libjvm.so+0x14a90da]  thread_native_entry(Thread*)+0x12a  (os_linux.cpp:786)</comment>
                            <comment id="14613186" author="roboduke" created="Fri, 22 Sep 2023 06:11:12 -0700"  >A pull request was submitted for review.&lt;br/&gt;
URL: &lt;a href=&quot;https://git.openjdk.org/jdk/pull/15886&quot;&gt;https://git.openjdk.org/jdk/pull/15886&lt;/a&gt;&lt;br/&gt;
Date: 2023-09-22 10:47:00 +0000</comment>
                            <comment id="14612744" author="JIRAUSER19821" created="Wed, 20 Sep 2023 23:46:54 -0700"  >Reduced1:&lt;br/&gt;
./java -XX:RepeatCompilation=81 -Xmx1G -XX:+IgnoreUnrecognizedVMOptions -XX:CompileOnly=*Reduced1*::* -XX:CompileCommand=quiet -XX:-TieredCompilation -Xcomp -XX:+UnlockDiagnosticVMOptions -XX:+StressLCM -XX:+StressGCM -XX:+StressIGVN -XX:+StressCCP -XX:StressSeed=578462776 -XX:+UnlockExperimentalVMOptions -XX:PerMethodSpecTrapLimit=0 -XX:PerMethodTrapLimit=0 -XX:+VerifyLoopOptimizations -XX:VerifyIterativeGVN=10 -XX:MaxRAMPercentage=6.25 Reduced1.java&lt;br/&gt;
&lt;br/&gt;
Reduced2&lt;br/&gt;
./java -XX:CompileCommand=compileonly,Reduced2::test -Xcomp -XX:VerifyIterativeGVN=10 Reduced2.java</comment>
                            <comment id="14611560" author="chagedorn" created="Fri, 15 Sep 2023 08:34:14 -0700"  >Seems to fail since the introduction of the VerifyIterativeGVN flag in JDK 21. The problem most likely exists in earlier JDK versions as well.</comment>
                            <comment id="14611557" author="chagedorn" created="Fri, 15 Sep 2023 08:24:34 -0700"  >ILW = C2 assertion failure in IGVN verification only affecting debug, single fuzzer test and only with -XX:VerifyIterativeGVN=10, use different value for -XX:VerifyIterativeGVN = MLM = P4</comment>
                    </comments>
                <issuelinks>
                            <issuelinktype id="10200">
                    <name>Backport</name>
                                            <outwardlinks description="backported by">
                                        <issuelink>
            <issuekey id="5133371">JDK-8335612</issuekey>
        </issuelink>
            <issuelink>
            <issuekey id="5133567">JDK-8335785</issuekey>
        </issuelink>
                            </outwardlinks>
                                                        </issuelinktype>
                            <issuelinktype id="10003">
                    <name>Relates</name>
                                            <outwardlinks description="relates to">
                                        <issuelink>
            <issuekey id="5088992">JDK-8298176</issuekey>
        </issuelink>
            <issuelink>
            <issuekey id="5112317">JDK-8318049</issuekey>
        </issuelink>
            <issuelink>
            <issuekey id="5089938">JDK-8298952</issuekey>
        </issuelink>
                            </outwardlinks>
                                                        </issuelinktype>
                    </issuelinks>
                <attachments>
                            <attachment id="106428" name="FuzzerUtils.java" size="13240" author="enikitin" created="Fri, 15 Sep 2023 06:48:58 -0700"/>
                            <attachment id="106485" name="Reduced1.java" size="764" author="epeter" created="Wed, 20 Sep 2023 23:46:32 -0700"/>
                            <attachment id="106486" name="Reduced2.java" size="269" author="epeter" created="Thu, 21 Sep 2023 00:18:00 -0700"/>
                            <attachment id="106429" name="Test.java" size="15715" author="enikitin" created="Fri, 15 Sep 2023 06:48:58 -0700"/>
                            <attachment id="106431" name="hs_err_pid75178.log" size="91339" author="enikitin" created="Fri, 15 Sep 2023 06:48:58 -0700"/>
                            <attachment id="106430" name="replay_pid75178.log" size="130424" author="enikitin" created="Fri, 15 Sep 2023 06:48:59 -0700"/>
                    </attachments>
                <subtasks>
                    </subtasks>
                <customfields>
                                                                            <customfield id="customfield_11700" key="com.atlassian.jira.plugins.jira-development-integration-plugin:devsummary">
                        <customfieldname>Development</customfieldname>
                        <customfieldvalues>
                            
                        </customfieldvalues>
                    </customfield>
                                                                                                                        <customfield id="customfield_10600" key="com.oracle.jira.javabugsystem-jira-plugin:jbs-fixedBackportedCustomfield">
                        <customfieldname>Fixed</customfieldname>
                        <customfieldvalues>
                            
                        </customfieldvalues>
                    </customfield>
                                                                                                                                                                                                                                                                                                                                                                                    <customfield id="customfield_11100" key="com.pyxis.greenhopper.jira:gh-lexo-rank">
                        <customfieldname>Rank</customfieldname>
                        <customfieldvalues>
                            <customfieldvalue>0|i33523:</customfieldvalue>

                        </customfieldvalues>
                    </customfield>
                                                                <customfield id="customfield_11004" key="com.pyxis.greenhopper.jira:gh-global-rank">
                        <customfieldname>Rank (Obsolete)</customfieldname>
                        <customfieldvalues>
                            <customfieldvalue>9223372036854775807</customfieldvalue>
                        </customfieldvalues>
                    </customfield>
                                                                                            <customfield id="customfield_10006" key="com.atlassian.jira.plugin.system.customfieldtypes:select">
                        <customfieldname>Resolved In Build</customfieldname>
                        <customfieldvalues>
                                <customfieldvalue key="17354"><![CDATA[b18]]></customfieldvalue>

                        </customfieldvalues>
                    </customfield>
                                                                                            <customfield id="customfield_10008" key="com.oracle.jira.jira-subcomponent-plugin:oracle-subComponentField">
                        <customfieldname>Subcomponent</customfieldname>
                        <customfieldvalues>
                             <customfieldvalue key="208"><![CDATA[compiler]]></customfieldvalue> 
                        </customfieldvalues>
                    </customfield>
                                                                                                                        <customfield id="customfield_10601" key="com.oracle.jira.javabugsystem-jira-plugin:jbs-targetBackportedCustomfield">
                        <customfieldname>Targeted</customfieldname>
                        <customfieldvalues>
                            
                        </customfieldvalues>
                    </customfield>
                                                                                                                                                    </customfields>
    </item>
</channel>
</rss>