
P1
Backport
client-libs
JDK-8347095
Bad copyright notices in changes from JDK-8339902
P1
Backport
hotspot
JDK-8348068
Various test failures after JDK-8334305
P2
Backport
client-libs
JDK-8346625
JViewport Test headless failure
P2
Backport
client-libs
JDK-8349089
JTabbedPane/8134116/Bug8134116.java has no license header
P2
Bug
client-libs
JDK-8348625
[21u, 17u] Revert JDK-8185862 to restore old java.awt.headless behavior on Windows
P2
Backport
core-libs
JDK-8346749
File libCreationTimeHelper.c compile fails on Alpine
P2
Backport
hotspot
JDK-8346630
runtime/handshake/HandshakeDirectTest.java causes "monitor end should be strictly below the frame pointer" assertion failure on AArch64
P2
Backport
hotspot
JDK-8346900
Crash due to invalid oop in nmethod after C1 patching
P2
Backport
hotspot
JDK-8346973
C2: basic blocks with only BoxLock nodes are wrongly treated as empty
P2
Backport
hotspot
JDK-8347884
Add test for Allocation elimination after use as alignment reference by SuperWord
P2
Backport
hotspot
JDK-8349657
ZGC: segmentation fault due to missing node type check in barrier elision analysis
P2
Backport
security-libs
JDK-8348066
test/jdk/sun/security/x509/DNSName/LeadingPeriod.java validity check failed
P2
Backport
tools
JDK-8348341
Crash: SIGSEGV in dlerror()
P3
Backport
client-libs
JDK-8346812
Get rid of JApplet in test/jdk/sanity/client/lib/SwingSet2/src/DemoModule.java
P3
Backport
client-libs
JDK-8346858
[XWayland] JavaFX hangs when calling java.awt.Robot.getPixelColor
P3
Backport
client-libs
JDK-8346899
[XWayland] test/jdk/java/awt/Mouse/EnterExitEvents/ResizingFrameTest.java
P3
Backport
client-libs
JDK-8349439
[TestBug] DefaultCloseOperation.java test not working as expected wrt instruction after JDK-8325851 fix
P3
Backport
client-libs
JDK-8349443
Limit the length of inflated text chunks
P3
Backport
client-libs
JDK-8350505
[Accessibility,Windows,JAWS] Bug in the getKeyChar method of the AccessBridge class
P3
Backport
client-libs
JDK-8350531
TrayIcon tests fail in Ubuntu 24.10 Wayland
P3
Backport
client-libs
JDK-8350669
javax/swing/JFileChooser/FileSystemView/WindowsDefaultIconSizeTest.java creates tmp file in src dir
P3
Backport
core-libs
JDK-8346748
[REDO] java/nio/file/attribute/BasicFileAttributeView/CreationTime.java#tmp fails on alinux3
P3
Backport
core-libs
JDK-8347876
Request with timeout aborts later in-flight request on HTTP/1.1 cxn
P3
Backport
core-libs
JDK-8348843
(tz) Update Timezone Data to 2025a
P3
Backport
core-libs
JDK-8349827
java/nio/file/Files/probeContentType/Basic.java fails on Windows 2025
P3
Backport
core-libs
JDK-8349987
java/io/File/createTempFile/SpecialTempFile.java failing
P3
Backport
core-libs
JDK-8354711
UpcallLinker::on_exit races with GC when copying frame anchor
P3
Backport
hotspot
JDK-8345499
C2: Memory for TypeInterfaces not reclaimed by hashcons()
P3
Backport
hotspot
JDK-8346000
[REDO] Native memory leak when not recording any events
P3
Backport
hotspot
JDK-8346004
C2: assert(!n_loop->is_member(get_loop(lca))) failed: control must not be back in the loop
P3
Backport
hotspot
JDK-8346189
AArch64: VM crashes with SIGILL when prctl is disallowed
P3
Backport
hotspot
JDK-8346332
C2: Use after free in PhaseChaitin::Register_Allocate()
P3
Backport
hotspot
JDK-8346891
Checked_cast assert in CDS compare_by_loader
P3
Backport
hotspot
JDK-8347028
[s390x] minimal build failure
P3
Backport
hotspot
JDK-8348201
Kmem limit and max values swapped when printing container information
P3
Backport
hotspot
JDK-8348394
Shenandoah: Test TestJcmdHeapDump.java#aggressive intermittent assert(gc_cause() == GCCause::_no_gc) failed: Over-writing cause
P3
Backport
hotspot
JDK-8348942
cpuset cgroups controller is required for no good reason
P3
Backport
hotspot
JDK-8350001
[ubsan] adjustments to filemap.cpp and virtualspace.cpp for macOS aarch64
P3
Backport
infrastructure
JDK-8347176
Compile tests with the same visibility rules as product code
P3
Bug
infrastructure
JDK-8349729
[21u] AIX jtreg tests fail to compile with qvisibility=hidden
P3
Backport
security-libs
JDK-8345708
Test sun/security/validator/samedn.sh CertificateNotYetValidException: NotBefore validation
P3
Backport
security-libs
JDK-8345884
SunPKCS11 provider checks on PKCS11 Mechanism are problematic
P3
Backport
security-libs
JDK-8346636
Test sun/security/pkcs11/Provider/RequiredMechCheck.java needs write access to src tree
P3
Backport
security-libs
JDK-8346813
SunPKCS11 initialization will call C_GetMechanismInfo on unsupported mechanisms
P3
Backport
security-libs
JDK-8346817
Google CAInterop test failures
P3
Backport
security-libs
JDK-8348065
Certificate name constraints improperly validated with leading period
P3
Backport
security-libs
JDK-8349870
Distrust TLS server certificates anchored by Camerfirma Root CAs
P3
Backport
security-libs
JDK-8354709
Jarsigner should print a warning if an entry is removed
P3
Backport
tools
JDK-8346079
Consolidate EmptyFolderTest and EmptyFolderPackageTest jpackage tests into single java file
P3
Backport
tools
JDK-8346699
Incorrect format string after JDK-8339475
P3
Backport
tools
JDK-8346815
Test BasicTest.java javac compile fails cannot find symbol
P4
Backport
client-libs
JDK-8345701
Remove applet usage from JColorChooser tests Test4222508
P4
Backport
client-libs
JDK-8345702
[TESTBUG] XparColor.java test fails with Error. Parse Exception: Invalid or unrecognized bugid: @
P4
Backport
client-libs
JDK-8345707
Test javax/swing/JFileChooser/8080628/bug8080628.java doesn't test for GTK L&F
P4
Backport
client-libs
JDK-8346395
Remove applet usage from JColorChooser tests Test4319113
P4
Backport
client-libs
JDK-8346396
Remove applet usage from JColorChooser tests Test4759306
P4
Backport
client-libs
JDK-8346397
Remove applet usage from JColorChooser tests Test6348456
P4
Backport
client-libs
JDK-8346398
Convert java/awt/print/PageFormat/SetOrient.html applet test to main
P4
Backport
client-libs
JDK-8346401
Remove applet usage from JColorChooser tests Test4887836
P4
Backport
client-libs
JDK-8346402
Remove applet usage from JColorChooser tests Test6977726
P4
Backport
client-libs
JDK-8346407
Open source few Undecorated Frame tests
P4
Backport
client-libs
JDK-8346408
java/awt/Frame/MaximizeUndecoratedTest.java fails in OEL due to a slight color difference
P4
Backport
client-libs
JDK-8346409
PrintNullString.java doesn't use float arguments
P4
Backport
client-libs
JDK-8346417
Open source couple TextField related tests
P4
Backport
client-libs
JDK-8346425
Improve JButton/bug4490179.java
P4
Backport
client-libs
JDK-8346451
Open some swing tests 2
P4
Backport
client-libs
JDK-8346452
Open some swing tests 4
P4
Backport
client-libs
JDK-8346458
Open some swing tests 5
P4
Backport
client-libs
JDK-8346459
Open some swing tests 6
P4
Backport
client-libs
JDK-8346537
Convert java/awt/image/MemoryLeakTest/MemoryLeakTest.java applet test to main
P4
Backport
client-libs
JDK-8346539
Convert java/awt/print/Dialog/PrintApplet.java applet test to main
P4
Backport
client-libs
JDK-8346540
Convert javax/swing/JColorChooser/8065098/bug8065098.java applet test to main
P4
Backport
client-libs
JDK-8346542
Convert java/awt/print/PrinterJob/PrinterDialogsModalityTest/PrinterDialogsModalityTest.html applet test to main
P4
Backport
client-libs
JDK-8346624
Open source several Swing JTree JViewport KeyboardManager tests
P4
Backport
client-libs
JDK-8346626
Remove applet usage from JColorChooser tests Test4759934

P4
Backport
client-libs
JDK-8346627
Convert java/awt/im/JTextFieldTest.java applet test to main
P4
Backport
client-libs
JDK-8346629
Frame not disposed in java/awt/dnd/DropActionChangeTest.java
P4
Backport
client-libs
JDK-8346635
PassFailJFrame.java test result: Error. Bad action for script: build}
P4
Backport
client-libs
JDK-8346640
java/awt/Graphics2D/ScaledTransform/ScaledTransform.java dialog does not get disposed
P4
Backport
client-libs
JDK-8346646
Exclude List/KeyEventsTest/KeyEventsTest.java from running on macOS
P4
Backport
client-libs
JDK-8346746
Open source several Swing JToolbar JTooltip JTree tests
P4
Backport
client-libs
JDK-8346804
Open source several Swing JTree tests
P4
Backport
client-libs
JDK-8346806
Open source several Swing JToolbar tests
P4
Backport
client-libs
JDK-8346807
Delete Redundant Printer Dialog Modality Test
P4
Backport
client-libs
JDK-8346816
Remove JButton/PressedButtonRightClickTest test
P4
Backport
client-libs
JDK-8346851
Open source several AWT/2D related tests
P4
Backport
client-libs
JDK-8346894
Open some swing tests
P4
Backport
client-libs
JDK-8346895
Convert javax/swing/JCheckBox/8032667/bug8032667.java applet test to main
P4
Backport
client-libs
JDK-8347096
Open source AWT List tests
P4
Backport
client-libs
JDK-8347103
Clean up a few ExtendedRobot tests
P4
Backport
client-libs
JDK-8347442
Convert java/awt/image/multiresolution/MultiDisplayTest/MultiDisplayTest.java applet test to main
P4
Backport
client-libs
JDK-8347443
[TEST_BUG]GTK L&F: There is no swatches or RGB tab in JColorChooser
P4
Backport
client-libs
JDK-8347589
[macos] Test java/awt/Frame/ExceptionOnSetExtendedStateTest/ExceptionOnSetExtendedStateTest.java fails
P4
Backport
client-libs
JDK-8347878
Remove applet usage from JFileChooser tests bug6698013
P4
Backport
client-libs
JDK-8347879
Manual printer tests have no Pass/Fail buttons, instructions close set 2
P4
Backport
client-libs
JDK-8347882
Open source closed frame tests #1
P4
Backport
client-libs
JDK-8347883
Write a test to check various components events are triggered properly
P4
Backport
client-libs
JDK-8347930
DrawFocusRect() may cause an assertion failure
P4
Backport
client-libs
JDK-8348057
[macOS] java/awt/dnd/NextDropActionTest/NextDropActionTest.java fails with java.lang.RuntimeException: wrong next drop action!
P4
Backport
client-libs
JDK-8348059
Manual printer tests have no Pass/Fail buttons, instructions close set 1
P4
Backport
client-libs
JDK-8348060
Convert PageFormat/Orient.java to use PassFailJFrame
P4
Backport
client-libs
JDK-8348069
[macos] javax/swing/ProgressMonitor/ProgressMonitorEscapeKeyPress.java fails sometimes in macos
P4
Backport
client-libs
JDK-8348070
java/awt/a11y/AccessibleJTableTest.java fails in some cases where the test tables are not visible
P4
Backport
client-libs
JDK-8348071
Simplify JButton/bug4323121.java
P4
Backport
client-libs
JDK-8348072
javax/swing/text/StyledEditorKit/4506788/bug4506788.java fails in ubuntu22.04
P4
Backport
client-libs
JDK-8348331
Simplify awt/print/PageFormat/NullPaper.java test
P4
Backport
client-libs
JDK-8348332
Use standard layouts in DefaultFrameIconTest.java and MenuCrash.java
P4
Backport
client-libs
JDK-8348333
open source several AWT tests including menu shortcut tests
P4
Backport
client-libs
JDK-8348339
[TESTBUG] java/awt/PrintJob/PrintCheckboxTest/PrintCheckboxManualTest.java fails with rror. Can't find HTML file PrintCheckboxManualTest.html
P4
Backport
client-libs
JDK-8348947
Convert java/awt/Frame/FrameStateTest/FrameStateTest.html applet test to main
P4
Backport
client-libs
JDK-8349277
test/jdk/javax/swing/JScrollBar/4865918/bug4865918.java fails in ubuntu22.04
P4
Backport
client-libs
JDK-8349429
Add more details to FrameStateTest.java test instructions
P4
Backport
client-libs
JDK-8349436
Open source several 2D tests
P4
Backport
client-libs
JDK-8349437
[TEST_BUG]GTK L&F: There is no Details button in FileChooser Dialog
P4
Backport
client-libs
JDK-8349642
open source several 2D imaging tests
P4
Backport
client-libs
JDK-8350003
Error output in libjsound has non matching format strings
P4
Backport
client-libs
JDK-8350407
Convert java/awt/print/bug8023392/bug8023392.html applet test to main
P4
Backport
client-libs
JDK-8350408
Remove jtreg tag manual=yesno for java/awt/print/PrinterJob/PrintTextTest.java
P4
Backport
client-libs
JDK-8350409
Write a test to compare the images
P4
Backport
client-libs
JDK-8350529
javax/swing/JScrollBar/4865918/bug4865918.java fails in CI
P4
Backport
client-libs
JDK-8350530
javax/swing/JScrollBar/4865918/bug4865918.java still fails in CI
P4
Backport
client-libs
JDK-8350670
javax/imageio/plugins/wbmp/WBMPStreamTruncateTest.java creates temp file in src dir
P4
Backport
client-libs
JDK-8350677
[TESTBUG] java/awt/Robot/ScreenCaptureRobotTest.java failing on macOS
P4
Backport
core-libs
JDK-8345496
Fix usages of jtreg-reserved properties
P4
Backport
core-libs
JDK-8345710
Update jdk/java/time/tck/java/time/TCKInstant.java now() to be more robust
P4
Backport
core-libs
JDK-8346416
Rearrange reachabilityFence()s in jdk.test.lib.util.ForceGC
P4
Backport
core-libs
JDK-8346631
Test java/nio/channels/Selector/WakeupNow.java failed
P4
Backport
core-libs
JDK-8346641
java/net/httpclient/PlainProxyConnectionTest.java failed: Unexpected connection count: 5
P4
Backport
core-libs
JDK-8348200
Update IANA Language Subtag Registry to Version 2024-11-19
P4
Backport
core-libs
JDK-8348340
Improve debuggability of test/jdk/java/net/Socket/CloseAvailable.java
P4
Backport
core-libs
JDK-8348397
Improve AnnotationFormatError message for duplicate annotation interfaces
P4
Backport
core-libs
JDK-8348676
(ch) java/nio/channels/AsynchronousSocketChannel/StressLoopback.java times out (aix)
P4
Backport
core-libs
JDK-8349830
java/io/File/createTempFile/SpecialTempFile.java fails on Windows Server 2025
P4
Backport
core-libs
JDK-8349947
[JMH] jdk.incubator.vector.SpiltReplicate fails NoClassDefFoundError
P4
Backport
core-libs
JDK-8349948
Replace usages of -mx and -ms in some tests
P4
Backport
core-libs
JDK-8349998
(dc) java/nio/channels/DatagramChannel/InterruptibleOrNot.java fails with virtual thread factory
P4
Backport
core-libs
JDK-8350000
Test java/nio/channels/FileChannel/LoopingTruncate.java fails sometimes with IOException: There is not enough space on the disk
P4
Backport
core-libs
JDK-8350183
[aix] java/lang/ProcessHandle/InfoTest.java still fails: "reported cputime less than expected"
P4
Backport
core-libs
JDK-8350310
[ubsan] ProcessImpl_md.c:561:40: runtime error: applying zero offset to null pointer on macOS aarch64
P4
Backport
core-libs
JDK-8350684
HTTP/2 stream cancelImpl may leave subscriber registered
P4
Bug
core-libs
JDK-8352097
(tz) zone.tab update missed in 2025a backport
P4
Backport
core-libs
JDK-8354712
UpcallLinker::on_entry racingly clears pending exception with GC safepoints
P4
Backport
core-libs
JDK-8354713
ProgrammableUpcallHandler::on_entry/on_exit access thread fields from native
P4
Backport
core-svc
JDK-8345703
Test com/sun/jdi/InterruptHangTest.java failed: Thread was never interrupted during sleep
P4
Backport
core-svc
JDK-8346412
Test javax/management/remote/mandatory/notif/NotifReconnectDeadlockTest.java failed with NullPointerException
P4
Backport
core-svc
JDK-8347276
OperatingSystemMXBean.getSystemCpuLoad() throws NPE
P4
Backport
core-svc
JDK-8347588
Test com/sun/jmx/remote/NotificationMarshalVersions/TestSerializationMismatch.java fails
P4
Backport
core-svc
JDK-8348944
vmTestbase/nsk/jdwp/ThreadReference/ForceEarlyReturn/forceEarlyReturn002/forceEarlyReturn002.java timed out
P4
Backport
core-svc
JDK-8348953
Exceptions in javax/management DeadLockTest.java do not cause test failure
P4
Backport
core-svc
JDK-8349427
Remove unused JVMDITools test files

P4
Backport
core-svc
JDK-8349438
javax/management/remote/mandatory/connection/DeadLockTest.java failing with NoSuchObjectException: no such object in table
P4
Backport
core-svc
JDK-8350312
[macOS]: UnixOperatingSystem.c:67:40: runtime error: division by zero
P4
Backport
hotspot
JDK-8345494
JitTester: Implement temporary folder functionality
P4
Backport
hotspot
JDK-8345495
Add counting leading/trailing zero tests for Integer
P4
Backport
hotspot
JDK-8345508
PPC64: C1 unwind_handler fails to unlock synchronized methods with LM_MONITOR
P4
Backport
hotspot
JDK-8345771
PPC64: ObjectMonitor::_owner should be reset unconditionally in nmethod unlocking
P4
Backport
hotspot
JDK-8345866
jdk/jfr/startupargs/TestStartDuration.java should be marked as flagless
P4
Backport
hotspot
JDK-8345914
Misc crash dump improvements on more platforms after JDK-8294160
P4
Backport
hotspot
JDK-8345915
Cleanup os::print_tos_pc on AIX
P4
Backport
hotspot
JDK-8345983
CompileBroker::possibly_add_compiler_threads excessively polls available memory
P4
Backport
hotspot
JDK-8346001
DSO created with -ffast-math breaks Java floating-point arithmetic
P4
Backport
hotspot
JDK-8346021
[REDO] Implement C2 VectorizedHashCode on AArch64
P4
Backport
hotspot
JDK-8346075
jcmd: Compiler.CodeHeap_Analytics cmd does not inform about missing aggregate
P4
Bug
hotspot
JDK-8346108
[21u][BACKOUT] 8337994: [REDO] Native memory leak when not recording any events
P4
Backport
hotspot
JDK-8346155
jdk/jfr/event/gc/stacktrace/TestParallelMarkSweepAllocationPendingStackTrace.java failed with "OutOfMemoryError: GC overhead limit exceeded"
P4
Backport
hotspot
JDK-8346191
Check return value of hcreate_r
P4
Backport
hotspot
JDK-8346286
Disable unstable check of ThreadsListHandle.sanity_vm ThreadList values
P4
Backport
hotspot
JDK-8346403
pthread_attr_init handle return value and destroy pthread_attr_t object
P4
Backport
hotspot
JDK-8346413
Redo fix for JDK-8284620
P4
Backport
hotspot
JDK-8346578
SA core file support is broken on macosx-x64 starting with macOS 12.x
P4
Backport
hotspot
JDK-8346647
The libjsig deprecation warning should go to stderr not stdout
P4
Backport
hotspot
JDK-8346808
Add jtreg test for large arrayCopy disjoint case.
P4
Backport
hotspot
JDK-8346809
C2 SuperWord: some additional PopulateIndex tests
P4
Backport
hotspot
JDK-8346842
vmTestbase/nsk/stress/strace/strace015.java failed with 'Cannot read the array length because "<local4>" is null'
P4
Backport
hotspot
JDK-8347440
Use google test string comparison macros
P4
Backport
hotspot
JDK-8347579
[TESTBUG] Jtreg compiler/loopopts/superword/TestDependencyOffsets.java fails on 512-bit SVE
P4
Backport
hotspot
JDK-8347584
Improve heap walking API tests to verify correctness of field indexes
P4
Backport
hotspot
JDK-8347592
Normalize Random usage by incubator vector tests
P4
Backport
hotspot
JDK-8347593
compiler/codecache/CheckSegmentedCodeCache.java fails
P4
Backport
hotspot
JDK-8348058
com/sun/tools/attach/BasicTests.java does not verify AgentLoadException case
P4
Backport
hotspot
JDK-8348061
Remove all code for nsk.share.Log verbose mode
P4
Backport
hotspot
JDK-8348329
test_nmt_locationprinting.cpp broken in the gcc windows build
P4
Backport
hotspot
JDK-8348395
Epsilon: Demote heap size and AlwaysPreTouch warnings to info level
P4
Backport
hotspot
JDK-8348946
GTest needs larger combination limit
P4
Backport
hotspot
JDK-8348952
ASAN reports use-after-free in DirectivesParserTest.empty_object_vm
P4
Backport
hotspot
JDK-8349045
java/util/zip/EntryCount64k.java failing with java.lang.RuntimeException: '\\A\\Z' missing from stderr
P4
Backport
hotspot
JDK-8349430
Two CDS tests fail with -UseCompressedOops and UseSerialGC/UseParallelGC
P4
Backport
hotspot
JDK-8349453
[AIX] Beginning with AIX 7.3 TL1 mmap() supports 64K memory pages
P4
Backport
hotspot
JDK-8349640
Update failure handler to don't generate Error message if cores actions are empty
P4
Backport
hotspot
JDK-8349856
[testsuite] NeverActAsServerClassMachine breaks TestPLABAdaptToMinTLABSize.java TestPinnedHumongousFragmentation.java TestPinnedObjectContents.java
P4
Backport
hotspot
JDK-8349983
AArch64: Build failure with clang due to -Wformat-nonliteral warning
P4
Backport
hotspot
JDK-8350002
[ubsan] logSelection.cpp:154:24 / logSelectionList.cpp:72:94 : runtime error: applying non-zero offset 1 to null pointer
P4
Backport
hotspot
JDK-8350191
Linux ppc64le with toolchain clang - detection failure in early JVM startup
P4
Backport
hotspot
JDK-8350291
Virtual Threads: exclude 2 tests
P4
Backport
hotspot
JDK-8350311
[ubsan] logOutput.cpp:357:21: runtime error: applying non-zero offset 1 to null pointer
P4
Backport
hotspot
JDK-8350527
gc/TestDisableExplicitGC.java fails due to unexpected CodeCache GC
P4
Backport
hotspot
JDK-8350528
Add more linesize for MIME decoder in macro bench test Base64Decode
P4
Backport
hotspot
JDK-8350658
Adjust exception No type named <ThreadType> in database
P4
Enhancement
infrastructure
JDK-8345370
Bump update version for OpenJDK: jdk-21.0.7
P4
Backport
infrastructure
JDK-8346266
[macos] [build]: install-file macro may run into permission denied error
P4
Backport
infrastructure
JDK-8346267
Make target mac-jdk-bundle fails on chmod command
P4
Backport
infrastructure
JDK-8346617
GHA: Collect hs_errs from build time failures
P4
Backport
infrastructure
JDK-8346618
GHA: Report truncation is broken after JDK-8341424
P4
Backport
infrastructure
JDK-8347403
GHA: Build JTReg in single step
P4
Backport
infrastructure
JDK-8349426
Timeout handler on Windows takes 2 hours to complete
P4
Bug
infrastructure
JDK-8349603
[21u, 17u, 11u] Update GHA JDKs after Jan/25 updates
P4
Backport
security-libs
JDK-8348067
Fix and rewrite sun/security/x509/DNSName/LeadingPeriod.java test
P4
Backport
security-libs
JDK-8349986
Serialization considerations
P4
Backport
security-libs
JDK-8350671
Test javax/net/ssl/SSLSocket/Tls13PacketSize.java failed with java.net.SocketException: An established connection was aborted by the software in your host machine
P4
Backport
tools
JDK-8347583
RuntimePackageTest.testUsrInstallDir test fails on Linux
P4
Backport
tools
JDK-8347644
Remove unused imports from `ModuleGenerator` test file
P4
Backport
tools
JDK-8347877
With malformed --app-image the error messages are awful
P4
Backport
tools
JDK-8349996
BasicAnnoTests doesn't handle multiple annotations at the same position
P4
Backport
tools
JDK-8350568
Upgrade JLine to 3.26.1
P4
Bug
infrastructure
JDK-8353904
[21u] Remove designator DEFAULT_PROMOTED_VERSION_PRE=ea for release 21.0.7
P4
Backport
other-libs
JDK-8345497
Normalize string with locale invariant `toLowerCase()`
P4
Backport
security-libs
JDK-8345709
Logs truncated in test javax/net/ssl/DTLS/DTLSRehandshakeTest.java
P4
Backport
security-libs
JDK-8346421
Update PKCS#11 Cryptographic Token Interface to v3.1
P4
Backport
security-libs
JDK-8346634
test/jdk/sun/security/tools/jarsigner/PreserveRawManifestEntryAndDigest.java can fail due to regex
P4
Backport
tools
JDK-8346077
test/jdk/tools/jpackage/share/ServiceTest.java test fails
P4
Backport
tools
JDK-8346078
Remove `--compress` from jlink command lines from jpackage tests
P4
Backport
tools
JDK-8346187
tools/jpackage/windows/Win8282351Test.java fails with java.lang.AssertionError: Expected [0]. Actual [1618]:
P4
Backport
tools
JDK-8346428
Move common properties from jpackage jtreg test declarations to TEST.properties file
P4
Backport
tools
JDK-8346577
tools/jpackage/windows/Win8301247Test.java fails on localized Windows platform
P4
Backport
tools
JDK-8346698
Clean up return code handling for pthread calls in library coding

P4
Backport
tools
JDK-8346814
Rework BasicTest.testTemp test cases
P4
Backport
tools
JDK-8346857
jpackage test helper function incorrectly removes a directory instead of its contents only
P4
Backport
tools
JDK-8347012
Move jpackage tests from "jdk.jpackage.tests" package to the default package
P4
Backport
tools
JDK-8347100
Use OperatingSystem, Architecture, and OSVersion in jpackage tests
P4
Backport
tools
JDK-8347317
Improve test coverage for class loading elements with annotations of different retentions
P4
Backport
tools
JDK-8347580
jpackage tests run osx-specific checks on windows and linux
P4
Backport
tools
JDK-8354710
Clean up the code in sun.tools.jar.Main to properly close resources and use ZipFile during extract
P5
Backport
client-libs
JDK-8347892
Use latch in BasicMenuUI/bug4983388.java instead of delay
P5
Backport
core-libs
JDK-8347587
Update code gen in CallGeneratorHelper
P5
Backport
core-libs
JDK-8345498
Cleanups and JUnit conversion of test/jdk/java/util/zip/Available.java
P5
Backport
hotspot
JDK-8349432
failure_handler should execute gdb "info threads" command on linux
P?
Hidden
JDK-8337494
Clarify JarInputStream behavior
P?
Hidden
JDK-8337692
Better TLS connection support
P?
Hidden
JDK-8338430
Improve compiler transformations
P?
Hidden
JDK-8342562
Enhance Deflater operations
P?
Hidden
JDK-8343007
Enhance Buffered Image handling
P?
Hidden
JDK-8347847
Enhance jar file support