<!-- 
RSS generated by JIRA (9.12.27#9120027-sha1:edc4490121e366e9e7bd2213d532dbe7e028fc5d) at Tue Sep 30 19:33:17 UTC 2025

It is possible to restrict the fields that are returned in this document by specifying the 'field' parameter in your request.
For example, to request only the issue key and summary append 'field=key&field=summary' to the URL of your request.
-->
<rss version="0.92" >
<channel>
    <title>Java Bug System</title>
    <link>https://bugs.openjdk.org</link>
    <description>This file is an XML representation of an issue</description>
    <language>en-us</language>    <build-info>
        <version>9.12.27</version>
        <build-number>9120027</build-number>
        <build-date>02-09-2025</build-date>
    </build-info>


<item>
            <title>[JDK-8308291] compiler/jvmci/meta/ProfilingInfoTest.java fails with -XX:TieredStopAtLevel=1</title>
                <link>https://bugs.openjdk.org/browse/JDK-8308291</link>
                <project id="10100" key="JDK">JDK</project>
                    <description>Test&lt;br/&gt;
compiler/jvmci/meta/ProfilingInfoTest.java &lt;br/&gt;
fails with -XX:TieredStopAtLevel=1&lt;br/&gt;
because can&amp;#39;t find some profile info&lt;br/&gt;
&lt;br/&gt;
log:&lt;br/&gt;
STARTED    compiler.jvmci.meta.ProfilingInfoTest::testExceptionSeen &amp;#39;testExceptionSeen&amp;#39;&lt;br/&gt;
SUCCESSFUL compiler.jvmci.meta.ProfilingInfoTest::testExceptionSeen &amp;#39;testExceptionSeen&amp;#39;&lt;br/&gt;
STARTED    compiler.jvmci.meta.ProfilingInfoTest::testSwitchProbabilities &amp;#39;testSwitchProbabilities&amp;#39;&lt;br/&gt;
java.lang.AssertionError: actual array was null&lt;br/&gt;
	at org.junit.Assert.fail(Assert.java:89)&lt;br/&gt;
	at org.junit.internal.ComparisonCriteria.arrayEquals(ComparisonCriteria.java:49)&lt;br/&gt;
	at org.junit.internal.ComparisonCriteria.arrayEquals(ComparisonCriteria.java:28)&lt;br/&gt;
	at org.junit.Assert.assertArrayEquals(Assert.java:471)&lt;br/&gt;
	at org.junit.Assert.assertArrayEquals(Assert.java:485)&lt;br/&gt;
	at compiler.jvmci.meta.ProfilingInfoTest.testSwitchProbabilities(ProfilingInfoTest.java:118)&lt;br/&gt;
	at java.base/jdk.internal.reflect.DirectMethodHandleAccessor.invoke(DirectMethodHandleAccessor.java:103)&lt;br/&gt;
	at java.base/java.lang.reflect.Method.invoke(Method.java:578)&lt;br/&gt;
	at org.junit.runners.model.FrameworkMethod$1.runReflectiveCall(FrameworkMethod.java:59)&lt;br/&gt;
	at org.junit.internal.runners.model.ReflectiveCallable.run(ReflectiveCallable.java:12)&lt;br/&gt;
	at org.junit.runners.model.FrameworkMethod.invokeExplosively(FrameworkMethod.java:56)&lt;br/&gt;
	at org.junit.internal.runners.statements.InvokeMethod.evaluate(InvokeMethod.java:17)&lt;br/&gt;
	at org.junit.runners.ParentRunner$3.evaluate(ParentRunner.java:306)&lt;br/&gt;
	at org.junit.runners.BlockJUnit4ClassRunner$1.evaluate(BlockJUnit4ClassRunner.java:100)&lt;br/&gt;
	at org.junit.runners.ParentRunner.runLeaf(ParentRunner.java:366)&lt;br/&gt;
	at org.junit.runners.BlockJUnit4ClassRunner.runChild(BlockJUnit4ClassRunner.java:103)&lt;br/&gt;
	at org.junit.runners.BlockJUnit4ClassRunner.runChild(BlockJUnit4ClassRunner.java:63)&lt;br/&gt;
	at org.junit.runners.ParentRunner$4.run(ParentRunner.java:331)&lt;br/&gt;
	at org.junit.runners.ParentRunner$1.schedule(ParentRunner.java:79)&lt;br/&gt;
	at org.junit.runners.ParentRunner.runChildren(ParentRunner.java:329)&lt;br/&gt;
	at org.junit.runners.ParentRunner.access$100(ParentRunner.java:66)&lt;br/&gt;
	at org.junit.runners.ParentRunner$2.evaluate(ParentRunner.java:293)&lt;br/&gt;
	at org.junit.runners.ParentRunner$3.evaluate(ParentRunner.java:306)&lt;br/&gt;
	at org.junit.runners.ParentRunner.run(ParentRunner.java:413)&lt;br/&gt;
	at org.junit.runner.JUnitCore.run(JUnitCore.java:137)&lt;br/&gt;
	at org.junit.runner.JUnitCore.run(JUnitCore.java:115)&lt;br/&gt;
	at org.junit.vintage.engine.execution.RunnerExecutor.execute(RunnerExecutor.java:42)&lt;br/&gt;
	at org.junit.vintage.engine.VintageTestEngine.executeAllChildren(VintageTestEngine.java:80)&lt;br/&gt;
	at org.junit.vintage.engine.VintageTestEngine.execute(VintageTestEngine.java:72)&lt;br/&gt;
	at org.junit.platform.launcher.core.EngineExecutionOrchestrator.execute(EngineExecutionOrchestrator.java:147)&lt;br/&gt;
	at org.junit.platform.launcher.core.EngineExecutionOrchestrator.execute(EngineExecutionOrchestrator.java:127)&lt;br/&gt;
	at org.junit.platform.launcher.core.EngineExecutionOrchestrator.execute(EngineExecutionOrchestrator.java:90)&lt;br/&gt;
	at org.junit.platform.launcher.core.EngineExecutionOrchestrator.lambda$execute$0(EngineExecutionOrchestrator.java:55)&lt;br/&gt;
	at org.junit.platform.launcher.core.EngineExecutionOrchestrator.withInterceptedStreams(EngineExecutionOrchestrator.java:102)&lt;br/&gt;
	at org.junit.platform.launcher.core.EngineExecutionOrchestrator.execute(EngineExecutionOrchestrator.java:54)&lt;br/&gt;
	at org.junit.platform.launcher.core.DefaultLauncher.execute(DefaultLauncher.java:114)&lt;br/&gt;
	at org.junit.platform.launcher.core.DefaultLauncher.execute(DefaultLauncher.java:86)&lt;br/&gt;
	at org.junit.platform.launcher.core.DefaultLauncherSession$DelegatingLauncher.execute(DefaultLauncherSession.java:86)&lt;br/&gt;
	at com.sun.javatest.regtest.agent.JUnitRunner.runWithJUnitPlatform(JUnitRunner.java:142)&lt;br/&gt;
	at com.sun.javatest.regtest.agent.JUnitRunner.main(JUnitRunner.java:95)&lt;br/&gt;
	at com.sun.javatest.regtest.agent.JUnitRunner.main(JUnitRunner.java:61)&lt;br/&gt;
	at java.base/jdk.internal.reflect.DirectMethodHandleAccessor.invoke(DirectMethodHandleAccessor.java:103)&lt;br/&gt;
	at java.base/java.lang.reflect.Method.invoke(Method.java:578)&lt;br/&gt;
	at com.sun.javatest.regtest.agent.MainWrapper$MainTask.run(MainWrapper.java:138)&lt;br/&gt;
	at java.base/java.lang.Thread.run(Thread.java:1583)&lt;br/&gt;
FAILED     compiler.jvmci.meta.ProfilingInfoTest::testSwitchProbabilities &amp;#39;testSwitchProbabilities&amp;#39;&lt;br/&gt;
STARTED    compiler.jvmci.meta.ProfilingInfoTest::testNullSeen &amp;#39;testNullSeen&amp;#39;&lt;br/&gt;
java.lang.AssertionError: expected:&amp;lt;FALSE&amp;gt; but was:&amp;lt;UNKNOWN&amp;gt;&lt;br/&gt;
	at org.junit.Assert.fail(Assert.java:89)&lt;br/&gt;
	at org.junit.Assert.failNotEquals(Assert.java:835)&lt;br/&gt;
	at org.junit.Assert.assertEquals(Assert.java:120)&lt;br/&gt;
	at org.junit.Assert.assertEquals(Assert.java:146)&lt;br/&gt;
	at compiler.jvmci.meta.ProfilingInfoTest.testNullSeen(ProfilingInfoTest.java:301)&lt;br/&gt;
	at compiler.jvmci.meta.ProfilingInfoTest.testNullSeen(ProfilingInfoTest.java:295)&lt;br/&gt;
	at java.base/jdk.internal.reflect.DirectMethodHandleAccessor.invoke(DirectMethodHandleAccessor.java:103)&lt;br/&gt;
	at java.base/java.lang.reflect.Method.invoke(Method.java:578)&lt;br/&gt;
	at org.junit.runners.model.FrameworkMethod$1.runReflectiveCall(FrameworkMethod.java:59)&lt;br/&gt;
	at org.junit.internal.runners.model.ReflectiveCallable.run(ReflectiveCallable.java:12)&lt;br/&gt;
	at org.junit.runners.model.FrameworkMethod.invokeExplosively(FrameworkMethod.java:56)&lt;br/&gt;
	at org.junit.internal.runners.statements.InvokeMethod.evaluate(InvokeMethod.java:17)&lt;br/&gt;
	at org.junit.runners.ParentRunner$3.evaluate(ParentRunner.java:306)&lt;br/&gt;
	at org.junit.runners.BlockJUnit4ClassRunner$1.evaluate(BlockJUnit4ClassRunner.java:100)&lt;br/&gt;
	at org.junit.runners.ParentRunner.runLeaf(ParentRunner.java:366)&lt;br/&gt;
	at org.junit.runners.BlockJUnit4ClassRunner.runChild(BlockJUnit4ClassRunner.java:103)&lt;br/&gt;
	at org.junit.runners.BlockJUnit4ClassRunner.runChild(BlockJUnit4ClassRunner.java:63)&lt;br/&gt;
	at org.junit.runners.ParentRunner$4.run(ParentRunner.java:331)&lt;br/&gt;
	at org.junit.runners.ParentRunner$1.schedule(ParentRunner.java:79)&lt;br/&gt;
	at org.junit.runners.ParentRunner.runChildren(ParentRunner.java:329)&lt;br/&gt;
	at org.junit.runners.ParentRunner.access$100(ParentRunner.java:66)&lt;br/&gt;
	at org.junit.runners.ParentRunner$2.evaluate(ParentRunner.java:293)&lt;br/&gt;
	at org.junit.runners.ParentRunner$3.evaluate(ParentRunner.java:306)&lt;br/&gt;
	at org.junit.runners.ParentRunner.run(ParentRunner.java:413)&lt;br/&gt;
	at org.junit.runner.JUnitCore.run(JUnitCore.java:137)&lt;br/&gt;
	at org.junit.runner.JUnitCore.run(JUnitCore.java:115)&lt;br/&gt;
	at org.junit.vintage.engine.execution.RunnerExecutor.execute(RunnerExecutor.java:42)&lt;br/&gt;
	at org.junit.vintage.engine.VintageTestEngine.executeAllChildren(VintageTestEngine.java:80)&lt;br/&gt;
	at org.junit.vintage.engine.VintageTestEngine.execute(VintageTestEngine.java:72)&lt;br/&gt;
	at org.junit.platform.launcher.core.EngineExecutionOrchestrator.execute(EngineExecutionOrchestrator.java:147)&lt;br/&gt;
	at org.junit.platform.launcher.core.EngineExecutionOrchestrator.execute(EngineExecutionOrchestrator.java:127)&lt;br/&gt;
	at org.junit.platform.launcher.core.EngineExecutionOrchestrator.execute(EngineExecutionOrchestrator.java:90)&lt;br/&gt;
	at org.junit.platform.launcher.core.EngineExecutionOrchestrator.lambda$execute$0(EngineExecutionOrchestrator.java:55)&lt;br/&gt;
	at org.junit.platform.launcher.core.EngineExecutionOrchestrator.withInterceptedStreams(EngineExecutionOrchestrator.java:102)&lt;br/&gt;
	at org.junit.platform.launcher.core.EngineExecutionOrchestrator.execute(EngineExecutionOrchestrator.java:54)&lt;br/&gt;
	at org.junit.platform.launcher.core.DefaultLauncher.execute(DefaultLauncher.java:114)&lt;br/&gt;
	at org.junit.platform.launcher.core.DefaultLauncher.execute(DefaultLauncher.java:86)&lt;br/&gt;
	at org.junit.platform.launcher.core.DefaultLauncherSession$DelegatingLauncher.execute(DefaultLauncherSession.java:86)&lt;br/&gt;
	at com.sun.javatest.regtest.agent.JUnitRunner.runWithJUnitPlatform(JUnitRunner.java:142)&lt;br/&gt;
	at com.sun.javatest.regtest.agent.JUnitRunner.main(JUnitRunner.java:95)&lt;br/&gt;
	at com.sun.javatest.regtest.agent.JUnitRunner.main(JUnitRunner.java:61)&lt;br/&gt;
	at java.base/jdk.internal.reflect.DirectMethodHandleAccessor.invoke(DirectMethodHandleAccessor.java:103)&lt;br/&gt;
	at java.base/java.lang.reflect.Method.invoke(Method.java:578)&lt;br/&gt;
	at com.sun.javatest.regtest.agent.MainWrapper$MainTask.run(MainWrapper.java:138)&lt;br/&gt;
	at java.base/java.lang.Thread.run(Thread.java:1583)&lt;br/&gt;
FAILED     compiler.jvmci.meta.ProfilingInfoTest::testNullSeen &amp;#39;testNullSeen&amp;#39;&lt;br/&gt;
STARTED    compiler.jvmci.meta.ProfilingInfoTest::testProfileInvokeVirtual &amp;#39;testProfileInvokeVirtual&amp;#39;&lt;br/&gt;
java.lang.NullPointerException: Cannot invoke &amp;quot;jdk.vm.ci.meta.JavaTypeProfile.getNotRecordedProbability()&amp;quot; because &amp;quot;&amp;lt;local7&amp;gt;&amp;quot; is null&lt;br/&gt;
	at compiler.jvmci.meta.ProfilingInfoTest.testTypeProfile(ProfilingInfoTest.java:188)&lt;br/&gt;
	at compiler.jvmci.meta.ProfilingInfoTest.testProfileInvokeVirtual(ProfilingInfoTest.java:143)&lt;br/&gt;
	at java.base/jdk.internal.reflect.DirectMethodHandleAccessor.invoke(DirectMethodHandleAccessor.java:103)&lt;br/&gt;
	at java.base/java.lang.reflect.Method.invoke(Method.java:578)&lt;br/&gt;
	at org.junit.runners.model.FrameworkMethod$1.runReflectiveCall(FrameworkMethod.java:59)&lt;br/&gt;
	at org.junit.internal.runners.model.ReflectiveCallable.run(ReflectiveCallable.java:12)&lt;br/&gt;
	at org.junit.runners.model.FrameworkMethod.invokeExplosively(FrameworkMethod.java:56)&lt;br/&gt;
	at org.junit.internal.runners.statements.InvokeMethod.evaluate(InvokeMethod.java:17)&lt;br/&gt;
	at org.junit.runners.ParentRunner$3.evaluate(ParentRunner.java:306)&lt;br/&gt;
	at org.junit.runners.BlockJUnit4ClassRunner$1.evaluate(BlockJUnit4ClassRunner.java:100)&lt;br/&gt;
	at org.junit.runners.ParentRunner.runLeaf(ParentRunner.java:366)&lt;br/&gt;
	at org.junit.runners.BlockJUnit4ClassRunner.runChild(BlockJUnit4ClassRunner.java:103)&lt;br/&gt;
	at org.junit.runners.BlockJUnit4ClassRunner.runChild(BlockJUnit4ClassRunner.java:63)&lt;br/&gt;
	at org.junit.runners.ParentRunner$4.run(ParentRunner.java:331)&lt;br/&gt;
	at org.junit.runners.ParentRunner$1.schedule(ParentRunner.java:79)&lt;br/&gt;
	at org.junit.runners.ParentRunner.runChildren(ParentRunner.java:329)&lt;br/&gt;
	at org.junit.runners.ParentRunner.access$100(ParentRunner.java:66)&lt;br/&gt;
	at org.junit.runners.ParentRunner$2.evaluate(ParentRunner.java:293)&lt;br/&gt;
	at org.junit.runners.ParentRunner$3.evaluate(ParentRunner.java:306)&lt;br/&gt;
	at org.junit.runners.ParentRunner.run(ParentRunner.java:413)&lt;br/&gt;
	at org.junit.runner.JUnitCore.run(JUnitCore.java:137)&lt;br/&gt;
	at org.junit.runner.JUnitCore.run(JUnitCore.java:115)&lt;br/&gt;
	at org.junit.vintage.engine.execution.RunnerExecutor.execute(RunnerExecutor.java:42)&lt;br/&gt;
	at org.junit.vintage.engine.VintageTestEngine.executeAllChildren(VintageTestEngine.java:80)&lt;br/&gt;
	at org.junit.vintage.engine.VintageTestEngine.execute(VintageTestEngine.java:72)&lt;br/&gt;
	at org.junit.platform.launcher.core.EngineExecutionOrchestrator.execute(EngineExecutionOrchestrator.java:147)&lt;br/&gt;
	at org.junit.platform.launcher.core.EngineExecutionOrchestrator.execute(EngineExecutionOrchestrator.java:127)&lt;br/&gt;
	at org.junit.platform.launcher.core.EngineExecutionOrchestrator.execute(EngineExecutionOrchestrator.java:90)&lt;br/&gt;
	at org.junit.platform.launcher.core.EngineExecutionOrchestrator.lambda$execute$0(EngineExecutionOrchestrator.java:55)&lt;br/&gt;
	at org.junit.platform.launcher.core.EngineExecutionOrchestrator.withInterceptedStreams(EngineExecutionOrchestrator.java:102)&lt;br/&gt;
	at org.junit.platform.launcher.core.EngineExecutionOrchestrator.execute(EngineExecutionOrchestrator.java:54)&lt;br/&gt;
	at org.junit.platform.launcher.core.DefaultLauncher.execute(DefaultLauncher.java:114)&lt;br/&gt;
	at org.junit.platform.launcher.core.DefaultLauncher.execute(DefaultLauncher.java:86)&lt;br/&gt;
	at org.junit.platform.launcher.core.DefaultLauncherSession$DelegatingLauncher.execute(DefaultLauncherSession.java:86)&lt;br/&gt;
	at com.sun.javatest.regtest.agent.JUnitRunner.runWithJUnitPlatform(JUnitRunner.java:142)&lt;br/&gt;
	at com.sun.javatest.regtest.agent.JUnitRunner.main(JUnitRunner.java:95)&lt;br/&gt;
	at com.sun.javatest.regtest.agent.JUnitRunner.main(JUnitRunner.java:61)&lt;br/&gt;
	at java.base/jdk.internal.reflect.DirectMethodHandleAccessor.invoke(DirectMethodHandleAccessor.java:103)&lt;br/&gt;
	at java.base/java.lang.reflect.Method.invoke(Method.java:578)&lt;br/&gt;
	at com.sun.javatest.regtest.agent.MainWrapper$MainTask.run(MainWrapper.java:138)&lt;br/&gt;
	at java.base/java.lang.Thread.run(Thread.java:1583)&lt;br/&gt;
FAILED     compiler.jvmci.meta.ProfilingInfoTest::testProfileInvokeVirtual &amp;#39;testProfileInvokeVirtual&amp;#39;&lt;br/&gt;
STARTED    compiler.jvmci.meta.ProfilingInfoTest::testTypeProfileInstanceOf &amp;#39;testTypeProfileInstanceOf&amp;#39;&lt;br/&gt;
java.lang.NullPointerException: Cannot invoke &amp;quot;jdk.vm.ci.meta.JavaTypeProfile.getNotRecordedProbability()&amp;quot; because &amp;quot;&amp;lt;local7&amp;gt;&amp;quot; is null&lt;br/&gt;
	at compiler.jvmci.meta.ProfilingInfoTest.testTypeProfile(ProfilingInfoTest.java:188)&lt;br/&gt;
	at compiler.jvmci.meta.ProfilingInfoTest.testTypeProfileInstanceOf(ProfilingInfoTest.java:174)&lt;br/&gt;
	at java.base/jdk.internal.reflect.DirectMethodHandleAccessor.invoke(DirectMethodHandleAccessor.java:103)&lt;br/&gt;
	at java.base/java.lang.reflect.Method.invoke(Method.java:578)&lt;br/&gt;
	at org.junit.runners.model.FrameworkMethod$1.runReflectiveCall(FrameworkMethod.java:59)&lt;br/&gt;
	at org.junit.internal.runners.model.ReflectiveCallable.run(ReflectiveCallable.java:12)&lt;br/&gt;
	at org.junit.runners.model.FrameworkMethod.invokeExplosively(FrameworkMethod.java:56)&lt;br/&gt;
	at org.junit.internal.runners.statements.InvokeMethod.evaluate(InvokeMethod.java:17)&lt;br/&gt;
	at org.junit.runners.ParentRunner$3.evaluate(ParentRunner.java:306)&lt;br/&gt;
	at org.junit.runners.BlockJUnit4ClassRunner$1.evaluate(BlockJUnit4ClassRunner.java:100)&lt;br/&gt;
	at org.junit.runners.ParentRunner.runLeaf(ParentRunner.java:366)&lt;br/&gt;
	at org.junit.runners.BlockJUnit4ClassRunner.runChild(BlockJUnit4ClassRunner.java:103)&lt;br/&gt;
	at org.junit.runners.BlockJUnit4ClassRunner.runChild(BlockJUnit4ClassRunner.java:63)&lt;br/&gt;
	at org.junit.runners.ParentRunner$4.run(ParentRunner.java:331)&lt;br/&gt;
	at org.junit.runners.ParentRunner$1.schedule(ParentRunner.java:79)&lt;br/&gt;
	at org.junit.runners.ParentRunner.runChildren(ParentRunner.java:329)&lt;br/&gt;
	at org.junit.runners.ParentRunner.access$100(ParentRunner.java:66)&lt;br/&gt;
	at org.junit.runners.ParentRunner$2.evaluate(ParentRunner.java:293)&lt;br/&gt;
	at org.junit.runners.ParentRunner$3.evaluate(ParentRunner.java:306)&lt;br/&gt;
	at org.junit.runners.ParentRunner.run(ParentRunner.java:413)&lt;br/&gt;
	at org.junit.runner.JUnitCore.run(JUnitCore.java:137)&lt;br/&gt;
	at org.junit.runner.JUnitCore.run(JUnitCore.java:115)&lt;br/&gt;
	at org.junit.vintage.engine.execution.RunnerExecutor.execute(RunnerExecutor.java:42)&lt;br/&gt;
	at org.junit.vintage.engine.VintageTestEngine.executeAllChildren(VintageTestEngine.java:80)&lt;br/&gt;
	at org.junit.vintage.engine.VintageTestEngine.execute(VintageTestEngine.java:72)&lt;br/&gt;
	at org.junit.platform.launcher.core.EngineExecutionOrchestrator.execute(EngineExecutionOrchestrator.java:147)&lt;br/&gt;
	at org.junit.platform.launcher.core.EngineExecutionOrchestrator.execute(EngineExecutionOrchestrator.java:127)&lt;br/&gt;
	at org.junit.platform.launcher.core.EngineExecutionOrchestrator.execute(EngineExecutionOrchestrator.java:90)&lt;br/&gt;
	at org.junit.platform.launcher.core.EngineExecutionOrchestrator.lambda$execute$0(EngineExecutionOrchestrator.java:55)&lt;br/&gt;
	at org.junit.platform.launcher.core.EngineExecutionOrchestrator.withInterceptedStreams(EngineExecutionOrchestrator.java:102)&lt;br/&gt;
	at org.junit.platform.launcher.core.EngineExecutionOrchestrator.execute(EngineExecutionOrchestrator.java:54)&lt;br/&gt;
	at org.junit.platform.launcher.core.DefaultLauncher.execute(DefaultLauncher.java:114)&lt;br/&gt;
	at org.junit.platform.launcher.core.DefaultLauncher.execute(DefaultLauncher.java:86)&lt;br/&gt;
	at org.junit.platform.launcher.core.DefaultLauncherSession$DelegatingLauncher.execute(DefaultLauncherSession.java:86)&lt;br/&gt;
	at com.sun.javatest.regtest.agent.JUnitRunner.runWithJUnitPlatform(JUnitRunner.java:142)&lt;br/&gt;
	at com.sun.javatest.regtest.agent.JUnitRunner.main(JUnitRunner.java:95)&lt;br/&gt;
	at com.sun.javatest.regtest.agent.JUnitRunner.main(JUnitRunner.java:61)&lt;br/&gt;
	at java.base/jdk.internal.reflect.DirectMethodHandleAccessor.invoke(DirectMethodHandleAccessor.java:103)&lt;br/&gt;
	at java.base/java.lang.reflect.Method.invoke(Method.java:578)&lt;br/&gt;
	at com.sun.javatest.regtest.agent.MainWrapper$MainTask.run(MainWrapper.java:138)&lt;br/&gt;
	at java.base/java.lang.Thread.run(Thread.java:1583)&lt;br/&gt;
FAILED     compiler.jvmci.meta.ProfilingInfoTest::testTypeProfileInstanceOf &amp;#39;testTypeProfileInstanceOf&amp;#39;&lt;br/&gt;
STARTED    compiler.jvmci.meta.ProfilingInfoTest::testBranchTakenProbability &amp;#39;testBranchTakenProbability&amp;#39;&lt;br/&gt;
java.lang.AssertionError: expected:&amp;lt;0.0&amp;gt; but was:&amp;lt;-1.0&amp;gt;&lt;br/&gt;
	at org.junit.Assert.fail(Assert.java:89)&lt;br/&gt;
	at org.junit.Assert.failNotEquals(Assert.java:835)&lt;br/&gt;
	at org.junit.Assert.assertEquals(Assert.java:555)&lt;br/&gt;
	at org.junit.Assert.assertEquals(Assert.java:685)&lt;br/&gt;
	at compiler.jvmci.meta.ProfilingInfoTest.testBranchTakenProbability(ProfilingInfoTest.java:75)&lt;br/&gt;
	at java.base/jdk.internal.reflect.DirectMethodHandleAccessor.invoke(DirectMethodHandleAccessor.java:103)&lt;br/&gt;
	at java.base/java.lang.reflect.Method.invoke(Method.java:578)&lt;br/&gt;
	at org.junit.runners.model.FrameworkMethod$1.runReflectiveCall(FrameworkMethod.java:59)&lt;br/&gt;
	at org.junit.internal.runners.model.ReflectiveCallable.run(ReflectiveCallable.java:12)&lt;br/&gt;
	at org.junit.runners.model.FrameworkMethod.invokeExplosively(FrameworkMethod.java:56)&lt;br/&gt;
	at org.junit.internal.runners.statements.InvokeMethod.evaluate(InvokeMethod.java:17)&lt;br/&gt;
	at org.junit.runners.ParentRunner$3.evaluate(ParentRunner.java:306)&lt;br/&gt;
	at org.junit.runners.BlockJUnit4ClassRunner$1.evaluate(BlockJUnit4ClassRunner.java:100)&lt;br/&gt;
	at org.junit.runners.ParentRunner.runLeaf(ParentRunner.java:366)&lt;br/&gt;
	at org.junit.runners.BlockJUnit4ClassRunner.runChild(BlockJUnit4ClassRunner.java:103)&lt;br/&gt;
	at org.junit.runners.BlockJUnit4ClassRunner.runChild(BlockJUnit4ClassRunner.java:63)&lt;br/&gt;
	at org.junit.runners.ParentRunner$4.run(ParentRunner.java:331)&lt;br/&gt;
	at org.junit.runners.ParentRunner$1.schedule(ParentRunner.java:79)&lt;br/&gt;
	at org.junit.runners.ParentRunner.runChildren(ParentRunner.java:329)&lt;br/&gt;
	at org.junit.runners.ParentRunner.access$100(ParentRunner.java:66)&lt;br/&gt;
	at org.junit.runners.ParentRunner$2.evaluate(ParentRunner.java:293)&lt;br/&gt;
	at org.junit.runners.ParentRunner$3.evaluate(ParentRunner.java:306)&lt;br/&gt;
	at org.junit.runners.ParentRunner.run(ParentRunner.java:413)&lt;br/&gt;
	at org.junit.runner.JUnitCore.run(JUnitCore.java:137)&lt;br/&gt;
	at org.junit.runner.JUnitCore.run(JUnitCore.java:115)&lt;br/&gt;
	at org.junit.vintage.engine.execution.RunnerExecutor.execute(RunnerExecutor.java:42)&lt;br/&gt;
	at org.junit.vintage.engine.VintageTestEngine.executeAllChildren(VintageTestEngine.java:80)&lt;br/&gt;
	at org.junit.vintage.engine.VintageTestEngine.execute(VintageTestEngine.java:72)&lt;br/&gt;
	at org.junit.platform.launcher.core.EngineExecutionOrchestrator.execute(EngineExecutionOrchestrator.java:147)&lt;br/&gt;
	at org.junit.platform.launcher.core.EngineExecutionOrchestrator.execute(EngineExecutionOrchestrator.java:127)&lt;br/&gt;
	at org.junit.platform.launcher.core.EngineExecutionOrchestrator.execute(EngineExecutionOrchestrator.java:90)&lt;br/&gt;
	at org.junit.platform.launcher.core.EngineExecutionOrchestrator.lambda$execute$0(EngineExecutionOrchestrator.java:55)&lt;br/&gt;
	at org.junit.platform.launcher.core.EngineExecutionOrchestrator.withInterceptedStreams(EngineExecutionOrchestrator.java:102)&lt;br/&gt;
	at org.junit.platform.launcher.core.EngineExecutionOrchestrator.execute(EngineExecutionOrchestrator.java:54)&lt;br/&gt;
	at org.junit.platform.launcher.core.DefaultLauncher.execute(DefaultLauncher.java:114)&lt;br/&gt;
	at org.junit.platform.launcher.core.DefaultLauncher.execute(DefaultLauncher.java:86)&lt;br/&gt;
	at org.junit.platform.launcher.core.DefaultLauncherSession$DelegatingLauncher.execute(DefaultLauncherSession.java:86)&lt;br/&gt;
	at com.sun.javatest.regtest.agent.JUnitRunner.runWithJUnitPlatform(JUnitRunner.java:142)&lt;br/&gt;
	at com.sun.javatest.regtest.agent.JUnitRunner.main(JUnitRunner.java:95)&lt;br/&gt;
	at com.sun.javatest.regtest.agent.JUnitRunner.main(JUnitRunner.java:61)&lt;br/&gt;
	at java.base/jdk.internal.reflect.DirectMethodHandleAccessor.invoke(DirectMethodHandleAccessor.java:103)&lt;br/&gt;
	at java.base/java.lang.reflect.Method.invoke(Method.java:578)&lt;br/&gt;
	at com.sun.javatest.regtest.agent.MainWrapper$MainTask.run(MainWrapper.java:138)&lt;br/&gt;
	at java.base/java.lang.Thread.run(Thread.java:1583)&lt;br/&gt;
FAILED     compiler.jvmci.meta.ProfilingInfoTest::testBranchTakenProbability &amp;#39;testBranchTakenProbability&amp;#39;&lt;br/&gt;
STARTED    compiler.jvmci.meta.ProfilingInfoTest::testTypeProfileCheckCast &amp;#39;testTypeProfileCheckCast&amp;#39;&lt;br/&gt;
java.lang.NullPointerException: Cannot invoke &amp;quot;jdk.vm.ci.meta.JavaTypeProfile.getNotRecordedProbability()&amp;quot; because &amp;quot;&amp;lt;local7&amp;gt;&amp;quot; is null&lt;br/&gt;
	at compiler.jvmci.meta.ProfilingInfoTest.testTypeProfile(ProfilingInfoTest.java:188)&lt;br/&gt;
	at compiler.jvmci.meta.ProfilingInfoTest.testTypeProfileCheckCast(ProfilingInfoTest.java:161)&lt;br/&gt;
	at java.base/jdk.internal.reflect.DirectMethodHandleAccessor.invoke(DirectMethodHandleAccessor.java:103)&lt;br/&gt;
	at java.base/java.lang.reflect.Method.invoke(Method.java:578)&lt;br/&gt;
	at org.junit.runners.model.FrameworkMethod$1.runReflectiveCall(FrameworkMethod.java:59)&lt;br/&gt;
	at org.junit.internal.runners.model.ReflectiveCallable.run(ReflectiveCallable.java:12)&lt;br/&gt;
	at org.junit.runners.model.FrameworkMethod.invokeExplosively(FrameworkMethod.java:56)&lt;br/&gt;
	at org.junit.internal.runners.statements.InvokeMethod.evaluate(InvokeMethod.java:17)&lt;br/&gt;
	at org.junit.runners.ParentRunner$3.evaluate(ParentRunner.java:306)&lt;br/&gt;
	at org.junit.runners.BlockJUnit4ClassRunner$1.evaluate(BlockJUnit4ClassRunner.java:100)&lt;br/&gt;
	at org.junit.runners.ParentRunner.runLeaf(ParentRunner.java:366)&lt;br/&gt;
	at org.junit.runners.BlockJUnit4ClassRunner.runChild(BlockJUnit4ClassRunner.java:103)&lt;br/&gt;
	at org.junit.runners.BlockJUnit4ClassRunner.runChild(BlockJUnit4ClassRunner.java:63)&lt;br/&gt;
	at org.junit.runners.ParentRunner$4.run(ParentRunner.java:331)&lt;br/&gt;
	at org.junit.runners.ParentRunner$1.schedule(ParentRunner.java:79)&lt;br/&gt;
	at org.junit.runners.ParentRunner.runChildren(ParentRunner.java:329)&lt;br/&gt;
	at org.junit.runners.ParentRunner.access$100(ParentRunner.java:66)&lt;br/&gt;
	at org.junit.runners.ParentRunner$2.evaluate(ParentRunner.java:293)&lt;br/&gt;
	at org.junit.runners.ParentRunner$3.evaluate(ParentRunner.java:306)&lt;br/&gt;
	at org.junit.runners.ParentRunner.run(ParentRunner.java:413)&lt;br/&gt;
	at org.junit.runner.JUnitCore.run(JUnitCore.java:137)&lt;br/&gt;
	at org.junit.runner.JUnitCore.run(JUnitCore.java:115)&lt;br/&gt;
	at org.junit.vintage.engine.execution.RunnerExecutor.execute(RunnerExecutor.java:42)&lt;br/&gt;
	at org.junit.vintage.engine.VintageTestEngine.executeAllChildren(VintageTestEngine.java:80)&lt;br/&gt;
	at org.junit.vintage.engine.VintageTestEngine.execute(VintageTestEngine.java:72)&lt;br/&gt;
	at org.junit.platform.launcher.core.EngineExecutionOrchestrator.execute(EngineExecutionOrchestrator.java:147)&lt;br/&gt;
	at org.junit.platform.launcher.core.EngineExecutionOrchestrator.execute(EngineExecutionOrchestrator.java:127)&lt;br/&gt;
	at org.junit.platform.launcher.core.EngineExecutionOrchestrator.execute(EngineExecutionOrchestrator.java:90)&lt;br/&gt;
	at org.junit.platform.launcher.core.EngineExecutionOrchestrator.lambda$execute$0(EngineExecutionOrchestrator.java:55)&lt;br/&gt;
	at org.junit.platform.launcher.core.EngineExecutionOrchestrator.withInterceptedStreams(EngineExecutionOrchestrator.java:102)&lt;br/&gt;
	at org.junit.platform.launcher.core.EngineExecutionOrchestrator.execute(EngineExecutionOrchestrator.java:54)&lt;br/&gt;
	at org.junit.platform.launcher.core.DefaultLauncher.execute(DefaultLauncher.java:114)&lt;br/&gt;
	at org.junit.platform.launcher.core.DefaultLauncher.execute(DefaultLauncher.java:86)&lt;br/&gt;
	at org.junit.platform.launcher.core.DefaultLauncherSession$DelegatingLauncher.execute(DefaultLauncherSession.java:86)&lt;br/&gt;
	at com.sun.javatest.regtest.agent.JUnitRunner.runWithJUnitPlatform(JUnitRunner.java:142)&lt;br/&gt;
	at com.sun.javatest.regtest.agent.JUnitRunner.main(JUnitRunner.java:95)&lt;br/&gt;
	at com.sun.javatest.regtest.agent.JUnitRunner.main(JUnitRunner.java:61)&lt;br/&gt;
	at java.base/jdk.internal.reflect.DirectMethodHandleAccessor.invoke(DirectMethodHandleAccessor.java:103)&lt;br/&gt;
	at java.base/java.lang.reflect.Method.invoke(Method.java:578)&lt;br/&gt;
	at com.sun.javatest.regtest.agent.MainWrapper$MainTask.run(MainWrapper.java:138)&lt;br/&gt;
	at java.base/java.lang.Thread.run(Thread.java:1583)&lt;br/&gt;
FAILED     compiler.jvmci.meta.ProfilingInfoTest::testTypeProfileCheckCast &amp;#39;testTypeProfileCheckCast&amp;#39;&lt;br/&gt;
STARTED    compiler.jvmci.meta.ProfilingInfoTest::testTypeProfileInvokeInterface &amp;#39;testTypeProfileInvokeInterface&amp;#39;&lt;br/&gt;
java.lang.NullPointerException: Cannot invoke &amp;quot;jdk.vm.ci.meta.JavaTypeProfile.getNotRecordedProbability()&amp;quot; because &amp;quot;&amp;lt;local7&amp;gt;&amp;quot; is null&lt;br/&gt;
	at compiler.jvmci.meta.ProfilingInfoTest.testTypeProfile(ProfilingInfoTest.java:188)&lt;br/&gt;
	at compiler.jvmci.meta.ProfilingInfoTest.testTypeProfileInvokeInterface(ProfilingInfoTest.java:152)&lt;br/&gt;
	at java.base/jdk.internal.reflect.DirectMethodHandleAccessor.invoke(DirectMethodHandleAccessor.java:103)&lt;br/&gt;
	at java.base/java.lang.reflect.Method.invoke(Method.java:578)&lt;br/&gt;
	at org.junit.runners.model.FrameworkMethod$1.runReflectiveCall(FrameworkMethod.java:59)&lt;br/&gt;
	at org.junit.internal.runners.model.ReflectiveCallable.run(ReflectiveCallable.java:12)&lt;br/&gt;
	at org.junit.runners.model.FrameworkMethod.invokeExplosively(FrameworkMethod.java:56)&lt;br/&gt;
	at org.junit.internal.runners.statements.InvokeMethod.evaluate(InvokeMethod.java:17)&lt;br/&gt;
	at org.junit.runners.ParentRunner$3.evaluate(ParentRunner.java:306)&lt;br/&gt;
	at org.junit.runners.BlockJUnit4ClassRunner$1.evaluate(BlockJUnit4ClassRunner.java:100)&lt;br/&gt;
	at org.junit.runners.ParentRunner.runLeaf(ParentRunner.java:366)&lt;br/&gt;
	at org.junit.runners.BlockJUnit4ClassRunner.runChild(BlockJUnit4ClassRunner.java:103)&lt;br/&gt;
	at org.junit.runners.BlockJUnit4ClassRunner.runChild(BlockJUnit4ClassRunner.java:63)&lt;br/&gt;
	at org.junit.runners.ParentRunner$4.run(ParentRunner.java:331)&lt;br/&gt;
	at org.junit.runners.ParentRunner$1.schedule(ParentRunner.java:79)&lt;br/&gt;
	at org.junit.runners.ParentRunner.runChildren(ParentRunner.java:329)&lt;br/&gt;
	at org.junit.runners.ParentRunner.access$100(ParentRunner.java:66)&lt;br/&gt;
	at org.junit.runners.ParentRunner$2.evaluate(ParentRunner.java:293)&lt;br/&gt;
	at org.junit.runners.ParentRunner$3.evaluate(ParentRunner.java:306)&lt;br/&gt;
	at org.junit.runners.ParentRunner.run(ParentRunner.java:413)&lt;br/&gt;
	at org.junit.runner.JUnitCore.run(JUnitCore.java:137)&lt;br/&gt;
	at org.junit.runner.JUnitCore.run(JUnitCore.java:115)&lt;br/&gt;
	at org.junit.vintage.engine.execution.RunnerExecutor.execute(RunnerExecutor.java:42)&lt;br/&gt;
	at org.junit.vintage.engine.VintageTestEngine.executeAllChildren(VintageTestEngine.java:80)&lt;br/&gt;
	at org.junit.vintage.engine.VintageTestEngine.execute(VintageTestEngine.java:72)&lt;br/&gt;
	at org.junit.platform.launcher.core.EngineExecutionOrchestrator.execute(EngineExecutionOrchestrator.java:147)&lt;br/&gt;
	at org.junit.platform.launcher.core.EngineExecutionOrchestrator.execute(EngineExecutionOrchestrator.java:127)&lt;br/&gt;
	at org.junit.platform.launcher.core.EngineExecutionOrchestrator.execute(EngineExecutionOrchestrator.java:90)&lt;br/&gt;
	at org.junit.platform.launcher.core.EngineExecutionOrchestrator.lambda$execute$0(EngineExecutionOrchestrator.java:55)&lt;br/&gt;
	at org.junit.platform.launcher.core.EngineExecutionOrchestrator.withInterceptedStreams(EngineExecutionOrchestrator.java:102)&lt;br/&gt;
	at org.junit.platform.launcher.core.EngineExecutionOrchestrator.execute(EngineExecutionOrchestrator.java:54)&lt;br/&gt;
	at org.junit.platform.launcher.core.DefaultLauncher.execute(DefaultLauncher.java:114)&lt;br/&gt;
	at org.junit.platform.launcher.core.DefaultLauncher.execute(DefaultLauncher.java:86)&lt;br/&gt;
	at org.junit.platform.launcher.core.DefaultLauncherSession$DelegatingLauncher.execute(DefaultLauncherSession.java:86)&lt;br/&gt;
	at com.sun.javatest.regtest.agent.JUnitRunner.runWithJUnitPlatform(JUnitRunner.java:142)&lt;br/&gt;
	at com.sun.javatest.regtest.agent.JUnitRunner.main(JUnitRunner.java:95)&lt;br/&gt;
	at com.sun.javatest.regtest.agent.JUnitRunner.main(JUnitRunner.java:61)&lt;br/&gt;
	at java.base/jdk.internal.reflect.DirectMethodHandleAccessor.invoke(DirectMethodHandleAccessor.java:103)&lt;br/&gt;
	at java.base/java.lang.reflect.Method.invoke(Method.java:578)&lt;br/&gt;
	at com.sun.javatest.regtest.agent.MainWrapper$MainTask.run(MainWrapper.java:138)&lt;br/&gt;
	at java.base/java.lang.Thread.run(Thread.java:1583)&lt;br/&gt;
FAILED     compiler.jvmci.meta.ProfilingInfoTest::testTypeProfileInvokeInterface &amp;#39;testTypeProfileInvokeInterface&amp;#39;&lt;br/&gt;
JavaTest Message: JUnit Platform Failure(s): 7&lt;br/&gt;
&lt;br/&gt;
[ JUnit Containers: found 4, started 4, succeeded 4, failed 0, aborted 0, skipped 0]&lt;br/&gt;
[ JUnit Tests: found 8, started 8, succeeded 1, failed 7, aborted 0, skipped 0]&lt;br/&gt;
&lt;br/&gt;
java.lang.Exception: JUnit test failure&lt;br/&gt;
	at com.sun.javatest.regtest.agent.JUnitRunner.runWithJUnitPlatform(JUnitRunner.java:149)&lt;br/&gt;
	at com.sun.javatest.regtest.agent.JUnitRunner.main(JUnitRunner.java:95)&lt;br/&gt;
	at com.sun.javatest.regtest.agent.JUnitRunner.main(JUnitRunner.java:61)&lt;br/&gt;
	at java.base/jdk.internal.reflect.DirectMethodHandleAccessor.invoke(DirectMethodHandleAccessor.java:103)&lt;br/&gt;
	at java.base/java.lang.reflect.Method.invoke(Method.java:578)&lt;br/&gt;
	at com.sun.javatest.regtest.agent.MainWrapper$MainTask.run(MainWrapper.java:138)&lt;br/&gt;
	at java.base/java.lang.Thread.run(Thread.java:1583)&lt;br/&gt;
&lt;br/&gt;
JavaTest Message: Test threw exception: java.lang.Exception: JUnit test failure&lt;br/&gt;
JavaTest Message: shutting down test&lt;br/&gt;
&lt;br/&gt;
STATUS:Failed.`main&amp;#39; threw exception: java.lang.Exception: JUnit test failure&lt;br/&gt;
</description>
                <environment></environment>
        <key id="5101149">JDK-8308291</key>
            <summary>compiler/jvmci/meta/ProfilingInfoTest.java fails with -XX:TieredStopAtLevel=1</summary>
                <type id="1" iconUrl="https://bugs.openjdk.org/secure/viewavatar?size=xsmall&amp;avatarId=14703&amp;avatarType=issuetype">Bug</type>
                                            <priority id="4" iconUrl="https://bugs.openjdk.org/images/jbsImages/p4.png">P4</priority>
                        <status id="5" iconUrl="https://bugs.openjdk.org/images/icons/statuses/resolved.png" description="A resolution has been taken, and it is awaiting verification by reporter. From here issues are either reopened, or are closed.">Resolved</status>
                    <statusCategory id="3" key="done" colorName="success"/>
                                    <resolution id="1">Fixed</resolution>
                                        <assignee username="never">Tom Rodriguez</assignee>
                                    <reporter username="lmesnik">Leonid Mesnik</reporter>
                        <labels>
                            <label>jvmci</label>
                            <label>noreg-self</label>
                            <label>oracle-triage-21</label>
                    </labels>
                <created>Wed, 17 May 2023 08:07:30 -0700</created>
                <updated>Wed, 31 May 2023 23:25:32 -0700</updated>
                            <resolved>Wed, 24 May 2023 11:41:11 -0700</resolved>
                                    <version>21</version>
                                    <fixVersion>21</fixVersion>
                                    <component>hotspot</component>
                        <due></due>
                            <votes>0</votes>
                                    <watches>5</watches>
                                                                                                                <comments>
                            <comment id="14584225" author="dukebot" created="Wed, 24 May 2023 11:41:10 -0700"  >Changeset: ac89e304&lt;br/&gt;
Author:    Tom Rodriguez &amp;lt;&lt;a href=&apos;mailto:never@openjdk.org&apos;&gt;never@openjdk.org&lt;/a&gt;&amp;gt;&lt;br/&gt;
Date:      2023-05-24 18:39:30 +0000&lt;br/&gt;
URL:       &lt;a href=&quot;https://git.openjdk.org/jdk/commit/ac89e3045b653969dfce48a2b34fd37078a2b958&quot;&gt;https://git.openjdk.org/jdk/commit/ac89e3045b653969dfce48a2b34fd37078a2b958&lt;/a&gt;&lt;br/&gt;
</comment>
                            <comment id="14584224" author="never" created="Wed, 24 May 2023 11:37:40 -0700"  >Ok, then I can confirm that it&amp;#39;s properly excluded at level 1 and works for all other values.</comment>
                            <comment id="14583548" author="thartmann" created="Tue, 23 May 2023 00:10:29 -0700"  >I think it&amp;#39;s sufficient to verify locally that the test is skipped with -XX:TieredStopAtLevel=1 and executed otherwise.</comment>
                            <comment id="14583424" author="roboduke" created="Mon, 22 May 2023 10:41:27 -0700"  >A pull request was submitted for review.&lt;br/&gt;
URL: &lt;a href=&quot;https://git.openjdk.org/jdk/pull/14091&quot;&gt;https://git.openjdk.org/jdk/pull/14091&lt;/a&gt;&lt;br/&gt;
Date: 2023-05-22 17:33:43 +0000</comment>
                            <comment id="14583113" author="thartmann" created="Sun, 21 May 2023 23:21:07 -0700"  >ILW = Test fails due to missing @requires, single test, no workaround = MLH = P4</comment>
                            <comment id="14582697" author="lmesnik" created="Thu, 18 May 2023 12:52:26 -0700"  >It is enough to set&lt;br/&gt;
@requires vm.opt.TieredStopAtLevel == null | vm.opt.TieredStopAtLevel &amp;gt; 1&lt;br/&gt;
&lt;br/&gt;
the test works fine with levels 2,3.</comment>
                            <comment id="14582446" author="thartmann" created="Wed, 17 May 2023 12:47:30 -0700"  >I think that would be:&lt;br/&gt;
@requires vm.opt.TieredStopAtLevel == null | vm.opt.TieredStopAtLevel == 4&lt;br/&gt;
</comment>
                            <comment id="14582441" author="never" created="Wed, 17 May 2023 12:43:32 -0700"  >What&amp;#39;s the proper way to disable this test for -XX:TieredStopAtLevel=1?</comment>
                            <comment id="14582438" author="thartmann" created="Wed, 17 May 2023 12:21:27 -0700"  >Doug, could you please have a look or re-assign? Thanks.</comment>
                            <comment id="14582348" author="lmesnik" created="Wed, 17 May 2023 08:09:43 -0700"  >We run all tests with  -XX:TieredStopAtLevel=1 and test should have corresponding requires if it doesn&amp;#39;t support this mode.</comment>
                    </comments>
                    <attachments>
                    </attachments>
                <subtasks>
                    </subtasks>
                <customfields>
                                                                            <customfield id="customfield_11700" key="com.atlassian.jira.plugins.jira-development-integration-plugin:devsummary">
                        <customfieldname>Development</customfieldname>
                        <customfieldvalues>
                            
                        </customfieldvalues>
                    </customfield>
                                                                                                                        <customfield id="customfield_10600" key="com.oracle.jira.javabugsystem-jira-plugin:jbs-fixedBackportedCustomfield">
                        <customfieldname>Fixed</customfieldname>
                        <customfieldvalues>
                            
                        </customfieldvalues>
                    </customfield>
                                                                                                                                                                                                                                                                                                                                                                                    <customfield id="customfield_11100" key="com.pyxis.greenhopper.jira:gh-lexo-rank">
                        <customfieldname>Rank</customfieldname>
                        <customfieldvalues>
                            <customfieldvalue>0|i31k7f:</customfieldvalue>

                        </customfieldvalues>
                    </customfield>
                                                                <customfield id="customfield_11004" key="com.pyxis.greenhopper.jira:gh-global-rank">
                        <customfieldname>Rank (Obsolete)</customfieldname>
                        <customfieldvalues>
                            <customfieldvalue>9223372036854775807</customfieldvalue>
                        </customfieldvalues>
                    </customfield>
                                                                                            <customfield id="customfield_10006" key="com.atlassian.jira.plugin.system.customfieldtypes:select">
                        <customfieldname>Resolved In Build</customfieldname>
                        <customfieldvalues>
                                <customfieldvalue key="17411"><![CDATA[b25]]></customfieldvalue>

                        </customfieldvalues>
                    </customfield>
                                                                                            <customfield id="customfield_10008" key="com.oracle.jira.jira-subcomponent-plugin:oracle-subComponentField">
                        <customfieldname>Subcomponent</customfieldname>
                        <customfieldvalues>
                             <customfieldvalue key="208"><![CDATA[compiler]]></customfieldvalue> 
                        </customfieldvalues>
                    </customfield>
                                                                                                                        <customfield id="customfield_10601" key="com.oracle.jira.javabugsystem-jira-plugin:jbs-targetBackportedCustomfield">
                        <customfieldname>Targeted</customfieldname>
                        <customfieldvalues>
                            
                        </customfieldvalues>
                    </customfield>
                                                                                                                                                    </customfields>
    </item>
</channel>
</rss>