<!-- 
RSS generated by JIRA (9.12.27#9120027-sha1:edc4490121e366e9e7bd2213d532dbe7e028fc5d) at Tue Sep 30 10:00:40 UTC 2025

It is possible to restrict the fields that are returned in this document by specifying the 'field' parameter in your request.
For example, to request only the issue key and summary append 'field=key&field=summary' to the URL of your request.
-->
<rss version="0.92" >
<channel>
    <title>Java Bug System</title>
    <link>https://bugs.openjdk.org</link>
    <description>This file is an XML representation of an issue</description>
    <language>en-us</language>    <build-info>
        <version>9.12.27</version>
        <build-number>9120027</build-number>
        <build-date>02-09-2025</build-date>
    </build-info>


<item>
            <title>[JDK-8310982] jdk/internal/util/ArchTest.java fails after JDK-8308452 failed with Method isARM()</title>
                <link>https://bugs.openjdk.org/browse/JDK-8310982</link>
                <project id="10100" key="JDK">JDK</project>
                    <description>The following test failed in the JDK22 CI:&lt;br/&gt;
&lt;br/&gt;
jdk/internal/util/ArchTest.java&lt;br/&gt;
&lt;br/&gt;
Here&amp;#39;s a snippet from the log file:&lt;br/&gt;
&lt;br/&gt;
#section:junit&lt;br/&gt;
----------messages:(8/318)----------&lt;br/&gt;
command: junit ArchTest&lt;br/&gt;
reason: User specified action: run junit ArchTest &lt;br/&gt;
started: Tue Jun 27 18:25:51 UTC 2023&lt;br/&gt;
Mode: agentvm&lt;br/&gt;
Agent id: 18&lt;br/&gt;
Additional exports to unnamed modules from @modules: java.base/jdk.internal.util java.base/jdk.internal.misc&lt;br/&gt;
finished: Tue Jun 27 18:25:51 UTC 2023&lt;br/&gt;
elapsed time (seconds): 0.137&lt;br/&gt;
----------configuration:(14/1529)----------&lt;br/&gt;
&lt;br/&gt;
&amp;lt;snip&amp;gt;&lt;br/&gt;
&lt;br/&gt;
----------System.err:(183/16672)----------&lt;br/&gt;
STARTED    ArchTest::is64BitVsCurrent &amp;#39;is64BitVsCurrent()&amp;#39;&lt;br/&gt;
SUCCESSFUL ArchTest::is64BitVsCurrent &amp;#39;is64BitVsCurrent()&amp;#39;&lt;br/&gt;
STARTED    ArchTest::isLittleEndianVsCurrent &amp;#39;isLittleEndianVsCurrent()&amp;#39;&lt;br/&gt;
SUCCESSFUL ArchTest::isLittleEndianVsCurrent &amp;#39;isLittleEndianVsCurrent()&amp;#39;&lt;br/&gt;
STARTED    ArchTest::checkParams &amp;#39;[1] aarch64, AARCH64, 64, LITTLE_ENDIAN, true&amp;#39;&lt;br/&gt;
SUCCESSFUL ArchTest::checkParams &amp;#39;[1] aarch64, AARCH64, 64, LITTLE_ENDIAN, true&amp;#39;&lt;br/&gt;
STARTED    ArchTest::checkParams &amp;#39;[2] amd64, X64, 64, LITTLE_ENDIAN, false&amp;#39;&lt;br/&gt;
SUCCESSFUL ArchTest::checkParams &amp;#39;[2] amd64, X64, 64, LITTLE_ENDIAN, false&amp;#39;&lt;br/&gt;
STARTED    ArchTest::checkParams &amp;#39;[3] arm, ARM, 32, LITTLE_ENDIAN, true&amp;#39;&lt;br/&gt;
org.opentest4j.AssertionFailedError: Method isARM(): returned true, should be (ARM == AARCH64) ==&amp;gt; expected: &amp;lt;false&amp;gt; but was: &amp;lt;true&amp;gt;&lt;br/&gt;
	at org.junit.jupiter.api.AssertionFailureBuilder.build(AssertionFailureBuilder.java:151)&lt;br/&gt;
	at org.junit.jupiter.api.AssertionFailureBuilder.buildAndThrow(AssertionFailureBuilder.java:132)&lt;br/&gt;
	at org.junit.jupiter.api.AssertEquals.failNotEqual(AssertEquals.java:197)&lt;br/&gt;
	at org.junit.jupiter.api.AssertEquals.assertEquals(AssertEquals.java:182)&lt;br/&gt;
	at org.junit.jupiter.api.Assertions.assertEquals(Assertions.java:1153)&lt;br/&gt;
	at ArchTest.checkParams(ArchTest.java:129)&lt;br/&gt;
	at java.base/jdk.internal.reflect.DirectMethodHandleAccessor.invoke(DirectMethodHandleAccessor.java:103)&lt;br/&gt;
	at java.base/java.lang.reflect.Method.invoke(Method.java:580)&lt;br/&gt;
	at org.junit.platform.commons.util.ReflectionUtils.invokeMethod(ReflectionUtils.java:727)&lt;br/&gt;
	at org.junit.jupiter.engine.execution.MethodInvocation.proceed(MethodInvocation.java:60)&lt;br/&gt;
	at org.junit.jupiter.engine.execution.InvocationInterceptorChain$ValidatingInvocation.proceed(InvocationInterceptorChain.java:131)&lt;br/&gt;
	at org.junit.jupiter.engine.extension.TimeoutExtension.intercept(TimeoutExtension.java:156)&lt;br/&gt;
	at org.junit.jupiter.engine.extension.TimeoutExtension.interceptTestableMethod(TimeoutExtension.java:147)&lt;br/&gt;
	at org.junit.jupiter.engine.extension.TimeoutExtension.interceptTestTemplateMethod(TimeoutExtension.java:94)&lt;br/&gt;
	at org.junit.jupiter.engine.execution.InterceptingExecutableInvoker$ReflectiveInterceptorCall.lambda$ofVoidMethod$0(InterceptingExecutableInvoker.java:103)&lt;br/&gt;
	at org.junit.jupiter.engine.execution.InterceptingExecutableInvoker.lambda$invoke$0(InterceptingExecutableInvoker.java:93)&lt;br/&gt;
	at org.junit.jupiter.engine.execution.InvocationInterceptorChain$InterceptedInvocation.proceed(InvocationInterceptorChain.java:106)&lt;br/&gt;
	at org.junit.jupiter.engine.execution.InvocationInterceptorChain.proceed(InvocationInterceptorChain.java:64)&lt;br/&gt;
	at org.junit.jupiter.engine.execution.InvocationInterceptorChain.chainAndInvoke(InvocationInterceptorChain.java:45)&lt;br/&gt;
	at org.junit.jupiter.engine.execution.InvocationInterceptorChain.invoke(InvocationInterceptorChain.java:37)&lt;br/&gt;
	at org.junit.jupiter.engine.execution.InterceptingExecutableInvoker.invoke(InterceptingExecutableInvoker.java:92)&lt;br/&gt;
	at org.junit.jupiter.engine.execution.InterceptingExecutableInvoker.invoke(InterceptingExecutableInvoker.java:86)&lt;br/&gt;
	at org.junit.jupiter.engine.descriptor.TestMethodTestDescriptor.lambda$invokeTestMethod$7(TestMethodTestDescriptor.java:217)&lt;br/&gt;
	at org.junit.platform.engine.support.hierarchical.ThrowableCollector.execute(ThrowableCollector.java:73)&lt;br/&gt;
	at org.junit.jupiter.engine.descriptor.TestMethodTestDescriptor.invokeTestMethod(TestMethodTestDescriptor.java:213)&lt;br/&gt;
	at org.junit.jupiter.engine.descriptor.TestMethodTestDescriptor.execute(TestMethodTestDescriptor.java:138)&lt;br/&gt;
	at org.junit.jupiter.engine.descriptor.TestMethodTestDescriptor.execute(TestMethodTestDescriptor.java:68)&lt;br/&gt;
	at org.junit.platform.engine.support.hierarchical.NodeTestTask.lambda$executeRecursively$6(NodeTestTask.java:151)&lt;br/&gt;
	at org.junit.platform.engine.support.hierarchical.ThrowableCollector.execute(ThrowableCollector.java:73)&lt;br/&gt;
	at org.junit.platform.engine.support.hierarchical.NodeTestTask.lambda$executeRecursively$8(NodeTestTask.java:141)&lt;br/&gt;
	at org.junit.platform.engine.support.hierarchical.Node.around(Node.java:137)&lt;br/&gt;
	at org.junit.platform.engine.support.hierarchical.NodeTestTask.lambda$executeRecursively$9(NodeTestTask.java:139)&lt;br/&gt;
	at org.junit.platform.engine.support.hierarchical.ThrowableCollector.execute(ThrowableCollector.java:73)&lt;br/&gt;
	at org.junit.platform.engine.support.hierarchical.NodeTestTask.executeRecursively(NodeTestTask.java:138)&lt;br/&gt;
	at org.junit.platform.engine.support.hierarchical.NodeTestTask.execute(NodeTestTask.java:95)&lt;br/&gt;
	at org.junit.platform.engine.support.hierarchical.SameThreadHierarchicalTestExecutorService.submit(SameThreadHierarchicalTestExecutorService.java:35)&lt;br/&gt;
	at org.junit.platform.engine.support.hierarchical.NodeTestTask$DefaultDynamicTestExecutor.execute(NodeTestTask.java:226)&lt;br/&gt;
	at org.junit.platform.engine.support.hierarchical.NodeTestTask$DefaultDynamicTestExecutor.execute(NodeTestTask.java:204)&lt;br/&gt;
	at org.junit.jupiter.engine.descriptor.TestTemplateTestDescriptor.execute(TestTemplateTestDescriptor.java:142)&lt;br/&gt;
	at org.junit.jupiter.engine.descriptor.TestTemplateTestDescriptor.lambda$execute$2(TestTemplateTestDescriptor.java:110)&lt;br/&gt;
	at java.base/java.util.stream.ForEachOps$ForEachOp$OfRef.accept(ForEachOps.java:184)&lt;br/&gt;
	at java.base/java.util.stream.ReferencePipeline$3$1.accept(ReferencePipeline.java:197)&lt;br/&gt;
	at java.base/java.util.stream.ReferencePipeline$2$1.accept(ReferencePipeline.java:179)&lt;br/&gt;
	at java.base/java.util.stream.ReferencePipeline$3$1.accept(ReferencePipeline.java:197)&lt;br/&gt;
	at java.base/java.util.stream.ForEachOps$ForEachOp$OfRef.accept(ForEachOps.java:184)&lt;br/&gt;
	at java.base/java.util.stream.ReferencePipeline$3$1.accept(ReferencePipeline.java:197)&lt;br/&gt;
	at java.base/java.util.stream.ReferencePipeline$3$1.accept(ReferencePipeline.java:197)&lt;br/&gt;
	at java.base/java.util.stream.ReferencePipeline$3$1.accept(ReferencePipeline.java:197)&lt;br/&gt;
	at java.base/java.util.stream.ForEachOps$ForEachOp$OfRef.accept(ForEachOps.java:184)&lt;br/&gt;
	at java.base/java.util.stream.ReferencePipeline$3$1.accept(ReferencePipeline.java:197)&lt;br/&gt;
	at java.base/java.util.Spliterators$ArraySpliterator.forEachRemaining(Spliterators.java:1009)&lt;br/&gt;
	at java.base/java.util.stream.ReferencePipeline$Head.forEach(ReferencePipeline.java:762)&lt;br/&gt;
	at java.base/java.util.stream.ReferencePipeline$7$1.accept(ReferencePipeline.java:276)&lt;br/&gt;
	at java.base/java.util.stream.ReferencePipeline$3$1.accept(ReferencePipeline.java:197)&lt;br/&gt;
	at java.base/java.util.stream.ReferencePipeline$3$1.accept(ReferencePipeline.java:197)&lt;br/&gt;
	at java.base/java.util.Spliterators$ArraySpliterator.forEachRemaining(Spliterators.java:1009)&lt;br/&gt;
	at java.base/java.util.stream.AbstractPipeline.copyInto(AbstractPipeline.java:509)&lt;br/&gt;
	at java.base/java.util.stream.AbstractPipeline.wrapAndCopyInto(AbstractPipeline.java:499)&lt;br/&gt;
	at java.base/java.util.stream.ForEachOps$ForEachOp.evaluateSequential(ForEachOps.java:151)&lt;br/&gt;
	at java.base/java.util.stream.ForEachOps$ForEachOp$OfRef.evaluateSequential(ForEachOps.java:174)&lt;br/&gt;
	at java.base/java.util.stream.AbstractPipeline.evaluate(AbstractPipeline.java:234)&lt;br/&gt;
	at java.base/java.util.stream.ReferencePipeline.forEach(ReferencePipeline.java:596)&lt;br/&gt;
	at java.base/java.util.stream.ReferencePipeline$7$1.accept(ReferencePipeline.java:276)&lt;br/&gt;
	at java.base/java.util.stream.ReferencePipeline$3$1.accept(ReferencePipeline.java:197)&lt;br/&gt;
	at java.base/java.util.stream.ReferencePipeline$3$1.accept(ReferencePipeline.java:197)&lt;br/&gt;
	at java.base/java.util.stream.ReferencePipeline$3$1.accept(ReferencePipeline.java:197)&lt;br/&gt;
	at java.base/java.util.ArrayList$ArrayListSpliterator.forEachRemaining(ArrayList.java:1707)&lt;br/&gt;
	at java.base/java.util.stream.AbstractPipeline.copyInto(AbstractPipeline.java:509)&lt;br/&gt;
	at java.base/java.util.stream.AbstractPipeline.wrapAndCopyInto(AbstractPipeline.java:499)&lt;br/&gt;
	at java.base/java.util.stream.ForEachOps$ForEachOp.evaluateSequential(ForEachOps.java:151)&lt;br/&gt;
	at java.base/java.util.stream.ForEachOps$ForEachOp$OfRef.evaluateSequential(ForEachOps.java:174)&lt;br/&gt;
	at java.base/java.util.stream.AbstractPipeline.evaluate(AbstractPipeline.java:234)&lt;br/&gt;
	at java.base/java.util.stream.ReferencePipeline.forEach(ReferencePipeline.java:596)&lt;br/&gt;
	at java.base/java.util.stream.ReferencePipeline$7$1.accept(ReferencePipeline.java:276)&lt;br/&gt;
	at java.base/java.util.ArrayList$ArrayListSpliterator.forEachRemaining(ArrayList.java:1707)&lt;br/&gt;
	at java.base/java.util.stream.AbstractPipeline.copyInto(AbstractPipeline.java:509)&lt;br/&gt;
	at java.base/java.util.stream.AbstractPipeline.wrapAndCopyInto(AbstractPipeline.java:499)&lt;br/&gt;
	at java.base/java.util.stream.ForEachOps$ForEachOp.evaluateSequential(ForEachOps.java:151)&lt;br/&gt;
	at java.base/java.util.stream.ForEachOps$ForEachOp$OfRef.evaluateSequential(ForEachOps.java:174)&lt;br/&gt;
	at java.base/java.util.stream.AbstractPipeline.evaluate(AbstractPipeline.java:234)&lt;br/&gt;
	at java.base/java.util.stream.ReferencePipeline.forEach(ReferencePipeline.java:596)&lt;br/&gt;
	at org.junit.jupiter.engine.descriptor.TestTemplateTestDescriptor.execute(TestTemplateTestDescriptor.java:110)&lt;br/&gt;
	at org.junit.jupiter.engine.descriptor.TestTemplateTestDescriptor.execute(TestTemplateTestDescriptor.java:44)&lt;br/&gt;
	at org.junit.platform.engine.support.hierarchical.NodeTestTask.lambda$executeRecursively$6(NodeTestTask.java:151)&lt;br/&gt;
	at org.junit.platform.engine.support.hierarchical.ThrowableCollector.execute(ThrowableCollector.java:73)&lt;br/&gt;
	at org.junit.platform.engine.support.hierarchical.NodeTestTask.lambda$executeRecursively$8(NodeTestTask.java:141)&lt;br/&gt;
	at org.junit.platform.engine.support.hierarchical.Node.around(Node.java:137)&lt;br/&gt;
	at org.junit.platform.engine.support.hierarchical.NodeTestTask.lambda$executeRecursively$9(NodeTestTask.java:139)&lt;br/&gt;
	at org.junit.platform.engine.support.hierarchical.ThrowableCollector.execute(ThrowableCollector.java:73)&lt;br/&gt;
	at org.junit.platform.engine.support.hierarchical.NodeTestTask.executeRecursively(NodeTestTask.java:138)&lt;br/&gt;
	at org.junit.platform.engine.support.hierarchical.NodeTestTask.execute(NodeTestTask.java:95)&lt;br/&gt;
	at java.base/java.util.ArrayList.forEach(ArrayList.java:1593)&lt;br/&gt;
	at org.junit.platform.engine.support.hierarchical.SameThreadHierarchicalTestExecutorService.invokeAll(SameThreadHierarchicalTestExecutorService.java:41)&lt;br/&gt;
	at org.junit.platform.engine.support.hierarchical.NodeTestTask.lambda$executeRecursively$6(NodeTestTask.java:155)&lt;br/&gt;
	at org.junit.platform.engine.support.hierarchical.ThrowableCollector.execute(ThrowableCollector.java:73)&lt;br/&gt;
	at org.junit.platform.engine.support.hierarchical.NodeTestTask.lambda$executeRecursively$8(NodeTestTask.java:141)&lt;br/&gt;
	at org.junit.platform.engine.support.hierarchical.Node.around(Node.java:137)&lt;br/&gt;
	at org.junit.platform.engine.support.hierarchical.NodeTestTask.lambda$executeRecursively$9(NodeTestTask.java:139)&lt;br/&gt;
	at org.junit.platform.engine.support.hierarchical.ThrowableCollector.execute(ThrowableCollector.java:73)&lt;br/&gt;
	at org.junit.platform.engine.support.hierarchical.NodeTestTask.executeRecursively(NodeTestTask.java:138)&lt;br/&gt;
	at org.junit.platform.engine.support.hierarchical.NodeTestTask.execute(NodeTestTask.java:95)&lt;br/&gt;
	at java.base/java.util.ArrayList.forEach(ArrayList.java:1593)&lt;br/&gt;
	at org.junit.platform.engine.support.hierarchical.SameThreadHierarchicalTestExecutorService.invokeAll(SameThreadHierarchicalTestExecutorService.java:41)&lt;br/&gt;
	at org.junit.platform.engine.support.hierarchical.NodeTestTask.lambda$executeRecursively$6(NodeTestTask.java:155)&lt;br/&gt;
	at org.junit.platform.engine.support.hierarchical.ThrowableCollector.execute(ThrowableCollector.java:73)&lt;br/&gt;
	at org.junit.platform.engine.support.hierarchical.NodeTestTask.lambda$executeRecursively$8(NodeTestTask.java:141)&lt;br/&gt;
	at org.junit.platform.engine.support.hierarchical.Node.around(Node.java:137)&lt;br/&gt;
	at org.junit.platform.engine.support.hierarchical.NodeTestTask.lambda$executeRecursively$9(NodeTestTask.java:139)&lt;br/&gt;
	at org.junit.platform.engine.support.hierarchical.ThrowableCollector.execute(ThrowableCollector.java:73)&lt;br/&gt;
	at org.junit.platform.engine.support.hierarchical.NodeTestTask.executeRecursively(NodeTestTask.java:138)&lt;br/&gt;
	at org.junit.platform.engine.support.hierarchical.NodeTestTask.execute(NodeTestTask.java:95)&lt;br/&gt;
	at org.junit.platform.engine.support.hierarchical.SameThreadHierarchicalTestExecutorService.submit(SameThreadHierarchicalTestExecutorService.java:35)&lt;br/&gt;
	at org.junit.platform.engine.support.hierarchical.HierarchicalTestExecutor.execute(HierarchicalTestExecutor.java:57)&lt;br/&gt;
	at org.junit.platform.engine.support.hierarchical.HierarchicalTestEngine.execute(HierarchicalTestEngine.java:54)&lt;br/&gt;
	at org.junit.platform.launcher.core.EngineExecutionOrchestrator.execute(EngineExecutionOrchestrator.java:147)&lt;br/&gt;
	at org.junit.platform.launcher.core.EngineExecutionOrchestrator.execute(EngineExecutionOrchestrator.java:127)&lt;br/&gt;
	at org.junit.platform.launcher.core.EngineExecutionOrchestrator.execute(EngineExecutionOrchestrator.java:90)&lt;br/&gt;
	at org.junit.platform.launcher.core.EngineExecutionOrchestrator.lambda$execute$0(EngineExecutionOrchestrator.java:55)&lt;br/&gt;
	at org.junit.platform.launcher.core.EngineExecutionOrchestrator.withInterceptedStreams(EngineExecutionOrchestrator.java:102)&lt;br/&gt;
	at org.junit.platform.launcher.core.EngineExecutionOrchestrator.execute(EngineExecutionOrchestrator.java:54)&lt;br/&gt;
	at org.junit.platform.launcher.core.DefaultLauncher.execute(DefaultLauncher.java:114)&lt;br/&gt;
	at org.junit.platform.launcher.core.DefaultLauncher.execute(DefaultLauncher.java:86)&lt;br/&gt;
	at org.junit.platform.launcher.core.DefaultLauncherSession$DelegatingLauncher.execute(DefaultLauncherSession.java:86)&lt;br/&gt;
	at com.sun.javatest.regtest.agent.JUnitRunner.runWithJUnitPlatform(JUnitRunner.java:142)&lt;br/&gt;
	at com.sun.javatest.regtest.agent.JUnitRunner.main(JUnitRunner.java:95)&lt;br/&gt;
	at java.base/jdk.internal.reflect.DirectMethodHandleAccessor.invoke(DirectMethodHandleAccessor.java:103)&lt;br/&gt;
	at java.base/java.lang.reflect.Method.invoke(Method.java:580)&lt;br/&gt;
	at com.sun.javatest.regtest.agent.MainActionHelper$AgentVMRunnable.run(MainActionHelper.java:333)&lt;br/&gt;
	at java.base/java.lang.Thread.run(Thread.java:1570)&lt;br/&gt;
FAILED     ArchTest::checkParams &amp;#39;[3] arm, ARM, 32, LITTLE_ENDIAN, true&amp;#39;&lt;br/&gt;
STARTED    ArchTest::checkParams &amp;#39;[4] i386, X86, 32, LITTLE_ENDIAN, false&amp;#39;&lt;br/&gt;
SUCCESSFUL ArchTest::checkParams &amp;#39;[4] i386, X86, 32, LITTLE_ENDIAN, false&amp;#39;&lt;br/&gt;
STARTED    ArchTest::checkParams &amp;#39;[5] loongarch64, LOONGARCH64, 64, LITTLE_ENDIAN, false&amp;#39;&lt;br/&gt;
SUCCESSFUL ArchTest::checkParams &amp;#39;[5] loongarch64, LOONGARCH64, 64, LITTLE_ENDIAN, false&amp;#39;&lt;br/&gt;
STARTED    ArchTest::checkParams &amp;#39;[6] mips64el, MIPS64EL, 64, LITTLE_ENDIAN, false&amp;#39;&lt;br/&gt;
SUCCESSFUL ArchTest::checkParams &amp;#39;[6] mips64el, MIPS64EL, 64, LITTLE_ENDIAN, false&amp;#39;&lt;br/&gt;
STARTED    ArchTest::checkParams &amp;#39;[7] mipsel, MIPSEL, 32, LITTLE_ENDIAN, false&amp;#39;&lt;br/&gt;
SUCCESSFUL ArchTest::checkParams &amp;#39;[7] mipsel, MIPSEL, 32, LITTLE_ENDIAN, false&amp;#39;&lt;br/&gt;
STARTED    ArchTest::checkParams &amp;#39;[8] ppc64, PPC64, 64, BIG_ENDIAN, false&amp;#39;&lt;br/&gt;
SUCCESSFUL ArchTest::checkParams &amp;#39;[8] ppc64, PPC64, 64, BIG_ENDIAN, false&amp;#39;&lt;br/&gt;
STARTED    ArchTest::checkParams &amp;#39;[9] ppc64le, PPC64LE, 64, LITTLE_ENDIAN, false&amp;#39;&lt;br/&gt;
SUCCESSFUL ArchTest::checkParams &amp;#39;[9] ppc64le, PPC64LE, 64, LITTLE_ENDIAN, false&amp;#39;&lt;br/&gt;
STARTED    ArchTest::checkParams &amp;#39;[10] riscv64, RISCV64, 64, LITTLE_ENDIAN, false&amp;#39;&lt;br/&gt;
SUCCESSFUL ArchTest::checkParams &amp;#39;[10] riscv64, RISCV64, 64, LITTLE_ENDIAN, false&amp;#39;&lt;br/&gt;
STARTED    ArchTest::checkParams &amp;#39;[11] s390, S390, 64, BIG_ENDIAN, false&amp;#39;&lt;br/&gt;
SUCCESSFUL ArchTest::checkParams &amp;#39;[11] s390, S390, 64, BIG_ENDIAN, false&amp;#39;&lt;br/&gt;
STARTED    ArchTest::checkParams &amp;#39;[12] s390x, S390, 64, BIG_ENDIAN, false&amp;#39;&lt;br/&gt;
SUCCESSFUL ArchTest::checkParams &amp;#39;[12] s390x, S390, 64, BIG_ENDIAN, false&amp;#39;&lt;br/&gt;
STARTED    ArchTest::checkParams &amp;#39;[13] x64, X64, 64, LITTLE_ENDIAN, false&amp;#39;&lt;br/&gt;
SUCCESSFUL ArchTest::checkParams &amp;#39;[13] x64, X64, 64, LITTLE_ENDIAN, false&amp;#39;&lt;br/&gt;
STARTED    ArchTest::checkParams &amp;#39;[14] x86, X86, 32, LITTLE_ENDIAN, false&amp;#39;&lt;br/&gt;
SUCCESSFUL ArchTest::checkParams &amp;#39;[14] x86, X86, 32, LITTLE_ENDIAN, false&amp;#39;&lt;br/&gt;
STARTED    ArchTest::checkParams &amp;#39;[15] x86_64, X64, 64, LITTLE_ENDIAN, false&amp;#39;&lt;br/&gt;
SUCCESSFUL ArchTest::checkParams &amp;#39;[15] x86_64, X64, 64, LITTLE_ENDIAN, false&amp;#39;&lt;br/&gt;
STARTED    ArchTest::nameVsCurrent &amp;#39;nameVsCurrent()&amp;#39;&lt;br/&gt;
System property os.arch: &amp;quot;aarch64&amp;quot;, Architecture.current(): &amp;quot;AARCH64&amp;quot;&lt;br/&gt;
SUCCESSFUL ArchTest::nameVsCurrent &amp;#39;nameVsCurrent()&amp;#39;&lt;br/&gt;
JavaTest Message: JUnit Platform Failure(s): 1&lt;br/&gt;
&lt;br/&gt;
[ JUnit Containers: found 5, started 5, succeeded 5, failed 0, aborted 0, skipped 0]&lt;br/&gt;
[ JUnit Tests: found 18, started 18, succeeded 17, failed 1, aborted 0, skipped 0]&lt;br/&gt;
&lt;br/&gt;
java.lang.Exception: JUnit test failure&lt;br/&gt;
	at com.sun.javatest.regtest.agent.JUnitRunner.runWithJUnitPlatform(JUnitRunner.java:149)&lt;br/&gt;
	at com.sun.javatest.regtest.agent.JUnitRunner.main(JUnitRunner.java:95)&lt;br/&gt;
	at java.base/jdk.internal.reflect.DirectMethodHandleAccessor.invoke(DirectMethodHandleAccessor.java:103)&lt;br/&gt;
	at java.base/java.lang.reflect.Method.invoke(Method.java:580)&lt;br/&gt;
	at com.sun.javatest.regtest.agent.MainActionHelper$AgentVMRunnable.run(MainActionHelper.java:333)&lt;br/&gt;
	at java.base/java.lang.Thread.run(Thread.java:1570)&lt;br/&gt;
&lt;br/&gt;
JavaTest Message: Test threw exception: java.lang.Exception&lt;br/&gt;
JavaTest Message: shutting down test&lt;br/&gt;
&lt;br/&gt;
result: Failed. Execution failed: `main&amp;#39; threw exception: java.lang.Exception: JUnit test failure</description>
                <environment></environment>
        <key id="5104256">JDK-8310982</key>
            <summary>jdk/internal/util/ArchTest.java fails after JDK-8308452 failed with Method isARM()</summary>
                <type id="1" iconUrl="https://bugs.openjdk.org/secure/viewavatar?size=xsmall&amp;avatarId=14703&amp;avatarType=issuetype">Bug</type>
                                            <priority id="2" iconUrl="https://bugs.openjdk.org/images/jbsImages/p2.png">P2</priority>
                        <status id="6" iconUrl="https://bugs.openjdk.org/images/icons/statuses/closed.png" description="The issue is considered finished, the resolution is correct. Issues which are closed can be reopened.">Closed</status>
                    <statusCategory id="3" key="done" colorName="success"/>
                                    <resolution id="1">Fixed</resolution>
                                        <assignee username="rriggs">Roger Riggs</assignee>
                                    <reporter username="dcubed">Daniel Daugherty</reporter>
                        <labels>
                            <label>jdk21u-fix-request</label>
                            <label>jdk21u-fix-yes</label>
                            <label>regression</label>
                            <label>tier1</label>
                            <label>tier4</label>
                    </labels>
                <created>Tue, 27 Jun 2023 12:17:55 -0700</created>
                <updated>Tue, 16 Jan 2024 07:51:02 -0800</updated>
                            <resolved>Tue, 27 Jun 2023 13:57:30 -0700</resolved>
                                    <version>22</version>
                                    <fixVersion>22</fixVersion>
                                    <component>core-libs</component>
                        <due></due>
                            <votes>0</votes>
                                    <watches>3</watches>
                                                                                                                <comments>
                            <comment id="14610046" author="roboduke" created="Mon, 11 Sep 2023 04:26:36 -0700"  >[jdk21u-fix-request] Approval Request from Aleksey Shipil&amp;#xEB;v&lt;br/&gt;
</comment>
                            <comment id="14610034" author="roboduke" created="Mon, 11 Sep 2023 03:34:27 -0700"  >A pull request was submitted for review.&lt;br/&gt;
URL: &lt;a href=&quot;https://git.openjdk.org/jdk21u/pull/151&quot;&gt;https://git.openjdk.org/jdk21u/pull/151&lt;/a&gt;&lt;br/&gt;
Date: 2023-09-11 10:21:05 +0000</comment>
                            <comment id="14592393" author="dcubed" created="Tue, 27 Jun 2023 14:54:41 -0700"  >The fix is integrated in jdk-22+4-262.</comment>
                            <comment id="14592383" author="dukebot" created="Tue, 27 Jun 2023 13:57:29 -0700"  >Changeset: 7f094353&lt;br/&gt;
Author:    Roger Riggs &amp;lt;&lt;a href=&apos;mailto:rriggs@openjdk.org&apos;&gt;rriggs@openjdk.org&lt;/a&gt;&amp;gt;&lt;br/&gt;
Date:      2023-06-27 20:54:53 +0000&lt;br/&gt;
URL:       &lt;a href=&quot;https://git.openjdk.org/jdk/commit/7f094353673f5047643a2d7b512d0de8c665f215&quot;&gt;https://git.openjdk.org/jdk/commit/7f094353673f5047643a2d7b512d0de8c665f215&lt;/a&gt;&lt;br/&gt;
</comment>
                            <comment id="14592362" author="roboduke" created="Tue, 27 Jun 2023 13:02:06 -0700"  >A pull request was submitted for review.&lt;br/&gt;
URL: &lt;a href=&quot;https://git.openjdk.org/jdk/pull/14685&quot;&gt;https://git.openjdk.org/jdk/pull/14685&lt;/a&gt;&lt;br/&gt;
Date: 2023-06-27 19:55:02 +0000</comment>
                            <comment id="14592345" author="dcubed" created="Tue, 27 Jun 2023 12:21:43 -0700"  >[~rriggs] - Looks like your fix for:&lt;br/&gt;
&lt;br/&gt;
&lt;a href=&quot;https://bugs.openjdk.org/browse/JDK-8308452&quot; title=&quot;Extend internal Architecture enum with byte order and address size&quot; class=&quot;issue-link&quot; data-issue-key=&quot;JDK-8308452&quot;&gt;&lt;strike&gt;JDK-8308452&lt;/strike&gt;&lt;/a&gt; Extend internal Architecture enum with byte order and address size&lt;br/&gt;
&lt;br/&gt;
is failing the modified test.</comment>
                    </comments>
                <issuelinks>
                            <issuelinktype id="10200">
                    <name>Backport</name>
                                            <outwardlinks description="backported by">
                                        <issuelink>
            <issuekey id="5110226">JDK-8316203</issuekey>
        </issuelink>
                            </outwardlinks>
                                                        </issuelinktype>
                            <issuelinktype id="10003">
                    <name>Relates</name>
                                            <outwardlinks description="relates to">
                                        <issuelink>
            <issuekey id="5101357">JDK-8308452</issuekey>
        </issuelink>
                            </outwardlinks>
                                                        </issuelinktype>
                    </issuelinks>
                <attachments>
                    </attachments>
                <subtasks>
                    </subtasks>
                <customfields>
                                                <customfield id="customfield_10000" key="com.atlassian.jira.plugin.system.customfieldtypes:multiselect">
                        <customfieldname>CPU</customfieldname>
                        <customfieldvalues>
                                <customfieldvalue key="19300"><![CDATA[aarch64]]></customfieldvalue>
    
                        </customfieldvalues>
                    </customfield>
                                                                <customfield id="customfield_11700" key="com.atlassian.jira.plugins.jira-development-integration-plugin:devsummary">
                        <customfieldname>Development</customfieldname>
                        <customfieldvalues>
                            
                        </customfieldvalues>
                    </customfield>
                                                                                                                        <customfield id="customfield_10600" key="com.oracle.jira.javabugsystem-jira-plugin:jbs-fixedBackportedCustomfield">
                        <customfieldname>Fixed</customfieldname>
                        <customfieldvalues>
                            
                        </customfieldvalues>
                    </customfield>
                                                                                                                                                                                                            <customfield id="customfield_10005" key="com.atlassian.jira.plugin.system.customfieldtypes:multiselect">
                        <customfieldname>OS</customfieldname>
                        <customfieldvalues>
                                <customfieldvalue key="17010"><![CDATA[generic]]></customfieldvalue>
    
                        </customfieldvalues>
                    </customfield>
                                                                                                                                                                                                            <customfield id="customfield_11100" key="com.pyxis.greenhopper.jira:gh-lexo-rank">
                        <customfieldname>Rank</customfieldname>
                        <customfieldvalues>
                            <customfieldvalue>0|i3236z:</customfieldvalue>

                        </customfieldvalues>
                    </customfield>
                                                                <customfield id="customfield_11004" key="com.pyxis.greenhopper.jira:gh-global-rank">
                        <customfieldname>Rank (Obsolete)</customfieldname>
                        <customfieldvalues>
                            <customfieldvalue>9223372036854775807</customfieldvalue>
                        </customfieldvalues>
                    </customfield>
                                                                                            <customfield id="customfield_10006" key="com.atlassian.jira.plugin.system.customfieldtypes:select">
                        <customfieldname>Resolved In Build</customfieldname>
                        <customfieldvalues>
                                <customfieldvalue key="17314"><![CDATA[b04]]></customfieldvalue>

                        </customfieldvalues>
                    </customfield>
                                                                                            <customfield id="customfield_10008" key="com.oracle.jira.jira-subcomponent-plugin:oracle-subComponentField">
                        <customfieldname>Subcomponent</customfieldname>
                        <customfieldvalues>
                             <customfieldvalue key="190"><![CDATA[java.lang]]></customfieldvalue> 
                        </customfieldvalues>
                    </customfield>
                                                                                                                        <customfield id="customfield_10601" key="com.oracle.jira.javabugsystem-jira-plugin:jbs-targetBackportedCustomfield">
                        <customfieldname>Targeted</customfieldname>
                        <customfieldvalues>
                            
                        </customfieldvalues>
                    </customfield>
                                                                                                                        <customfield id="customfield_10100" key="com.atlassian.jira.plugin.system.customfieldtypes:radiobuttons">
                        <customfieldname>Verification</customfieldname>
                        <customfieldvalues>
                                <customfieldvalue key="17000"><![CDATA[Verified]]></customfieldvalue>

                        </customfieldvalues>
                    </customfield>
                                                                </customfields>
    </item>
</channel>
</rss>