<!-- 
RSS generated by JIRA (9.12.27#9120027-sha1:edc4490121e366e9e7bd2213d532dbe7e028fc5d) at Tue Sep 30 09:32:07 UTC 2025

It is possible to restrict the fields that are returned in this document by specifying the 'field' parameter in your request.
For example, to request only the issue key and summary append 'field=key&field=summary' to the URL of your request.
-->
<rss version="0.92" >
<channel>
    <title>Java Bug System</title>
    <link>https://bugs.openjdk.org</link>
    <description>This file is an XML representation of an issue</description>
    <language>en-us</language>    <build-info>
        <version>9.12.27</version>
        <build-number>9120027</build-number>
        <build-date>02-09-2025</build-date>
    </build-info>


<item>
            <title>[JDK-8310922] java/lang/Class/forName/ForNameNames.java fails after being added by JDK-8310242</title>
                <link>https://bugs.openjdk.org/browse/JDK-8310922</link>
                <project id="10100" key="JDK">JDK</project>
                    <description>The following test fails in the JDK22 CI:&lt;br/&gt;
&lt;br/&gt;
java/lang/Class/forName/ForNameNames.java&lt;br/&gt;
&lt;br/&gt;
Here&amp;#39;s a snippet from the log file:&lt;br/&gt;
&lt;br/&gt;
----------System.err:(171/15597)----------&lt;br/&gt;
STARTED    ForNameNames::testForName &amp;#39;[1] java.lang.String, class java.lang.String&amp;#39;&lt;br/&gt;
SUCCESSFUL ForNameNames::testForName &amp;#39;[1] java.lang.String, class java.lang.String&amp;#39;&lt;br/&gt;
STARTED    ForNameNames::testForName &amp;#39;[2] [Ljava.lang.String;, class [Ljava.lang.String;&amp;#39;&lt;br/&gt;
SUCCESSFUL ForNameNames::testForName &amp;#39;[2] [Ljava.lang.String;, class [Ljava.lang.String;&amp;#39;&lt;br/&gt;
STARTED    ForNameNames::testForName &amp;#39;[3] ForNameNames$Inner, class ForNameNames$Inner&amp;#39;&lt;br/&gt;
SUCCESSFUL ForNameNames::testForName &amp;#39;[3] ForNameNames$Inner, class ForNameNames$Inner&amp;#39;&lt;br/&gt;
STARTED    ForNameNames::testForName &amp;#39;[4] [LForNameNames$Inner;, class ForNameNames$Inner&amp;#39;&lt;br/&gt;
org.opentest4j.AssertionFailedError: expected: &amp;lt;ForNameNames.Inner&amp;gt; but was: &amp;lt;ForNameNames.Inner[]&amp;gt;&lt;br/&gt;
	at org.junit.jupiter.api.AssertionFailureBuilder.build(AssertionFailureBuilder.java:151)&lt;br/&gt;
	at org.junit.jupiter.api.AssertionFailureBuilder.buildAndThrow(AssertionFailureBuilder.java:132)&lt;br/&gt;
	at org.junit.jupiter.api.AssertEquals.failNotEqual(AssertEquals.java:197)&lt;br/&gt;
	at org.junit.jupiter.api.AssertEquals.assertEquals(AssertEquals.java:182)&lt;br/&gt;
	at org.junit.jupiter.api.AssertEquals.assertEquals(AssertEquals.java:177)&lt;br/&gt;
	at org.junit.jupiter.api.Assertions.assertEquals(Assertions.java:1142)&lt;br/&gt;
	at ForNameNames.testForName(ForNameNames.java:60)&lt;br/&gt;
	at java.base/jdk.internal.reflect.DirectMethodHandleAccessor.invoke(DirectMethodHandleAccessor.java:103)&lt;br/&gt;
	at java.base/java.lang.reflect.Method.invoke(Method.java:580)&lt;br/&gt;
	at org.junit.platform.commons.util.ReflectionUtils.invokeMethod(ReflectionUtils.java:727)&lt;br/&gt;
	at org.junit.jupiter.engine.execution.MethodInvocation.proceed(MethodInvocation.java:60)&lt;br/&gt;
	at org.junit.jupiter.engine.execution.InvocationInterceptorChain$ValidatingInvocation.proceed(InvocationInterceptorChain.java:131)&lt;br/&gt;
	at org.junit.jupiter.engine.extension.TimeoutExtension.intercept(TimeoutExtension.java:156)&lt;br/&gt;
	at org.junit.jupiter.engine.extension.TimeoutExtension.interceptTestableMethod(TimeoutExtension.java:147)&lt;br/&gt;
	at org.junit.jupiter.engine.extension.TimeoutExtension.interceptTestTemplateMethod(TimeoutExtension.java:94)&lt;br/&gt;
	at org.junit.jupiter.engine.execution.InterceptingExecutableInvoker$ReflectiveInterceptorCall.lambda$ofVoidMethod$0(InterceptingExecutableInvoker.java:103)&lt;br/&gt;
	at org.junit.jupiter.engine.execution.InterceptingExecutableInvoker.lambda$invoke$0(InterceptingExecutableInvoker.java:93)&lt;br/&gt;
	at org.junit.jupiter.engine.execution.InvocationInterceptorChain$InterceptedInvocation.proceed(InvocationInterceptorChain.java:106)&lt;br/&gt;
	at org.junit.jupiter.engine.execution.InvocationInterceptorChain.proceed(InvocationInterceptorChain.java:64)&lt;br/&gt;
	at org.junit.jupiter.engine.execution.InvocationInterceptorChain.chainAndInvoke(InvocationInterceptorChain.java:45)&lt;br/&gt;
	at org.junit.jupiter.engine.execution.InvocationInterceptorChain.invoke(InvocationInterceptorChain.java:37)&lt;br/&gt;
	at org.junit.jupiter.engine.execution.InterceptingExecutableInvoker.invoke(InterceptingExecutableInvoker.java:92)&lt;br/&gt;
	at org.junit.jupiter.engine.execution.InterceptingExecutableInvoker.invoke(InterceptingExecutableInvoker.java:86)&lt;br/&gt;
	at org.junit.jupiter.engine.descriptor.TestMethodTestDescriptor.lambda$invokeTestMethod$7(TestMethodTestDescriptor.java:217)&lt;br/&gt;
	at org.junit.platform.engine.support.hierarchical.ThrowableCollector.execute(ThrowableCollector.java:73)&lt;br/&gt;
	at org.junit.jupiter.engine.descriptor.TestMethodTestDescriptor.invokeTestMethod(TestMethodTestDescriptor.java:213)&lt;br/&gt;
	at org.junit.jupiter.engine.descriptor.TestMethodTestDescriptor.execute(TestMethodTestDescriptor.java:138)&lt;br/&gt;
	at org.junit.jupiter.engine.descriptor.TestMethodTestDescriptor.execute(TestMethodTestDescriptor.java:68)&lt;br/&gt;
	at org.junit.platform.engine.support.hierarchical.NodeTestTask.lambda$executeRecursively$6(NodeTestTask.java:151)&lt;br/&gt;
	at org.junit.platform.engine.support.hierarchical.ThrowableCollector.execute(ThrowableCollector.java:73)&lt;br/&gt;
	at org.junit.platform.engine.support.hierarchical.NodeTestTask.lambda$executeRecursively$8(NodeTestTask.java:141)&lt;br/&gt;
	at org.junit.platform.engine.support.hierarchical.Node.around(Node.java:137)&lt;br/&gt;
	at org.junit.platform.engine.support.hierarchical.NodeTestTask.lambda$executeRecursively$9(NodeTestTask.java:139)&lt;br/&gt;
	at org.junit.platform.engine.support.hierarchical.ThrowableCollector.execute(ThrowableCollector.java:73)&lt;br/&gt;
	at org.junit.platform.engine.support.hierarchical.NodeTestTask.executeRecursively(NodeTestTask.java:138)&lt;br/&gt;
	at org.junit.platform.engine.support.hierarchical.NodeTestTask.execute(NodeTestTask.java:95)&lt;br/&gt;
	at org.junit.platform.engine.support.hierarchical.SameThreadHierarchicalTestExecutorService.submit(SameThreadHierarchicalTestExecutorService.java:35)&lt;br/&gt;
	at org.junit.platform.engine.support.hierarchical.NodeTestTask$DefaultDynamicTestExecutor.execute(NodeTestTask.java:226)&lt;br/&gt;
	at org.junit.platform.engine.support.hierarchical.NodeTestTask$DefaultDynamicTestExecutor.execute(NodeTestTask.java:204)&lt;br/&gt;
	at org.junit.jupiter.engine.descriptor.TestTemplateTestDescriptor.execute(TestTemplateTestDescriptor.java:142)&lt;br/&gt;
	at org.junit.jupiter.engine.descriptor.TestTemplateTestDescriptor.lambda$execute$2(TestTemplateTestDescriptor.java:110)&lt;br/&gt;
	at java.base/java.util.stream.ForEachOps$ForEachOp$OfRef.accept(ForEachOps.java:184)&lt;br/&gt;
	at java.base/java.util.stream.ReferencePipeline$3$1.accept(ReferencePipeline.java:197)&lt;br/&gt;
	at java.base/java.util.stream.ReferencePipeline$2$1.accept(ReferencePipeline.java:179)&lt;br/&gt;
	at java.base/java.util.stream.ReferencePipeline$3$1.accept(ReferencePipeline.java:197)&lt;br/&gt;
	at java.base/java.util.stream.ForEachOps$ForEachOp$OfRef.accept(ForEachOps.java:184)&lt;br/&gt;
	at java.base/java.util.stream.ReferencePipeline$3$1.accept(ReferencePipeline.java:197)&lt;br/&gt;
	at java.base/java.util.stream.ReferencePipeline$3$1.accept(ReferencePipeline.java:197)&lt;br/&gt;
	at java.base/java.util.stream.ReferencePipeline$3$1.accept(ReferencePipeline.java:197)&lt;br/&gt;
	at java.base/java.util.stream.ForEachOps$ForEachOp$OfRef.accept(ForEachOps.java:184)&lt;br/&gt;
	at java.base/java.util.stream.ReferencePipeline$3$1.accept(ReferencePipeline.java:197)&lt;br/&gt;
	at java.base/java.util.Spliterators$ArraySpliterator.forEachRemaining(Spliterators.java:1009)&lt;br/&gt;
	at java.base/java.util.stream.ReferencePipeline$Head.forEach(ReferencePipeline.java:762)&lt;br/&gt;
	at java.base/java.util.stream.ReferencePipeline$7$1.accept(ReferencePipeline.java:276)&lt;br/&gt;
	at java.base/java.util.stream.ReferencePipeline$3$1.accept(ReferencePipeline.java:197)&lt;br/&gt;
	at java.base/java.util.stream.ReferencePipeline$3$1.accept(ReferencePipeline.java:197)&lt;br/&gt;
	at java.base/java.util.Spliterators$ArraySpliterator.forEachRemaining(Spliterators.java:1009)&lt;br/&gt;
	at java.base/java.util.stream.AbstractPipeline.copyInto(AbstractPipeline.java:509)&lt;br/&gt;
	at java.base/java.util.stream.AbstractPipeline.wrapAndCopyInto(AbstractPipeline.java:499)&lt;br/&gt;
	at java.base/java.util.stream.ForEachOps$ForEachOp.evaluateSequential(ForEachOps.java:151)&lt;br/&gt;
	at java.base/java.util.stream.ForEachOps$ForEachOp$OfRef.evaluateSequential(ForEachOps.java:174)&lt;br/&gt;
	at java.base/java.util.stream.AbstractPipeline.evaluate(AbstractPipeline.java:234)&lt;br/&gt;
	at java.base/java.util.stream.ReferencePipeline.forEach(ReferencePipeline.java:596)&lt;br/&gt;
	at java.base/java.util.stream.ReferencePipeline$7$1.accept(ReferencePipeline.java:276)&lt;br/&gt;
	at java.base/java.util.stream.ReferencePipeline$3$1.accept(ReferencePipeline.java:197)&lt;br/&gt;
	at java.base/java.util.stream.ReferencePipeline$3$1.accept(ReferencePipeline.java:197)&lt;br/&gt;
	at java.base/java.util.stream.ReferencePipeline$3$1.accept(ReferencePipeline.java:197)&lt;br/&gt;
	at java.base/java.util.ArrayList$ArrayListSpliterator.forEachRemaining(ArrayList.java:1707)&lt;br/&gt;
	at java.base/java.util.stream.AbstractPipeline.copyInto(AbstractPipeline.java:509)&lt;br/&gt;
	at java.base/java.util.stream.AbstractPipeline.wrapAndCopyInto(AbstractPipeline.java:499)&lt;br/&gt;
	at java.base/java.util.stream.ForEachOps$ForEachOp.evaluateSequential(ForEachOps.java:151)&lt;br/&gt;
	at java.base/java.util.stream.ForEachOps$ForEachOp$OfRef.evaluateSequential(ForEachOps.java:174)&lt;br/&gt;
	at java.base/java.util.stream.AbstractPipeline.evaluate(AbstractPipeline.java:234)&lt;br/&gt;
	at java.base/java.util.stream.ReferencePipeline.forEach(ReferencePipeline.java:596)&lt;br/&gt;
	at java.base/java.util.stream.ReferencePipeline$7$1.accept(ReferencePipeline.java:276)&lt;br/&gt;
	at java.base/java.util.ArrayList$ArrayListSpliterator.forEachRemaining(ArrayList.java:1707)&lt;br/&gt;
	at java.base/java.util.stream.AbstractPipeline.copyInto(AbstractPipeline.java:509)&lt;br/&gt;
	at java.base/java.util.stream.AbstractPipeline.wrapAndCopyInto(AbstractPipeline.java:499)&lt;br/&gt;
	at java.base/java.util.stream.ForEachOps$ForEachOp.evaluateSequential(ForEachOps.java:151)&lt;br/&gt;
	at java.base/java.util.stream.ForEachOps$ForEachOp$OfRef.evaluateSequential(ForEachOps.java:174)&lt;br/&gt;
	at java.base/java.util.stream.AbstractPipeline.evaluate(AbstractPipeline.java:234)&lt;br/&gt;
	at java.base/java.util.stream.ReferencePipeline.forEach(ReferencePipeline.java:596)&lt;br/&gt;
	at org.junit.jupiter.engine.descriptor.TestTemplateTestDescriptor.execute(TestTemplateTestDescriptor.java:110)&lt;br/&gt;
	at org.junit.jupiter.engine.descriptor.TestTemplateTestDescriptor.execute(TestTemplateTestDescriptor.java:44)&lt;br/&gt;
	at org.junit.platform.engine.support.hierarchical.NodeTestTask.lambda$executeRecursively$6(NodeTestTask.java:151)&lt;br/&gt;
	at org.junit.platform.engine.support.hierarchical.ThrowableCollector.execute(ThrowableCollector.java:73)&lt;br/&gt;
	at org.junit.platform.engine.support.hierarchical.NodeTestTask.lambda$executeRecursively$8(NodeTestTask.java:141)&lt;br/&gt;
	at org.junit.platform.engine.support.hierarchical.Node.around(Node.java:137)&lt;br/&gt;
	at org.junit.platform.engine.support.hierarchical.NodeTestTask.lambda$executeRecursively$9(NodeTestTask.java:139)&lt;br/&gt;
	at org.junit.platform.engine.support.hierarchical.ThrowableCollector.execute(ThrowableCollector.java:73)&lt;br/&gt;
	at org.junit.platform.engine.support.hierarchical.NodeTestTask.executeRecursively(NodeTestTask.java:138)&lt;br/&gt;
	at org.junit.platform.engine.support.hierarchical.NodeTestTask.execute(NodeTestTask.java:95)&lt;br/&gt;
	at java.base/java.util.ArrayList.forEach(ArrayList.java:1593)&lt;br/&gt;
	at org.junit.platform.engine.support.hierarchical.SameThreadHierarchicalTestExecutorService.invokeAll(SameThreadHierarchicalTestExecutorService.java:41)&lt;br/&gt;
	at org.junit.platform.engine.support.hierarchical.NodeTestTask.lambda$executeRecursively$6(NodeTestTask.java:155)&lt;br/&gt;
	at org.junit.platform.engine.support.hierarchical.ThrowableCollector.execute(ThrowableCollector.java:73)&lt;br/&gt;
	at org.junit.platform.engine.support.hierarchical.NodeTestTask.lambda$executeRecursively$8(NodeTestTask.java:141)&lt;br/&gt;
	at org.junit.platform.engine.support.hierarchical.Node.around(Node.java:137)&lt;br/&gt;
	at org.junit.platform.engine.support.hierarchical.NodeTestTask.lambda$executeRecursively$9(NodeTestTask.java:139)&lt;br/&gt;
	at org.junit.platform.engine.support.hierarchical.ThrowableCollector.execute(ThrowableCollector.java:73)&lt;br/&gt;
	at org.junit.platform.engine.support.hierarchical.NodeTestTask.executeRecursively(NodeTestTask.java:138)&lt;br/&gt;
	at org.junit.platform.engine.support.hierarchical.NodeTestTask.execute(NodeTestTask.java:95)&lt;br/&gt;
	at java.base/java.util.ArrayList.forEach(ArrayList.java:1593)&lt;br/&gt;
	at org.junit.platform.engine.support.hierarchical.SameThreadHierarchicalTestExecutorService.invokeAll(SameThreadHierarchicalTestExecutorService.java:41)&lt;br/&gt;
	at org.junit.platform.engine.support.hierarchical.NodeTestTask.lambda$executeRecursively$6(NodeTestTask.java:155)&lt;br/&gt;
	at org.junit.platform.engine.support.hierarchical.ThrowableCollector.execute(ThrowableCollector.java:73)&lt;br/&gt;
	at org.junit.platform.engine.support.hierarchical.NodeTestTask.lambda$executeRecursively$8(NodeTestTask.java:141)&lt;br/&gt;
	at org.junit.platform.engine.support.hierarchical.Node.around(Node.java:137)&lt;br/&gt;
	at org.junit.platform.engine.support.hierarchical.NodeTestTask.lambda$executeRecursively$9(NodeTestTask.java:139)&lt;br/&gt;
	at org.junit.platform.engine.support.hierarchical.ThrowableCollector.execute(ThrowableCollector.java:73)&lt;br/&gt;
	at org.junit.platform.engine.support.hierarchical.NodeTestTask.executeRecursively(NodeTestTask.java:138)&lt;br/&gt;
	at org.junit.platform.engine.support.hierarchical.NodeTestTask.execute(NodeTestTask.java:95)&lt;br/&gt;
	at org.junit.platform.engine.support.hierarchical.SameThreadHierarchicalTestExecutorService.submit(SameThreadHierarchicalTestExecutorService.java:35)&lt;br/&gt;
	at org.junit.platform.engine.support.hierarchical.HierarchicalTestExecutor.execute(HierarchicalTestExecutor.java:57)&lt;br/&gt;
	at org.junit.platform.engine.support.hierarchical.HierarchicalTestEngine.execute(HierarchicalTestEngine.java:54)&lt;br/&gt;
	at org.junit.platform.launcher.core.EngineExecutionOrchestrator.execute(EngineExecutionOrchestrator.java:147)&lt;br/&gt;
	at org.junit.platform.launcher.core.EngineExecutionOrchestrator.execute(EngineExecutionOrchestrator.java:127)&lt;br/&gt;
	at org.junit.platform.launcher.core.EngineExecutionOrchestrator.execute(EngineExecutionOrchestrator.java:90)&lt;br/&gt;
	at org.junit.platform.launcher.core.EngineExecutionOrchestrator.lambda$execute$0(EngineExecutionOrchestrator.java:55)&lt;br/&gt;
	at org.junit.platform.launcher.core.EngineExecutionOrchestrator.withInterceptedStreams(EngineExecutionOrchestrator.java:102)&lt;br/&gt;
	at org.junit.platform.launcher.core.EngineExecutionOrchestrator.execute(EngineExecutionOrchestrator.java:54)&lt;br/&gt;
	at org.junit.platform.launcher.core.DefaultLauncher.execute(DefaultLauncher.java:114)&lt;br/&gt;
	at org.junit.platform.launcher.core.DefaultLauncher.execute(DefaultLauncher.java:86)&lt;br/&gt;
	at org.junit.platform.launcher.core.DefaultLauncherSession$DelegatingLauncher.execute(DefaultLauncherSession.java:86)&lt;br/&gt;
	at com.sun.javatest.regtest.agent.JUnitRunner.runWithJUnitPlatform(JUnitRunner.java:142)&lt;br/&gt;
	at com.sun.javatest.regtest.agent.JUnitRunner.main(JUnitRunner.java:95)&lt;br/&gt;
	at java.base/jdk.internal.reflect.DirectMethodHandleAccessor.invoke(DirectMethodHandleAccessor.java:103)&lt;br/&gt;
	at java.base/java.lang.reflect.Method.invoke(Method.java:580)&lt;br/&gt;
	at com.sun.javatest.regtest.agent.MainActionHelper$AgentVMRunnable.run(MainActionHelper.java:333)&lt;br/&gt;
	at java.base/java.lang.Thread.run(Thread.java:1570)&lt;br/&gt;
FAILED     ForNameNames::testForName &amp;#39;[4] [LForNameNames$Inner;, class ForNameNames$Inner&amp;#39;&lt;br/&gt;
STARTED    ForNameNames::testForName &amp;#39;[5] [[I, class [[I&amp;#39;&lt;br/&gt;
SUCCESSFUL ForNameNames::testForName &amp;#39;[5] [[I, class [[I&amp;#39;&lt;br/&gt;
STARTED    ForNameNames::testInvalidNames &amp;#39;[1] I&amp;#39;&lt;br/&gt;
SUCCESSFUL ForNameNames::testInvalidNames &amp;#39;[1] I&amp;#39;&lt;br/&gt;
STARTED    ForNameNames::testInvalidNames &amp;#39;[2] int[]&amp;#39;&lt;br/&gt;
SUCCESSFUL ForNameNames::testInvalidNames &amp;#39;[2] int[]&amp;#39;&lt;br/&gt;
STARTED    ForNameNames::testInvalidNames &amp;#39;[3] ForNameNames.Inner&amp;#39;&lt;br/&gt;
SUCCESSFUL ForNameNames::testInvalidNames &amp;#39;[3] ForNameNames.Inner&amp;#39;&lt;br/&gt;
STARTED    ForNameNames::testInvalidNames &amp;#39;[4] [java.lang.String&amp;#39;&lt;br/&gt;
SUCCESSFUL ForNameNames::testInvalidNames &amp;#39;[4] [java.lang.String&amp;#39;&lt;br/&gt;
STARTED    ForNameNames::testInvalidNames &amp;#39;[5] [Ljava.lang.String&amp;#39;&lt;br/&gt;
SUCCESSFUL ForNameNames::testInvalidNames &amp;#39;[5] [Ljava.lang.String&amp;#39;&lt;br/&gt;
STARTED    ForNameNames::testInvalidNames &amp;#39;[6] [Ljava/lang/String;&amp;#39;&lt;br/&gt;
SUCCESSFUL ForNameNames::testInvalidNames &amp;#39;[6] [Ljava/lang/String;&amp;#39;&lt;br/&gt;
STARTED    ForNameNames::testModule &amp;#39;testModule()&amp;#39;&lt;br/&gt;
SUCCESSFUL ForNameNames::testModule &amp;#39;testModule()&amp;#39;&lt;br/&gt;
JavaTest Message: JUnit Platform Failure(s): 1&lt;br/&gt;
&lt;br/&gt;
[ JUnit Containers: found 6, started 6, succeeded 6, failed 0, aborted 0, skipped 0]&lt;br/&gt;
[ JUnit Tests: found 12, started 12, succeeded 11, failed 1, aborted 0, skipped 0]&lt;br/&gt;
&lt;br/&gt;
java.lang.Exception: JUnit test failure&lt;br/&gt;
	at com.sun.javatest.regtest.agent.JUnitRunner.runWithJUnitPlatform(JUnitRunner.java:149)&lt;br/&gt;
	at com.sun.javatest.regtest.agent.JUnitRunner.main(JUnitRunner.java:95)&lt;br/&gt;
	at java.base/jdk.internal.reflect.DirectMethodHandleAccessor.invoke(DirectMethodHandleAccessor.java:103)&lt;br/&gt;
	at java.base/java.lang.reflect.Method.invoke(Method.java:580)&lt;br/&gt;
	at com.sun.javatest.regtest.agent.MainActionHelper$AgentVMRunnable.run(MainActionHelper.java:333)&lt;br/&gt;
	at java.base/java.lang.Thread.run(Thread.java:1570)&lt;br/&gt;
&lt;br/&gt;
JavaTest Message: Test threw exception: java.lang.Exception&lt;br/&gt;
JavaTest Message: shutting down test&lt;br/&gt;
&lt;br/&gt;
result: Failed. Execution failed: `main&amp;#39; threw exception: java.lang.Exception: JUnit test failure</description>
                <environment></environment>
        <key id="5104184">JDK-8310922</key>
            <summary>java/lang/Class/forName/ForNameNames.java fails after being added by JDK-8310242</summary>
                <type id="1" iconUrl="https://bugs.openjdk.org/secure/viewavatar?size=xsmall&amp;avatarId=14703&amp;avatarType=issuetype">Bug</type>
                                            <priority id="2" iconUrl="https://bugs.openjdk.org/images/jbsImages/p2.png">P2</priority>
                        <status id="6" iconUrl="https://bugs.openjdk.org/images/icons/statuses/closed.png" description="The issue is considered finished, the resolution is correct. Issues which are closed can be reopened.">Closed</status>
                    <statusCategory id="3" key="done" colorName="success"/>
                                    <resolution id="1">Fixed</resolution>
                                        <assignee username="mchung">Mandy Chung</assignee>
                                    <reporter username="dcubed">Daniel Daugherty</reporter>
                        <labels>
                            <label>hgupdate-sync</label>
                            <label>noreg-self</label>
                            <label>testonly</label>
                            <label>tier1</label>
                            <label>ursqe-triaged</label>
                    </labels>
                <created>Mon, 26 Jun 2023 13:48:53 -0700</created>
                <updated>Wed, 29 May 2024 01:50:06 -0700</updated>
                            <resolved>Mon, 26 Jun 2023 14:26:54 -0700</resolved>
                                    <version>22</version>
                                    <fixVersion>22</fixVersion>
                                    <component>core-libs</component>
                        <due></due>
                            <votes>0</votes>
                                    <watches>4</watches>
                                                                                                                <comments>
                            <comment id="14592141" author="roboduke" created="Mon, 26 Jun 2023 16:01:36 -0700"  >A pull request was submitted for review.&lt;br/&gt;
URL: &lt;a href=&quot;https://git.openjdk.org/jdk21/pull/65&quot;&gt;https://git.openjdk.org/jdk21/pull/65&lt;/a&gt;&lt;br/&gt;
Date: 2023-06-26 20:25:40 +0000</comment>
                            <comment id="14592119" author="roboduke" created="Mon, 26 Jun 2023 14:28:01 -0700"  >A pull request was submitted for review.&lt;br/&gt;
URL: &lt;a href=&quot;https://git.openjdk.org/jdk/pull/14667&quot;&gt;https://git.openjdk.org/jdk/pull/14667&lt;/a&gt;&lt;br/&gt;
Date: 2023-06-26 21:21:41 +0000</comment>
                            <comment id="14592118" author="dukebot" created="Mon, 26 Jun 2023 14:26:53 -0700"  >Changeset: 7c6a28fd&lt;br/&gt;
Author:    Mandy Chung &amp;lt;&lt;a href=&apos;mailto:mchung@openjdk.org&apos;&gt;mchung@openjdk.org&lt;/a&gt;&amp;gt;&lt;br/&gt;
Date:      2023-06-26 21:25:09 +0000&lt;br/&gt;
URL:       &lt;a href=&quot;https://git.openjdk.org/jdk/commit/7c6a28fd0c49e33fe8ffc87c2bbfa5bf7d1551a3&quot;&gt;https://git.openjdk.org/jdk/commit/7c6a28fd0c49e33fe8ffc87c2bbfa5bf7d1551a3&lt;/a&gt;&lt;br/&gt;
</comment>
                            <comment id="14592114" author="dholmes" created="Mon, 26 Jun 2023 14:13:38 -0700"  >Line 46&lt;br/&gt;
&lt;br/&gt;
&amp;gt;  Arguments.of(&amp;quot;[LForNameNames$Inner;&amp;quot;, Inner.class),&lt;br/&gt;
&lt;br/&gt;
should be:&lt;br/&gt;
&lt;br/&gt;
&amp;gt; Arguments.of(&amp;quot;[LForNameNames$Inner;&amp;quot;, Inner[].class),</comment>
                            <comment id="14592111" author="dcubed" created="Mon, 26 Jun 2023 13:50:01 -0700"  >[~mchung] - The new test added by:&lt;br/&gt;
&lt;br/&gt;
&lt;a href=&quot;https://bugs.openjdk.org/browse/JDK-8310242&quot; title=&quot;Clarify the name parameter to Class::forName&quot; class=&quot;issue-link&quot; data-issue-key=&quot;JDK-8310242&quot;&gt;&lt;strike&gt;JDK-8310242&lt;/strike&gt;&lt;/a&gt; Clarify the name parameter to Class::forName&lt;br/&gt;
&lt;br/&gt;
is failing.</comment>
                    </comments>
                <issuelinks>
                            <issuelinktype id="10200">
                    <name>Backport</name>
                                            <outwardlinks description="backported by">
                                        <issuelink>
            <issuekey id="5104197">JDK-8310928</issuekey>
        </issuelink>
            <issuelink>
            <issuekey id="5104674">JDK-8311347</issuekey>
        </issuelink>
                            </outwardlinks>
                                                        </issuelinktype>
                            <issuelinktype id="10003">
                    <name>Relates</name>
                                                                <inwardlinks description="relates to">
                                        <issuelink>
            <issuekey id="5103434">JDK-8310242</issuekey>
        </issuelink>
                            </inwardlinks>
                                    </issuelinktype>
                    </issuelinks>
                <attachments>
                    </attachments>
                <subtasks>
                    </subtasks>
                <customfields>
                                                <customfield id="customfield_10000" key="com.atlassian.jira.plugin.system.customfieldtypes:multiselect">
                        <customfieldname>CPU</customfieldname>
                        <customfieldvalues>
                                <customfieldvalue key="17008"><![CDATA[generic]]></customfieldvalue>
    
                        </customfieldvalues>
                    </customfield>
                                                                <customfield id="customfield_11700" key="com.atlassian.jira.plugins.jira-development-integration-plugin:devsummary">
                        <customfieldname>Development</customfieldname>
                        <customfieldvalues>
                            
                        </customfieldvalues>
                    </customfield>
                                                                                                                        <customfield id="customfield_10600" key="com.oracle.jira.javabugsystem-jira-plugin:jbs-fixedBackportedCustomfield">
                        <customfieldname>Fixed</customfieldname>
                        <customfieldvalues>
                            
                        </customfieldvalues>
                    </customfield>
                                                                                                                                                                                                            <customfield id="customfield_10005" key="com.atlassian.jira.plugin.system.customfieldtypes:multiselect">
                        <customfieldname>OS</customfieldname>
                        <customfieldvalues>
                                <customfieldvalue key="17010"><![CDATA[generic]]></customfieldvalue>
    
                        </customfieldvalues>
                    </customfield>
                                                                                                                                                                                                            <customfield id="customfield_11100" key="com.pyxis.greenhopper.jira:gh-lexo-rank">
                        <customfieldname>Rank</customfieldname>
                        <customfieldvalues>
                            <customfieldvalue>0|i322qz:</customfieldvalue>

                        </customfieldvalues>
                    </customfield>
                                                                <customfield id="customfield_11004" key="com.pyxis.greenhopper.jira:gh-global-rank">
                        <customfieldname>Rank (Obsolete)</customfieldname>
                        <customfieldvalues>
                            <customfieldvalue>9223372036854775807</customfieldvalue>
                        </customfieldvalues>
                    </customfield>
                                                                                            <customfield id="customfield_10006" key="com.atlassian.jira.plugin.system.customfieldtypes:select">
                        <customfieldname>Resolved In Build</customfieldname>
                        <customfieldvalues>
                                <customfieldvalue key="17314"><![CDATA[b04]]></customfieldvalue>

                        </customfieldvalues>
                    </customfield>
                                                                                            <customfield id="customfield_10008" key="com.oracle.jira.jira-subcomponent-plugin:oracle-subComponentField">
                        <customfieldname>Subcomponent</customfieldname>
                        <customfieldvalues>
                             <customfieldvalue key="190"><![CDATA[java.lang]]></customfieldvalue> 
                        </customfieldvalues>
                    </customfield>
                                                                                                                        <customfield id="customfield_10601" key="com.oracle.jira.javabugsystem-jira-plugin:jbs-targetBackportedCustomfield">
                        <customfieldname>Targeted</customfieldname>
                        <customfieldvalues>
                            
                        </customfieldvalues>
                    </customfield>
                                                                                                                        <customfield id="customfield_10100" key="com.atlassian.jira.plugin.system.customfieldtypes:radiobuttons">
                        <customfieldname>Verification</customfieldname>
                        <customfieldvalues>
                                <customfieldvalue key="17000"><![CDATA[Verified]]></customfieldvalue>

                        </customfieldvalues>
                    </customfield>
                                                                </customfields>
    </item>
</channel>
</rss>