P2_Backport_hotspot_JDK-8354528_Integer.numberOfLeadingZeros outputs incorrectly in certain cases_(no description)
P2_Backport_hotspot_JDK-8356675_Kitchensink.java and RenaissanceStressTest.java time out with jvmti module errors_(no description)
P2_Backport_hotspot_JDK-8357820_[AArch64] Incorrect result of VectorizedHashCode intrinsic on Cortex-A53_(no description)
P2_Backport_security-libs_JDK-8359349_Add 2 TLS and 2 CS Sectigo roots_(no description)
P2_Bug_tools_JDK-8354893_[REDO BACKPORT] javac crashes while adding type annotations to the return type of a constructor (JDK-8320001)_It's observed that some of the JCK tests related to Annotation processing are failing in JDK 22-b23 with "java.lang.AssertionError: Cannot add metadata to this type: VOID" Possibly a regression caused by - https://bugs.openjdk.org/browse/JDK-8225377 The tests are passing with JDK22-b22. Attaching the sample AnnotationProcessor with sample target class file (Tester) Here is the observation : ==== With b-22 ( Tester class successfully parsed by Annotation Processor) ==== /scratch/jdk-cache/22/22/jdk-22/bin/javac -processor AnnoProc Tester init... process... annotations [] With b-23 ( java.lang.AssertionError: Cannot add metadata to this type: VOID ) ==== /scratch/jdk-cache/22/23/jdk-22/bin/javac -processor AnnoProc Tester An exception has occurred in the compiler (22-ea). Please file a bug against the Java compiler via the Java bug reporting page ( https://bugreport.java.com ) after checking the Bug Database ( https://bugs.java.com ) for duplicates. Include your program, the following diagnostic, and the parameters passed to the Java compiler in your report. Thank you. java.lang.AssertionError: Cannot add metadata to this type: VOID at jdk.compiler/com.sun.tools.javac.code.Type.cloneWithMetadata(Type.java:351) at jdk.compiler/com.sun.tools.javac.code.Type.addMetadata(Type.java:390) at jdk.compiler/com.sun.tools.javac.code.Type.annotatedType(Type.java:456) at jdk.compiler/com.sun.tools.javac.jvm.ClassReader$TypeAnnotationTypeMapping.reannotate(ClassReader.java:2548) at jdk.compiler/com.sun.tools.javac.jvm.ClassReader$TypeAnnotationTypeMapping.visitType(ClassReader.java:2568) at jdk.compiler/com.sun.tools.javac.jvm.ClassReader$TypeAnnotationTypeMapping.visitType(ClassReader.java:2523) at jdk.compiler/com.sun.tools.javac.code.Type.accept(Type.java:223) at jdk.compiler/com.sun.tools.javac.code.Types$DefaultTypeVisitor.visit(Types.java:4894) at jdk.compiler/com.sun.tools.javac.jvm.ClassReader$TypeAnnotationSymbolVisitor.addTypeAnnotations(ClassReader.java:2426) at jdk.compiler/com.sun.tools.javac.jvm.ClassReader$TypeAnnotationSymbolVisitor.addTypeAnnotations(ClassReader.java:2394) at jdk.compiler/com.sun.tools.javac.jvm.ClassReader$TypeAnnotationSymbolVisitor.visitMethodSymbol(ClassReader.java:2335) at jdk.compiler/com.sun.tools.javac.jvm.ClassReader$TypeAnnotationSymbolVisitor.visitMethodSymbol(ClassReader.java:2286) at jdk.compiler/com.sun.tools.javac.code.Symbol$MethodSymbol.accept(Symbol.java:2271) at jdk.compiler/com.sun.tools.javac.code.Types$DefaultSymbolVisitor.visit(Types.java:4921) at jdk.compiler/com.sun.tools.javac.jvm.ClassReader.addTypeAnnotationsToSymbol(ClassReader.java:2283) at jdk.compiler/com.sun.tools.javac.jvm.ClassReader$TypeAnnotationCompleter.run(ClassReader.java:2266) at jdk.compiler/com.sun.tools.javac.comp.Annotate.flush(Annotate.java:191) at jdk.compiler/com.sun.tools.javac.code.ClassFinder.complete(ClassFinder.java:322) at jdk.compiler/com.sun.tools.javac.code.Symbol.complete(Symbol.java:682) at jdk.compiler/com.sun.tools.javac.code.Symbol$ClassSymbol.complete(Symbol.java:1418) at jdk.compiler/com.sun.tools.javac.code.ClassFinder.loadClass(ClassFinder.java:446) at jdk.compiler/com.sun.tools.javac.main.JavaCompiler.resolveBinaryNameOrIdent(JavaCompiler.java:730) at jdk.compiler/com.sun.tools.javac.main.JavaCompiler.resolveBinaryNameOrIdent(JavaCompiler.java:719) at jdk.compiler/com.sun.tools.javac.main.JavaCompiler.processAnnotations(JavaCompiler.java:1239) at jdk.compiler/com.sun.tools.javac.main.JavaCompiler.compile(JavaCompiler.java:946) at jdk.compiler/com.sun.tools.javac.main.Main.compile(Main.java:319) at jdk.compiler/com.sun.tools.javac.main.Main.compile(Main.java:178) at jdk.compiler/com.sun.tools.javac.Main.compile(Main.java:66) at jdk.compiler/com.sun.tools.javac.Main.main(Main.java:52)
P2_Bug_tools_JDK-8360406_[21u] Disable logic for attaching type annotations to class files until 8359336 is fixed_(no description)
P3_Backport_client-libs_JDK-8351528_Update PipeWire to 1.3.81_(no description)
P3_Backport_client-libs_JDK-8351532_[Accessibility,macOS,VoiceOver] VoiceOver doesn't announce untick on toggling the checkbox with "space" key on macOS_(no description)
P3_Backport_client-libs_JDK-8351533_[Accessibility,macOS,Screen Magnifier]: JCheckbox unchecked state does not magnify but works for checked state_(no description)
P3_Backport_client-libs_JDK-8351538_Update FreeType to 2.13.3_(no description)
P3_Backport_client-libs_JDK-8351879_print/Dialog/PaperSizeError.java fails with MediaSizeName is not A4: A4_(no description)
P3_Backport_client-libs_JDK-8352543_[XWayland] No displayChanged event after setDisplayMode call_(no description)
P3_Backport_client-libs_JDK-8352544_Update LCMS to 2.17_(no description)
P3_Backport_client-libs_JDK-8353140_Desktop.browse method fails if earlier CoInitialize call as COINIT_MULTITHREADED_(no description)
P3_Backport_client-libs_JDK-8353538_Update HarfBuzz to 10.4.0_(no description)
P3_Backport_client-libs_JDK-8353540_Update Libpng to 1.6.47_(no description)
P3_Backport_client-libs_JDK-8353852_[ubsan] exclude function BilinearInterp and ShapeSINextSpan in libawt java2d from ubsan checks_(no description)
P3_Backport_client-libs_JDK-8354649_[Accessibility,macOS,VoiceOver] VoiceOver reads the spinner value 10 as 1 when user iterates to 10 for the first time on macOS_(no description)
P3_Backport_client-libs_JDK-8355149_Test javax/swing/JTabbedPane/8007563/Test8007563.java fails_(no description)
P3_Backport_core-libs_JDK-8350948_UpcallLinker::on_exit races with GC when copying frame anchor_(no description)
P3_Backport_core-libs_JDK-8352513_Incorrect handling of HTTP/2 GOAWAY frames in HttpClient_(no description)
P3_Backport_core-libs_JDK-8353301_Primitive caches must use boxed instances from the archive_(no description)
P3_Backport_core-libs_JDK-8353921_(tz) Update Timezone Data to 2025b_(no description)
P3_Backport_core-libs_JDK-8354429_(ch) sun.nio.ch.Poller.register throws AssertionError_(no description)
P3_Backport_core-libs_JDK-8355035_HTTP/2 ConnectionWindowUpdateSender may miss some unprocessed DataFrames from closed streams_(no description)
P3_Backport_core-libs_JDK-8355100_Enhance checks in BigDecimal.toPlainString()_(no description)
P3_Backport_core-libs_JDK-8355738_Increased number of SHA-384-Digest java.util.jar.Attributes$Name instances leading to higher memory footprint_(no description)
P3_Backport_core-libs_JDK-8356707_GZIPInputStream constructor could leak an un-end()ed Inflater_(no description)
P3_Backport_core-libs_JDK-8357548_ISO 4217 Amendment 179 Update_(no description)
P3_Backport_core-svc_JDK-8354640_javax/management/security/HashedPasswordFileTest.java creates tmp file in src dir_(no description)
P3_Backport_core-svc_JDK-8357534_[VS 2022 17.14] Warning C5287 in debugInit.c: enum type mismatch during build_(no description)
P3_Backport_hotspot_JDK-8350856_[PPC64] Make intrinsic conversions between bit representations of half precision values and floats_(no description)
P3_Backport_hotspot_JDK-8351030_JFR Leak Profiler is broken with Shenandoah_(no description)
P3_Backport_hotspot_JDK-8351340_secondary_super_cache does not scale well_(no description)
P3_Backport_hotspot_JDK-8351341_Out-of-bounds array access in secondary_super_cache_(no description)
P3_Backport_hotspot_JDK-8351637_Out of bounds access on Linux aarch64 in os::print_register_info_(no description)
P3_Backport_hotspot_JDK-8351924_serviceability/dcmd/vm/SystemMapTest.java and SystemDumpMapTest.java may fail after JDK-8326586_(no description)
P3_Backport_hotspot_JDK-8352436_[AArch64] C1: guarantee(val < (1ULL << nbits)) failed: Field too big for insn_(no description)
P3_Backport_hotspot_JDK-8352526_Test serviceability/sa/ClhsdbCDSJstackPrintAll.java failed: ArrayIndexOutOfBoundsException_(no description)
P3_Backport_hotspot_JDK-8353102_G1: NUMA migrations cause crashes in region allocation_(no description)
P3_Backport_hotspot_JDK-8353522_Make os::Linux::active_processor_count() public_(no description)
P3_Backport_hotspot_JDK-8353675_Caller/callee param size mismatch in deoptimization causes crash_(no description)
P3_Backport_hotspot_JDK-8353676_SIGFPE In ObjectSynchronizer::is_async_deflation_needed()_(no description)
P3_Backport_hotspot_JDK-8354444_Hotspot should support multiple large page sizes on Windows_(no description)
P3_Backport_hotspot_JDK-8355212_Shenandoah/C2: TestVerifyLoopOptimizations test failure_(no description)
P3_Backport_hotspot_JDK-8355552_java -D-D crashes_(no description)
P3_Backport_hotspot_JDK-8356676_Stack overflow during C2 compilation when splitting memory phi_(no description)
P3_Backport_hotspot_JDK-8357391_ZGC: TestAllocateHeapAt.java should not run with UseLargePages_(no description)
P3_Backport_hotspot_JDK-8359037_C2: compilation fails with "assert(false) failed: empty program detected during loop optimization"_(no description)
P3_Backport_infrastructure_JDK-8354494_Debug symbols bundle should contain full debug files when building --with-external-symbols-in-bundles=public_(no description)
P3_Backport_security-libs_JDK-8351512_Jarsigner should print a warning if an entry is removed_(no description)
P3_Backport_security-libs_JDK-8351960_Remove Baltimore root certificate expiring in May 2025_(no description)
P3_Backport_security-libs_JDK-8353894_Restore null return for invalid services from legacy providers_(no description)
P3_Backport_security-libs_JDK-8355549_Uninitialised memory in deleteGSSCB of GSSLibStub.c:179_(no description)
P3_Backport_security-libs_JDK-8355729_Update HSS/LMS public key encoding_(no description)
P3_Backport_security-libs_JDK-8355731_Compatible OCSP readtimeout property with OCSP timeout_(no description)
P3_Bug_tools_JDK-8341779_[REDO BACKPORT] type annotations are not visible to javac plugins across compilation boundaries (JDK-8225377)_javac fails to associate type annotations with TypeMirrors for some symbols loaded from the classpath, which prevents plugins from accessing those annotations across compilation boundaries. The annotations are present if the same symbol is compiled from source in the compilation where the plugin runs. === ./test/B.java abstract class B extends A {} === ./test/A.java import java.lang.annotation.ElementType; import java.util.List; import java.lang.annotation.Retention; import java.lang.annotation.RetentionPolicy; import java.lang.annotation.Target; @Target(ElementType.TYPE_USE) @Retention(RetentionPolicy.RUNTIME) @interface TypeAnnotation {} abstract class A implements List {} === ./plugin/p/P.java package p; import com.sun.source.util.JavacTask; import com.sun.source.util.Plugin; import com.sun.source.util.TaskEvent; import com.sun.source.util.TaskListener; import javax.lang.model.element.TypeElement; import javax.lang.model.type.DeclaredType; import javax.lang.model.type.TypeMirror; public class P implements Plugin { @Override public String getName() { return "P"; } @Override public void init(JavacTask javacTask, String... strings) { javacTask.addTaskListener( new TaskListener() { @Override public void finished(TaskEvent e) { if (e.getKind() != TaskEvent.Kind.ENTER) { return; } TypeElement b = javacTask.getElements().getTypeElement("B"); for (TypeMirror i : ((TypeElement) ((DeclaredType) b.getSuperclass()).asElement()).getInterfaces()) { System.err.printf("%s %s\n", i, i.getAnnotationMirrors()); } } }); } } === ./plugin/module-info.java module p { requires transitive jdk.compiler; provides com.sun.source.util.Plugin with p.P; } === $ javac $(find plugin -name '*.java') # when both compilation units are compiled from source, the type annotations are visible $ javac --processor-module-path plugin -Xplugin:P test/A.java test/B.java java.util.List java.util.List # when 'A' is loaded from the classpath, the type annotations on its supertype are not visible $ javac --processor-module-path plugin -Xplugin:P -classpath test test/B.java java.util.List
P3_Backport_tools_JDK-8354923_Type annotation attached to incorrect type during class reading_(no description)
P3_Backport_tools_JDK-8355057_CompletionFailure in getEnclosingType attaching type annotations_(no description)
P3_Backport_tools_JDK-8356013_NPE due to unreported compiler error_(no description)
P3_Backport_tools_JDK-8357116_Ctrl+C does not call shutdown hooks after JLine upgrade_(no description)
P4_Backport_client-libs_JDK-8351506_Open source several Swing CSS related tests_(no description)
P4_Backport_client-libs_JDK-8351507_ColorConvertOp - typo for non-ICC conversions needs one-line fix_(no description)
P4_Backport_client-libs_JDK-8351510_[macos] Menu or JPopupMenu not closed when main window is resized_(no description)
P4_Backport_client-libs_JDK-8351511_Open Source several AWT/2D font and rendering tests_(no description)
P4_Backport_client-libs_JDK-8351521_sun/awt/font/TestDevTransform.java fails with RuntimeException: Different rendering_(no description)
P4_Backport_client-libs_JDK-8351522_Open source several Choice related tests (part 2)_(no description)
P4_Backport_client-libs_JDK-8351527_Update List/ItemEventTest/ItemEventTest.java_(no description)
P4_Backport_client-libs_JDK-8351531_AIX build failure after upgrade pipewire to 1.3.81_(no description)
P4_Backport_client-libs_JDK-8351830_Open source several Swing Scroll related tests_(no description)
P4_Backport_client-libs_JDK-8352025_Open source several Swing RootPane and Slider related tests_(no description)
P4_Backport_client-libs_JDK-8352028_Automate and open source few closed manual applet test_(no description)
P4_Backport_client-libs_JDK-8352029_Remove applet usage from JFileChooser tests bug4150029_(no description)
P4_Backport_client-libs_JDK-8352030_Convert and Open source few manual applet test to main based_(no description)
P4_Backport_client-libs_JDK-8352031_Open source several AWT focus tests - series 1_Title_(no description)
P4_Backport_client-libs_JDK-8352032_Open source several AWT focus tests - series 2_(no description)
P4_Backport_client-libs_JDK-8352033_Open source AWT MenuItem related tests_(no description)
P4_Backport_client-libs_JDK-8352034_Open source closed choice tests #2_(no description)
P4_Backport_client-libs_JDK-8352035_Open source several AWT focus tests - series 5_(no description)
P4_Backport_client-libs_JDK-8352036_Open source few Checkbox and Cursor tests - Set1_(no description)
P4_Backport_client-libs_JDK-8352041_Open source DnD tests - Set5_(no description)
P4_Backport_client-libs_JDK-8352051_Open source closed frame tests # 2_(no description)
P4_Backport_client-libs_JDK-8352103_Open source some Component/Panel/EventQueue tests - Set2_(no description)
P4_Backport_client-libs_JDK-8352104_Open source several AWT Dialog tests - Batch 4_(no description)
P4_Backport_client-libs_JDK-8352221_Open source few Component tests - Set1_(no description)
P4_Backport_client-libs_JDK-8352225_Open source some Desktop related tests_(no description)
P4_Backport_client-libs_JDK-8352232_Automate javax/print/attribute/PageRangesException.java_(no description)
P4_Backport_client-libs_JDK-8352233_JRadioButton/ButtonGroupFocusTest.java fails in CI on Linux_(no description)
P4_Backport_client-libs_JDK-8352240_Remove PassFailJFrame constructor with screenshots_(no description)
P4_Backport_client-libs_JDK-8352515_Open source several Swing PopupMenu related tests_(no description)
P4_Backport_client-libs_JDK-8352517_Open source closed choice tests #3_(no description)
P4_Backport_client-libs_JDK-8352518_Open source AWT FileDialog related tests_(no description)
P4_Backport_client-libs_JDK-8352519_Open source more AWT window tests_(no description)
P4_Backport_client-libs_JDK-8352522_Open source few more AWT PopupMenu tests_(no description)
P4_Backport_client-libs_JDK-8352538_Exception thrown before awaitAndCheck hangs PassFailJFrame_(no description)
P4_Backport_client-libs_JDK-8352539_Improve HTML instruction formatting in PassFailJFrame_(no description)
P4_Backport_client-libs_JDK-8353071_Opensource five more random Swing tests_(no description)
P4_Backport_client-libs_JDK-8353072_Opensource five Swing component related regression tests_(no description)
P4_Backport_client-libs_JDK-8353076_Open source closed choice tests #1_(no description)
P4_Backport_client-libs_JDK-8353077_Open source several AWT focus tests - series 4_(no description)
P4_Backport_client-libs_JDK-8353078_Open source couple more miscellaneous AWT tests_(no description)
P4_Backport_client-libs_JDK-8353081_Open source some of the AWT Window tests_(no description)
P4_Backport_client-libs_JDK-8353082_Open source closed frame tests # 4_(no description)
P4_Backport_client-libs_JDK-8353518_Open source several Swing HTMLEditorKit related tests_(no description)
P4_Backport_client-libs_JDK-8353520_Convert and Opensource few JFileChooser applet test to main_(no description)
P4_Backport_client-libs_JDK-8353524_Opensource few AWT PopupMenu tests_(no description)
P4_Backport_client-libs_JDK-8353525_Open source several AWT focus tests - series 3_(no description)
P4_Backport_client-libs_JDK-8353528_Opensource few AWT image tests_(no description)
P4_Backport_client-libs_JDK-8353534_Open source several Java2D rendering loop tests._(no description)
P4_Backport_client-libs_JDK-8353535_Open source several AWT PopupMenu tests_(no description)
P4_Backport_client-libs_JDK-8353690_PNGImageWriter uses much more memory than necessary_(no description)
P4_Backport_client-libs_JDK-8353700_Open source some of the AWT Geometry/Button tests_(no description)
P4_Backport_client-libs_JDK-8353701_Open source few more AWT Frame related tests_(no description)
P4_Backport_client-libs_JDK-8353702_Open source closed frame tests # 3_(no description)
P4_Backport_client-libs_JDK-8353703_Open source additional Component tests (part 3)_(no description)
P4_Backport_client-libs_JDK-8353864_Opensource five more Swing regression tests_(no description)
P4_Backport_client-libs_JDK-8353866_Open source several AWT Robot tests_(no description)
P4_Backport_client-libs_JDK-8353870_Open source DnD tests - Set4_(no description)
P4_Backport_client-libs_JDK-8353872_Open source few Cursor tests - Set2_(no description)
P4_Backport_client-libs_JDK-8353874_Open source few TrayIcon tests - Set8_(no description)
P4_Backport_client-libs_JDK-8353876_Open source few DnD tests - Set6_(no description)
P4_Backport_client-libs_JDK-8353877_test/jdk/javax/swing/JRadioButton/8033699/bug8033699.java fails in ubuntu22.04_(no description)
P4_Backport_client-libs_JDK-8354185_Opensource five miscellaneous Swing tests_(no description)
P4_Backport_client-libs_JDK-8354199_java/awt/Cursor/JPanelCursorTest/JPanelCursorTest.java does not show the default cursor_(no description)
P4_Backport_client-libs_JDK-8354201_Open source AWT Frame related tests_(no description)
P4_Backport_client-libs_JDK-8354202_Open source several AWT focus tests - series 6_(no description)
P4_Backport_client-libs_JDK-8354203_Open source few more AWT List tests_(no description)
P4_Backport_client-libs_JDK-8354206_Open source additional Component tests (part 2)_(no description)
P4_Backport_client-libs_JDK-8354207_Open source some MenuBar tests - Set2_(no description)
P4_Backport_client-libs_JDK-8354208_Open source several AWT Dialog tests - Batch 2_(no description)
P4_Backport_client-libs_JDK-8354369_javax/swing/JFileChooser/JFileChooserSetLocationTest.java failed with "setLocation() is not working properly"_(no description)
P4_Backport_client-libs_JDK-8354373_Open source several AWT List tests_(no description)
P4_Backport_client-libs_JDK-8354374_Open source few more AWT FileDialog tests_(no description)
P4_Backport_client-libs_JDK-8354375_Open source several Choice related tests_(no description)
P4_Backport_client-libs_JDK-8354377_Open source few Checkbox tests - Set2_(no description)
P4_Backport_client-libs_JDK-8354378_open source some 2d graphics tests_(no description)
P4_Backport_client-libs_JDK-8354379_Open source some of the AWT window test_(no description)
P4_Backport_client-libs_JDK-8354384_Open source few various AWT tests - Set1_(no description)
P4_Backport_client-libs_JDK-8354385_Open source some MenuBar tests - Set1_(no description)
P4_Backport_client-libs_JDK-8354422_Open source several AWT Mouse tests - Batch 1_(no description)
P4_Backport_client-libs_JDK-8354423_Open source few DND tests - Set1_(no description)
P4_Backport_client-libs_JDK-8354425_Open source several AWT Canvas and Rectangle related tests_(no description)
P4_Backport_client-libs_JDK-8354633_Convert Applet test ManualHTMLDataFlavorTest.java to main program_(no description)
P4_Backport_client-libs_JDK-8354635_Open source closed frame tests # 5_(no description)
P4_Backport_client-libs_JDK-8354638_java/awt/dnd/DnDRemoveFocusOwnerCrashTest.java timed out after JDK-8341257_(no description)
P4_Backport_client-libs_JDK-8354648_javax/swing/JMenu/4213634/bug4213634.java fails_(no description)
P4_Backport_client-libs_JDK-8354654_Screen capture for test TaskbarPositionTest.java, failure case_(no description)
P4_Backport_client-libs_JDK-8354786_Open source few TrayIcon tests - Set7_(no description)
P4_Backport_client-libs_JDK-8354787_Open source several AWT Mouse tests - Batch 2_(no description)
P4_Backport_client-libs_JDK-8354788_Open source several AWT Dialog tests - Batch 1_(no description)
P4_Backport_client-libs_JDK-8354790_Open source several AWT Dialog tests - Batch 3_(no description)
P4_Backport_client-libs_JDK-8355121_Open source mixed AWT tests - Set3_(no description)
P4_Backport_client-libs_JDK-8355151_Tests fails with java.lang.IllegalAccessException: class com.sun.javatest.regtest.agent.MainWrapper$MainTask cannot access_(no description)
P4_Backport_client-libs_JDK-8355169_java/awt/Desktop/MailTest.java fails in platforms where Action.MAIL is not supported_(no description)
P4_Backport_client-libs_JDK-8355710_java/awt/dnd/RejectDragDropActionTest.java timed out_(no description)
P4_Backport_client-libs_JDK-8355733_Test javax/swing/JComboBox/TestComboBoxComponentRendering.java fails in ubuntu 23.x and later_(no description)
P4_Backport_client-libs_JDK-8355735_Test javax/swing/JTabbedPane/TestJTabbedPaneBackgroundColor.java failed_(no description)
P4_Backport_client-libs_JDK-8356514_Open source a few more Component related tests_(no description)
P4_Backport_client-libs_JDK-8356515_Opensource few List and a Window test_(no description)
P4_Backport_client-libs_JDK-8356518_Test javax/swing/JRadioButton/8033699/bug8033699.java still fails: Focus is not on Radio Button Single as Expected_(no description)
P4_Backport_client-libs_JDK-8356520_JButton/bug4796987.java never runs because Windows XP is unavailable_(no description)
P4_Backport_client-libs_JDK-8357001_Test java/awt/Toolkit/Headless/HeadlessToolkit.java fails by timeout_(no description)
P4_Backport_client-libs_JDK-8357065_Re-enable -Wtype-limits for GCC in LCMS_(no description)
P4_Backport_client-libs_JDK-8357115_Convert closed text/html/CSS manual applet test to main_(no description)
P4_Backport_client-libs_JDK-8357118_test/jdk/javax/swing/JToolBar/4529206/bug4529206.java fails in ubuntu22.04_(no description)
P4_Backport_client-libs_JDK-8357120_test/jdk/javax/swing/text/DefaultEditorKit/4278839/bug4278839.java fails in ubuntu22.04_(no description)
P4_Backport_client-libs_JDK-8357122_Opensource JMenu tests - series1_(no description)
P4_Backport_client-libs_JDK-8357204_Opensource few misc swing tests_(no description)
P4_Backport_client-libs_JDK-8357205_Open source more Swing text tests_(no description)
P4_Backport_client-libs_JDK-8357206_Opensource JInternalFrame tests - series1_(no description)
P4_Backport_client-libs_JDK-8357214_Open source two Swing DefaultCaret tests_(no description)
P4_Backport_client-libs_JDK-8357215_Open source several swing tests batch1_(no description)
P4_Backport_client-libs_JDK-8357489_Open source Swing Tests - Set 5_(no description)
P4_Backport_client-libs_JDK-8357492_Open source several AWT Menu tests - Batch 2_(no description)
P4_Backport_client-libs_JDK-8357493_Open some JComboBox bugs 4_(no description)
P4_Backport_client-libs_JDK-8357494_Open source several clipboard tests batch1_(no description)
P4_Backport_client-libs_JDK-8357500_Clean up and open source couple AWT Graphics related tests (Part 1)_(no description)
P4_Backport_client-libs_JDK-8357667_Missing @since tag on JColorChooser.showDialog overload_(no description)
P4_Backport_core-libs_JDK-8350949_UpcallLinker::on_entry racingly clears pending exception with GC safepoints_(no description)
P4_Backport_core-libs_JDK-8350950_ProgrammableUpcallHandler::on_entry/on_exit access thread fields from native_(no description)
P4_Backport_core-libs_JDK-8351190_[JMH] time.format.ZonedDateTimeFormatterBenchmark fails_(no description)
P4_Backport_core-libs_JDK-8352000_java/net/ipv6tests/UdpTest.java fails with checkTime failed_(no description)
P4_Sub-task_core-libs_JDK-8352076_[21u] Problem list tests that fail in 21 and would be fixed by 8309622_(no description)
P4_Backport_core-libs_JDK-8352220_assert fired in java/net/httpclient/DependentPromiseActionsTest (infrequent)_(no description)
P4_Backport_core-libs_JDK-8352227_java/net/Socket/UdpSocket.java fails with "java.net.BindException: Address already in use" (macos-aarch64)_(no description)
P4_Backport_core-libs_JDK-8352234_(fs) Remove some extensions from java/nio/file/Files/probeContentType/Basic.java_(no description)
P4_Backport_core-libs_JDK-8352238_test/jdk/java/net/httpclient/HttpsTunnelAuthTest.java fails intermittently_(no description)
P4_Backport_core-libs_JDK-8352425_HttpClient with StructuredTaskScope does not close when a task fails_(no description)
P4_Backport_core-libs_JDK-8352438_[JMH] vector.IndexInRangeBenchmark failed with IndexOutOfBoundsException for size=1024_(no description)
P4_Backport_core-libs_JDK-8352586_Some java/lang jtreg tests miss requires vm.hasJFR_(no description)
P4_Backport_core-libs_JDK-8350610_HttpClient: improve HTTP/2 flow control checks_(no description)
P4_Backport_core-libs_JDK-8352658_[JMH] Cannot access class jdk.internal.vm.ContinuationScope_(no description)
P4_Backport_core-libs_JDK-8353096_URLConnection.getLastModified() leaks file handles for jar:file and file: URLs_(no description)
P4_Backport_core-libs_JDK-8353645_java/io/File/GetXSpace.java fails on Windows with CD-ROM drive_(no description)
P4_Backport_core-libs_JDK-8353646_Wrong timeout computations in DnsClient_(no description)
P4_Backport_core-libs_JDK-8353647_com/sun/jndi/dns/ConfigTests/Timeout.java failed intermittent_(no description)
P4_Backport_core-libs_JDK-8353900_Race condition in jdk/java/net/httpclient/offline/FixedResponseHttpClient.java_(no description)
P4_Backport_core-libs_JDK-8354267_java/net/httpclient/ShutdownNow.java fails with java.lang.AssertionError: client was still running, but exited after further delay: timeout should be adjusted_(no description)
P4_Backport_core-libs_JDK-8354349_Several java/net/InetAddress tests fails UnknownHostException_(no description)
P4_Backport_core-libs_JDK-8354533_Writer not closed with disk full error, file resource leaked_(no description)
P4_Backport_core-libs_JDK-8351934_Inaccurate masking of TC subfield decrement in ForkJoinPool_(no description)
P4_Backport_core-libs_JDK-8355112_java/util/Properties/StoreReproducibilityTest.java times out_(no description)
P4_Backport_core-libs_JDK-8355550_SequenceInputStream.transferTo should not return as soon as Long.MAX_VALUE bytes have been transferred_(no description)
P4_Backport_core-libs_JDK-8355709_Test java/net/httpclient/CancelRequestTest.java failed: WARNING: tracker for HttpClientImpl(42) has outstanding operations_(no description)
P4_Backport_core-libs_JDK-8355712_java/net/vthread/BlockingSocketOps.java timeout/hang intermittently on Windows_(no description)
P4_Backport_core-libs_JDK-8355728_HTTP/2 flow control checks may count unprocessed data twice_(no description)
P4_Backport_core-libs_JDK-8355730_java/net/DatagramSocket/InterruptibleDatagramSocket.java fails with virtual thread factory_(no description)
P4_Backport_core-libs_JDK-8355734_(fc) Make java/nio/channels/FileChannel/BlockDeviceSize.java test manual_(no description)
P4_Backport_core-libs_JDK-8355736_java/net/httpclient/Http1ChunkedTest.java fails with java.util.MissingFormatArgumentException: Format specifier '%s'_(no description)
P4_Backport_core-libs_JDK-8355737_httpclient HeadTest does not run on HTTP2_(no description)
P4_Backport_core-libs_JDK-8355760_Overflow in Collections.rotate_(no description)
P4_Backport_core-libs_JDK-8356637_Pattern.Bound has `static` fields that should be `static final`._(no description)
P4_Backport_core-libs_JDK-8356672_Misleading exception message from STS.Subtask::get when task forked after shutdown_(no description)
P4_Backport_core-libs_JDK-8356802_j.text.DateFormatSymbols setZoneStrings() exception is unhelpful_(no description)
P4_Backport_core-libs_JDK-8357117_Incorrect error message during startup if working directory does not exist_(no description)
P4_Backport_core-libs_JDK-8357477_AIX: sporadic unexpected errno when calling setsockopt in Net.joinOrDrop_(no description)
P4_Backport_core-libs_JDK-8357484_Bug in com/sun/net/httpserver/bugs/B6361557.java test_(no description)
P4_Backport_core-svc_JDK-8352524_Adjust timeout in test javax/management/monitor/DerivedGaugeMonitorTest.java_(no description)
P4_Backport_core-svc_JDK-8354367_java/lang/instrument/modules/AppendToClassPathModuleTest.java ignores VM flags_(no description)
P4_Backport_core-svc_JDK-8355117_Test ThreadCpuTime.java should pause like ThreadCpuTimeArray.java_(no description)
P4_Backport_core-svc_JDK-8355714_Update nsk.share.jpda.Jdb to don't use finalization_(no description)
P4_Backport_core-svc_JDK-8355716_Replace usage of -noclassgc with -Xnoclassgc in test/jdk/java/lang/management/MemoryMXBean/LowMemoryTest2.java_(no description)
P4_Backport_core-svc_JDK-8355727_Fix incorrect log message in JDI stop002t test_(no description)
P4_Backport_core-svc_JDK-8355759_sun.jvmstat.monitor.MonitoredHost.getMonitoredHost() throws unexpected exceptions when invoked concurrently_(no description)
P4_Backport_core-svc_JDK-8356178_Update vmTestbase/nsk/share/LocalProcess.java to don't use finalization_(no description)
P4_Backport_core-svc_JDK-8356180_com/sun/tools/attach/BasicTests.java fails with "SocketException: Permission denied: connect"_(no description)
P4_Backport_core-svc_JDK-8356481_Test forceEarlyReturn002.java timed out_(no description)
P4_Backport_core-svc_JDK-8356508_Update nsk/jdwp tests to use driver instead of othervm_(no description)
P4_Backport_core-svc_JDK-8357388_The jcmd thread dump related tests should test virtual threads_(no description)
P4_Backport_core-svc_JDK-8357482_DynamicLauncher for JDP test needs to try harder to find a free port_(no description)
P4_Backport_hotspot_JDK-8350862_Output JVMTI agent information in hserr files_(no description)
P4_Backport_hotspot_JDK-8351031_Problemlist jdk/jfr/event/oldobject/TestShenandoah.java after JDK-8279016_(no description)
P4_Backport_hotspot_JDK-8351191_3 gc/epsilon tests ignore external vm options_(no description)
P4_Backport_hotspot_JDK-8351358_Corrupted timezone string in JVM crash log_(no description)
P4_Backport_hotspot_JDK-8351508_[Testbug] g-tests for cgroup leave files in /tmp on linux_(no description)
P4_Backport_hotspot_JDK-8351557_Add jcmd to print annotated process memory map_(no description)
P4_Backport_hotspot_JDK-8351559_gc/stress/TestStressG1Uncommit.java gets OOM-killed_(no description)
P4_Backport_hotspot_JDK-8351684_"Total compile time" counter should include time spent in failing/bailout compiles_(no description)
P4_Backport_hotspot_JDK-8351831_Move BufferNode from PtrQueue files to new files_(no description)
P4_Backport_hotspot_JDK-8351872_Skip ValidateHazardPtrsClosure in non-debug builds_(no description)
P4_Backport_hotspot_JDK-8351899_Bug in jdk.jfr.event.gc.collection.TestSystemGC_(no description)
P4_Backport_hotspot_JDK-8351920_Improve Speed of System.map_(no description)
P4_Backport_hotspot_JDK-8352026_Replace NULL with nullptr in HotSpot gtests_(no description)
P4_Backport_hotspot_JDK-8352167_WB_IsFrameDeoptimized miss ResourceMark_(no description)
P4_Backport_hotspot_JDK-8352183_[x64] Fix useless padding_(no description)
P4_Backport_hotspot_JDK-8352230_CompileFramework: test library to conveniently compile java and jasm sources for fuzzing_(no description)
P4_Backport_hotspot_JDK-8352283_Shenandoah: Improve handshake closure labels_(no description)
P4_Backport_hotspot_JDK-8352285_CTW: Attempt to preload all classes in constant pool_(no description)
P4_Backport_hotspot_JDK-8352286_Give better error for ConcurrentHashTable corruption_(no description)
P4_Bug_hotspot_JDK-8350412_[21u] AArch64: Ambiguous frame layout leads to incorrect traces in JFR_(no description)
P4_Backport_hotspot_JDK-8352516_Update runtime/condy tests to be executed with VM flags_(no description)
P4_Backport_hotspot_JDK-8352523_Enable debug logging for vmTestbase/nsk/jvmti/scenarios/sampling/SP05/sp05t003/TestDescription.java_(no description)
P4_Backport_hotspot_JDK-8352525_serviceability/sa/ClhsdbWhere.java fails AssertionFailure: Corrupted constant pool_(no description)
P4_Backport_hotspot_JDK-8352771_Crash: assert(h_array_list.not_null()) failed: invariant_(no description)
P4_Backport_hotspot_JDK-8352772_OpenJDK fails to configure on linux aarch64 when CDS is disabled after JDK-8331942_(no description)
P4_Backport_hotspot_JDK-8353128_JFR: Split JFRCheckpoint VM operation_(no description)
P4_Backport_hotspot_JDK-8353292_Replaying compilation with null static final fields results in a crash_(no description)
P4_Backport_hotspot_JDK-8353536_More reliable OOM handling in ExceptionDuringDumpAtObjectsInitPhase test_(no description)
P4_Backport_hotspot_JDK-8353648_Remove unused UseNUMA in os_aix.cpp_(no description)
P4_Backport_hotspot_JDK-8353650_C2: Loop strip mining uses ABS with min int_(no description)
P4_Backport_hotspot_JDK-8353651_C2: VectorInsertNode::make() shouldn't call ConINode::make() directly_(no description)
P4_Backport_hotspot_JDK-8353652_Incorrect TraceLoopPredicate output_(no description)
P4_Backport_hotspot_JDK-8353653_Fatal error in auto-vectorizer with float16 kernel._(no description)
P4_Backport_hotspot_JDK-8353654_ShenandoahHeap::is_in should check for alive regions_(no description)
P4_Backport_hotspot_JDK-8353853_[ubsan] block.cpp:1617:30: runtime error: 9.97582e+36 is outside the range of representable values of type 'int'_(no description)
P4_Backport_hotspot_JDK-8353865_memory_swap_current_in_bytes reports 0 as "unlimited"_(no description)
P4_Backport_hotspot_JDK-8353867_[TESTBUG] gtest CollectorPolicy.young_scaled_initial_ergo_vm fails if heap is too small_(no description)
P4_Backport_hotspot_JDK-8353893_CollectorPolicy.young_scaled_initial_ergo_vm gtest fails on ppc64 based platforms_(no description)
P4_Backport_hotspot_JDK-8353901_nsk.share.gc.Memory::getArrayLength returns wrong value_(no description)
P4_Backport_hotspot_JDK-8353922_G1: interpreter post-barrier x86 code asserts index size of wrong buffer_(no description)
P4_Backport_hotspot_JDK-8354058_AArch64: turn on signum intrinsics by default on Ampere CPUs_(no description)
P4_Backport_hotspot_JDK-8354165_compiler/vectorization/TestFloat16VectorConvChain.java fails with non-standard AVX/SSE settings_(no description)
P4_Backport_hotspot_JDK-8354197_compiler/vectorization/TestFloat16VectorConvChain.java timeouts on ppc64 platforms after JDK-8335860_(no description)
P4_Backport_hotspot_JDK-8354253_jcmd Compiler.codecache should print total size of code cache_(no description)
P4_Backport_hotspot_JDK-8354271_ZGC: Another division by zero in rule_major_allocation_rate_(no description)
P4_Backport_hotspot_JDK-8354368_Test jdk/incubator/vector/LoadJsvmlTest.java ignores VM flags_(no description)
P4_Backport_hotspot_JDK-8354370_zgc/genzgc tests ignore vm flags_(no description)
P4_Backport_hotspot_JDK-8354579_Extend printing for System.map_(no description)
P4_Backport_hotspot_JDK-8354639_serviceability/dcmd/vm tests fail for ZGC after JDK-8322475_(no description)
P4_Backport_hotspot_JDK-8354642_Test vmTestbase/nsk/jvmti/scenarios/sampling/SP05/sp05t003/TestDescription.java timed out: thread not suspended_(no description)
P4_Backport_hotspot_JDK-8354644_Improve diagnostic logging runtime/cds/DeterministicDump.java_(no description)
P4_Backport_hotspot_JDK-8354647_serviceability/dcmd/vm/SystemDumpMapTest.java and SystemMapTest.java fail on Linux Alpine after 8322475_(no description)
P4_Backport_hotspot_JDK-8355075_TestVectorZeroCount: counter not reset between iterations_(no description)
P4_Backport_hotspot_JDK-8355096_Add intrinsic for float/double modulo for x86 AVX2 and AVX512_(no description)
P4_Backport_hotspot_JDK-8355152_serviceability/sa/TestJhsdbJstackLineNumbers.java failed with "Didn't find enough line numbers"_(no description)
P4_Backport_hotspot_JDK-8355316_Include timings for leaving safepoint in safepoint logging_(no description)
P4_Backport_hotspot_JDK-8355419_Test TestCodeCacheFull.java fails with option -XX:-UseCodeCacheFlushing_(no description)
P4_Backport_hotspot_JDK-8355551_C2: assert(false) failed: node should be in igvn hash table_(no description)
P4_Backport_hotspot_JDK-8355655_[ASAN] Gtest os_linux.glibc_mallinfo_wrapper_vm fails_(no description)
P4_Backport_hotspot_JDK-8355707_Remove runtime platform check from frem/drem_(no description)
P4_Backport_hotspot_JDK-8355715_JFR GCHelper class recognizes "Archive" regions as valid_(no description)
P4_Backport_hotspot_JDK-8355761_[AArch64] C2 compilation hits offset_ok_for_immed: assert "c2 compiler bug"_(no description)
P4_Backport_hotspot_JDK-8355762_MacOS Zero cannot run gtests due to wrong JVM path_(no description)
P4_Backport_hotspot_JDK-8356248_MAX_SECS definition is unused in os_linux_(no description)
P4_Backport_hotspot_JDK-8356254_Use "/native" Run Option for TestAvailableProcessors Execution_(no description)
P4_Backport_hotspot_JDK-8356489_Test WaitNotifySuspendedVThreadTest.java timed out_(no description)
P4_Backport_hotspot_JDK-8356490_Rename nsk_strace.h_(no description)
P4_Backport_hotspot_JDK-8356491_Update nsk.share.jpda.BindServer to don't use finalization_(no description)
P4_Backport_hotspot_JDK-8356507_Clean up Finalizable.java and finalize terminology in vmTestbase/nsk/share_(no description)
P4_Backport_hotspot_JDK-8356509_serviceability/jvmti/StartPhase/AllowedFunctions/AllowedFunctions.java fails with unexpected exit code: 112_(no description)
P4_Backport_hotspot_JDK-8356512_Fix -Wzero-as-null-pointer-constant warnings in gtest framework_(no description)
P4_Backport_hotspot_JDK-8356669_x86 count_positives intrinsic broken for -XX:AVX3Threshold=0_(no description)
P4_Backport_hotspot_JDK-8356670_Compiler directives parser swallows a character after line comments_(no description)
P4_Backport_hotspot_JDK-8356671_jdk/jfr/event/runtime/TestResidentSetSizeEvent.java fails with "The size should be less than or equal to peak"_(no description)
P4_Backport_hotspot_JDK-8356674_NPE when HSDB visits bad oop_(no description)
P4_Backport_hotspot_JDK-8356677_LogCompilation doesn't reset lateInlining when it encounters a failure._(no description)
P4_Backport_hotspot_JDK-8356786_Remove support of remote and manual debuggee launchers_(no description)
P4_Backport_hotspot_JDK-8356992_[JVMCI] fatal error: Never compilable: in JVMCI shutdown_(no description)
P4_Backport_hotspot_JDK-8357023_Replace NULL with nullptr in HotSpot jtreg test native code files_(no description)
P4_Backport_hotspot_JDK-8357024_Rename get_stack_trace.h_(no description)
P4_Backport_hotspot_JDK-8357025_Rename Injector.h_(no description)
P4_Backport_hotspot_JDK-8357026_Rename jvmti_FollowRefObjects.h_(no description)
P4_Backport_hotspot_JDK-8357027_Rename native_thread.h_(no description)
P4_Backport_hotspot_JDK-8357028_Rename nsk_list.h_(no description)
P4_Backport_hotspot_JDK-8357029_Rename nsk_mutex.h_(no description)
P4_Backport_hotspot_JDK-8357030_Rename mlvmJvmtiUtils.h_(no description)
P4_Backport_hotspot_JDK-8357031_Rename jnihelper.h_(no description)
P4_Backport_hotspot_JDK-8357032_Rename jvmti_aod.h_(no description)
P4_Backport_hotspot_JDK-8357069_[AIX] Adapt code for C++ VLA rule_(no description)
P4_Backport_hotspot_JDK-8357112_Improve test coverage for JVMTI GetThreadState on carrier and mounted vthread_(no description)
P4_Backport_hotspot_JDK-8357113_Rename agent_common.h_(no description)
P4_Backport_hotspot_JDK-8357121_Test: add more test case for string compare (UL case)_(no description)
P4_Backport_hotspot_JDK-8357261_Avoid sending per-region GCPhaseParallel JFR events in G1ScanCollectionSetRegionClosure_(no description)
P4_Backport_hotspot_JDK-8357389_jdk/jfr/startupargs/TestMemoryOptions.java fails with 32-bit build_(no description)
P4_Backport_hotspot_JDK-8357437_Use correct extension for C++ test headers_(no description)
P4_Backport_hotspot_JDK-8357483_Remove the appcds/javaldr/AnonVmClassesDuringDump.java test_(no description)
P4_Backport_hotspot_JDK-8357487_Incomplete logging in nsk/jvmti/ResourceExhausted/resexhausted00* tests_(no description)
P4_Backport_hotspot_JDK-8357488_[jittester] Remove TempDir debug output_(no description)
P4_Backport_hotspot_JDK-8357544_Clean up vmTestbase/vm/share_(no description)
P4_Backport_hotspot_JDK-8357855_Merge vm/share/InMemoryJavaCompiler w/ jdk/test/lib/compiler/InMemoryJavaCompiler_(no description)
P4_Backport_hotspot_JDK-8357856_failure_handler lldb command times out on macosx-aarch64 core file_(no description)
P4_Enhancement_infrastructure_JDK-8350650_Bump update version for OpenJDK: jdk-21.0.8_(no description)
P4_Backport_infrastructure_JDK-8356785_Many test files have the wrong Copyright header_(no description)
P4_Backport_infrastructure_JDK-8357114_[test] improve assertEquals failure output_(no description)
P4_Backport_security-libs_JDK-8355099_TLS handshake fails because of ConcurrentModificationException in PKCS12KeyStore.engineGetEntry_(no description)
P4_Backport_security-libs_JDK-8355101_DistributionPointFetcher fails to fetch CRLs if the DistributionPoints field contains more than one DistributionPoint and the first one fails_(no description)
P4_Backport_security-libs_JDK-8355170_Refactor ClassLoaderDeadlock.sh and Deadlock.sh to run fully in java_(no description)
P4_Backport_security-libs_JDK-8355713_KeyStore getEntry is not thread-safe_(no description)
P4_Backport_security-libs_JDK-8355732_security/auth/callback/TextCallbackHandler/Password.java make runnable with JTReg and add the UI_(no description)
P4_Backport_security-libs_JDK-8356181_Relocate supporting classes in security/testlibrary to test/lib/jdk tree_(no description)
P4_Backport_security-libs_JDK-8357545_Better cleanup for jdk/test/sun/security/pkcs12/P12SecretKey.java_(no description)
P4_Bug_infrastructure_JDK-8361672_[21u] Remove designator DEFAULT_PROMOTED_VERSION_PRE=ea for release 21.0.8_As discussed in https://github.com/openjdk/jdk17u-dev/pull/307, we'd like to have DEFAULT_PROMOTED_VERSION_PRE set to 'ea' in dev source trees and remove it for GA tagged source levels.
P4_Backport_performance_JDK-8353017_Use jvmArgs consistently in microbenchmarks_(no description)
P4_Backport_performance_JDK-8353018_Use -jvmArgsPrepend when running microbenchmarks in RunTests.gmk_(no description)
P4_Backport_security-libs_JDK-8351239_Failure when creating non-CRT RSA private keys in SunPKCS11_(no description)
P4_Backport_security-libs_JDK-8352540_Upgrade NSS binaries for interop tests_(no description)
P4_Backport_security-libs_JDK-8352548_Test sun/security/tools/jarsigner/TimestampCheck.java is failing_(no description)
P4_Backport_security-libs_JDK-8353086_Test sun/security/tools/jarsigner/ConciseJarsigner.java failed: unable to find valid certification path to requested target_(no description)
P4_Backport_security-libs_JDK-8353881_jdk/test/lib/security/timestamp/TsaServer.java warnings_(no description)
P4_Backport_security-libs_JDK-8353899_Test sun/security/tools/jarsigner/TsacertOptionTest.java failed: Warning found in stdout_(no description)
P4_Backport_security-libs_JDK-8353915_NullPointerException in sun.security.jca.ProviderList.getService()_(no description)
P4_Backport_security-libs_JDK-8356519_Test sun/security/mscapi/nonUniqueAliases/NonUniqueAliases.java is marked with @ignore_(no description)
P4_Backport_security-libs_JDK-8356530_Remove two Camerfirma root CA certificates_(no description)
P4_Backport_security-libs_JDK-8356650_Update sun/security/pkcs12/KeytoolOpensslInteropTest.java to use a recent Openssl version_(no description)
P4_Backport_tools_JDK-8351022_Test FailOverDirectExecutionControlTest.java fails with -Xcomp_(no description)
P4_Backport_tools_JDK-8352735_Clean up the code in sun.tools.jar.Main to properly close resources and use ZipFile during extract_(no description)
P4_Backport_tools_JDK-8354630_org.jline.util.PumpReader signed byte problem_(no description)
P4_Backport_tools_JDK-8354948_In ClassReader, extract a constant for the superclass supertype_index_(no description)
P4_Backport_tools_JDK-8356517_WinInstallerUiTest fails in local test runs if the path to test work directory is longer that regular_(no description)
P4_Backport_xml_JDK-8356943_translet-name ignored when package-name is also set_(no description)
P5_Backport_client-libs_JDK-8352537_Use latch in AbstractButton/bug6298940.java instead of delay_(no description)
P5_Backport_core-libs_JDK-8356784_Misformatted copyright messages in FFM_(no description)
P5_Backport_core-svc_JDK-8353073_vmTestbase/nsk/jdb/stop_at/stop_at002/stop_at002.java failure goes undetected_(no description)
P?_Hidden_JDK-8345625_Better HTTP connections_(no description)
P?_Hidden_JDK-8348989_Better Glyph drawing_(no description)
P?_Hidden_JDK-8349111_Enhance Swing supports_(no description)
P?_Hidden_JDK-8349594_Enhance TLS protocol support_(no description)
P?_Hidden_JDK-8350991_Improve HTTP client header handling_(no description)
P?_Hidden_JDK-8360147_Better Glyph drawing redux_21.0.7+6_(no description)
P1_Backport_client-libs_JDK-8347095_Bad copyright notices in changes from JDK-8339902_(no description)
P1_Backport_hotspot_JDK-8348068_Various test failures after JDK-8334305_(no description)
P2_Backport_client-libs_JDK-8346625_JViewport Test headless failure_(no description)
P2_Backport_client-libs_JDK-8349089_JTabbedPane/8134116/Bug8134116.java has no license header_(no description)
P2_Bug_client-libs_JDK-8348625_[21u, 17u] Revert JDK-8185862 to restore old java.awt.headless behavior on Windows_The test failed on Windows with following assertion: [glue.process.err] [stress.process.err] ********************* [glue.process.err] [stress.process.err] AWT Assertion Failure [glue.process.err] [stress.process.err] ********************* [glue.process.err] [stress.process.err] ::GetDIBits(hBMDC, hBM, 0, 1, 0, gpBitmapInfo, 0) [glue.process.err] [stress.process.err] File 'awt_Win32GraphicsDevice.cpp', at line 185 [glue.process.err] [stress.process.err] GetLastError() is 57 : The parameter is incorrect. [glue.process.err] [stress.process.err] [glue.process.err] [stress.process.err] Do you want to break into the debugger? [glue.process.err] [stress.process.err] ********************* [glue.process.err] [stress.process.err] ********************* [glue.process.err] [stress.process.err] AWT Assertion Failure [glue.process.err] [stress.process.err] ********************* [glue.process.err] [stress.process.err] ::DeleteObject(hBM) [glue.process.err] [stress.process.err] File 'awt_Win32GraphicsDevice.cpp', at line 298 [glue.process.err] [stress.process.err] GetLastError() is 57 : The parameter is incorrect. [glue.process.err] [stress.process.err] [glue.process.err] [stress.process.err] Do you want to break into the debugger? [glue.process.err] [stress.process.err] ********************* [glue.process.err] [stress.process.err] ********************* [glue.process.err] [stress.process.err] AWT Assertion Failure [glue.process.err] [stress.process.err] ********************* [glue.process.err] [stress.process.err] ::DeleteDC(hBMDC) [glue.process.err] [stress.process.err] File 'awt_Win32GraphicsDevice.cpp', at line 299 [glue.process.err] [stress.process.err] GetLastError() is 6 : The handle is invalid. [glue.process.err] [stress.process.err]
P2_Backport_core-libs_JDK-8346749_File libCreationTimeHelper.c compile fails on Alpine_(no description)
P2_Backport_hotspot_JDK-8346630_runtime/handshake/HandshakeDirectTest.java causes "monitor end should be strictly below the frame pointer" assertion failure on AArch64_(no description)
P2_Backport_hotspot_JDK-8346900_Crash due to invalid oop in nmethod after C1 patching_(no description)
P2_Backport_hotspot_JDK-8346973_C2: basic blocks with only BoxLock nodes are wrongly treated as empty_(no description)
P2_Backport_hotspot_JDK-8347884_Add test for Allocation elimination after use as alignment reference by SuperWord_(no description)
P2_Backport_hotspot_JDK-8349657_ZGC: segmentation fault due to missing node type check in barrier elision analysis_(no description)
P2_Backport_security-libs_JDK-8348066_test/jdk/sun/security/x509/DNSName/LeadingPeriod.java validity check failed_(no description)
P2_Backport_tools_JDK-8348341_Crash: SIGSEGV in dlerror()_(no description)
P3_Backport_client-libs_JDK-8346812_Get rid of JApplet in test/jdk/sanity/client/lib/SwingSet2/src/DemoModule.java_(no description)
P3_Backport_client-libs_JDK-8346858_[XWayland] JavaFX hangs when calling java.awt.Robot.getPixelColor_(no description)
P3_Backport_client-libs_JDK-8346899_[XWayland] test/jdk/java/awt/Mouse/EnterExitEvents/ResizingFrameTest.java_(no description)
P3_Backport_client-libs_JDK-8349439_[TestBug] DefaultCloseOperation.java test not working as expected wrt instruction after JDK-8325851 fix_The PassFailJFrame.Builder class provides a way to configure the parameters of PassFailJFrame in a set of chained method calls. The Builder class is public and has public constructor. At the same time, a better design would be to hide all the Builder constructors and rely on the builder() method which returns an instance of the Builder. At the same time, the builder() helper wasn't available until JDK-8294156 which was integrated in October 2023 whereas the Builder class became available with JDK-8294535 in August 2023. For this reason, there are 20 tests which create the PassFailJFrame.Builder object using its constructor instead of the helper method. These tests have to be updated. To find these tests, run: grep -r 'new PassFailJFrame.Builder' test/jdk Hiding the PassFailJFrame.Builder constructor is a better design choice. New tests should not create the builder using the `new` keyword. To enforce it, the Builder constructor needs to be private.
P3_Backport_client-libs_JDK-8349443_Limit the length of inflated text chunks_(no description)
P3_Backport_client-libs_JDK-8350505_[Accessibility,Windows,JAWS] Bug in the getKeyChar method of the AccessBridge class_(no description)
P3_Backport_client-libs_JDK-8350531_TrayIcon tests fail in Ubuntu 24.10 Wayland_(no description)
P3_Backport_client-libs_JDK-8350669_javax/swing/JFileChooser/FileSystemView/WindowsDefaultIconSizeTest.java creates tmp file in src dir_(no description)
P3_Backport_core-libs_JDK-8346748_[REDO] java/nio/file/attribute/BasicFileAttributeView/CreationTime.java#tmp fails on alinux3_(no description)
P3_Backport_core-libs_JDK-8347876_Request with timeout aborts later in-flight request on HTTP/1.1 cxn_(no description)
P3_Backport_core-libs_JDK-8348843_(tz) Update Timezone Data to 2025a_(no description)
P3_Backport_core-libs_JDK-8349827_java/nio/file/Files/probeContentType/Basic.java fails on Windows 2025_(no description)
P3_Backport_core-libs_JDK-8349987_java/io/File/createTempFile/SpecialTempFile.java failing_(no description)
P3_Backport_core-libs_JDK-8354711_UpcallLinker::on_exit races with GC when copying frame anchor_(no description)
P3_Backport_hotspot_JDK-8345499_C2: Memory for TypeInterfaces not reclaimed by hashcons()_(no description)
P3_Backport_hotspot_JDK-8346000_[REDO] Native memory leak when not recording any events_(no description)
P3_Backport_hotspot_JDK-8346004_C2: assert(!n_loop->is_member(get_loop(lca))) failed: control must not be back in the loop_(no description)
P3_Backport_hotspot_JDK-8346189_AArch64: VM crashes with SIGILL when prctl is disallowed_(no description)
P3_Backport_hotspot_JDK-8346332_C2: Use after free in PhaseChaitin::Register_Allocate()_(no description)
P3_Backport_hotspot_JDK-8346891_Checked_cast assert in CDS compare_by_loader_(no description)
P3_Backport_hotspot_JDK-8347028_[s390x] minimal build failure_(no description)
P3_Backport_hotspot_JDK-8348201_Kmem limit and max values swapped when printing container information_(no description)
P3_Backport_hotspot_JDK-8348394_Shenandoah: Test TestJcmdHeapDump.java#aggressive intermittent assert(gc_cause() == GCCause::_no_gc) failed: Over-writing cause_(no description)
P3_Backport_hotspot_JDK-8348942_cpuset cgroups controller is required for no good reason_(no description)
P3_Backport_hotspot_JDK-8350001_[ubsan] adjustments to filemap.cpp and virtualspace.cpp for macOS aarch64_(no description)
P3_Backport_infrastructure_JDK-8347176_Compile tests with the same visibility rules as product code_(no description)
P3_Bug_infrastructure_JDK-8349729_[21u] AIX jtreg tests fail to compile with qvisibility=hidden_(no description)
P3_Backport_security-libs_JDK-8345708_Test sun/security/validator/samedn.sh CertificateNotYetValidException: NotBefore validation_(no description)
P3_Backport_security-libs_JDK-8345884_SunPKCS11 provider checks on PKCS11 Mechanism are problematic_(no description)
P3_Backport_security-libs_JDK-8346636_Test sun/security/pkcs11/Provider/RequiredMechCheck.java needs write access to src tree_(no description)
P3_Backport_security-libs_JDK-8346813_SunPKCS11 initialization will call C_GetMechanismInfo on unsupported mechanisms_(no description)
P3_Backport_security-libs_JDK-8346817_Google CAInterop test failures_(no description)
P3_Backport_security-libs_JDK-8348065_Certificate name constraints improperly validated with leading period_(no description)
P3_Backport_security-libs_JDK-8349870_Distrust TLS server certificates anchored by Camerfirma Root CAs_(no description)
P3_Backport_security-libs_JDK-8354709_Jarsigner should print a warning if an entry is removed_(no description)
P3_Backport_tools_JDK-8346079_Consolidate EmptyFolderTest and EmptyFolderPackageTest jpackage tests into single java file_(no description)
P3_Backport_tools_JDK-8346699_Incorrect format string after JDK-8339475_(no description)
P3_Backport_tools_JDK-8346815_Test BasicTest.java javac compile fails cannot find symbol_(no description)
P4_Backport_client-libs_JDK-8345701_Remove applet usage from JColorChooser tests Test4222508_(no description)
P4_Backport_client-libs_JDK-8345702_[TESTBUG] XparColor.java test fails with Error. Parse Exception: Invalid or unrecognized bugid: @_(no description)
P4_Backport_client-libs_JDK-8345707_Test javax/swing/JFileChooser/8080628/bug8080628.java doesn't test for GTK L&F_(no description)
P4_Backport_client-libs_JDK-8346395_Remove applet usage from JColorChooser tests Test4319113_(no description)
P4_Backport_client-libs_JDK-8346396_Remove applet usage from JColorChooser tests Test4759306_(no description)
P4_Backport_client-libs_JDK-8346397_Remove applet usage from JColorChooser tests Test6348456_(no description)
P4_Backport_client-libs_JDK-8346398_Convert java/awt/print/PageFormat/SetOrient.html applet test to main_(no description)
P4_Backport_client-libs_JDK-8346401_Remove applet usage from JColorChooser tests Test4887836_(no description)
P4_Backport_client-libs_JDK-8346402_Remove applet usage from JColorChooser tests Test6977726_(no description)
P4_Backport_client-libs_JDK-8346407_Open source few Undecorated Frame tests_(no description)
P4_Backport_client-libs_JDK-8346408_java/awt/Frame/MaximizeUndecoratedTest.java fails in OEL due to a slight color difference_(no description)
P4_Backport_client-libs_JDK-8346409_PrintNullString.java doesn't use float arguments_(no description)
P4_Backport_client-libs_JDK-8346417_Open source couple TextField related tests_(no description)
P4_Backport_client-libs_JDK-8346425_Improve JButton/bug4490179.java_(no description)
P4_Backport_client-libs_JDK-8346451_Open some swing tests 2_(no description)
P4_Backport_client-libs_JDK-8346452_Open some swing tests 4_(no description)
P4_Backport_client-libs_JDK-8346458_Open some swing tests 5_(no description)
P4_Backport_client-libs_JDK-8346459_Open some swing tests 6_(no description)
P4_Backport_client-libs_JDK-8346537_Convert java/awt/image/MemoryLeakTest/MemoryLeakTest.java applet test to main_(no description)
P4_Backport_client-libs_JDK-8346539_Convert java/awt/print/Dialog/PrintApplet.java applet test to main_(no description)
P4_Backport_client-libs_JDK-8346540_Convert javax/swing/JColorChooser/8065098/bug8065098.java applet test to main_(no description)
P4_Backport_client-libs_JDK-8346542_Convert java/awt/print/PrinterJob/PrinterDialogsModalityTest/PrinterDialogsModalityTest.html applet test to main_(no description)
P4_Backport_client-libs_JDK-8346624_Open source several Swing JTree JViewport KeyboardManager tests_(no description)
P4_Backport_client-libs_JDK-8346626_Remove applet usage from JColorChooser tests Test4759934_(no description)
P4_Backport_client-libs_JDK-8346627_Convert java/awt/im/JTextFieldTest.java applet test to main_(no description)
P4_Backport_client-libs_JDK-8346629_Frame not disposed in java/awt/dnd/DropActionChangeTest.java_(no description)
P4_Backport_client-libs_JDK-8346635_PassFailJFrame.java test result: Error. Bad action for script: build}_(no description)
P4_Backport_client-libs_JDK-8346640_java/awt/Graphics2D/ScaledTransform/ScaledTransform.java dialog does not get disposed_(no description)
P4_Backport_client-libs_JDK-8346646_Exclude List/KeyEventsTest/KeyEventsTest.java from running on macOS_(no description)
P4_Backport_client-libs_JDK-8346746_Open source several Swing JToolbar JTooltip JTree tests_(no description)
P4_Backport_client-libs_JDK-8346804_Open source several Swing JTree tests_(no description)
P4_Backport_client-libs_JDK-8346806_Open source several Swing JToolbar tests_(no description)
P4_Backport_client-libs_JDK-8346807_Delete Redundant Printer Dialog Modality Test_(no description)
P4_Backport_client-libs_JDK-8346816_Remove JButton/PressedButtonRightClickTest test_(no description)
P4_Backport_client-libs_JDK-8346851_Open source several AWT/2D related tests_(no description)
P4_Backport_client-libs_JDK-8346894_Open some swing tests_(no description)
P4_Backport_client-libs_JDK-8346895_Convert javax/swing/JCheckBox/8032667/bug8032667.java applet test to main_(no description)
P4_Backport_client-libs_JDK-8347096_Open source AWT List tests_(no description)
P4_Backport_client-libs_JDK-8347103_Clean up a few ExtendedRobot tests_(no description)
P4_Backport_client-libs_JDK-8347442_Convert java/awt/image/multiresolution/MultiDisplayTest/MultiDisplayTest.java applet test to main_(no description)
P4_Backport_client-libs_JDK-8347443_[TEST_BUG]GTK L&F: There is no swatches or RGB tab in JColorChooser_(no description)
P4_Backport_client-libs_JDK-8347589_[macos] Test java/awt/Frame/ExceptionOnSetExtendedStateTest/ExceptionOnSetExtendedStateTest.java fails_(no description)
P4_Backport_client-libs_JDK-8347878_Remove applet usage from JFileChooser tests bug6698013_(no description)
P4_Backport_client-libs_JDK-8347879_Manual printer tests have no Pass/Fail buttons, instructions close set 2_(no description)
P4_Backport_client-libs_JDK-8347882_Open source closed frame tests #1_(no description)
P4_Backport_client-libs_JDK-8347883_Write a test to check various components events are triggered properly_(no description)
P4_Backport_client-libs_JDK-8347930_DrawFocusRect() may cause an assertion failure_(no description)
P4_Backport_client-libs_JDK-8348057_[macOS] java/awt/dnd/NextDropActionTest/NextDropActionTest.java fails with java.lang.RuntimeException: wrong next drop action!_(no description)
P4_Backport_client-libs_JDK-8348059_Manual printer tests have no Pass/Fail buttons, instructions close set 1_(no description)
P4_Backport_client-libs_JDK-8348060_Convert PageFormat/Orient.java to use PassFailJFrame_(no description)
P4_Backport_client-libs_JDK-8348069_[macos] javax/swing/ProgressMonitor/ProgressMonitorEscapeKeyPress.java fails sometimes in macos_(no description)
P4_Backport_client-libs_JDK-8348070_java/awt/a11y/AccessibleJTableTest.java fails in some cases where the test tables are not visible_(no description)
P4_Backport_client-libs_JDK-8348071_Simplify JButton/bug4323121.java_(no description)
P4_Backport_client-libs_JDK-8348072_javax/swing/text/StyledEditorKit/4506788/bug4506788.java fails in ubuntu22.04_(no description)
P4_Backport_client-libs_JDK-8348331_Simplify awt/print/PageFormat/NullPaper.java test_(no description)
P4_Backport_client-libs_JDK-8348332_Use standard layouts in DefaultFrameIconTest.java and MenuCrash.java_(no description)
P4_Backport_client-libs_JDK-8348333_open source several AWT tests including menu shortcut tests_(no description)
P4_Backport_client-libs_JDK-8348339_[TESTBUG] java/awt/PrintJob/PrintCheckboxTest/PrintCheckboxManualTest.java fails with rror. Can't find HTML file PrintCheckboxManualTest.html_(no description)
P4_Backport_client-libs_JDK-8348947_Convert java/awt/Frame/FrameStateTest/FrameStateTest.html applet test to main_(no description)
P4_Backport_client-libs_JDK-8349277_test/jdk/javax/swing/JScrollBar/4865918/bug4865918.java fails in ubuntu22.04_(no description)
P4_Backport_client-libs_JDK-8349429_Add more details to FrameStateTest.java test instructions_(no description)
P4_Backport_client-libs_JDK-8349436_Open source several 2D tests_(no description)
P4_Backport_client-libs_JDK-8349437_[TEST_BUG]GTK L&F: There is no Details button in FileChooser Dialog_(no description)
P4_Backport_client-libs_JDK-8349642_open source several 2D imaging tests_(no description)
P4_Backport_client-libs_JDK-8350003_Error output in libjsound has non matching format strings_(no description)
P4_Backport_client-libs_JDK-8350407_Convert java/awt/print/bug8023392/bug8023392.html applet test to main_(no description)
P4_Backport_client-libs_JDK-8350408_Remove jtreg tag manual=yesno for java/awt/print/PrinterJob/PrintTextTest.java_(no description)
P4_Backport_client-libs_JDK-8350409_Write a test to compare the images_(no description)
P4_Backport_client-libs_JDK-8350529_javax/swing/JScrollBar/4865918/bug4865918.java fails in CI_(no description)
P4_Backport_client-libs_JDK-8350530_javax/swing/JScrollBar/4865918/bug4865918.java still fails in CI_(no description)
P4_Backport_client-libs_JDK-8350670_javax/imageio/plugins/wbmp/WBMPStreamTruncateTest.java creates temp file in src dir_(no description)
P4_Backport_client-libs_JDK-8350677_[TESTBUG] java/awt/Robot/ScreenCaptureRobotTest.java failing on macOS_(no description)
P4_Backport_core-libs_JDK-8345496_Fix usages of jtreg-reserved properties_(no description)
P4_Backport_core-libs_JDK-8345710_Update jdk/java/time/tck/java/time/TCKInstant.java now() to be more robust_(no description)
P4_Backport_core-libs_JDK-8346416_Rearrange reachabilityFence()s in jdk.test.lib.util.ForceGC_(no description)
P4_Backport_core-libs_JDK-8346631_Test java/nio/channels/Selector/WakeupNow.java failed_(no description)
P4_Backport_core-libs_JDK-8346641_java/net/httpclient/PlainProxyConnectionTest.java failed: Unexpected connection count: 5_(no description)
P4_Backport_core-libs_JDK-8348200_Update IANA Language Subtag Registry to Version 2024-11-19_(no description)
P4_Backport_core-libs_JDK-8348340_Improve debuggability of test/jdk/java/net/Socket/CloseAvailable.java_(no description)
P4_Backport_core-libs_JDK-8348397_Improve AnnotationFormatError message for duplicate annotation interfaces_(no description)
P4_Backport_core-libs_JDK-8348676_(ch) java/nio/channels/AsynchronousSocketChannel/StressLoopback.java times out (aix)_(no description)
P4_Backport_core-libs_JDK-8349830_java/io/File/createTempFile/SpecialTempFile.java fails on Windows Server 2025_(no description)
P4_Backport_core-libs_JDK-8349947_[JMH] jdk.incubator.vector.SpiltReplicate fails NoClassDefFoundError_(no description)
P4_Backport_core-libs_JDK-8349948_Replace usages of -mx and -ms in some tests_(no description)
P4_Backport_core-libs_JDK-8349998_(dc) java/nio/channels/DatagramChannel/InterruptibleOrNot.java fails with virtual thread factory_(no description)
P4_Backport_core-libs_JDK-8350000_Test java/nio/channels/FileChannel/LoopingTruncate.java fails sometimes with IOException: There is not enough space on the disk_(no description)
P4_Backport_core-libs_JDK-8350183_[aix] java/lang/ProcessHandle/InfoTest.java still fails: "reported cputime less than expected"_(no description)
P4_Backport_core-libs_JDK-8350310_[ubsan] ProcessImpl_md.c:561:40: runtime error: applying zero offset to null pointer on macOS aarch64_(no description)
P4_Backport_core-libs_JDK-8350684_HTTP/2 stream cancelImpl may leave subscriber registered_(no description)
P4_Bug_core-libs_JDK-8352097_(tz) zone.tab update missed in 2025a backport_(no description)
P4_Backport_core-libs_JDK-8354712_UpcallLinker::on_entry racingly clears pending exception with GC safepoints_(no description)
P4_Backport_core-libs_JDK-8354713_ProgrammableUpcallHandler::on_entry/on_exit access thread fields from native_(no description)
P4_Backport_core-svc_JDK-8345703_Test com/sun/jdi/InterruptHangTest.java failed: Thread was never interrupted during sleep_(no description)
P4_Backport_core-svc_JDK-8346412_Test javax/management/remote/mandatory/notif/NotifReconnectDeadlockTest.java failed with NullPointerException_(no description)
P4_Backport_core-svc_JDK-8347276_OperatingSystemMXBean.getSystemCpuLoad() throws NPE_(no description)
P4_Backport_core-svc_JDK-8347588_Test com/sun/jmx/remote/NotificationMarshalVersions/TestSerializationMismatch.java fails_(no description)
P4_Backport_core-svc_JDK-8348944_vmTestbase/nsk/jdwp/ThreadReference/ForceEarlyReturn/forceEarlyReturn002/forceEarlyReturn002.java timed out_(no description)
P4_Backport_core-svc_JDK-8348953_Exceptions in javax/management DeadLockTest.java do not cause test failure_(no description)
P4_Backport_core-svc_JDK-8349427_Remove unused JVMDITools test files_(no description)
P4_Backport_core-svc_JDK-8349438_javax/management/remote/mandatory/connection/DeadLockTest.java failing with NoSuchObjectException: no such object in table_(no description)
P4_Backport_core-svc_JDK-8350312_[macOS]: UnixOperatingSystem.c:67:40: runtime error: division by zero_(no description)
P4_Backport_hotspot_JDK-8345494_JitTester: Implement temporary folder functionality_(no description)
P4_Backport_hotspot_JDK-8345495_Add counting leading/trailing zero tests for Integer_(no description)
P4_Backport_hotspot_JDK-8345508_PPC64: C1 unwind_handler fails to unlock synchronized methods with LM_MONITOR_(no description)
P4_Backport_hotspot_JDK-8345771_PPC64: ObjectMonitor::_owner should be reset unconditionally in nmethod unlocking_(no description)
P4_Backport_hotspot_JDK-8345866_jdk/jfr/startupargs/TestStartDuration.java should be marked as flagless_(no description)
P4_Backport_hotspot_JDK-8345914_Misc crash dump improvements on more platforms after JDK-8294160_(no description)
P4_Backport_hotspot_JDK-8345915_Cleanup os::print_tos_pc on AIX_(no description)
P4_Backport_hotspot_JDK-8345983_CompileBroker::possibly_add_compiler_threads excessively polls available memory_(no description)
P4_Backport_hotspot_JDK-8346001_DSO created with -ffast-math breaks Java floating-point arithmetic_(no description)
P4_Backport_hotspot_JDK-8346021_[REDO] Implement C2 VectorizedHashCode on AArch64_(no description)
P4_Backport_hotspot_JDK-8346075_jcmd: Compiler.CodeHeap_Analytics cmd does not inform about missing aggregate_(no description)
P4_Bug_hotspot_JDK-8346108_[21u][BACKOUT] 8337994: [REDO] Native memory leak when not recording any events_(no description)
P4_Backport_hotspot_JDK-8346155_jdk/jfr/event/gc/stacktrace/TestParallelMarkSweepAllocationPendingStackTrace.java failed with "OutOfMemoryError: GC overhead limit exceeded"_(no description)
P4_Backport_hotspot_JDK-8346191_Check return value of hcreate_r_(no description)
P4_Backport_hotspot_JDK-8346286_Disable unstable check of ThreadsListHandle.sanity_vm ThreadList values_(no description)
P4_Backport_hotspot_JDK-8346403_pthread_attr_init handle return value and destroy pthread_attr_t object_(no description)
P4_Backport_hotspot_JDK-8346413_Redo fix for JDK-8284620_(no description)
P4_Backport_hotspot_JDK-8346578_SA core file support is broken on macosx-x64 starting with macOS 12.x_(no description)
P4_Backport_hotspot_JDK-8346647_The libjsig deprecation warning should go to stderr not stdout_(no description)
P4_Backport_hotspot_JDK-8346808_Add jtreg test for large arrayCopy disjoint case._(no description)
P4_Backport_hotspot_JDK-8346809_C2 SuperWord: some additional PopulateIndex tests_(no description)
P4_Backport_hotspot_JDK-8346842_vmTestbase/nsk/stress/strace/strace015.java failed with 'Cannot read the array length because "<local4>" is null'_(no description)
P4_Backport_hotspot_JDK-8347440_Use google test string comparison macros_(no description)
P4_Backport_hotspot_JDK-8347579_[TESTBUG] Jtreg compiler/loopopts/superword/TestDependencyOffsets.java fails on 512-bit SVE_(no description)
P4_Backport_hotspot_JDK-8347584_Improve heap walking API tests to verify correctness of field indexes_(no description)
P4_Backport_hotspot_JDK-8347592_Normalize Random usage by incubator vector tests_(no description)
P4_Backport_hotspot_JDK-8347593_compiler/codecache/CheckSegmentedCodeCache.java fails_(no description)
P4_Backport_hotspot_JDK-8348058_com/sun/tools/attach/BasicTests.java does not verify AgentLoadException case_(no description)
P4_Backport_hotspot_JDK-8348061_Remove all code for nsk.share.Log verbose mode_(no description)
P4_Backport_hotspot_JDK-8348329_test_nmt_locationprinting.cpp broken in the gcc windows build_(no description)
P4_Backport_hotspot_JDK-8348395_Epsilon: Demote heap size and AlwaysPreTouch warnings to info level_(no description)
P4_Backport_hotspot_JDK-8348946_GTest needs larger combination limit_(no description)
P4_Backport_hotspot_JDK-8348952_ASAN reports use-after-free in DirectivesParserTest.empty_object_vm_(no description)
P4_Backport_hotspot_JDK-8349045_java/util/zip/EntryCount64k.java failing with java.lang.RuntimeException: '\\A\\Z' missing from stderr_(no description)
P4_Backport_hotspot_JDK-8349430_Two CDS tests fail with -UseCompressedOops and UseSerialGC/UseParallelGC_(no description)
P4_Backport_hotspot_JDK-8349453_[AIX] Beginning with AIX 7.3 TL1 mmap() supports 64K memory pages_(no description)
P4_Backport_hotspot_JDK-8349640_Update failure handler to don't generate Error message if cores actions are empty_(no description)
P4_Backport_hotspot_JDK-8349856_[testsuite] NeverActAsServerClassMachine breaks TestPLABAdaptToMinTLABSize.java TestPinnedHumongousFragmentation.java TestPinnedObjectContents.java_(no description)
P4_Backport_hotspot_JDK-8349983_AArch64: Build failure with clang due to -Wformat-nonliteral warning_(no description)
P4_Backport_hotspot_JDK-8350002_[ubsan] logSelection.cpp:154:24 / logSelectionList.cpp:72:94 : runtime error: applying non-zero offset 1 to null pointer_(no description)
P4_Backport_hotspot_JDK-8350191_Linux ppc64le with toolchain clang - detection failure in early JVM startup_(no description)
P4_Backport_hotspot_JDK-8350291_Virtual Threads: exclude 2 tests_(no description)
P4_Backport_hotspot_JDK-8350311_[ubsan] logOutput.cpp:357:21: runtime error: applying non-zero offset 1 to null pointer_(no description)
P4_Backport_hotspot_JDK-8350527_gc/TestDisableExplicitGC.java fails due to unexpected CodeCache GC_(no description)
P4_Backport_hotspot_JDK-8350528_Add more linesize for MIME decoder in macro bench test Base64Decode_(no description)
P4_Backport_hotspot_JDK-8350658_Adjust exception No type named <ThreadType> in database_(no description)
P4_Enhancement_infrastructure_JDK-8345370_Bump update version for OpenJDK: jdk-21.0.7_(no description)
P4_Backport_infrastructure_JDK-8346266_[macos] [build]: install-file macro may run into permission denied error_(no description)
P4_Backport_infrastructure_JDK-8346267_Make target mac-jdk-bundle fails on chmod command_(no description)
P4_Backport_infrastructure_JDK-8346617_GHA: Collect hs_errs from build time failures_(no description)
P4_Backport_infrastructure_JDK-8346618_GHA: Report truncation is broken after JDK-8341424_(no description)
P4_Backport_infrastructure_JDK-8347403_GHA: Build JTReg in single step_(no description)
P4_Backport_infrastructure_JDK-8349426_Timeout handler on Windows takes 2 hours to complete_(no description)
P4_Bug_infrastructure_JDK-8349603_[21u, 17u, 11u] Update GHA JDKs after Jan/25 updates_(no description)
P4_Backport_security-libs_JDK-8348067_Fix and rewrite sun/security/x509/DNSName/LeadingPeriod.java test_(no description)
P4_Backport_security-libs_JDK-8349986_Serialization considerations_(no description)
P4_Backport_security-libs_JDK-8350671_Test javax/net/ssl/SSLSocket/Tls13PacketSize.java failed with java.net.SocketException: An established connection was aborted by the software in your host machine_(no description)
P4_Backport_tools_JDK-8347583_RuntimePackageTest.testUsrInstallDir test fails on Linux_(no description)
P4_Backport_tools_JDK-8347644_Remove unused imports from `ModuleGenerator` test file_(no description)
P4_Backport_tools_JDK-8347877_With malformed --app-image the error messages are awful_(no description)
P4_Backport_tools_JDK-8349996_BasicAnnoTests doesn't handle multiple annotations at the same position_(no description)
P4_Backport_tools_JDK-8350568_Upgrade JLine to 3.26.1_(no description)
P4_Bug_infrastructure_JDK-8353904_[21u] Remove designator DEFAULT_PROMOTED_VERSION_PRE=ea for release 21.0.7_(no description)
P4_Backport_other-libs_JDK-8345497_Normalize string with locale invariant `toLowerCase()`_(no description)
P4_Backport_security-libs_JDK-8345709_Logs truncated in test javax/net/ssl/DTLS/DTLSRehandshakeTest.java_(no description)
P4_Backport_security-libs_JDK-8346421_Update PKCS#11 Cryptographic Token Interface to v3.1_(no description)
P4_Backport_security-libs_JDK-8346634_test/jdk/sun/security/tools/jarsigner/PreserveRawManifestEntryAndDigest.java can fail due to regex_(no description)
P4_Backport_tools_JDK-8346077_test/jdk/tools/jpackage/share/ServiceTest.java test fails_(no description)
P4_Backport_tools_JDK-8346078_Remove `--compress` from jlink command lines from jpackage tests_(no description)
P4_Backport_tools_JDK-8346187_tools/jpackage/windows/Win8282351Test.java fails with java.lang.AssertionError: Expected [0]. Actual [1618]:_(no description)
P4_Backport_tools_JDK-8346428_Move common properties from jpackage jtreg test declarations to TEST.properties file_(no description)
P4_Backport_tools_JDK-8346577_tools/jpackage/windows/Win8301247Test.java fails on localized Windows platform_(no description)
P4_Backport_tools_JDK-8346698_Clean up return code handling for pthread calls in library coding_(no description)
P4_Backport_tools_JDK-8346814_Rework BasicTest.testTemp test cases_(no description)
P4_Backport_tools_JDK-8346857_jpackage test helper function incorrectly removes a directory instead of its contents only_(no description)
P4_Backport_tools_JDK-8347012_Move jpackage tests from "jdk.jpackage.tests" package to the default package_(no description)
P4_Backport_tools_JDK-8347100_Use OperatingSystem, Architecture, and OSVersion in jpackage tests_(no description)
P4_Backport_tools_JDK-8347317_Improve test coverage for class loading elements with annotations of different retentions_(no description)
P4_Backport_tools_JDK-8347580_jpackage tests run osx-specific checks on windows and linux_(no description)
P4_Backport_tools_JDK-8354710_Clean up the code in sun.tools.jar.Main to properly close resources and use ZipFile during extract_(no description)
P5_Backport_client-libs_JDK-8347892_Use latch in BasicMenuUI/bug4983388.java instead of delay_(no description)
P5_Backport_core-libs_JDK-8347587_Update code gen in CallGeneratorHelper_(no description)
P5_Backport_core-libs_JDK-8345498_Cleanups and JUnit conversion of test/jdk/java/util/zip/Available.java_(no description)
P5_Backport_hotspot_JDK-8349432_failure_handler should execute gdb "info threads" command on linux_(no description)
P?_Hidden_JDK-8337494_Clarify JarInputStream behavior_(no description)
P?_Hidden_JDK-8337692_Better TLS connection support_(no description)
P?_Hidden_JDK-8338430_Improve compiler transformations_(no description)
P?_Hidden_JDK-8342562_Enhance Deflater operations_(no description)
P?_Hidden_JDK-8343007_Enhance Buffered Image handling_(no description)
P?_Hidden_JDK-8347847_Enhance jar file support_21.0.6+7_(no description)
P2_Backport_core-libs_JDK-8342726_Tests create files in src tree instead of scratch dir_(no description)
P2_Backport_core-libs_JDK-8343612_LambdaForm customization via MethodHandle::updateForm is not thread safe_(no description)
P2_Backport_core-svc_JDK-8344392_Additional tests in jmxremote/startstop to match on PID not app name_(no description)
P2_Backport_hotspot_JDK-8340156_ResolvedReferencesNotNullTest.java failed with Incorrect resolved references array, quxString should not be archived_(no description)
P2_Backport_hotspot_JDK-8340886_Tests crash: assert(is_in_encoding_range || k->is_interface() || k->is_abstract()) failed: sanity_(no description)
P2_Backport_hotspot_JDK-8343520_Repeated call of StringBuffer.reverse with double byte string returns wrong result_(no description)
P2_Backport_hotspot_JDK-8343524_C2 compilation asserts with "no node with a side effect" in PhaseIdealLoop::try_sink_out_of_loop_(no description)
P2_Backport_security-libs_JDK-8343927_Replace hardcoded security providers with new test.provider.name system property_(no description)
P2_Backport_security-libs_JDK-8344276_Update tests to use stronger Key and Salt size_(no description)
P2_Backport_security-libs_JDK-8344398_Update tests to use stronger key parameters and certificates_(no description)
P2_Backport_security-libs_JDK-8344400_Update tests to use stronger algorithms and keys_(no description)
P3_Backport_client-libs_JDK-8340023_[macos13] setFullScreenWindow() shows black screen on macOS 13 & above_(no description)
P3_Backport_client-libs_JDK-8340170_Update ProblemList.txt with tests known to fail on XWayland_(no description)
P3_Backport_client-libs_JDK-8342554_Crash in ImageIO JPEG decoding when MEM_STATS in enabled_(no description)
P3_Backport_client-libs_JDK-8343042_When the Tab Policy is checked,the scroll button direction displayed incorrectly._(no description)
P3_Backport_client-libs_JDK-8343043_click JComboBox when dialog about to close causes IllegalComponentStateException_(no description)
P3_Backport_client-libs_JDK-8343254_[macos] Screen magnifier does not show the magnified text for JComboBox_(no description)
P3_Backport_client-libs_JDK-8343255_[macos] Regression: KeyEvent has different keycode on different keyboard layouts_(no description)
P3_Backport_client-libs_JDK-8343364_Remove wildcard bound in PositionWindows.positionTestWindows_(no description)
P3_Bug_core-libs_JDK-8338748_[17u,21u] Test Disconnect.java compile error: cannot find symbol after JDK-8299813_(no description)
P3_Backport_core-libs_JDK-8340783_java/util/concurrent/locks/Lock/OOMEInAQS.java still times out with ZGC, Generational ZGC, and SerialGC_(no description)
P3_Backport_core-libs_JDK-8341941_(se) Deferred close of SelectableChannel may result in a Selector doing the final close before concurrent I/O on channel has completed_(no description)
P3_Backport_core-libs_JDK-8343828_generic type information lost on mandated parameters of record's compact constructors_(no description)
P3_Backport_core-libs_JDK-8344678_(tz) Update Timezone Data to 2024b_(no description)
P3_Backport_core-libs_JDK-8344964_Test AsyncClose.java intermittent fails - Socket.getInputStream().read() wasn't preempted_(no description)
P3_Backport_core-svc_JDK-8344291_JMXStatusTest.java fails assertion intermittently_(no description)
P3_Backport_hotspot_JDK-8339681_crash: pinned virtual thread will lead to jvm crash when running with the javaagent option_(no description)
P3_Backport_hotspot_JDK-8340160_runtime/cds/DeterministicDump.java fails with File content different at byte ..._(no description)
P3_Backport_hotspot_JDK-8340817_RISC-V: C ABI breakage for integer on stack_(no description)
P3_Backport_hotspot_JDK-8341054_Hotspot should be able to use more than 64 logical processors on Windows_(no description)
P3_Backport_hotspot_JDK-8341112_VM issues warning failure to find kernel32.dll on Windows nanoserver_(no description)
P3_Backport_hotspot_JDK-8341192_Concurrent GC crashed due to GetMethodDeclaringClass_(no description)
P3_Backport_hotspot_JDK-8341515_Update OS detection code to recognize Windows Server 2025_(no description)
P3_Backport_hotspot_JDK-8342060_AArch64: Save and restore FPCR in the call stub_(no description)
P3_Backport_hotspot_JDK-8342516_[AArch64] C1 compilation fails with "Field too big for insn"_(no description)
P3_Backport_hotspot_JDK-8342571_AArch64: Restore FPU control state after JNI_(no description)
P3_Backport_hotspot_JDK-8343210_[PPC64] TestOSRLotsOfLocals.java crashes_(no description)
P3_Backport_hotspot_JDK-8343301_[s390x] TestOSRLotsOfLocals.java crashes_(no description)
P3_Backport_hotspot_JDK-8343349_C2: assert(!loop->is_member(get_loop(useblock))) failed: must be outside loop_(no description)
P3_Backport_hotspot_JDK-8343538_C2/Shenandoah: SEGV in compiled code when running jcstress_(no description)
P3_Backport_hotspot_JDK-8343645_TestLoadBypassesNullCheck.java fails improperly specified VM option_(no description)
P3_Backport_hotspot_JDK-8344416_[JFR] Long strings should be added to the string pool_(no description)
P3_Backport_hotspot_JDK-8345290_java.lang.Process is unresponsive and CPU usage spikes to 100%_(no description)
P3_Backport_security-libs_JDK-8339816_IP Address error when client enables HTTPS endpoint check on server socket_(no description)
P3_Backport_security-libs_JDK-8339817_Update Public Suffix List to 1cbd6e7_(no description)
P3_Backport_security-libs_JDK-8340204_Regtest java/security/Security/SynchronizedAccess.java is incorrect_(no description)
P3_Backport_security-libs_JDK-8340333_SHAKE256 does not work correctly if n >= 137_(no description)
P3_Backport_security-libs_JDK-8340504_test/jdk/sun/security/tools/keytool/NssTest.java fails to compile_(no description)
P3_Backport_security-libs_JDK-8342049_Update NSS to version 3.96_(no description)
P3_Backport_security-libs_JDK-8343350_Test sun/security/pkcs11/sslecc/ClientJSSEServerJSSE.java failed with: Invalid ECDH ServerKeyExchange signature_(no description)
P3_Backport_security-libs_JDK-8343514_Add a Test against ECDSA and ECDH NIST Test vector_(no description)
P3_Backport_security-libs_JDK-8344657_Improve logging in OCSPTimeout and SimpleOCSPResponder to help diagnose JDK-8309754_(no description)
P3_Backport_tools_JDK-8345317_SystemModulesMap::classNames and moduleNames arrays do not match the order_(no description)
P4_Backport_client-libs_JDK-8339815_gtk headers : Fix typedef redeclaration of GMainContext and GdkPixbuf_(no description)
P4_Backport_client-libs_JDK-8340169_[macos13] java/awt/Frame/MaximizedToIconified/MaximizedToIconified.java: getExtendedState() != 6 as expected._(no description)
P4_Backport_client-libs_JDK-8340429_java/awt/Mouse/EnterExitEvents/ResizingFrameTest.java duplicate in ProblemList_(no description)
P4_Backport_client-libs_JDK-8340508_[XWayland] move screencast tokens from .awt to .java folder_(no description)
P4_Backport_client-libs_JDK-8340879_java.desktop/share/classes/javax/swing/text/html/default.css typo in margin settings_(no description)
P4_Backport_client-libs_JDK-8341699_Refactor KeyEvent/FunctionKeyTest.java_(no description)
P4_Backport_client-libs_JDK-8341942_Convert applet test java/awt/List/SetFontTest/SetFontTest.html to main program_(no description)
P4_Backport_client-libs_JDK-8342054_KeyEvent/KeyTyped/Numpad1KeyTyped.java has 15 seconds timeout_(no description)
P4_Backport_client-libs_JDK-8342685_Use PassFailJFrame.Builder.splitUI() in PrintLatinCJKTest.java_(no description)
P4_Backport_client-libs_JDK-8342793_Implement pausing functionality for the PassFailJFrame_(no description)
P4_Backport_client-libs_JDK-8342922_Add a log area to the PassFailJFrame_(no description)
P4_Backport_client-libs_JDK-8343045_PageFormat/CustomPaper.java has no Pass/Fail buttons; multiple instructions_(no description)
P4_Backport_client-libs_JDK-8342073_Call to insertText with single character from custom Input Method ignored_(no description)
P4_Backport_client-libs_JDK-8343199_Convert URLDragTest.html applet test to main_(no description)
P4_Backport_client-libs_JDK-8343303_ConfigureNotify behavior has changed in KWin 6.2_(no description)
P4_Backport_client-libs_JDK-8343351_Select{Current,New}ItemTest.java for Choice don't open popup on macOS_(no description)
P4_Backport_client-libs_JDK-8343353_Add positionTestUI() to PassFailJFrame.Builder_(no description)
P4_Backport_client-libs_JDK-8343356_Add border around instructions in PassFailJFrame_(no description)
P4_Backport_client-libs_JDK-8343357_PassFailJFrame: Make rows default to number of lines in instructions_(no description)
P4_Backport_client-libs_JDK-8343360_Amend description for logArea_(no description)
P4_Backport_client-libs_JDK-8343362_Position the first window of a window list_(no description)
P4_Backport_client-libs_JDK-8343371_Add description for PassFailJFrame constructors_(no description)
P4_Backport_client-libs_JDK-8343518_Provide layouts for multiple test UI in PassFailJFrame_(no description)
P4_Backport_client-libs_JDK-8343519_Update description of PassFailJFrame and samples_(no description)
P4_Backport_client-libs_JDK-8343613_Add border inside instruction frame in PassFailJFrame_(no description)
P4_Backport_client-libs_JDK-8343614_Improve default instruction frame title in PassFailJFrame_(no description)
P4_Backport_client-libs_JDK-8343746_ProblemList BasicDirectoryModel/LoaderThreadCount.java on Windows_(no description)
P4_Backport_client-libs_JDK-8344295_Disable ubsan checks in some awt/2d coding_(no description)
P4_Bug_core-libs_JDK-8337966_(fs) Files.readAttributes fails with Operation not permitted on older docker releases_(no description)
P4_Backport_core-libs_JDK-8340447_Improve parsing of Day/Month in tzdata rules_(no description)
P4_Backport_core-libs_JDK-8340550_Files.isReadable/isWritable/isExecutable expensive when file does not exist_(no description)
P4_Backport_core-libs_JDK-8340589_update manual test/jdk/TEST.groups_(no description)
P4_Backport_core-libs_JDK-8340603_Retire binary test vectors in test/jdk/java/util/zip/ZipFile_(no description)
P4_Backport_core-libs_JDK-8340604_Add test case for ZipFile opening a ZIP with no entries_(no description)
P4_Backport_core-libs_JDK-8340612_DeflaterDictionaryTests should use Deflater.getBytesWritten instead of Deflater.getTotalOut_(no description)
P4_Backport_core-libs_JDK-8340734_Add tests for virtual threads doing Selector operations_(no description)
P4_Backport_core-libs_JDK-8340776_Java file extension missing in AuthenticatorTest_(no description)
P4_Backport_core-libs_JDK-8340989_update jdk_core at open/test/jdk/TEST.groups_(no description)
P4_Backport_core-libs_JDK-8341016_java/nio/channels/Selector/SelectWithConsumer.java#id0 failed in testWakeupDuringSelect_(no description)
P4_Backport_core-libs_JDK-8341824_ProcessHandleImpl os_getChildren sysctl call - retry in case of ENOMEM and enhance exception message_(no description)
P4_Backport_core-libs_JDK-8342057_ProblemList java/nio/channels/DatagramChannel/ for Macos_(no description)
P4_Bug_core-libs_JDK-8342063_[21u][aix] Backport introduced redundant line in ProblemList_(no description)
P4_Backport_core-libs_JDK-8342900_SaslInputStream.read() may return wrong value_(no description)
P4_Backport_core-libs_JDK-8343354_Add extra diagnostic to java/net/InetAddress/ptr/Lookup.java_(no description)
P4_Backport_core-libs_JDK-8343363_Reading from an input stream backed by a closed ZipFile has no test coverage_(no description)
P4_Backport_core-libs_JDK-8343368_Add some additional diagnostic output to java/net/ipv6tests/UdpTest.java_(no description)
P4_Backport_core-libs_JDK-8343464_ClassicFormat::parseObject (from DateTimeFormatter) does not conform to the javadoc and may leak DateTimeException_(no description)
P4_Backport_core-libs_JDK-8343611_Acknowledge case insensitive unambiguous keywords in tzdata files_(no description)
P4_Backport_core-libs_JDK-8344296_java/net/httpclient/ManyRequests2.java fails intermittently on Linux_(no description)
P4_Backport_core-libs_JDK-8344574_ThreadLocal.nextHashCode can be static final_(no description)
P4_Backport_core-libs_JDK-8344679_Several tests from corelibs areas ignore VM flags_(no description)
P4_Bug_core-libs_JDK-8344993_[21u] [REDO] Backport JDK-8327501 and JDK-8328366 to JDK 21_When the ForkJoinPool.commonPool() creates new worker threads, they capture an AccessControlContext from the location where they were created, which means that the class won't get unloaded for the lifetime of that worker thread.
P4_Backport_core-libs_JDK-8345417_Thread.setContextClassloader from thread in FJP commonPool task no longer works after JDK-8327501 redux_When the ForkJoinPool.commonPool() creates new worker threads, they capture an AccessControlContext from the location where they were created, which means that the class won't get unloaded for the lifetime of that worker thread.
P4_Backport_core-svc_JDK-8340152_3 JDI tests timed out with UT enabled_(no description)
P4_Backport_core-svc_JDK-8340153_NSK tests should listen on loopback addresses only_(no description)
P4_Backport_core-svc_JDK-8343602_java/lang/management/ThreadMXBean/Locks.java transient failures_(no description)
P4_Backport_core-svc_JDK-8343912_JDI stopListening/stoplis001 "FAILED: listening is successfully stopped without starting listening"_(no description)
P4_Backport_core-svc_JDK-8343919_vmTestbase/nsk/jdb/kill/kill001/kill001.java fails with C1_(no description)
P4_Backport_core-svc_JDK-8344677_sun/management/jmxremote/bootstrap/SSLConfigFilePermissionTest.java failed with BindException: Address already in use_(no description)
P4_Backport_hotspot_JDK-8339146_Exclude Fingerprinter::do_type from ubsan checks_(no description)
P4_Backport_hotspot_JDK-8339147_SeenThread::print_action_queue called on a null pointer_(no description)
P4_Backport_hotspot_JDK-8339272_AArch64: enable tests compiler/intrinsics/Test(Long|Integer)UnsignedDivMod.java on aarch64_(no description)
P4_Backport_hotspot_JDK-8339273_RISC-V: compiler/intrinsics/TestInteger/LongUnsignedDivMod.java failed with "counts: Graph contains wrong number of nodes"_(no description)
P4_Backport_hotspot_JDK-8339315_[test] runtime/os/TestTracePageSizes move ppc handling_(no description)
P4_Backport_hotspot_JDK-8339323_map_or_reserve_memory_aligned Windows enhance remap assertion_(no description)
P4_Backport_hotspot_JDK-8339397_RISC-V: C2: Change C calling convention for sp to NS_(no description)
P4_Backport_hotspot_JDK-8339585_remove old remap assertion in map_or_reserve_memory_aligned after JDK-8338058_(no description)
P4_Backport_hotspot_JDK-8339589_RISC-V: Remove li64 macro assembler routine and related code_(no description)
P4_Backport_hotspot_JDK-8339814_Clean up vmTestbase/nsk/stress/stack tests_(no description)
P4_Backport_hotspot_JDK-8339841_AArch64: u32 _partial_subtype_ctr loaded/stored as 64_(no description)
P4_Backport_hotspot_JDK-8340136_serviceability/jvmti/vthread/PopFrameTest failed with a timeout_(no description)
P4_Backport_hotspot_JDK-8340154_Update several runtime/cds tests to use vm flags or mark as flagless_(no description)
P4_Backport_hotspot_JDK-8340155_TestCDSVMCrash fails on libgraal_(no description)
P4_Backport_hotspot_JDK-8340157_Add JavacBench as a test case for CDS_(no description)
P4_Backport_hotspot_JDK-8340159_Update vmTestbase/nsk/share/DebugeeProcess.java to don't use finalization_(no description)
P4_Backport_hotspot_JDK-8340356_ubsan: bytecodeInfo.cpp:318:59: runtime error: division by zero_(no description)
P4_Backport_hotspot_JDK-8340430_MethodExitTest may fail with stack buffer overrun_(no description)
P4_Backport_hotspot_JDK-8340500_TestAutoCreateSharedArchiveUpgrade.java should be updated with JDK 21_(no description)
P4_Backport_hotspot_JDK-8340502_Make 5 compiler tests use ProcessTools.executeProcess_(no description)
P4_Backport_hotspot_JDK-8340607_Exceptions::wrap_dynamic_exception() doesn't have ResourceMark_(no description)
P4_Backport_hotspot_JDK-8340615_Update JCStress test suite_(no description)
P4_Backport_hotspot_JDK-8340626_[s390x] Provide implementation for resolve_global_jobject_(no description)
P4_Backport_hotspot_JDK-8340630_vmTestbase/gc/g1/unloading/tests/unloading_keepRef_rootClass_inMemoryCompilation_keep_cl failed with Full gc happened. Test was useless._(no description)
P4_Backport_hotspot_JDK-8341259_Improve CDSHeapVerifier in handling of interned strings_(no description)
P4_Backport_hotspot_JDK-8341322_C1: assert(0 <= i && i < _len) failed: illegal index 5 for length 5_(no description)
P4_Backport_hotspot_JDK-8341323_Parsing jsr broken: assert(bci>= 0 && bci < c->method()->code_size()) failed: index out of bounds_(no description)
P4_Backport_hotspot_JDK-8341479_[PPC64] SA determines wrong unextendedSP_(no description)
P4_Backport_hotspot_JDK-8341821_The class LogSelection copies uninitialized memory_(no description)
P4_Backport_hotspot_JDK-8341823_ZGC: Division by zero in rule_major_allocation_rate_(no description)
P4_Backport_hotspot_JDK-8341943_Exclude two compiler/rtm/locking tests on ppc64le_(no description)
P4_Backport_hotspot_JDK-8341960_RISC-V: Generate comments in -XX:+PrintInterpreter to link to source code_(no description)
P4_Backport_hotspot_JDK-8341962_ubsan : dependencies.cpp:906:3: runtime error: load of value 4294967295, which is not a valid value for type 'DepType'_(no description)
P4_Backport_hotspot_JDK-8341973_RISC-V: C2: Small improvement to vector gather load and scatter store_(no description)
P4_Backport_hotspot_JDK-8342020_[IR Framework] Add support for IR tests with @Stable_(no description)
P4_Backport_hotspot_JDK-8342021_Test testlibrary_tests/ir_framework/tests/TestPrivilegedMode.java fails with release build_(no description)
P4_Backport_hotspot_JDK-8342048_runtime/logging/ClassLoadUnloadTest.java doesn't reliably trigger class unloading_(no description)
P4_Backport_hotspot_JDK-8342050_Test runtime/classFileParserBug/Bad_NCDFE_Msg.java won't compile_(no description)
P4_Backport_hotspot_JDK-8342056_C2: Fix UB of jlong overflow in PhaseIdealLoop::is_counted_loop()_(no description)
P4_Backport_hotspot_JDK-8342391_RISC-V: Unnecessary fences used for load-acquire in template interpreter_(no description)
P4_Backport_hotspot_JDK-8342395_Assertion on AIX - original PC must be in the main code section of the compiled method_(no description)
P4_Backport_hotspot_JDK-8342396_RISC-V: Avoid passing t0 as temp register to MacroAssembler:: cmpxchg_obj_header/cmpxchgptr_(no description)
P4_Backport_hotspot_JDK-8342527_Ubsan: ciEnv.cpp:1660:65: runtime error: member call on null pointer of type 'struct CompileTask'_(no description)
P4_Backport_hotspot_JDK-8342532_RISC-V: ZStoreBarrierStubC2 clobbers rflags_(no description)
P4_Backport_hotspot_JDK-8342551_Tests assume UnlockExperimentalVMOptions is disabled by default_(no description)
P4_Backport_hotspot_JDK-8342572_Aarch64: Generate comments in -XX:+PrintInterpreter to link to source code_(no description)
P4_Backport_hotspot_JDK-8342710_CTW: Add StressIncrementalInlining to stress options_(no description)
P4_Backport_hotspot_JDK-8342722_[JVMCI] Unintuitive behavior of UseJVMCICompiler option_(no description)
P4_Bug_hotspot_JDK-8342669_[21u] Fix TestArrayAllocatorMallocLimit after backport of JDK-8315097_(no description)
P4_Backport_hotspot_JDK-8342851_Shenandoah: Unused ShenandoahSATBAndRemarkThreadsClosure::_claim_token_(no description)
P4_Backport_hotspot_JDK-8343028_G1: Nmethod count statistics only count last code root set iterated_(no description)
P4_Backport_hotspot_JDK-8343203_[PPC64]: postalloc_expand_java_dynamic_call_sched does not copy all fields_(no description)
P4_Enhancement_hotspot_JDK-8342765_[21u] RTM tests assume UnlockExperimentalVMOptions is disabled by default_(no description)
P4_Backport_hotspot_JDK-8343591_ubsan: shenandoahFreeSet.cpp:1347:24: runtime error: division by zero_(no description)
P4_Backport_hotspot_JDK-8343908_jvmti/StopThread/stopthrd007 failed with "NoClassDefFoundError: Could not initialize class jdk.internal.misc.VirtualThreads"_(no description)
P4_Backport_hotspot_JDK-8343909_runtime/cds/appcds/ProhibitedPackage.java can fail with UseLargePages_(no description)
P4_Backport_hotspot_JDK-8343914_Update nsk.share.Log to don't print summary during VM shutdown hook_(no description)
P4_Backport_hotspot_JDK-8344290_The makefiles should set problemlist and adjust timeout basing on the given VM flags_(no description)
P4_Backport_hotspot_JDK-8344404_[s390x] multiple test failures with ubsan_(no description)
P4_Backport_hotspot_JDK-8344405_Enhance register printing on x86_64 platforms_(no description)
P4_Backport_hotspot_JDK-8344406_[PPC64] Disallow OptoScheduling_(no description)
P4_Backport_hotspot_JDK-8344407_[s390x] ProblemList hotspot/jtreg/runtime/NMT/VirtualAllocCommitMerge.java_(no description)
P4_Backport_hotspot_JDK-8344408_ZGC: Division by zero in heuristics after JDK-8332717_(no description)
P4_Backport_hotspot_JDK-8344409_ubsan: division by zero in sharedRuntimeTrans.cpp_(no description)
P4_Backport_hotspot_JDK-8344410_Ubsan: ciEnv.cpp:1614:65: runtime error: member call on null pointer of type 'struct CompileTask'_(no description)
P4_Backport_hotspot_JDK-8344591_Shenandoah: Parallel worker use in parallel_heap_region_iterate_(no description)
P4_Backport_hotspot_JDK-8344605_docker tests do not work when ubsan is configured_(no description)
P4_Backport_hotspot_JDK-8344623_Do libubsan1 installation in test container only if requested_(no description)
P4_Backport_hotspot_JDK-8344676_Fix some warnings as errors when building on Linux with toolchain clang_(no description)
P4_Backport_hotspot_JDK-8344803_VectorGatherMaskFoldingTest.java failed when maximum vector bits is 64_(no description)
P4_Backport_hotspot_JDK-8344805_[s390x] Disallow OptoScheduling_(no description)
P4_Backport_hotspot_JDK-8344864_Fix nonnull-compare warnings_(no description)
P4_Backport_hotspot_JDK-8344962_Test TestPrivilegedMode.java intermittent fails java.lang.NoClassDefFoundError: jdk/test/lib/Platform_(no description)
P4_Backport_hotspot_JDK-8345180_Problemlist vmTestbase/vm/mlvm/meth/stress/compiler/deoptimize/Test.java#id1 until JDK-8320865 is fixed_(no description)
P4_Sub-task_hotspot_JDK-8345055_[21u] ProblemList failing rtm tests on ppc platforms_(no description)
P4_Backport_hotspot_JDK-8345227_[s390x] C1 unwind_handler fails to unlock synchronized methods with LM_MONITOR_(no description)
P4_Backport_hotspot_JDK-8345228_UnsafeIntrinsicsTest.java#ZGenerationalDebug assert(!assert_on_failure) failed: Has low-order bits set_(no description)
P4_Backport_hotspot_JDK-8345311_Test TestEnableJVMCIProduct.java run with virtual thread intermittent fails_(no description)
P4_Enhancement_infrastructure_JDK-8339080_Bump update version for OpenJDK: jdk-21.0.6_(no description)
P4_Backport_infrastructure_JDK-8339839_GHA: some of bundles may not get removed_(no description)
P4_Backport_infrastructure_JDK-8339991_GHA: RISC-V: Use Debian snapshot archive for bootstrap_(no description)
P4_Backport_infrastructure_JDK-8340513_Mark jdk/jshell/ExceptionMessageTest.java intermittent_(no description)
P4_Backport_infrastructure_JDK-8341092_Add SECURITY.md file_(no description)
P4_Backport_infrastructure_JDK-8341537_GHA: MacOS AArch64 bundles can be removed prematurely_(no description)
P4_Backport_infrastructure_JDK-8341583_doc/building.md update Xcode instructions to note that full install is required_(no description)
P4_Backport_infrastructure_JDK-8342491_[test] build/AbsPathsInImage.java fails with OOM when using ubsan-enabled binaries_(no description)
P4_Backport_infrastructure_JDK-8342573_Gcc version detection failure on Alinux3_(no description)
P4_Backport_infrastructure_JDK-8343253_--enable-ccache's CCACHE_BASEDIR breaks builds_(no description)
P4_Backport_infrastructure_JDK-8343425_GHA: RISC-V: Bootstrap using Debian snapshot is still failing_(no description)
P4_Bug_infrastructure_JDK-8343474_[updates] Customize README.md to specifics of update project_(no description)
P4_Backport_infrastructure_JDK-8344421_GHA: Switch to Xcode 15 on MacOS AArch64 runners_(no description)
P4_Backport_infrastructure_JDK-8344961_Compile without -fno-delete-null-pointer-checks_(no description)
P4_Bug_infrastructure_JDK-8347010_[21u] Remove designator DEFAULT_PROMOTED_VERSION_PRE=ea for release 21.0.6_(no description)
P4_Backport_security-libs_JDK-8339254_CAInterop.java#actalisauthenticationrootca conflicted with /manual and /timeout_(no description)
P4_Backport_security-libs_JDK-8340151_Unify debug printing format of X.509 cert serial numbers_(no description)
P4_Backport_security-libs_JDK-8340503_Automate com/sun/security/auth/callback/TextCallbackHandler/Default.java test_(no description)
P4_Backport_security-libs_JDK-8340611_[jmh] the test java.security.HSS failed with 2 active threads_(no description)
P4_Backport_security-libs_JDK-8340781_Add manual steps to run security/auth/callback/TextCallbackHandler/Password.java test_(no description)
P4_Backport_security-libs_JDK-8341017_Enhance the keytool code by invoking the buildTrustedCerts method for essential options_(no description)
P4_Backport_security-libs_JDK-8341320_PKCS11 tests still skip execution_(no description)
P4_Backport_security-libs_JDK-8341620_Unaddressed comments during code review of JDK-8337664_(no description)
P4_Backport_security-libs_JDK-8341698_Update TLSCommon/interop/AbstractServer to specify an interface to listen for connections_(no description)
P4_Backport_security-libs_JDK-8343046_Ensure randomness is only read from provided SecureRandom object_(no description)
P4_Backport_security-libs_JDK-8343913_Have SSLSocketTemplate.doClientSide use loopback address_(no description)
P4_Backport_security-libs_JDK-8344292_Several security shell tests don't set TESTJAVAOPTS_(no description)
P4_Backport_security-libs_JDK-8344390_Few security tests ignore VM flags_(no description)
P4_Backport_tools_JDK-8343302_Some tests have name which confuse jtreg_(no description)
P4_Backport_tools_JDK-8343515_JLinkReproducibleTest.java support receive test.tool.vm.opts_(no description)
P4_Backport_tools_JDK-8344613_Create jtreg test case for JDK-8325203_(no description)
P4_Backport_tools_JDK-8344614_tools/jpackage/windows/WinChildProcessTest.java Failed: Check is calculator process is alive_(no description)
P4_Backport_tools_JDK-8345174_langtools/tools/javac/newlines/NewLineTest.java is failing on Japanese Windows_(no description)
P5_Backport_client-libs_JDK-8343348_Hide PassFailJFrame.Builder constructor_(no description)
P5_Backport_client-libs_JDK-8343910_Simplify TrayIconScalingTest.java_(no description)
P5_Backport_core-libs_JDK-8342942_Unused ClassValue in VarHandles_(no description)
P5_Backport_core-libs_JDK-8345437_Add an operation mode to the jar command when extracting to not overwriting existing files_(no description)
P5_Backport_hotspot_JDK-8339624_AArch64: C2_MacroAssembler::fast_lock uses rscratch1 for cmpxchg result_(no description)
P5_Backport_hotspot_JDK-8340158_x86 MacroAssembler may over-align code_(no description)
P5_Backport_hotspot_JDK-8340782_Unintentional IOException in jdk.jdi module when JDWP end of stream occurs_(no description)
P5_Backport_hotspot_JDK-8343920_compiler/c1/TestTraceLinearScanLevel.java occasionally times out with -Xcomp_(no description)
P5_Backport_infrastructure_JDK-8344958_Harden TzdbZoneRulesCompiler against missing zone names_(no description)
P5_Backport_security-libs_JDK-8340779_Test com/sun/crypto/provider/Cipher/DES/PerformanceTest.java fails with java.lang.ArithmeticException_(no description)
P5_Backport_security-libs_JDK-8343928_Fix typo of property name in TestOAEPPadding after 8341927_(no description)
P?_Hidden_JDK-8330045_Enhance array handling_(no description)
P?_Hidden_JDK-8335428_Enhanced Building of Processes_(no description)
P?_Hidden_JDK-8336564_Enhance mask blit functionality redux_(no description)
P?_Hidden_JDK-8339180_Enhanced Building of Processes: Follow-on Issue_(no description)
