issue_id,release,impact_status,feature_area,highlight_tags,action_required,impact_notes,applied_rules,summary,components,subcomponents,labels,fix_versions
JDK-8185862,21.0.x,needs_review,classlib,,要確認,,,"AWT Assertion Failure in ::GetDIBits(hBMDC, hBM, 0, 1, 0, gpBitmapInfo, 0) 'awt_Win32GraphicsDevice.cpp', at line 185",client-libs,java.awt,"intermittent,jdk17u-fix-request,jdk17u-fix-yes,jdk21u-fix-request,jdk21u-fix-yes,jdk22u-fix-SQE-ok-next,jdk22u-fix-request,jdk22u-fix-yes",23
JDK-8225377,21.0.x,needs_review,compiler_tools,,要確認,,,type annotations are not visible to javac plugins across compilation boundaries,tools,javac,"javac-plugin,jdk11u-fix-request,jdk11u-fix-yes,jdk17u-fix-request,jdk17u-fix-yes,jdk21u-fix-SQE-ok,jdk21u-fix-request,jdk21u-fix-yes,type-annotations",22
JDK-8279016,21.0.x,excluded,runtime_core,,対応不要,keywords=\bshenandoah\b; labels=gc-shenandoah,gc_related,JFR Leak Profiler is broken with Shenandoah,hotspot,jfr,"amazon-interest,gc-shenandoah,jdk21u-fix-request,jdk21u-fix-yes,redhat-interest",24
JDK-8284620,unknown,needs_review,runtime_core,,要確認,,,CodeBuffer may leak _overflow_arena,hotspot,compiler,"jdk11u-fix-request,jdk11u-fix-yes,jdk17u-fix-request,jdk17u-fix-yes,jdk18u-fix-SQE-OK,jdk18u-fix-request,jdk18u-fix-yes,jdk8u-fix-request,jdk8u-fix-yes,oracle-triage-19,redhat-interest,sap-interest",19
JDK-8294160,unknown,needs_review,runtime_core,,要確認,,,misc crash dump improvements,hotspot,runtime,"hs_err,jdk17u-fix-request,jdk17u-fix-yes",20
JDK-8299813,21.0.x,excluded,interop,test_infra,対応不要,"keywords=jtreg,test; labels=noreg-self",doc_or_test,java/nio/channels/DatagramChannel/Disconnect.java fails with jtreg test timeout due to lost datagram,core-libs,java.nio,"jdk17u-fix-request,jdk17u-fix-yes,jdk21u-fix-request,jdk21u-fix-yes,jdk23u-fix-SQE-ok,jdk23u-fix-request,jdk23u-fix-yes,noreg-self",24
JDK-8309754,unknown,needs_review,security,performance_regression,要確認,,,"java/security/cert/CertPathValidator/OCSP/OCSPTimeout.java failed with ""Expected to pass, found 1 soft fail exceptions""",security-libs,java.security,"CPU25_07-defer-SQE-OK,CPU25_07-defer-approved,intermittent,tier2",tbd
JDK-8315097,21.0.x,excluded,runtime_core,,対応不要,keywords=test; labels=noreg-self,doc_or_test,Rename createJavaProcessBuilder,hotspot,test,"jdk17u-fix-request,jdk17u-fix-yes,jdk21u-fix-request,jdk21u-fix-yes,noreg-self",22
JDK-8320001,21.0.x,needs_review,compiler_tools,performance_regression,要確認,,,javac crashes while adding type annotations to the return type of a constructor,tools,javac,"amazon-interest,conformance,jdk11u-fix-request,jdk11u-fix-yes,jdk17u-fix-request,jdk17u-fix-yes,jdk21u-fix-SQE-ok,jdk21u-fix-request,jdk21u-fix-yes,regression,tck-red-21.0.2,tck-red-22",22
JDK-8322475,21.0.x,excluded,runtime_core,,対応不要,targets=linux; os_field=linux,non_windows11_platform,Extend printing for System.map,hotspot,runtime,"jdk21u-fix-request,jdk21u-fix-yes,nmt,redhat-interest",24
JDK-8325203,21.0.x,needs_review,compiler_tools,performance_regression,要確認,,,System.exit(0) kills the launched 3rd party application,tools,jpackage,"additional-information-received,dcsaw,jdk17u-fix-request,jdk17u-fix-yes,jdk21u-fix-request,jdk21u-fix-yes,jdk22u-fix-SQE-ok,jdk22u-fix-request,jdk22u-fix-yes,regression,reproducer-yes,sn_162,webbug",23
JDK-8325851,21.0.x,excluded,classlib,,対応不要,keywords=test; labels=noreg-self,doc_or_test,Hide PassFailJFrame.Builder constructor,client-libs,,"cleanup,cssn24_03_01,jdk17u-fix-request,jdk17u-fix-yes,jdk21u-fix-request,jdk21u-fix-yes,noreg-self,pfjf-framework,sustaining",23
JDK-8326586,21.0.x,needs_review,runtime_core,,要確認,,,Improve Speed of System.map,hotspot,runtime,"jdk21u-fix-request,jdk21u-fix-yes,nmt",23
JDK-8327501,21.0.x,needs_review,classlib,,要確認,,,Common ForkJoinPool prevents class unloading in some cases,core-libs,java.util.concurrent,"amazon-interest,jdk21u-fix-request,jdk21u-fix-yes,jdk22u-fix-SQE-ok,jdk22u-fix-request,jdk22u-fix-yes,redhat-interest,regression",23
JDK-8328366,21.0.x,needs_review,classlib,spec_change,要確認,,,Thread.setContextClassloader from thread in FJP commonPool task no longer works after JDK-8327501,core-libs,java.util.concurrent,"jdk21u-fix-request,jdk21u-fix-yes,jdk22u-fix-SQE-ok,jdk22u-fix-request,jdk22u-fix-yes,redhat-interest,regression",23
JDK-8331942,21.0.x,excluded,runtime_core,,対応不要,targets=linux,non_windows11_platform,"On Linux aarch64, CDS archives should be using 64K alignment by default",hotspot,runtime,"cds,jdk17u-fix-request,jdk17u-fix-yes,jdk21u-fix-request,jdk21u-fix-yes,jdk22u-fix-SQE-ok,jdk22u-fix-request,jdk22u-fix-yes",23
JDK-8332717,21.0.x,excluded,gc,,対応不要,"keywords=test; labels=hgupdate-sync | targets=linux; os_field=linux | component=hotspot/gc; keywords=\bgc\b,\bzgc\b","doc_or_test,non_windows11_platform,gc_related",ZGC: Division by zero in heuristics,hotspot,gc,"amazon-interest,genzgc,hgupdate-sync,jdk21u-fix-request,jdk21u-fix-yes,ubsan",24
JDK-8334305,21.0.x,excluded,runtime_core,,対応不要,keywords=test; labels=noreg-self,doc_or_test,Remove all code for  nsk.share.Log verbose mode,hotspot,test,"jdk17u-fix-request,jdk17u-fix-yes,jdk21u-fix-request,jdk21u-fix-yes,noreg-self",24
JDK-8335860,21.0.x,excluded,runtime_core,,対応不要,"keywords=problemlist,test; labels=noreg-self",doc_or_test,compiler/vectorization/TestFloat16VectorConvChain.java fails with non-standard AVX/SSE settings,hotspot,compiler,"jdk21u-fix-request,jdk21u-fix-yes,noreg-self,oracle-triage-24,problemlist,regression,tier2",24
JDK-8337664,unknown,needs_review,security,,要確認,,,Distrust TLS server certificates issued after Oct 2024 and anchored by Entrust Root CAs,security-libs,javax.net.ssl,"CPU24_10-critical-SQE-OK,CPU24_10-critical-approved,jdk11u-critical-request,jdk11u-critical-yes,jdk17u-critical-request,jdk17u-critical-yes,jdk21u-critical-request,jdk21u-critical-yes,jdk23u-fix-SQE-ok,jdk23u-fix-request,jdk23u-fix-yes,jdk8u-critical-request,jdk8u-critical-yes,release-note=yes",24
JDK-8337966,21.0.6,excluded,interop,performance_regression,対応不要,targets=linux; os_field=linux,non_windows11_platform,(fs) Files.readAttributes fails with Operation not permitted on older docker releases,core-libs,java.nio,"23-na,24-na,jdk17u-fix-request,jdk17u-fix-yes,jdk21u-fix-request,jdk21u-fix-yes",21.0.6
JDK-8338058,21.0.x,needs_review,runtime_core,,要確認,,,map_or_reserve_memory_aligned Windows enhance remap assertion,hotspot,runtime,"jdk11u-fix-no,jdk11u-fix-request,jdk17u-fix-request,jdk17u-fix-yes,jdk21u-fix-request,jdk21u-fix-yes,jdk23u-fix-SQE-ok-next,jdk23u-fix-request,jdk23u-fix-yes",24
JDK-8338748,21.0.6,excluded,interop,test_infra,対応不要,"keywords=jtreg,test; labels=noreg-self",doc_or_test,"[17u,21u] Test Disconnect.java compile error: cannot find symbol after JDK-8299813",core-libs,java.nio,"jdk17u-fix-request,jdk17u-fix-yes,jdk21u-fix-request,jdk21u-fix-yes,noreg-self",21.0.6
JDK-8339080,21.0.6,needs_review,security,,要確認,,,Bump update version for OpenJDK: jdk-21.0.6,infrastructure,release_eng,"jdk21u-fix-request,jdk21u-fix-yes",21.0.6
JDK-8339146,21.0.6,needs_review,runtime_core,,要確認,,,Exclude Fingerprinter::do_type from ubsan checks,hotspot,runtime,,21.0.6
JDK-8339147,21.0.6,needs_review,runtime_core,,要確認,,,SeenThread::print_action_queue called on a null pointer,hotspot,runtime,,21.0.6
JDK-8339254,21.0.6,needs_review,security,,要確認,,,CAInterop.java#actalisauthenticationrootca conflicted with /manual and /timeout,security-libs,java.security,,21.0.6
JDK-8339272,21.0.6,needs_review,runtime_core,,要確認,,,AArch64: enable tests compiler/intrinsics/Test(Long|Integer)UnsignedDivMod.java on aarch64,hotspot,compiler,,21.0.6
JDK-8339273,21.0.6,needs_review,runtime_core,,要確認,,,"RISC-V: compiler/intrinsics/TestInteger/LongUnsignedDivMod.java failed with ""counts: Graph contains wrong number of nodes""",hotspot,compiler,,21.0.6
JDK-8339315,21.0.6,needs_review,runtime_core,,要確認,,,[test] runtime/os/TestTracePageSizes move ppc handling,hotspot,runtime,,21.0.6
JDK-8339323,21.0.6,needs_review,runtime_core,,要確認,,,map_or_reserve_memory_aligned Windows enhance remap assertion,hotspot,runtime,,21.0.6
JDK-8339397,21.0.6,needs_review,runtime_core,,要確認,,,RISC-V: C2: Change C calling convention for sp to NS,hotspot,compiler,,21.0.6
JDK-8339475,21.0.x,needs_review,compiler_tools,,要確認,,,Clean up return code handling for pthread calls in library coding,tools,launcher,"jdk21u-fix-request,jdk21u-fix-yes",24
JDK-8339585,21.0.6,needs_review,runtime_core,,要確認,,,remove old remap assertion in map_or_reserve_memory_aligned  after JDK-8338058,hotspot,runtime,,21.0.6
JDK-8339589,21.0.6,needs_review,runtime_core,,要確認,,,RISC-V: Remove li64 macro assembler routine and related code,hotspot,compiler,,21.0.6
JDK-8339624,21.0.6,needs_review,runtime_core,,要確認,,,AArch64: C2_MacroAssembler::fast_lock uses rscratch1 for cmpxchg result,hotspot,compiler,,21.0.6
JDK-8339681,21.0.6,needs_review,runtime_core,,要確認,,,crash: pinned virtual thread will lead to jvm crash when running with the javaagent option,hotspot,jvmti,,21.0.6
JDK-8339814,21.0.6,needs_review,runtime_core,,要確認,,,Clean up vmTestbase/nsk/stress/stack tests,hotspot,runtime,,21.0.6
JDK-8339815,21.0.6,needs_review,classlib,,要確認,,,gtk headers : Fix typedef redeclaration of GMainContext and GdkPixbuf,client-libs,java.awt,,21.0.6
JDK-8339816,21.0.6,needs_review,security,,要確認,,,IP Address error when client enables HTTPS endpoint check on server socket,security-libs,java.security,,21.0.6
JDK-8339817,21.0.6,needs_review,security,,要確認,,,Update Public Suffix List to 1cbd6e7,security-libs,java.security,,21.0.6
JDK-8339839,21.0.6,needs_review,test_infra,,要確認,,,GHA: some of bundles may not get removed,infrastructure,build,,21.0.6
JDK-8339841,21.0.6,needs_review,runtime_core,,要確認,,,AArch64: u32 _partial_subtype_ctr loaded/stored as 64,hotspot,runtime,,21.0.6
JDK-8339902,21.0.x,excluded,classlib,,対応不要,"keywords=copyright,open source,test; labels=noreg-self",doc_or_test,Open source couple TextField related tests,client-libs,java.awt,"jdk17u-fix-request,jdk17u-fix-yes,jdk21u-fix-request,jdk21u-fix-yes,noreg-self,sn_178,test_sprint,testbug",24
JDK-8339991,21.0.6,needs_review,test_infra,,要確認,,,GHA: RISC-V: Use Debian snapshot archive for bootstrap,infrastructure,build,,21.0.6
JDK-8340023,21.0.6,excluded,classlib,,対応不要,targets=macos,non_windows11_platform,[macos13] setFullScreenWindow() shows black screen on macOS 13 & above,client-libs,java.awt,,21.0.6
JDK-8340136,21.0.6,needs_review,runtime_core,,要確認,,,serviceability/jvmti/vthread/PopFrameTest failed with a timeout,hotspot,jvmti,,21.0.6
JDK-8340151,21.0.6,needs_review,security,,要確認,,,Unify debug printing format of X.509 cert serial numbers,security-libs,java.security,,21.0.6
JDK-8340152,21.0.6,needs_review,runtime_core,,要確認,,,3 JDI tests timed out with UT enabled,core-svc,debugger,,21.0.6
JDK-8340153,21.0.6,needs_review,runtime_core,,要確認,,,NSK tests should listen on loopback addresses only,core-svc,debugger,,21.0.6
JDK-8340154,21.0.6,needs_review,runtime_core,,要確認,,,Update several runtime/cds tests to use vm flags or mark as flagless,hotspot,runtime,,21.0.6
JDK-8340155,21.0.6,needs_review,runtime_core,,要確認,,,TestCDSVMCrash fails on libgraal,hotspot,runtime,,21.0.6
JDK-8340156,21.0.6,needs_review,runtime_core,,要確認,,,"ResolvedReferencesNotNullTest.java failed with Incorrect resolved references array, quxString should not be archived",hotspot,runtime,,21.0.6
JDK-8340157,21.0.6,needs_review,runtime_core,,要確認,,,Add JavacBench as a test case for CDS,hotspot,runtime,,21.0.6
JDK-8340158,21.0.6,needs_review,runtime_core,,要確認,,,x86 MacroAssembler may over-align code,hotspot,compiler,,21.0.6
JDK-8340159,21.0.6,needs_review,runtime_core,,要確認,,,Update vmTestbase/nsk/share/DebugeeProcess.java to don't use finalization,hotspot,test,,21.0.6
JDK-8340160,21.0.6,needs_review,runtime_core,,要確認,,,runtime/cds/DeterministicDump.java fails with File content different at byte ...,hotspot,runtime,,21.0.6
JDK-8340169,21.0.6,needs_review,classlib,,要確認,,,[macos13] java/awt/Frame/MaximizedToIconified/MaximizedToIconified.java: getExtendedState() != 6 as expected.,client-libs,java.awt,,21.0.6
JDK-8340170,21.0.6,excluded,classlib,,対応不要,"keywords=problemlist,test",doc_or_test,Update ProblemList.txt with tests known to fail on XWayland,client-libs,java.awt,,21.0.6
JDK-8340204,21.0.6,needs_review,security,,要確認,,,Regtest java/security/Security/SynchronizedAccess.java is incorrect,security-libs,java.security,,21.0.6
JDK-8340333,21.0.6,needs_review,security,,要確認,,,SHAKE256 does not work correctly if n >= 137,security-libs,java.security,,21.0.6
JDK-8340356,21.0.6,needs_review,runtime_core,,要確認,,,ubsan: bytecodeInfo.cpp:318:59: runtime error: division by zero,hotspot,compiler,,21.0.6
JDK-8340429,21.0.6,needs_review,classlib,,要確認,,,java/awt/Mouse/EnterExitEvents/ResizingFrameTest.java duplicate in ProblemList,client-libs,,,21.0.6
JDK-8340430,21.0.6,needs_review,runtime_core,,要確認,,,MethodExitTest may fail with stack buffer overrun,hotspot,jvmti,,21.0.6
JDK-8340447,21.0.6,needs_review,classlib,,要確認,,,Improve parsing of Day/Month in tzdata rules,core-libs,java.time,,21.0.6
JDK-8340500,21.0.6,needs_review,runtime_core,,要確認,,,TestAutoCreateSharedArchiveUpgrade.java should be updated with JDK 21,hotspot,runtime,,21.0.6
JDK-8340502,21.0.6,needs_review,runtime_core,,要確認,,,Make 5 compiler tests use ProcessTools.executeProcess,hotspot,compiler,,21.0.6
JDK-8340503,21.0.6,needs_review,security,,要確認,,,Automate com/sun/security/auth/callback/TextCallbackHandler/Default.java test,security-libs,java.security,,21.0.6
JDK-8340504,21.0.6,needs_review,security,,要確認,,,test/jdk/sun/security/tools/keytool/NssTest.java fails to compile,security-libs,java.security,,21.0.6
JDK-8340508,21.0.6,needs_review,classlib,,要確認,,,[XWayland] move screencast tokens from .awt to .java folder,client-libs,java.awt,,21.0.6
JDK-8340513,21.0.6,needs_review,test_infra,,要確認,,,Mark jdk/jshell/ExceptionMessageTest.java intermittent,infrastructure,,,21.0.6
JDK-8340550,21.0.6,needs_review,interop,,要確認,,,Files.isReadable/isWritable/isExecutable expensive when file does not exist,core-libs,java.nio,,21.0.6
JDK-8340589,21.0.6,excluded,classlib,,対応不要,"keywords=manual test,test",doc_or_test,update manual test/jdk/TEST.groups,core-libs,,,21.0.6
JDK-8340603,21.0.6,needs_review,security,,要確認,,,Retire binary test vectors in test/jdk/java/util/zip/ZipFile,core-libs,java.util.jar,,21.0.6
JDK-8340604,21.0.6,needs_review,security,,要確認,,,Add test case for ZipFile opening a ZIP with no entries,core-libs,java.util.jar,,21.0.6
JDK-8340607,21.0.6,needs_review,runtime_core,,要確認,,,Exceptions::wrap_dynamic_exception() doesn't have ResourceMark,hotspot,runtime,,21.0.6
JDK-8340611,21.0.6,needs_review,security,,要確認,,,[jmh] the test java.security.HSS failed with 2 active threads,security-libs,,,21.0.6
JDK-8340612,21.0.6,needs_review,security,,要確認,,,DeflaterDictionaryTests should use Deflater.getBytesWritten instead of Deflater.getTotalOut,core-libs,java.util.jar,,21.0.6
JDK-8340615,21.0.6,needs_review,runtime_core,,要確認,,,Update JCStress test suite,hotspot,test,,21.0.6
JDK-8340626,21.0.6,excluded,gc,,対応不要,component=hotspot/gc,gc_related,[s390x] Provide implementation for resolve_global_jobject,hotspot,gc,,21.0.6
JDK-8340630,21.0.6,excluded,gc,,対応不要,"component=hotspot/gc; keywords=\bg1\b,\bgc\b",gc_related,vmTestbase/gc/g1/unloading/tests/unloading_keepRef_rootClass_inMemoryCompilation_keep_cl failed with Full gc happened. Test was useless.,hotspot,gc,,21.0.6
JDK-8340734,21.0.6,needs_review,interop,,要確認,,,Add tests for virtual threads doing Selector operations,core-libs,java.nio,,21.0.6
JDK-8340776,21.0.6,needs_review,interop,,要確認,,,Java file extension missing in AuthenticatorTest,core-libs,java.net,,21.0.6
JDK-8340779,21.0.6,needs_review,security,,要確認,,,Test com/sun/crypto/provider/Cipher/DES/PerformanceTest.java fails with java.lang.ArithmeticException,security-libs,javax.crypto,,21.0.6
JDK-8340781,21.0.6,needs_review,security,,要確認,,,Add manual steps to run security/auth/callback/TextCallbackHandler/Password.java test,security-libs,java.security,,21.0.6
JDK-8340782,21.0.6,needs_review,runtime_core,,要確認,,,Unintentional IOException in jdk.jdi module when JDWP end of stream occurs,hotspot,svc,,21.0.6
JDK-8340783,21.0.6,excluded,classlib,,対応不要,keywords=\bzgc\b,gc_related,"java/util/concurrent/locks/Lock/OOMEInAQS.java still times out with ZGC, Generational ZGC, and SerialGC",core-libs,java.util.concurrent,,21.0.6
JDK-8340817,21.0.6,needs_review,runtime_core,,要確認,,,RISC-V: C ABI breakage for integer on stack,hotspot,runtime,,21.0.6
JDK-8340879,21.0.6,needs_review,classlib,,要確認,,,java.desktop/share/classes/javax/swing/text/html/default.css typo in margin settings,client-libs,javax.swing,,21.0.6
JDK-8340886,21.0.6,needs_review,runtime_core,,要確認,,,Tests crash: assert(is_in_encoding_range || k->is_interface() || k->is_abstract()) failed: sanity,hotspot,compiler,,21.0.6
JDK-8340989,21.0.6,needs_review,classlib,,要確認,,,update jdk_core at open/test/jdk/TEST.groups,core-libs,,,21.0.6
JDK-8341016,21.0.6,needs_review,interop,,要確認,,,java/nio/channels/Selector/SelectWithConsumer.java#id0 failed in testWakeupDuringSelect,core-libs,java.nio,,21.0.6
JDK-8341017,21.0.6,needs_review,security,,要確認,,,Enhance the keytool code by invoking the buildTrustedCerts method for essential options,security-libs,java.security,,21.0.6
JDK-8341054,21.0.6,needs_review,runtime_core,,要確認,,,Hotspot should be able to use more than 64 logical processors on Windows,hotspot,runtime,,21.0.6
JDK-8341092,21.0.6,needs_review,security,,要確認,,,Add SECURITY.md file,infrastructure,build,,21.0.6
JDK-8341112,21.0.6,needs_review,runtime_core,,要確認,,,VM issues warning failure to find kernel32.dll on Windows nanoserver,hotspot,runtime,,21.0.6
JDK-8341192,21.0.6,excluded,runtime_core,,対応不要,keywords=\bgc\b,gc_related,Concurrent GC crashed due to GetMethodDeclaringClass,hotspot,jvmti,,21.0.6
JDK-8341257,21.0.x,excluded,classlib,,対応不要,"keywords=open source,test; labels=noreg-self",doc_or_test,Open source few DND tests - Set1,client-libs,java.awt,"jdk17u-fix-request,jdk17u-fix-yes,jdk21u-fix-request,jdk21u-fix-yes,noreg-self,sn_179,test_sprint",24
JDK-8341259,21.0.6,needs_review,runtime_core,,要確認,,,Improve CDSHeapVerifier in handling of interned strings,hotspot,runtime,,21.0.6
JDK-8341320,21.0.6,needs_review,security,,要確認,,,PKCS11 tests still skip execution,security-libs,java.security,,21.0.6
JDK-8341322,21.0.6,needs_review,runtime_core,,要確認,,,C1: assert(0 <= i && i < _len) failed: illegal index 5 for length 5,hotspot,compiler,,21.0.6
JDK-8341323,21.0.6,needs_review,runtime_core,,要確認,,,Parsing jsr broken: assert(bci>= 0 && bci < c->method()->code_size()) failed: index out of bounds,hotspot,runtime,,21.0.6
JDK-8341424,21.0.x,needs_review,test_infra,,要確認,,,GHA: Collect hs_errs from build time failures,infrastructure,build,"amazon-interest,jdk11u-fix-request,jdk11u-fix-yes,jdk17u-fix-request,jdk17u-fix-yes,jdk21u-fix-request,jdk21u-fix-yes",24
JDK-8341479,21.0.6,needs_review,runtime_core,,要確認,,,[PPC64] SA determines wrong unextendedSP,hotspot,svc-agent,,21.0.6
JDK-8341515,21.0.6,excluded,runtime_core,,対応不要,targets=windows server,non_windows11_platform,Update OS detection code to recognize Windows Server 2025,hotspot,runtime,,21.0.6
JDK-8341537,21.0.6,excluded,test_infra,,対応不要,targets=macos,non_windows11_platform,GHA: MacOS AArch64 bundles can be removed prematurely,infrastructure,build,,21.0.6
JDK-8341583,21.0.6,needs_review,test_infra,,要確認,,,doc/building.md update Xcode instructions to note that full install is required,infrastructure,build,,21.0.6
JDK-8341620,21.0.6,needs_review,security,,要確認,,,Unaddressed comments during code review of JDK-8337664,security-libs,javax.net.ssl,,21.0.6
JDK-8341698,21.0.6,needs_review,security,,要確認,,,Update TLSCommon/interop/AbstractServer to specify an interface to listen for connections,security-libs,javax.net.ssl,,21.0.6
JDK-8341699,21.0.6,needs_review,classlib,,要確認,,,Refactor KeyEvent/FunctionKeyTest.java,client-libs,java.awt,,21.0.6
JDK-8341779,21.0.8,needs_review,compiler_tools,,要確認,,,[REDO BACKPORT] type annotations are not visible to javac plugins across compilation boundaries (JDK-8225377),tools,javac,"22-na,javac-plugin,jdk21u-fix-SQE-ok,jdk21u-fix-request,jdk21u-fix-yes,type-annotations",21.0.8
JDK-8341821,21.0.6,needs_review,runtime_core,,要確認,,,The class LogSelection copies uninitialized memory,hotspot,runtime,,21.0.6
JDK-8341823,21.0.6,excluded,gc,,対応不要,component=hotspot/gc; keywords=\bzgc\b,gc_related,ZGC: Division by zero in rule_major_allocation_rate,hotspot,gc,,21.0.6
JDK-8341824,21.0.6,needs_review,classlib,,要確認,,,ProcessHandleImpl os_getChildren sysctl call - retry in case of ENOMEM and enhance exception message,core-libs,java.lang,,21.0.6
JDK-8341941,21.0.6,needs_review,interop,,要確認,,,(se) Deferred close of SelectableChannel may result in a Selector doing the final close before concurrent I/O on channel has completed,core-libs,java.nio,,21.0.6
JDK-8341942,21.0.6,needs_review,classlib,,要確認,,,Convert applet test java/awt/List/SetFontTest/SetFontTest.html to main program,client-libs,java.awt,,21.0.6
JDK-8341943,21.0.6,needs_review,runtime_core,,要確認,,,Exclude two compiler/rtm/locking tests on ppc64le,hotspot,compiler,,21.0.6
JDK-8341960,21.0.6,needs_review,runtime_core,,要確認,,,RISC-V: Generate comments in -XX:+PrintInterpreter to link to source code,hotspot,runtime,,21.0.6
JDK-8341962,21.0.6,needs_review,runtime_core,,要確認,,,"ubsan : dependencies.cpp:906:3: runtime error: load of value 4294967295, which is not a valid value for type 'DepType'",hotspot,compiler,,21.0.6
JDK-8341973,21.0.6,needs_review,runtime_core,,要確認,,,RISC-V: C2: Small improvement to vector gather load and scatter store,hotspot,compiler,,21.0.6
JDK-8342020,21.0.6,needs_review,runtime_core,,要確認,,,[IR Framework] Add support for IR tests with @Stable,hotspot,compiler,,21.0.6
JDK-8342021,21.0.6,needs_review,runtime_core,,要確認,,,Test testlibrary_tests/ir_framework/tests/TestPrivilegedMode.java fails with release build,hotspot,compiler,,21.0.6
JDK-8342048,21.0.6,needs_review,runtime_core,,要確認,,,runtime/logging/ClassLoadUnloadTest.java doesn't reliably trigger class unloading,hotspot,runtime,,21.0.6
JDK-8342049,21.0.6,needs_review,security,,要確認,,,Update NSS to version 3.96,security-libs,javax.crypto:pkcs11,,21.0.6
JDK-8342050,21.0.6,needs_review,runtime_core,,要確認,,,Test runtime/classFileParserBug/Bad_NCDFE_Msg.java won't compile,hotspot,runtime,,21.0.6
JDK-8342054,21.0.6,needs_review,classlib,,要確認,,,KeyEvent/KeyTyped/Numpad1KeyTyped.java has 15 seconds timeout,client-libs,java.awt,,21.0.6
JDK-8342056,21.0.6,needs_review,runtime_core,,要確認,,,C2: Fix UB of jlong overflow in PhaseIdealLoop::is_counted_loop(),hotspot,compiler,,21.0.6
JDK-8342057,21.0.6,excluded,interop,,対応不要,targets=macos,non_windows11_platform,ProblemList java/nio/channels/DatagramChannel/ for Macos,core-libs,,,21.0.6
JDK-8342060,21.0.6,needs_review,runtime_core,,要確認,,,AArch64: Save and restore FPCR in the call stub,hotspot,runtime,,21.0.6
JDK-8342063,21.0.6,excluded,interop,,対応不要,"keywords=problemlist,test; labels=noreg-self | targets=aix","doc_or_test,non_windows11_platform",[21u][aix] Backport introduced redundant line in ProblemList,core-libs,java.net,"jdk21u-fix-request,jdk21u-fix-yes,noreg-self",21.0.6
JDK-8342073,21.0.6,needs_review,classlib,,要確認,,,Call to insertText with single character from custom Input Method ignored,client-libs,java.awt,i18n,21.0.6
JDK-8342391,21.0.6,needs_review,runtime_core,,要確認,,,RISC-V: Unnecessary fences used for load-acquire in template interpreter,hotspot,runtime,,21.0.6
JDK-8342395,21.0.6,excluded,runtime_core,,対応不要,targets=aix,non_windows11_platform,Assertion on AIX - original PC must be in the main code section of the compiled method,hotspot,runtime,,21.0.6
JDK-8342396,21.0.6,needs_review,runtime_core,,要確認,,,RISC-V: Avoid passing t0 as temp register to MacroAssembler:: cmpxchg_obj_header/cmpxchgptr,hotspot,compiler,,21.0.6
JDK-8342491,21.0.6,needs_review,test_infra,,要確認,,,[test] build/AbsPathsInImage.java fails with OOM when using ubsan-enabled binaries,infrastructure,build,,21.0.6
JDK-8342516,21.0.6,needs_review,runtime_core,,要確認,,,"[AArch64] C1 compilation fails with ""Field too big for insn""",hotspot,compiler,,21.0.6
JDK-8342527,21.0.6,needs_review,runtime_core,,要確認,,,Ubsan: ciEnv.cpp:1660:65: runtime error: member call on null pointer of type 'struct CompileTask',hotspot,compiler,,21.0.6
JDK-8342532,21.0.6,needs_review,runtime_core,,要確認,,,RISC-V: ZStoreBarrierStubC2 clobbers rflags,hotspot,compiler,,21.0.6
JDK-8342551,21.0.6,needs_review,runtime_core,,要確認,,,Tests assume UnlockExperimentalVMOptions is disabled by default,hotspot,test,,21.0.6
JDK-8342554,21.0.6,needs_review,classlib,,要確認,,,Crash in ImageIO JPEG decoding when MEM_STATS in enabled,client-libs,javax.imageio,,21.0.6
JDK-8342571,21.0.6,needs_review,runtime_core,,要確認,,,AArch64: Restore FPU control state after JNI,hotspot,runtime,,21.0.6
JDK-8342572,21.0.6,needs_review,runtime_core,,要確認,,,Aarch64: Generate comments in -XX:+PrintInterpreter to link to source code,hotspot,runtime,,21.0.6
JDK-8342573,21.0.6,needs_review,test_infra,,要確認,,,Gcc version detection failure on Alinux3,infrastructure,build,,21.0.6
JDK-8342669,21.0.6,excluded,runtime_core,,対応不要,keywords=test; labels=noreg-self,doc_or_test,[21u] Fix TestArrayAllocatorMallocLimit after backport of JDK-8315097,hotspot,test,"jdk17u-fix-request,jdk17u-fix-yes,jdk21u-fix-request,jdk21u-fix-yes,noreg-self",21.0.6
JDK-8342685,21.0.6,needs_review,classlib,,要確認,,,Use PassFailJFrame.Builder.splitUI() in PrintLatinCJKTest.java,client-libs,java.awt,,21.0.6
JDK-8342710,21.0.6,needs_review,runtime_core,,要確認,,,CTW: Add StressIncrementalInlining to stress options,hotspot,compiler,,21.0.6
JDK-8342722,21.0.6,needs_review,runtime_core,,要確認,,,[JVMCI] Unintuitive behavior of UseJVMCICompiler option,hotspot,compiler,,21.0.6
JDK-8342726,21.0.6,needs_review,interop,,要確認,,,Tests create files in src tree instead of scratch dir,core-libs,java.nio,,21.0.6
JDK-8342765,21.0.6,excluded,runtime_core,,対応不要,keywords=test; labels=noreg-self,doc_or_test,[21u] RTM tests assume UnlockExperimentalVMOptions is disabled by default,hotspot,test,"amazon-interest,jdk21u-fix-request,jdk21u-fix-yes,noreg-self,sustaining",21.0.6
JDK-8342793,21.0.6,needs_review,classlib,,要確認,,,Implement pausing functionality for the PassFailJFrame,client-libs,,,21.0.6
JDK-8342851,21.0.6,excluded,gc,,対応不要,component=hotspot/gc; keywords=\bshenandoah\b,gc_related,Shenandoah: Unused ShenandoahSATBAndRemarkThreadsClosure::_claim_token,hotspot,gc,,21.0.6
JDK-8342900,21.0.6,needs_review,interop,,要確認,,,SaslInputStream.read() may return wrong value,core-libs,javax.naming,,21.0.6
JDK-8342922,21.0.6,needs_review,classlib,,要確認,,,Add a log area to the PassFailJFrame,client-libs,,,21.0.6
JDK-8342942,21.0.6,needs_review,classlib,,要確認,,,Unused ClassValue in VarHandles,core-libs,java.lang.invoke,,21.0.6
JDK-8343028,21.0.6,excluded,gc,,対応不要,component=hotspot/gc; keywords=\bg1\b,gc_related,G1: Nmethod count statistics only count last code root set iterated,hotspot,gc,,21.0.6
JDK-8343042,21.0.6,needs_review,classlib,,要確認,,,"When the Tab Policy is checked,the scroll button direction displayed incorrectly.",client-libs,javax.swing,,21.0.6
JDK-8343043,21.0.6,needs_review,classlib,,要確認,,,click JComboBox when dialog about to close causes IllegalComponentStateException,client-libs,javax.swing,,21.0.6
JDK-8343045,21.0.6,needs_review,classlib,,要確認,,,PageFormat/CustomPaper.java has no Pass/Fail buttons; multiple instructions,client-libs,2d,,21.0.6
JDK-8343046,21.0.6,needs_review,security,,要確認,,,Ensure randomness is only read from provided SecureRandom object,security-libs,java.security,,21.0.6
JDK-8343199,21.0.6,needs_review,classlib,,要確認,,,Convert URLDragTest.html applet test to main,client-libs,java.awt,,21.0.6
JDK-8343203,21.0.6,needs_review,runtime_core,,要確認,,,[PPC64]: postalloc_expand_java_dynamic_call_sched does not copy all fields,hotspot,compiler,,21.0.6
JDK-8343210,21.0.6,needs_review,runtime_core,,要確認,,,[PPC64] TestOSRLotsOfLocals.java crashes,hotspot,compiler,,21.0.6
JDK-8343253,21.0.6,needs_review,test_infra,,要確認,,,--enable-ccache's CCACHE_BASEDIR breaks builds,infrastructure,build,,21.0.6
JDK-8343254,21.0.6,excluded,classlib,,対応不要,targets=macos,non_windows11_platform,[macos] Screen magnifier does not show the magnified text for JComboBox,client-libs,javax.accessibility,,21.0.6
JDK-8343255,21.0.6,excluded,classlib,performance_regression,対応不要,targets=macos,non_windows11_platform,[macos] Regression: KeyEvent has different keycode on different keyboard layouts,client-libs,java.awt,,21.0.6
JDK-8343301,21.0.6,needs_review,runtime_core,,要確認,,,[s390x] TestOSRLotsOfLocals.java crashes,hotspot,compiler,,21.0.6
JDK-8343302,21.0.6,excluded,test_infra,test_infra,対応不要,"keywords=jtreg,test",doc_or_test,Some tests have name which confuse jtreg,tools,,,21.0.6
JDK-8343303,21.0.6,needs_review,classlib,,要確認,,,ConfigureNotify behavior has changed in KWin 6.2,client-libs,,,21.0.6
JDK-8343348,21.0.6,needs_review,classlib,,要確認,,,Hide PassFailJFrame.Builder constructor,client-libs,,,21.0.6
JDK-8343349,21.0.6,needs_review,runtime_core,,要確認,,,C2: assert(!loop->is_member(get_loop(useblock))) failed: must be outside loop,hotspot,compiler,,21.0.6
JDK-8343350,21.0.6,needs_review,security,,要確認,,,Test sun/security/pkcs11/sslecc/ClientJSSEServerJSSE.java failed with: Invalid ECDH ServerKeyExchange signature,security-libs,javax.crypto:pkcs11,,21.0.6
JDK-8343351,21.0.6,excluded,classlib,,対応不要,targets=macos,non_windows11_platform,"Select{Current,New}ItemTest.java for Choice don't open popup on macOS",client-libs,java.awt,,21.0.6
JDK-8343353,21.0.6,needs_review,classlib,,要確認,,,Add positionTestUI() to PassFailJFrame.Builder,client-libs,java.awt,,21.0.6
JDK-8343354,21.0.6,needs_review,interop,,要確認,,,Add extra diagnostic to java/net/InetAddress/ptr/Lookup.java,core-libs,java.net,,21.0.6
JDK-8343356,21.0.6,needs_review,classlib,,要確認,,,Add border around instructions in PassFailJFrame,client-libs,,,21.0.6
JDK-8343357,21.0.6,needs_review,classlib,,要確認,,,PassFailJFrame: Make rows default to number of lines in instructions,client-libs,,,21.0.6
JDK-8343360,21.0.6,needs_review,classlib,,要確認,,,Amend description for logArea,client-libs,,,21.0.6
JDK-8343362,21.0.6,needs_review,classlib,,要確認,,,Position the first window of a window list,client-libs,,,21.0.6
JDK-8343363,21.0.6,needs_review,classlib,,要確認,,,Reading from an input stream backed by a closed ZipFile has no test coverage,core-libs,java.util,,21.0.6
JDK-8343364,21.0.6,needs_review,classlib,,要確認,,,Remove wildcard bound in PositionWindows.positionTestWindows,client-libs,,,21.0.6
JDK-8343368,21.0.6,needs_review,interop,,要確認,,,Add some additional diagnostic output to java/net/ipv6tests/UdpTest.java,core-libs,java.net,,21.0.6
JDK-8343371,21.0.6,needs_review,classlib,,要確認,,,Add description for PassFailJFrame constructors,client-libs,,,21.0.6
JDK-8343425,21.0.6,needs_review,test_infra,,要確認,,,GHA: RISC-V: Bootstrap using Debian snapshot is still failing,infrastructure,build,,21.0.6
JDK-8343464,21.0.6,needs_review,classlib,,要確認,,,ClassicFormat::parseObject (from DateTimeFormatter) does not conform to the javadoc and may leak DateTimeException,core-libs,java.time,,21.0.6
JDK-8343474,21.0.6,excluded,test_infra,,対応不要,keywords=test; labels=noreg-doc,doc_or_test,[updates] Customize README.md to specifics of update project,infrastructure,other,"jdk11u-fix-request,jdk11u-fix-yes,jdk17u-fix-request,jdk17u-fix-yes,jdk21u-fix-request,jdk21u-fix-yes,noreg-doc",21.0.6
JDK-8343514,21.0.6,needs_review,security,,要確認,,,Add a Test against ECDSA and ECDH NIST Test vector,security-libs,java.security,,21.0.6
JDK-8343515,21.0.6,needs_review,compiler_tools,,要確認,,,JLinkReproducibleTest.java support receive test.tool.vm.opts,tools,jlink,,21.0.6
JDK-8343518,21.0.6,needs_review,classlib,,要確認,,,Provide layouts for multiple test UI in PassFailJFrame,client-libs,,,21.0.6
JDK-8343519,21.0.6,needs_review,classlib,,要確認,,,Update description of PassFailJFrame and samples,client-libs,,,21.0.6
JDK-8343520,21.0.6,needs_review,runtime_core,,要確認,,,Repeated call of StringBuffer.reverse with double byte string returns wrong result,hotspot,compiler,,21.0.6
JDK-8343524,21.0.6,needs_review,runtime_core,,要確認,,,"C2 compilation asserts with ""no node with a side effect"" in PhaseIdealLoop::try_sink_out_of_loop",hotspot,compiler,,21.0.6
JDK-8343538,21.0.6,excluded,runtime_core,,対応不要,keywords=\bshenandoah\b,gc_related,C2/Shenandoah: SEGV in compiled code when running jcstress,hotspot,compiler,,21.0.6
JDK-8343591,21.0.6,excluded,gc,,対応不要,component=hotspot/gc,gc_related,ubsan: shenandoahFreeSet.cpp:1347:24: runtime error: division by zero,hotspot,gc,,21.0.6
JDK-8343602,21.0.6,needs_review,runtime_core,,要確認,,,java/lang/management/ThreadMXBean/Locks.java transient failures,core-svc,java.lang.management,,21.0.6
JDK-8343611,21.0.6,needs_review,classlib,,要確認,,,Acknowledge case insensitive unambiguous keywords in tzdata files,core-libs,java.time,,21.0.6
JDK-8343612,21.0.6,needs_review,classlib,,要確認,,,LambdaForm customization via MethodHandle::updateForm is not thread safe,core-libs,java.lang.invoke,,21.0.6
JDK-8343613,21.0.6,needs_review,classlib,,要確認,,,Add border inside instruction frame in PassFailJFrame,client-libs,,,21.0.6
JDK-8343614,21.0.6,needs_review,classlib,,要確認,,,Improve default instruction frame title in PassFailJFrame,client-libs,,,21.0.6
JDK-8343645,21.0.6,excluded,gc,,対応不要,component=hotspot/gc,gc_related,TestLoadBypassesNullCheck.java fails improperly specified VM option,hotspot,gc,,21.0.6
JDK-8343746,21.0.6,needs_review,classlib,,要確認,,,ProblemList BasicDirectoryModel/LoaderThreadCount.java on Windows,client-libs,,,21.0.6
JDK-8343828,21.0.6,needs_review,classlib,,要確認,,,generic type information lost on mandated parameters of record's compact constructors,core-libs,java.lang:reflect,,21.0.6
JDK-8343908,21.0.6,needs_review,runtime_core,,要確認,,,"jvmti/StopThread/stopthrd007 failed with ""NoClassDefFoundError: Could not initialize class jdk.internal.misc.VirtualThreads""",hotspot,jvmti,,21.0.6
JDK-8343909,21.0.6,needs_review,runtime_core,,要確認,,,runtime/cds/appcds/ProhibitedPackage.java can fail with UseLargePages,hotspot,runtime,,21.0.6
JDK-8343910,21.0.6,needs_review,classlib,,要確認,,,Simplify TrayIconScalingTest.java,client-libs,java.awt,,21.0.6
JDK-8343912,21.0.6,needs_review,runtime_core,,要確認,,,"JDI stopListening/stoplis001 ""FAILED: listening is successfully stopped without starting listening""",core-svc,debugger,,21.0.6
JDK-8343913,21.0.6,needs_review,security,,要確認,,,Have SSLSocketTemplate.doClientSide use loopback address,security-libs,java.security,,21.0.6
JDK-8343914,21.0.6,needs_review,runtime_core,,要確認,,,Update nsk.share.Log to don't print summary during VM shutdown hook,hotspot,test,,21.0.6
JDK-8343919,21.0.6,needs_review,runtime_core,,要確認,,,vmTestbase/nsk/jdb/kill/kill001/kill001.java fails with C1,core-svc,debugger,,21.0.6
JDK-8343920,21.0.6,needs_review,runtime_core,,要確認,,,compiler/c1/TestTraceLinearScanLevel.java occasionally times out with -Xcomp,hotspot,compiler,,21.0.6
JDK-8343927,21.0.6,needs_review,security,,要確認,,,Replace hardcoded security providers with new test.provider.name system property,security-libs,java.security,,21.0.6
JDK-8343928,21.0.6,needs_review,security,,要確認,,,Fix typo of property name in TestOAEPPadding after 8341927,security-libs,java.security,,21.0.6
JDK-8344276,21.0.6,needs_review,security,,要確認,,,Update tests to use stronger Key and Salt size,security-libs,java.security,,21.0.6
JDK-8344290,21.0.6,needs_review,runtime_core,,要確認,,,The makefiles should set problemlist and adjust timeout basing on the given VM flags,hotspot,test,,21.0.6
JDK-8344291,21.0.6,needs_review,runtime_core,,要確認,,,JMXStatusTest.java fails assertion intermittently,core-svc,javax.management,,21.0.6
JDK-8344292,21.0.6,needs_review,security,,要確認,,,Several security shell tests don't set TESTJAVAOPTS,security-libs,java.security,,21.0.6
JDK-8344295,21.0.6,needs_review,classlib,,要確認,,,Disable ubsan checks in some awt/2d coding,client-libs,2d,,21.0.6
JDK-8344296,21.0.6,excluded,interop,,対応不要,targets=linux,non_windows11_platform,java/net/httpclient/ManyRequests2.java fails intermittently on Linux,core-libs,java.net,,21.0.6
JDK-8344390,21.0.6,needs_review,security,,要確認,,,Few security tests ignore VM flags,security-libs,java.security,,21.0.6
JDK-8344392,21.0.6,needs_review,runtime_core,,要確認,,,Additional tests in jmxremote/startstop to match on PID not app name,core-svc,javax.management,,21.0.6
JDK-8344398,21.0.6,needs_review,security,,要確認,,,Update tests to use stronger key parameters and certificates,security-libs,java.security,,21.0.6
JDK-8344400,21.0.6,needs_review,security,,要確認,,,Update tests to use stronger algorithms and keys,security-libs,java.security,,21.0.6
JDK-8344404,21.0.6,needs_review,runtime_core,,要確認,,,[s390x] multiple test failures with ubsan,hotspot,compiler,,21.0.6
JDK-8344405,21.0.6,needs_review,runtime_core,,要確認,,,Enhance register printing on x86_64 platforms,hotspot,runtime,,21.0.6
JDK-8344406,21.0.6,needs_review,runtime_core,,要確認,,,[PPC64] Disallow OptoScheduling,hotspot,compiler,,21.0.6
JDK-8344407,21.0.6,excluded,runtime_core,test_infra,対応不要,"keywords=jtreg,problemlist",doc_or_test,[s390x] ProblemList hotspot/jtreg/runtime/NMT/VirtualAllocCommitMerge.java,hotspot,runtime,,21.0.6
JDK-8344408,21.0.6,excluded,gc,,対応不要,component=hotspot/gc; keywords=\bzgc\b,gc_related,ZGC: Division by zero in heuristics after JDK-8332717,hotspot,gc,,21.0.6
JDK-8344409,21.0.6,needs_review,runtime_core,,要確認,,,ubsan: division by zero in sharedRuntimeTrans.cpp,hotspot,compiler,,21.0.6
JDK-8344410,21.0.6,needs_review,runtime_core,,要確認,,,Ubsan: ciEnv.cpp:1614:65: runtime error: member call on null pointer of type 'struct CompileTask',hotspot,compiler,,21.0.6
JDK-8344416,21.0.6,needs_review,runtime_core,,要確認,,,[JFR] Long strings should be added to the string pool,hotspot,jfr,,21.0.6
JDK-8344421,21.0.6,excluded,test_infra,,対応不要,targets=macos,non_windows11_platform,GHA: Switch to Xcode 15 on MacOS AArch64 runners,infrastructure,build,,21.0.6
JDK-8344574,21.0.6,needs_review,classlib,,要確認,,,ThreadLocal.nextHashCode can be static final,core-libs,java.lang,,21.0.6
JDK-8344591,21.0.6,excluded,gc,,対応不要,component=hotspot/gc; keywords=\bshenandoah\b,gc_related,Shenandoah: Parallel worker use in parallel_heap_region_iterate,hotspot,gc,,21.0.6
JDK-8344605,21.0.6,needs_review,runtime_core,,要確認,,,docker tests do not work when ubsan is configured,hotspot,runtime,,21.0.6
JDK-8344613,21.0.6,excluded,test_infra,test_infra,対応不要,"keywords=jtreg,test",doc_or_test,Create jtreg test case for JDK-8325203,tools,jpackage,,21.0.6
JDK-8344614,21.0.6,needs_review,compiler_tools,,要確認,,,tools/jpackage/windows/WinChildProcessTest.java Failed: Check is calculator process is alive,tools,jpackage,,21.0.6
JDK-8344623,21.0.6,needs_review,runtime_core,,要確認,,,Do libubsan1 installation in test container only if requested,hotspot,runtime,,21.0.6
JDK-8344657,21.0.6,needs_review,security,,要確認,,,Improve logging in OCSPTimeout and SimpleOCSPResponder to help diagnose JDK-8309754,security-libs,java.security,,21.0.6
JDK-8344676,21.0.6,excluded,runtime_core,,対応不要,targets=linux,non_windows11_platform,Fix some warnings as errors when building on Linux with toolchain clang,hotspot,other,,21.0.6
JDK-8344677,21.0.6,needs_review,runtime_core,,要確認,,,sun/management/jmxremote/bootstrap/SSLConfigFilePermissionTest.java failed with BindException: Address already in use,core-svc,javax.management,,21.0.6
JDK-8344678,21.0.6,needs_review,classlib,,要確認,,,(tz) Update Timezone Data to 2024b,core-libs,java.time,,21.0.6
JDK-8344679,21.0.6,needs_review,classlib,,要確認,,,Several tests from corelibs areas ignore VM flags,core-libs,,,21.0.6
JDK-8344803,21.0.6,needs_review,runtime_core,,要確認,,,VectorGatherMaskFoldingTest.java failed when maximum vector bits is 64,hotspot,compiler,,21.0.6
JDK-8344805,21.0.6,needs_review,runtime_core,,要確認,,,[s390x]  Disallow OptoScheduling,hotspot,compiler,,21.0.6
JDK-8344864,21.0.6,needs_review,runtime_core,,要確認,,,Fix nonnull-compare warnings,hotspot,compiler,,21.0.6
JDK-8344958,21.0.6,needs_review,test_infra,,要確認,,,Harden TzdbZoneRulesCompiler against missing zone names,infrastructure,build,,21.0.6
JDK-8344961,21.0.6,needs_review,test_infra,,要確認,,,Compile without -fno-delete-null-pointer-checks,infrastructure,build,,21.0.6
JDK-8344962,21.0.6,needs_review,runtime_core,,要確認,,,Test TestPrivilegedMode.java intermittent fails java.lang.NoClassDefFoundError: jdk/test/lib/Platform,hotspot,compiler,,21.0.6
JDK-8344964,21.0.6,needs_review,interop,,要確認,,,Test AsyncClose.java intermittent fails - Socket.getInputStream().read() wasn't preempted,core-libs,java.net,,21.0.6
JDK-8344993,21.0.6,needs_review,classlib,,要確認,,,[21u] [REDO] Backport JDK-8327501 and JDK-8328366 to JDK 21,core-libs,java.util.concurrent,"jdk21u-fix-request,jdk21u-fix-yes",21.0.6
JDK-8345055,21.0.6,excluded,runtime_core,,対応不要,"keywords=problemlist,test; labels=noreg-self | targets=aix,linux; os_field=linux/aix","doc_or_test,non_windows11_platform",[21u] ProblemList failing rtm tests on ppc platforms,hotspot,runtime,"jdk21u-fix-request,jdk21u-fix-yes,noreg-self,oraclejdk-na",21.0.6
JDK-8345174,21.0.6,needs_review,compiler_tools,,要確認,,,langtools/tools/javac/newlines/NewLineTest.java is failing on Japanese Windows,tools,javac,,21.0.6
JDK-8345180,21.0.6,excluded,runtime_core,,対応不要,"keywords=problemlist,test",doc_or_test,Problemlist vmTestbase/vm/mlvm/meth/stress/compiler/deoptimize/Test.java#id1 until JDK-8320865 is fixed,hotspot,compiler,,21.0.6
JDK-8345227,21.0.6,needs_review,runtime_core,,要確認,,,[s390x] C1 unwind_handler fails to unlock synchronized methods with LM_MONITOR,hotspot,compiler,,21.0.6
JDK-8345228,21.0.6,excluded,gc,,対応不要,component=hotspot/gc,gc_related,UnsafeIntrinsicsTest.java#ZGenerationalDebug assert(!assert_on_failure) failed: Has low-order bits set,hotspot,gc,,21.0.6
JDK-8345290,21.0.6,needs_review,runtime_core,,要確認,,,java.lang.Process is unresponsive and CPU usage spikes to 100%,hotspot,runtime,,21.0.6
JDK-8345311,21.0.6,needs_review,runtime_core,,要確認,,,Test TestEnableJVMCIProduct.java run with virtual thread intermittent fails,hotspot,compiler,,21.0.6
JDK-8345317,21.0.6,needs_review,compiler_tools,,要確認,,,SystemModulesMap::classNames and moduleNames arrays do not match the order,tools,jlink,,21.0.6
JDK-8345370,21.0.7,needs_review,security,,要確認,,,Bump update version for OpenJDK: jdk-21.0.7,infrastructure,release_eng,"jdk21u-fix-request,jdk21u-fix-yes",21.0.7
JDK-8345417,21.0.6,needs_review,classlib,,要確認,,,Thread.setContextClassloader from thread in FJP commonPool task no longer works after JDK-8327501 redux,core-libs,java.util.concurrent,,21.0.6
JDK-8345437,21.0.6,needs_review,security,,要確認,,,Add an operation mode to the jar command when extracting to not overwriting existing files,core-libs,java.util.jar,,21.0.6
JDK-8345494,21.0.7,needs_review,runtime_core,,要確認,,,JitTester: Implement temporary folder functionality,hotspot,compiler,,21.0.7
JDK-8345495,21.0.7,needs_review,runtime_core,,要確認,,,Add counting leading/trailing zero tests for Integer,hotspot,compiler,,21.0.7
JDK-8345496,21.0.7,needs_review,classlib,test_infra,要確認,,,Fix usages of jtreg-reserved properties,core-libs,,,21.0.7
JDK-8345497,21.0.7,needs_review,interop,,要確認,,,Normalize string with locale invariant `toLowerCase()`,other-libs,other,,21.0.7
JDK-8345498,21.0.7,needs_review,security,,要確認,,,Cleanups and JUnit conversion of test/jdk/java/util/zip/Available.java,core-libs,java.util.jar,,21.0.7
JDK-8345499,21.0.7,needs_review,runtime_core,,要確認,,,C2: Memory for TypeInterfaces not reclaimed by hashcons(),hotspot,compiler,,21.0.7
JDK-8345508,21.0.7,needs_review,runtime_core,,要確認,,,PPC64: C1 unwind_handler fails to unlock synchronized methods with LM_MONITOR,hotspot,compiler,,21.0.7
JDK-8345701,21.0.7,needs_review,classlib,,要確認,,,Remove applet usage from JColorChooser tests Test4222508,client-libs,javax.swing,,21.0.7
JDK-8345702,21.0.7,needs_review,classlib,,要確認,,,[TESTBUG] XparColor.java test fails with Error. Parse Exception: Invalid or unrecognized bugid: @,client-libs,java.awt,,21.0.7
JDK-8345703,21.0.7,needs_review,runtime_core,,要確認,,,Test com/sun/jdi/InterruptHangTest.java failed: Thread was never interrupted during sleep,core-svc,debugger,,21.0.7
JDK-8345707,21.0.7,needs_review,classlib,,要確認,,,Test javax/swing/JFileChooser/8080628/bug8080628.java doesn't test for GTK L&F,client-libs,javax.swing,,21.0.7
JDK-8345708,21.0.7,needs_review,security,,要確認,,,Test sun/security/validator/samedn.sh CertificateNotYetValidException: NotBefore validation,security-libs,java.security,,21.0.7
JDK-8345709,21.0.7,needs_review,security,,要確認,,,Logs truncated in test javax/net/ssl/DTLS/DTLSRehandshakeTest.java,security-libs,javax.net.ssl,,21.0.7
JDK-8345710,21.0.7,needs_review,classlib,,要確認,,,Update jdk/java/time/tck/java/time/TCKInstant.java now() to be more robust,core-libs,java.time,,21.0.7
JDK-8345771,21.0.7,needs_review,runtime_core,,要確認,,,PPC64: ObjectMonitor::_owner should be reset unconditionally in nmethod unlocking,hotspot,compiler,,21.0.7
JDK-8345866,21.0.7,needs_review,runtime_core,,要確認,,,jdk/jfr/startupargs/TestStartDuration.java should be marked as flagless,hotspot,jfr,,21.0.7
JDK-8345884,21.0.7,needs_review,security,,要確認,,,SunPKCS11 provider checks on PKCS11 Mechanism are problematic,security-libs,javax.crypto:pkcs11,,21.0.7
JDK-8345914,21.0.7,needs_review,runtime_core,,要確認,,,Misc crash dump improvements on more platforms after JDK-8294160,hotspot,runtime,,21.0.7
JDK-8345915,21.0.7,excluded,runtime_core,,対応不要,targets=aix,non_windows11_platform,Cleanup os::print_tos_pc on AIX,hotspot,runtime,,21.0.7
JDK-8345983,21.0.7,needs_review,runtime_core,,要確認,,,CompileBroker::possibly_add_compiler_threads excessively polls available memory,hotspot,compiler,,21.0.7
JDK-8346000,21.0.7,needs_review,runtime_core,,要確認,,,[REDO] Native memory leak when not recording any events,hotspot,jfr,,21.0.7
JDK-8346001,21.0.7,needs_review,runtime_core,,要確認,,,DSO created with -ffast-math breaks Java floating-point arithmetic,hotspot,runtime,,21.0.7
JDK-8346004,21.0.7,needs_review,runtime_core,,要確認,,,C2: assert(!n_loop->is_member(get_loop(lca))) failed: control must not be back in the loop,hotspot,compiler,,21.0.7
JDK-8346021,21.0.7,needs_review,runtime_core,,要確認,,,[REDO] Implement C2 VectorizedHashCode on AArch64,hotspot,compiler,,21.0.7
JDK-8346075,21.0.7,needs_review,runtime_core,,要確認,,,jcmd: Compiler.CodeHeap_Analytics cmd does not inform about missing aggregate,hotspot,compiler,,21.0.7
JDK-8346077,21.0.7,needs_review,compiler_tools,,要確認,,,test/jdk/tools/jpackage/share/ServiceTest.java test fails,tools,jpackage,,21.0.7
JDK-8346078,21.0.7,needs_review,compiler_tools,,要確認,,,Remove `--compress` from jlink command lines from jpackage tests,tools,jpackage,,21.0.7
JDK-8346079,21.0.7,needs_review,compiler_tools,,要確認,,,Consolidate EmptyFolderTest and EmptyFolderPackageTest jpackage tests into single java file,tools,jpackage,,21.0.7
JDK-8346108,21.0.7,needs_review,runtime_core,,要確認,,,[21u][BACKOUT] 8337994: [REDO] Native memory leak when not recording any events,hotspot,jfr,"jdk21u-fix-request,jdk21u-fix-yes",21.0.7
JDK-8346155,21.0.7,excluded,runtime_core,,対応不要,keywords=\bgc\b,gc_related,"jdk/jfr/event/gc/stacktrace/TestParallelMarkSweepAllocationPendingStackTrace.java failed with ""OutOfMemoryError: GC overhead limit exceeded""",hotspot,jfr,,21.0.7
JDK-8346187,21.0.7,needs_review,compiler_tools,,要確認,,,tools/jpackage/windows/Win8282351Test.java fails with java.lang.AssertionError: Expected [0]. Actual [1618]:,tools,jpackage,,21.0.7
JDK-8346189,21.0.7,needs_review,runtime_core,,要確認,,,AArch64: VM crashes with SIGILL when prctl is disallowed,hotspot,compiler,,21.0.7
JDK-8346191,21.0.7,needs_review,runtime_core,,要確認,,,Check return value of hcreate_r,hotspot,svc-agent,,21.0.7
JDK-8346266,21.0.7,excluded,test_infra,,対応不要,targets=macos,non_windows11_platform,[macos] [build]: install-file macro may run into permission denied error,infrastructure,build,,21.0.7
JDK-8346267,21.0.7,needs_review,test_infra,,要確認,,,Make target mac-jdk-bundle fails on chmod command,infrastructure,build,,21.0.7
JDK-8346286,21.0.7,needs_review,runtime_core,,要確認,,,Disable unstable check of ThreadsListHandle.sanity_vm ThreadList values,hotspot,runtime,,21.0.7
JDK-8346332,21.0.7,needs_review,runtime_core,,要確認,,,C2: Use after free in PhaseChaitin::Register_Allocate(),hotspot,compiler,,21.0.7
JDK-8346395,21.0.7,needs_review,classlib,,要確認,,,Remove applet usage from JColorChooser tests Test4319113,client-libs,javax.swing,,21.0.7
JDK-8346396,21.0.7,needs_review,classlib,,要確認,,,Remove applet usage from JColorChooser tests Test4759306,client-libs,javax.swing,,21.0.7
JDK-8346397,21.0.7,needs_review,classlib,,要確認,,,Remove applet usage from JColorChooser tests Test6348456,client-libs,javax.swing,,21.0.7
JDK-8346398,21.0.7,needs_review,classlib,,要確認,,,Convert java/awt/print/PageFormat/SetOrient.html applet test to main,client-libs,java.awt,,21.0.7
JDK-8346401,21.0.7,needs_review,classlib,,要確認,,,Remove applet usage from JColorChooser tests Test4887836,client-libs,javax.swing,,21.0.7
JDK-8346402,21.0.7,needs_review,classlib,,要確認,,,Remove applet usage from JColorChooser tests Test6977726,client-libs,javax.swing,,21.0.7
JDK-8346403,21.0.7,needs_review,runtime_core,,要確認,,,pthread_attr_init handle return value and destroy pthread_attr_t object,hotspot,runtime,,21.0.7
JDK-8346407,21.0.7,excluded,classlib,,対応不要,"keywords=open source,test",doc_or_test,Open source few Undecorated Frame tests,client-libs,java.awt,,21.0.7
JDK-8346408,21.0.7,needs_review,classlib,,要確認,,,java/awt/Frame/MaximizeUndecoratedTest.java fails in OEL due to a slight color difference,client-libs,java.awt,,21.0.7
JDK-8346409,21.0.7,needs_review,classlib,,要確認,,,PrintNullString.java doesn't use float arguments,client-libs,java.awt,,21.0.7
JDK-8346412,21.0.7,needs_review,runtime_core,,要確認,,,Test javax/management/remote/mandatory/notif/NotifReconnectDeadlockTest.java failed with NullPointerException,core-svc,javax.management,,21.0.7
JDK-8346413,21.0.7,needs_review,runtime_core,,要確認,,,Redo fix for JDK-8284620,hotspot,compiler,,21.0.7
JDK-8346416,21.0.7,needs_review,classlib,,要確認,,,Rearrange reachabilityFence()s in jdk.test.lib.util.ForceGC,core-libs,java.lang,,21.0.7
JDK-8346417,21.0.7,excluded,classlib,,対応不要,"keywords=open source,test",doc_or_test,Open source couple TextField related tests,client-libs,java.awt,,21.0.7
JDK-8346421,21.0.7,needs_review,security,,要確認,,,Update PKCS#11 Cryptographic Token Interface to v3.1,security-libs,javax.crypto:pkcs11,,21.0.7
JDK-8346425,21.0.7,needs_review,classlib,,要確認,,,Improve JButton/bug4490179.java,client-libs,javax.swing,,21.0.7
JDK-8346428,21.0.7,excluded,test_infra,test_infra,対応不要,"keywords=jtreg,test",doc_or_test,Move common properties from jpackage jtreg test declarations to TEST.properties file,tools,jpackage,,21.0.7
JDK-8346451,21.0.7,needs_review,classlib,,要確認,,,Open some swing tests 2,client-libs,javax.swing,,21.0.7
JDK-8346452,21.0.7,needs_review,classlib,,要確認,,,Open some swing tests 4,client-libs,javax.swing,,21.0.7
JDK-8346458,21.0.7,needs_review,classlib,,要確認,,,Open some swing tests 5,client-libs,javax.swing,,21.0.7
JDK-8346459,21.0.7,needs_review,classlib,,要確認,,,Open some swing tests 6,client-libs,javax.swing,,21.0.7
JDK-8346537,21.0.7,needs_review,classlib,,要確認,,,Convert java/awt/image/MemoryLeakTest/MemoryLeakTest.java applet test to main,client-libs,java.awt,,21.0.7
JDK-8346539,21.0.7,needs_review,classlib,,要確認,,,Convert java/awt/print/Dialog/PrintApplet.java applet test to main,client-libs,java.awt,,21.0.7
JDK-8346540,21.0.7,needs_review,classlib,,要確認,,,Convert javax/swing/JColorChooser/8065098/bug8065098.java applet test to main,client-libs,javax.swing,,21.0.7
JDK-8346542,21.0.7,needs_review,classlib,,要確認,,,Convert java/awt/print/PrinterJob/PrinterDialogsModalityTest/PrinterDialogsModalityTest.html applet test to main,client-libs,java.awt,,21.0.7
JDK-8346577,21.0.7,needs_review,compiler_tools,,要確認,,,tools/jpackage/windows/Win8301247Test.java fails on localized Windows platform,tools,jpackage,,21.0.7
JDK-8346578,21.0.7,excluded,runtime_core,,対応不要,targets=macos,non_windows11_platform,SA core file support is broken on macosx-x64 starting with macOS 12.x,hotspot,svc-agent,,21.0.7
JDK-8346617,21.0.7,needs_review,test_infra,,要確認,,,GHA: Collect hs_errs from build time failures,infrastructure,build,,21.0.7
JDK-8346618,21.0.7,needs_review,test_infra,,要確認,,,GHA: Report truncation is broken after JDK-8341424,infrastructure,build,,21.0.7
JDK-8346624,21.0.7,excluded,classlib,,対応不要,"keywords=open source,test",doc_or_test,Open source several Swing JTree JViewport KeyboardManager tests,client-libs,javax.swing,,21.0.7
JDK-8346625,21.0.7,needs_review,classlib,,要確認,,,JViewport Test headless failure,client-libs,javax.swing,,21.0.7
JDK-8346626,21.0.7,needs_review,classlib,,要確認,,,Remove applet usage from JColorChooser tests Test4759934,client-libs,javax.swing,,21.0.7
JDK-8346627,21.0.7,needs_review,classlib,,要確認,,,Convert java/awt/im/JTextFieldTest.java applet test to main,client-libs,java.awt,,21.0.7
JDK-8346629,21.0.7,needs_review,classlib,,要確認,,,Frame not disposed in java/awt/dnd/DropActionChangeTest.java,client-libs,java.awt,,21.0.7
JDK-8346630,21.0.7,needs_review,runtime_core,,要確認,,,"runtime/handshake/HandshakeDirectTest.java causes ""monitor end should be strictly below the frame pointer"" assertion failure on AArch64",hotspot,runtime,,21.0.7
JDK-8346631,21.0.7,needs_review,interop,,要確認,,,Test java/nio/channels/Selector/WakeupNow.java failed,core-libs,java.nio,,21.0.7
JDK-8346634,21.0.7,needs_review,security,,要確認,,,test/jdk/sun/security/tools/jarsigner/PreserveRawManifestEntryAndDigest.java can fail due to regex,security-libs,java.security,,21.0.7
JDK-8346635,21.0.7,needs_review,classlib,,要確認,,,PassFailJFrame.java test result: Error. Bad action for script: build},client-libs,,,21.0.7
JDK-8346636,21.0.7,needs_review,security,,要確認,,,Test sun/security/pkcs11/Provider/RequiredMechCheck.java needs write access to src tree,security-libs,javax.crypto:pkcs11,,21.0.7
JDK-8346640,21.0.7,needs_review,classlib,,要確認,,,java/awt/Graphics2D/ScaledTransform/ScaledTransform.java dialog does not get disposed,client-libs,2d,,21.0.7
JDK-8346641,21.0.7,needs_review,interop,,要確認,,,java/net/httpclient/PlainProxyConnectionTest.java failed: Unexpected connection count: 5,core-libs,java.net,,21.0.7
JDK-8346646,21.0.7,excluded,classlib,,対応不要,targets=macos,non_windows11_platform,Exclude List/KeyEventsTest/KeyEventsTest.java from running on macOS,client-libs,java.awt,,21.0.7
JDK-8346647,21.0.7,needs_review,runtime_core,,要確認,,,The libjsig deprecation warning should go to stderr not stdout,hotspot,runtime,,21.0.7
JDK-8346698,21.0.7,needs_review,compiler_tools,,要確認,,,Clean up return code handling for pthread calls in library coding,tools,launcher,,21.0.7
JDK-8346699,21.0.7,needs_review,compiler_tools,,要確認,,,Incorrect format string after JDK-8339475,tools,launcher,,21.0.7
JDK-8346746,21.0.7,excluded,classlib,,対応不要,"keywords=open source,test",doc_or_test,Open source several Swing JToolbar JTooltip JTree tests,client-libs,javax.swing,,21.0.7
JDK-8346748,21.0.7,needs_review,interop,,要確認,,,[REDO] java/nio/file/attribute/BasicFileAttributeView/CreationTime.java#tmp fails on alinux3,core-libs,java.nio,,21.0.7
JDK-8346749,21.0.7,excluded,interop,,対応不要,targets=alpine,non_windows11_platform,File libCreationTimeHelper.c compile fails on Alpine,core-libs,java.nio,,21.0.7
JDK-8346804,21.0.7,excluded,classlib,,対応不要,"keywords=open source,test",doc_or_test,Open source several Swing JTree tests,client-libs,javax.swing,,21.0.7
JDK-8346806,21.0.7,excluded,classlib,,対応不要,"keywords=open source,test",doc_or_test,Open source several Swing JToolbar tests,client-libs,javax.swing,,21.0.7
JDK-8346807,21.0.7,needs_review,classlib,,要確認,,,Delete Redundant Printer Dialog Modality Test,client-libs,java.awt,,21.0.7
JDK-8346808,21.0.7,excluded,runtime_core,test_infra,対応不要,"keywords=jtreg,test",doc_or_test,Add jtreg test for large arrayCopy disjoint case.,hotspot,compiler,,21.0.7
JDK-8346809,21.0.7,needs_review,runtime_core,,要確認,,,C2 SuperWord: some additional PopulateIndex tests,hotspot,compiler,,21.0.7
JDK-8346812,21.0.7,needs_review,classlib,,要確認,,,Get rid of JApplet in test/jdk/sanity/client/lib/SwingSet2/src/DemoModule.java,client-libs,javax.swing,,21.0.7
JDK-8346813,21.0.7,needs_review,security,,要確認,,,SunPKCS11 initialization will call C_GetMechanismInfo on unsupported mechanisms,security-libs,javax.crypto:pkcs11,,21.0.7
JDK-8346814,21.0.7,needs_review,compiler_tools,,要確認,,,Rework BasicTest.testTemp test cases,tools,jpackage,,21.0.7
JDK-8346815,21.0.7,needs_review,compiler_tools,,要確認,,,Test BasicTest.java javac compile fails cannot find symbol,tools,jpackage,,21.0.7
JDK-8346816,21.0.7,needs_review,classlib,,要確認,,,Remove JButton/PressedButtonRightClickTest test,client-libs,javax.swing,,21.0.7
JDK-8346817,21.0.7,needs_review,security,,要確認,,,Google CAInterop test failures,security-libs,java.security,,21.0.7
JDK-8346842,21.0.7,needs_review,runtime_core,,要確認,,,"vmTestbase/nsk/stress/strace/strace015.java failed with 'Cannot read the array length because ""<local4>"" is null'",hotspot,runtime,,21.0.7
JDK-8346851,21.0.7,excluded,classlib,,対応不要,"keywords=open source,test",doc_or_test,Open source several AWT/2D related tests,client-libs,2d,,21.0.7
JDK-8346857,21.0.7,needs_review,compiler_tools,,要確認,,,jpackage test helper function incorrectly removes a directory instead of its contents only,tools,jpackage,,21.0.7
JDK-8346858,21.0.7,needs_review,classlib,,要確認,,,[XWayland] JavaFX hangs when calling java.awt.Robot.getPixelColor,client-libs,java.awt,,21.0.7
JDK-8346891,21.0.7,needs_review,runtime_core,,要確認,,,Checked_cast assert in CDS compare_by_loader,hotspot,runtime,,21.0.7
JDK-8346894,21.0.7,needs_review,classlib,,要確認,,,Open some swing tests,client-libs,javax.swing,,21.0.7
JDK-8346895,21.0.7,needs_review,classlib,,要確認,,,Convert javax/swing/JCheckBox/8032667/bug8032667.java applet test to main,client-libs,javax.swing,,21.0.7
JDK-8346899,21.0.7,needs_review,classlib,,要確認,,,[XWayland] test/jdk/java/awt/Mouse/EnterExitEvents/ResizingFrameTest.java,client-libs,java.awt,,21.0.7
JDK-8346900,21.0.7,needs_review,runtime_core,,要確認,,,Crash due to invalid oop in nmethod after C1 patching,hotspot,compiler,,21.0.7
JDK-8346973,21.0.7,needs_review,runtime_core,,要確認,,,C2: basic blocks with only BoxLock nodes are wrongly treated as empty,hotspot,compiler,,21.0.7
JDK-8347010,21.0.6,needs_review,test_infra,,要確認,,,[21u] Remove designator DEFAULT_PROMOTED_VERSION_PRE=ea for release 21.0.6,infrastructure,release_eng,,21.0.6
JDK-8347012,21.0.7,needs_review,compiler_tools,,要確認,,,"Move jpackage tests from ""jdk.jpackage.tests"" package to the default package",tools,jpackage,,21.0.7
JDK-8347028,21.0.7,needs_review,runtime_core,,要確認,,,[s390x] minimal build failure,hotspot,runtime,,21.0.7
JDK-8347095,21.0.7,needs_review,classlib,,要確認,,,Bad copyright notices in changes from JDK-8339902,client-libs,java.awt,,21.0.7
JDK-8347096,21.0.7,excluded,classlib,,対応不要,"keywords=open source,test",doc_or_test,Open source AWT List tests,client-libs,java.awt,,21.0.7
JDK-8347100,21.0.7,needs_review,compiler_tools,,要確認,,,"Use OperatingSystem, Architecture, and OSVersion in jpackage tests",tools,jpackage,,21.0.7
JDK-8347103,21.0.7,needs_review,classlib,,要確認,,,Clean up a few ExtendedRobot tests,client-libs,,,21.0.7
JDK-8347176,21.0.7,needs_review,test_infra,,要確認,,,Compile tests with the same visibility rules as product code,infrastructure,build,,21.0.7
JDK-8347276,21.0.7,needs_review,runtime_core,,要確認,,,OperatingSystemMXBean.getSystemCpuLoad() throws NPE,core-svc,java.lang.management,,21.0.7
JDK-8347317,21.0.7,needs_review,compiler_tools,,要確認,,,Improve test coverage for class loading elements with annotations of different retentions,tools,javac,,21.0.7
JDK-8347403,21.0.7,needs_review,test_infra,test_infra,要確認,,,GHA: Build JTReg in single step,infrastructure,build,,21.0.7
JDK-8347440,21.0.7,needs_review,runtime_core,,要確認,,,Use google test string comparison macros,hotspot,runtime,,21.0.7
JDK-8347442,21.0.7,needs_review,classlib,,要確認,,,Convert java/awt/image/multiresolution/MultiDisplayTest/MultiDisplayTest.java applet test to main,client-libs,java.awt,,21.0.7
JDK-8347443,21.0.7,needs_review,classlib,,要確認,,,[TEST_BUG]GTK L&F: There is no swatches or RGB tab in JColorChooser,client-libs,javax.swing,,21.0.7
JDK-8347579,21.0.7,needs_review,runtime_core,test_infra,要確認,,,[TESTBUG] Jtreg compiler/loopopts/superword/TestDependencyOffsets.java fails on 512-bit SVE,hotspot,compiler,,21.0.7
JDK-8347580,21.0.7,excluded,compiler_tools,,対応不要,targets=linux,non_windows11_platform,jpackage tests run osx-specific checks on windows and linux,tools,jpackage,,21.0.7
JDK-8347583,21.0.7,excluded,compiler_tools,,対応不要,targets=linux,non_windows11_platform,RuntimePackageTest.testUsrInstallDir test fails on Linux,tools,jpackage,,21.0.7
JDK-8347584,21.0.7,needs_review,runtime_core,,要確認,,,Improve heap walking API tests to verify correctness of field indexes,hotspot,jvmti,,21.0.7
JDK-8347587,21.0.7,needs_review,interop,,要確認,,,Update code gen in CallGeneratorHelper,core-libs,java.lang.foreign,,21.0.7
JDK-8347588,21.0.7,needs_review,runtime_core,,要確認,,,Test com/sun/jmx/remote/NotificationMarshalVersions/TestSerializationMismatch.java fails,core-svc,,,21.0.7
JDK-8347589,21.0.7,excluded,classlib,,対応不要,targets=macos,non_windows11_platform,[macos] Test java/awt/Frame/ExceptionOnSetExtendedStateTest/ExceptionOnSetExtendedStateTest.java fails,client-libs,java.awt,,21.0.7
JDK-8347592,21.0.7,needs_review,runtime_core,,要確認,,,Normalize Random usage by incubator vector tests,hotspot,compiler,,21.0.7
JDK-8347593,21.0.7,needs_review,runtime_core,,要確認,,,compiler/codecache/CheckSegmentedCodeCache.java fails,hotspot,compiler,,21.0.7
JDK-8347644,21.0.7,needs_review,compiler_tools,,要確認,,,Remove unused imports from `ModuleGenerator` test file,tools,javadoc(tool),,21.0.7
JDK-8347876,21.0.7,needs_review,interop,,要確認,,,Request with timeout aborts later in-flight request on HTTP/1.1 cxn,core-libs,java.net,,21.0.7
JDK-8347877,21.0.7,needs_review,compiler_tools,,要確認,,,With malformed --app-image the error messages are awful,tools,jpackage,,21.0.7
JDK-8347878,21.0.7,needs_review,classlib,,要確認,,,Remove applet usage from JFileChooser tests bug6698013,client-libs,javax.swing,,21.0.7
JDK-8347879,21.0.7,needs_review,classlib,,要確認,,,"Manual printer tests have no Pass/Fail buttons, instructions close set 2",client-libs,2d,,21.0.7
JDK-8347882,21.0.7,excluded,classlib,,対応不要,"keywords=open source,test",doc_or_test,Open source closed frame tests #1,client-libs,java.awt,,21.0.7
JDK-8347883,21.0.7,needs_review,classlib,,要確認,,,Write a test to check various components events are triggered properly,client-libs,java.awt,,21.0.7
JDK-8347884,21.0.7,needs_review,runtime_core,,要確認,,,Add test for Allocation elimination after use as alignment reference by SuperWord,hotspot,compiler,,21.0.7
JDK-8347892,21.0.7,needs_review,classlib,,要確認,,,Use latch in BasicMenuUI/bug4983388.java instead of delay,client-libs,javax.swing,,21.0.7
JDK-8347930,21.0.7,needs_review,classlib,,要確認,,,DrawFocusRect() may cause an assertion failure,client-libs,java.awt,,21.0.7
JDK-8348057,21.0.7,excluded,classlib,,対応不要,targets=macos,non_windows11_platform,[macOS] java/awt/dnd/NextDropActionTest/NextDropActionTest.java fails with java.lang.RuntimeException: wrong next drop action!,client-libs,java.awt,,21.0.7
JDK-8348058,21.0.7,needs_review,runtime_core,,要確認,,,com/sun/tools/attach/BasicTests.java does not verify AgentLoadException case,hotspot,svc,,21.0.7
JDK-8348059,21.0.7,needs_review,classlib,,要確認,,,"Manual printer tests have no Pass/Fail buttons, instructions close set 1",client-libs,2d,,21.0.7
JDK-8348060,21.0.7,needs_review,classlib,,要確認,,,Convert PageFormat/Orient.java to use PassFailJFrame,client-libs,java.awt,,21.0.7
JDK-8348061,21.0.7,needs_review,runtime_core,,要確認,,,Remove all code for  nsk.share.Log verbose mode,hotspot,test,,21.0.7
JDK-8348065,21.0.7,needs_review,security,,要確認,,,Certificate name constraints improperly validated with leading period,security-libs,java.security,,21.0.7
JDK-8348066,21.0.7,needs_review,security,,要確認,,,test/jdk/sun/security/x509/DNSName/LeadingPeriod.java validity check failed,security-libs,java.security,,21.0.7
JDK-8348067,21.0.7,needs_review,security,,要確認,,,Fix and rewrite sun/security/x509/DNSName/LeadingPeriod.java test,security-libs,java.security,,21.0.7
JDK-8348068,21.0.7,needs_review,runtime_core,,要確認,,,Various test failures after JDK-8334305,hotspot,test,,21.0.7
JDK-8348069,21.0.7,excluded,classlib,,対応不要,targets=macos,non_windows11_platform,[macos] javax/swing/ProgressMonitor/ProgressMonitorEscapeKeyPress.java fails sometimes in macos,client-libs,javax.swing,,21.0.7
JDK-8348070,21.0.7,needs_review,classlib,,要確認,,,java/awt/a11y/AccessibleJTableTest.java fails in some cases where the test tables are not visible,client-libs,javax.accessibility,,21.0.7
JDK-8348071,21.0.7,needs_review,classlib,,要確認,,,Simplify JButton/bug4323121.java,client-libs,javax.swing,,21.0.7
JDK-8348072,21.0.7,needs_review,classlib,,要確認,,,javax/swing/text/StyledEditorKit/4506788/bug4506788.java fails in ubuntu22.04,client-libs,javax.swing,,21.0.7
JDK-8348200,21.0.7,needs_review,interop,,要確認,,,Update IANA Language Subtag Registry to Version 2024-11-19,core-libs,java.util:i18n,,21.0.7
JDK-8348201,21.0.7,needs_review,runtime_core,,要確認,,,Kmem limit and max values swapped when printing container information,hotspot,runtime,,21.0.7
JDK-8348329,21.0.7,needs_review,runtime_core,,要確認,,,test_nmt_locationprinting.cpp broken in the gcc windows build,hotspot,runtime,,21.0.7
JDK-8348331,21.0.7,needs_review,classlib,,要確認,,,Simplify awt/print/PageFormat/NullPaper.java test,client-libs,java.awt,,21.0.7
JDK-8348332,21.0.7,needs_review,classlib,,要確認,,,Use standard layouts in DefaultFrameIconTest.java and MenuCrash.java,client-libs,java.awt,,21.0.7
JDK-8348333,21.0.7,excluded,classlib,,対応不要,"keywords=open source,test",doc_or_test,open source several AWT tests including menu shortcut tests,client-libs,java.awt,,21.0.7
JDK-8348339,21.0.7,needs_review,classlib,,要確認,,,[TESTBUG] java/awt/PrintJob/PrintCheckboxTest/PrintCheckboxManualTest.java fails with rror. Can't find HTML file PrintCheckboxManualTest.html,client-libs,2d,,21.0.7
JDK-8348340,21.0.7,needs_review,interop,,要確認,,,Improve debuggability of test/jdk/java/net/Socket/CloseAvailable.java,core-libs,java.net,,21.0.7
JDK-8348341,21.0.7,needs_review,compiler_tools,,要確認,,,Crash: SIGSEGV in dlerror(),tools,jpackage,,21.0.7
JDK-8348394,21.0.7,excluded,gc,,対応不要,component=hotspot/gc; keywords=\bshenandoah\b,gc_related,Shenandoah: Test TestJcmdHeapDump.java#aggressive intermittent assert(gc_cause() == GCCause::_no_gc) failed: Over-writing cause,hotspot,gc,,21.0.7
JDK-8348395,21.0.7,excluded,gc,,対応不要,component=hotspot/gc,gc_related,Epsilon: Demote heap size and AlwaysPreTouch warnings to info level,hotspot,gc,,21.0.7
JDK-8348397,21.0.7,needs_review,classlib,,要確認,,,Improve AnnotationFormatError message for duplicate annotation interfaces,core-libs,java.lang:reflect,,21.0.7
JDK-8348625,21.0.7,needs_review,classlib,,要確認,,,"[21u, 17u] Revert JDK-8185862 to restore old java.awt.headless behavior on Windows",client-libs,java.awt,"jdk17u-fix-request,jdk17u-fix-yes,jdk21u-fix-request,jdk21u-fix-yes,jdk24u-fix-request",21.0.7
JDK-8348676,21.0.7,excluded,interop,,対応不要,targets=aix,non_windows11_platform,(ch) java/nio/channels/AsynchronousSocketChannel/StressLoopback.java times out (aix),core-libs,java.nio,,21.0.7
JDK-8348843,21.0.7,needs_review,classlib,,要確認,,,(tz) Update Timezone Data to 2025a,core-libs,java.time,,21.0.7
JDK-8348942,21.0.7,needs_review,runtime_core,,要確認,,,cpuset cgroups controller is required for no good reason,hotspot,runtime,,21.0.7
JDK-8348944,21.0.7,needs_review,runtime_core,,要確認,,,vmTestbase/nsk/jdwp/ThreadReference/ForceEarlyReturn/forceEarlyReturn002/forceEarlyReturn002.java timed out,core-svc,debugger,,21.0.7
JDK-8348946,21.0.7,needs_review,runtime_core,,要確認,,,GTest needs larger combination limit,hotspot,runtime,,21.0.7
JDK-8348947,21.0.7,needs_review,classlib,,要確認,,,Convert java/awt/Frame/FrameStateTest/FrameStateTest.html applet test to main,client-libs,java.awt,,21.0.7
JDK-8348952,21.0.7,needs_review,runtime_core,,要確認,,,ASAN reports use-after-free in DirectivesParserTest.empty_object_vm,hotspot,runtime,,21.0.7
JDK-8348953,21.0.7,needs_review,runtime_core,,要確認,,,Exceptions in javax/management DeadLockTest.java do not cause test failure,core-svc,javax.management,,21.0.7
JDK-8349045,21.0.7,excluded,gc,,対応不要,component=hotspot/gc,gc_related,java/util/zip/EntryCount64k.java failing with java.lang.RuntimeException: '\\A\\Z' missing from stderr,hotspot,gc,,21.0.7
JDK-8349089,21.0.7,needs_review,classlib,,要確認,,,JTabbedPane/8134116/Bug8134116.java has no license header,client-libs,javax.swing,,21.0.7
JDK-8349277,21.0.7,needs_review,classlib,,要確認,,,test/jdk/javax/swing/JScrollBar/4865918/bug4865918.java fails in ubuntu22.04,client-libs,,,21.0.7
JDK-8349426,21.0.7,needs_review,test_infra,,要確認,,,Timeout handler on Windows takes 2 hours to complete,infrastructure,build,,21.0.7
JDK-8349427,21.0.7,needs_review,runtime_core,,要確認,,,Remove unused JVMDITools test files,core-svc,debugger,,21.0.7
JDK-8349429,21.0.7,needs_review,classlib,,要確認,,,Add more details to FrameStateTest.java test instructions,client-libs,java.awt,,21.0.7
JDK-8349430,21.0.7,needs_review,runtime_core,,要確認,,,Two CDS tests fail with -UseCompressedOops and UseSerialGC/UseParallelGC,hotspot,runtime,,21.0.7
JDK-8349432,21.0.7,excluded,runtime_core,,対応不要,targets=linux,non_windows11_platform,"failure_handler should execute gdb ""info threads"" command on linux",hotspot,test,,21.0.7
JDK-8349436,21.0.7,excluded,classlib,,対応不要,"keywords=open source,test",doc_or_test,Open source several 2D tests,client-libs,2d,,21.0.7
JDK-8349437,21.0.7,needs_review,classlib,,要確認,,,[TEST_BUG]GTK L&F: There is no Details button in FileChooser Dialog,client-libs,javax.swing,,21.0.7
JDK-8349438,21.0.7,needs_review,runtime_core,,要確認,,,javax/management/remote/mandatory/connection/DeadLockTest.java failing with NoSuchObjectException: no such object in table,core-svc,javax.management,,21.0.7
JDK-8349439,21.0.7,needs_review,classlib,,要確認,,,[TestBug] DefaultCloseOperation.java test not working as expected wrt instruction after JDK-8325851 fix,client-libs,javax.swing,,21.0.7
JDK-8349443,21.0.7,needs_review,classlib,,要確認,,,Limit the length of inflated text chunks,client-libs,javax.imageio,,21.0.7
JDK-8349453,21.0.7,excluded,runtime_core,,対応不要,targets=aix,non_windows11_platform,[AIX] Beginning with AIX 7.3 TL1 mmap() supports 64K memory pages,hotspot,runtime,,21.0.7
JDK-8349603,21.0.7,needs_review,test_infra,,要確認,,,"[21u, 17u, 11u] Update GHA JDKs after Jan/25 updates",infrastructure,build,"jdk11u-fix-request,jdk11u-fix-yes,jdk17u-fix-request,jdk17u-fix-yes,jdk21u-fix-request,jdk21u-fix-yes",21.0.7
JDK-8349640,21.0.7,needs_review,runtime_core,,要確認,,,Update failure handler to don't generate Error message if cores actions are empty,hotspot,test,,21.0.7
JDK-8349642,21.0.7,excluded,classlib,,対応不要,"keywords=open source,test",doc_or_test,open source several 2D imaging tests,client-libs,2d,,21.0.7
JDK-8349657,21.0.7,excluded,runtime_core,,対応不要,keywords=\bzgc\b,gc_related,ZGC: segmentation fault due to missing node type check in barrier elision analysis,hotspot,compiler,,21.0.7
JDK-8349729,21.0.7,excluded,test_infra,test_infra,対応不要,"keywords=jtreg,test | targets=aix; os_field=aix","doc_or_test,non_windows11_platform",[21u] AIX jtreg tests fail to compile with qvisibility=hidden,infrastructure,build,"25-na,jdk21u-fix-request,jdk21u-fix-yes,sap-aix-na",21.0.7
JDK-8349827,21.0.7,needs_review,interop,,要確認,,,java/nio/file/Files/probeContentType/Basic.java fails on Windows 2025,core-libs,java.nio,,21.0.7
JDK-8349830,21.0.7,excluded,classlib,,対応不要,targets=windows server,non_windows11_platform,java/io/File/createTempFile/SpecialTempFile.java fails on Windows Server 2025,core-libs,java.io,,21.0.7
JDK-8349856,21.0.7,excluded,gc,,対応不要,component=hotspot/gc,gc_related,[testsuite] NeverActAsServerClassMachine breaks TestPLABAdaptToMinTLABSize.java TestPinnedHumongousFragmentation.java TestPinnedObjectContents.java,hotspot,gc,,21.0.7
JDK-8349870,21.0.7,needs_review,security,,要確認,,,Distrust TLS server certificates anchored by Camerfirma Root CAs,security-libs,javax.net.ssl,,21.0.7
JDK-8349947,21.0.7,needs_review,classlib,,要確認,,,[JMH] jdk.incubator.vector.SpiltReplicate fails NoClassDefFoundError,core-libs,,,21.0.7
JDK-8349948,21.0.7,needs_review,classlib,,要確認,,,Replace usages of -mx and -ms in some tests,core-libs,,,21.0.7
JDK-8349983,21.0.7,needs_review,runtime_core,,要確認,,,AArch64: Build failure with clang due to -Wformat-nonliteral warning,hotspot,runtime,,21.0.7
JDK-8349986,21.0.7,needs_review,security,,要確認,,,Serialization considerations,security-libs,java.security,,21.0.7
JDK-8349987,21.0.7,needs_review,classlib,,要確認,,,java/io/File/createTempFile/SpecialTempFile.java failing,core-libs,java.io,,21.0.7
JDK-8349996,21.0.7,needs_review,compiler_tools,,要確認,,,BasicAnnoTests doesn't handle multiple annotations at the same position,tools,javac,,21.0.7
JDK-8349998,21.0.7,needs_review,interop,,要確認,,,(dc) java/nio/channels/DatagramChannel/InterruptibleOrNot.java fails with virtual thread factory,core-libs,java.nio,,21.0.7
JDK-8350000,21.0.7,needs_review,interop,,要確認,,,Test java/nio/channels/FileChannel/LoopingTruncate.java fails sometimes with IOException: There is not enough space on the disk,core-libs,java.nio,,21.0.7
JDK-8350001,21.0.7,excluded,runtime_core,,対応不要,targets=macos,non_windows11_platform,[ubsan] adjustments to filemap.cpp and virtualspace.cpp for macOS aarch64,hotspot,runtime,,21.0.7
JDK-8350002,21.0.7,needs_review,runtime_core,,要確認,,,[ubsan] logSelection.cpp:154:24  / logSelectionList.cpp:72:94 : runtime error: applying non-zero offset 1 to null pointer,hotspot,runtime,,21.0.7
JDK-8350003,21.0.7,needs_review,classlib,,要確認,,,Error output in libjsound has non matching format strings,client-libs,javax.sound,,21.0.7
JDK-8350183,21.0.7,excluded,classlib,,対応不要,targets=aix,non_windows11_platform,"[aix] java/lang/ProcessHandle/InfoTest.java still fails: ""reported cputime less than expected""",core-libs,java.lang,,21.0.7
JDK-8350191,21.0.7,excluded,runtime_core,,対応不要,targets=linux,non_windows11_platform,Linux ppc64le with toolchain clang - detection failure in early JVM startup,hotspot,runtime,,21.0.7
JDK-8350291,21.0.7,needs_review,runtime_core,,要確認,,,Virtual Threads: exclude 2 tests,hotspot,test,,21.0.7
JDK-8350310,21.0.7,excluded,classlib,,対応不要,targets=macos,non_windows11_platform,[ubsan] ProcessImpl_md.c:561:40: runtime error: applying zero offset to null pointer on macOS aarch64,core-libs,,,21.0.7
JDK-8350311,21.0.7,needs_review,runtime_core,,要確認,,,[ubsan] logOutput.cpp:357:21: runtime error: applying non-zero offset 1 to null pointer,hotspot,runtime,,21.0.7
JDK-8350312,21.0.7,excluded,runtime_core,,対応不要,targets=macos,non_windows11_platform,[macOS]: UnixOperatingSystem.c:67:40: runtime error: division by zero,core-svc,java.lang.management,,21.0.7
JDK-8350407,21.0.7,needs_review,classlib,,要確認,,,Convert java/awt/print/bug8023392/bug8023392.html applet test to main,client-libs,java.awt,,21.0.7
JDK-8350408,21.0.7,needs_review,classlib,test_infra,要確認,,,Remove jtreg tag manual=yesno for java/awt/print/PrinterJob/PrintTextTest.java,client-libs,,,21.0.7
JDK-8350409,21.0.7,needs_review,classlib,,要確認,,,Write a test to compare the images,client-libs,java.awt,,21.0.7
JDK-8350412,21.0.8,needs_review,runtime_core,,要確認,,,[21u] AArch64: Ambiguous frame layout leads to incorrect traces in JFR,hotspot,compiler,"jdk17u-fix-request,jdk17u-fix-yes,jdk21u-fix-request,jdk21u-fix-yes,jfr,sustaining",21.0.8
JDK-8350505,21.0.7,needs_review,classlib,,要確認,,,"[Accessibility,Windows,JAWS] Bug in the getKeyChar method of the AccessBridge class",client-libs,javax.accessibility,,21.0.7
JDK-8350527,21.0.7,excluded,gc,,対応不要,component=hotspot/gc; keywords=\bgc\b,gc_related,gc/TestDisableExplicitGC.java fails due to unexpected CodeCache GC,hotspot,gc,,21.0.7
JDK-8350528,21.0.7,needs_review,runtime_core,,要確認,,,Add more linesize for MIME decoder in macro bench test Base64Decode,hotspot,compiler,,21.0.7
JDK-8350529,21.0.7,needs_review,classlib,,要確認,,,javax/swing/JScrollBar/4865918/bug4865918.java fails in CI,client-libs,javax.swing,,21.0.7
JDK-8350530,21.0.7,needs_review,classlib,,要確認,,,javax/swing/JScrollBar/4865918/bug4865918.java still fails in CI,client-libs,javax.swing,,21.0.7
JDK-8350531,21.0.7,needs_review,classlib,,要確認,,,TrayIcon tests fail in Ubuntu 24.10 Wayland,client-libs,java.awt,,21.0.7
JDK-8350568,21.0.7,needs_review,compiler_tools,,要確認,,,Upgrade JLine to 3.26.1,tools,jshell,,21.0.7
JDK-8350610,21.0.8,needs_review,interop,,要確認,,,HttpClient: improve HTTP/2 flow control checks,core-libs,java.net,,21.0.8
JDK-8350650,21.0.8,needs_review,security,,要確認,,,Bump update version for OpenJDK: jdk-21.0.8,infrastructure,release_eng,"jdk21u-fix-request,jdk21u-fix-yes",21.0.8
JDK-8350658,21.0.7,needs_review,runtime_core,,要確認,,,Adjust exception No type named <ThreadType> in database,hotspot,svc-agent,,21.0.7
JDK-8350669,21.0.7,needs_review,classlib,,要確認,,,javax/swing/JFileChooser/FileSystemView/WindowsDefaultIconSizeTest.java creates tmp file in src dir,client-libs,javax.swing,,21.0.7
JDK-8350670,21.0.7,needs_review,classlib,,要確認,,,javax/imageio/plugins/wbmp/WBMPStreamTruncateTest.java creates temp file in src dir,client-libs,javax.imageio,,21.0.7
JDK-8350671,21.0.7,needs_review,security,,要確認,,,Test javax/net/ssl/SSLSocket/Tls13PacketSize.java failed with java.net.SocketException: An established connection was aborted by the software in your host machine,security-libs,javax.net.ssl,,21.0.7
JDK-8350677,21.0.7,excluded,classlib,,対応不要,targets=macos,non_windows11_platform,[TESTBUG] java/awt/Robot/ScreenCaptureRobotTest.java failing on macOS,client-libs,java.awt,,21.0.7
JDK-8350684,21.0.7,needs_review,interop,,要確認,,,HTTP/2 stream cancelImpl may leave subscriber registered,core-libs,java.net,,21.0.7
JDK-8350856,21.0.8,needs_review,runtime_core,,要確認,,,[PPC64] Make intrinsic conversions between bit representations of half precision values and floats,hotspot,compiler,,21.0.8
JDK-8350862,21.0.8,needs_review,runtime_core,,要確認,,,Output JVMTI agent information in hserr files,hotspot,jvmti,,21.0.8
JDK-8350948,21.0.8,excluded,interop,,対応不要,keywords=\bgc\b,gc_related,UpcallLinker::on_exit races with GC when copying frame anchor,core-libs,java.lang.foreign,hgupdate-sync,21.0.8
JDK-8350949,21.0.8,excluded,interop,,対応不要,keywords=\bgc\b,gc_related,UpcallLinker::on_entry racingly clears pending exception with GC safepoints,core-libs,java.lang.foreign,hgupdate-sync,21.0.8
JDK-8350950,21.0.8,needs_review,interop,,要確認,,,ProgrammableUpcallHandler::on_entry/on_exit access thread fields from native,core-libs,java.lang.foreign,hgupdate-sync,21.0.8
JDK-8351022,21.0.8,needs_review,compiler_tools,,要確認,,,Test FailOverDirectExecutionControlTest.java fails with -Xcomp,tools,jshell,,21.0.8
JDK-8351030,21.0.8,excluded,runtime_core,,対応不要,keywords=\bshenandoah\b,gc_related,JFR Leak Profiler is broken with Shenandoah,hotspot,jfr,,21.0.8
JDK-8351031,21.0.8,needs_review,runtime_core,,要確認,,,Problemlist jdk/jfr/event/oldobject/TestShenandoah.java after JDK-8279016,hotspot,jfr,,21.0.8
JDK-8351190,21.0.8,needs_review,interop,,要確認,,,[JMH] time.format.ZonedDateTimeFormatterBenchmark fails,core-libs,java.util:i18n,,21.0.8
JDK-8351191,21.0.8,excluded,gc,,対応不要,component=hotspot/gc; keywords=\bgc\b,gc_related,3 gc/epsilon tests ignore external vm options,hotspot,gc,,21.0.8
JDK-8351239,21.0.8,needs_review,security,,要確認,,,Failure when creating non-CRT RSA private keys in SunPKCS11,security-libs,javax.crypto:pkcs11,,21.0.8
JDK-8351340,21.0.8,needs_review,runtime_core,,要確認,,,secondary_super_cache does not scale well,hotspot,compiler,,21.0.8
JDK-8351341,21.0.8,needs_review,runtime_core,,要確認,,,Out-of-bounds array access in secondary_super_cache,hotspot,runtime,,21.0.8
JDK-8351358,21.0.8,needs_review,runtime_core,,要確認,,,Corrupted timezone string in JVM crash log,hotspot,runtime,,21.0.8
JDK-8351506,21.0.8,excluded,classlib,,対応不要,"keywords=open source,test",doc_or_test,Open source several Swing CSS related tests,client-libs,javax.swing,,21.0.8
JDK-8351507,21.0.8,needs_review,classlib,,要確認,,,ColorConvertOp - typo for non-ICC conversions needs one-line fix,client-libs,2d,,21.0.8
JDK-8351508,21.0.8,excluded,runtime_core,,対応不要,targets=linux,non_windows11_platform,[Testbug] g-tests for cgroup leave files in /tmp on linux,hotspot,runtime,,21.0.8
JDK-8351510,21.0.8,excluded,classlib,,対応不要,targets=macos,non_windows11_platform,[macos] Menu or JPopupMenu not closed when main window is resized,client-libs,javax.swing,,21.0.8
JDK-8351511,21.0.8,excluded,classlib,,対応不要,"keywords=open source,test",doc_or_test,Open Source several AWT/2D font and rendering tests,client-libs,,,21.0.8
JDK-8351512,21.0.8,needs_review,security,,要確認,,,Jarsigner should print a warning if an entry is removed,security-libs,java.security,hgupdate-sync,21.0.8
JDK-8351521,21.0.8,needs_review,classlib,,要確認,,,sun/awt/font/TestDevTransform.java fails with RuntimeException: Different rendering,client-libs,2d,,21.0.8
JDK-8351522,21.0.8,excluded,classlib,,対応不要,"keywords=open source,test",doc_or_test,Open source several Choice related tests (part 2),client-libs,,,21.0.8
JDK-8351527,21.0.8,needs_review,classlib,,要確認,,,Update List/ItemEventTest/ItemEventTest.java,client-libs,java.awt,,21.0.8
JDK-8351528,21.0.8,needs_review,classlib,,要確認,,,Update PipeWire to 1.3.81,client-libs,java.awt,,21.0.8
JDK-8351531,21.0.8,excluded,classlib,,対応不要,targets=aix,non_windows11_platform,AIX build failure after upgrade pipewire to 1.3.81,client-libs,java.awt,,21.0.8
JDK-8351532,21.0.8,excluded,classlib,,対応不要,targets=macos,non_windows11_platform,"[Accessibility,macOS,VoiceOver] VoiceOver doesn't announce untick on toggling the checkbox with ""space"" key on macOS",client-libs,javax.accessibility,,21.0.8
JDK-8351533,21.0.8,excluded,classlib,,対応不要,targets=macos,non_windows11_platform,"[Accessibility,macOS,Screen Magnifier]: JCheckbox unchecked state does not magnify but works for checked state",client-libs,javax.accessibility,,21.0.8
JDK-8351538,21.0.8,needs_review,classlib,,要確認,,,Update FreeType to 2.13.3,client-libs,2d,,21.0.8
JDK-8351557,21.0.8,needs_review,runtime_core,,要確認,,,Add jcmd to print annotated process memory map,hotspot,runtime,,21.0.8
JDK-8351559,21.0.8,excluded,gc,,対応不要,component=hotspot/gc; keywords=\bgc\b,gc_related,gc/stress/TestStressG1Uncommit.java gets OOM-killed,hotspot,gc,,21.0.8
JDK-8351637,21.0.8,excluded,runtime_core,,対応不要,targets=linux,non_windows11_platform,Out of bounds access on Linux aarch64 in os::print_register_info,hotspot,runtime,,21.0.8
JDK-8351684,21.0.8,needs_review,runtime_core,,要確認,,,"""Total compile time"" counter should include time spent in failing/bailout compiles",hotspot,compiler,,21.0.8
JDK-8351830,21.0.8,excluded,classlib,,対応不要,"keywords=open source,test",doc_or_test,Open source several Swing Scroll related tests,client-libs,javax.swing,,21.0.8
JDK-8351831,21.0.8,excluded,gc,,対応不要,component=hotspot/gc,gc_related,Move BufferNode from PtrQueue files to new files,hotspot,gc,,21.0.8
JDK-8351872,21.0.8,needs_review,runtime_core,,要確認,,,Skip ValidateHazardPtrsClosure in non-debug builds,hotspot,runtime,,21.0.8
JDK-8351879,21.0.8,needs_review,classlib,,要確認,,,print/Dialog/PaperSizeError.java fails with MediaSizeName is not A4: A4,client-libs,2d,,21.0.8
JDK-8351899,21.0.8,excluded,gc,,対応不要,component=hotspot/gc; keywords=\bgc\b,gc_related,Bug in jdk.jfr.event.gc.collection.TestSystemGC,hotspot,gc,,21.0.8
JDK-8351920,21.0.8,needs_review,runtime_core,,要確認,,,Improve Speed of System.map,hotspot,runtime,,21.0.8
JDK-8351924,21.0.8,needs_review,runtime_core,,要確認,,,serviceability/dcmd/vm/SystemMapTest.java and SystemDumpMapTest.java may fail after JDK-8326586,hotspot,runtime,,21.0.8
JDK-8351934,21.0.8,needs_review,classlib,,要確認,,,Inaccurate masking of TC subfield decrement in ForkJoinPool,core-libs,java.util.concurrent,,21.0.8
JDK-8351960,21.0.8,needs_review,security,,要確認,,,Remove Baltimore root certificate expiring in May 2025,security-libs,java.security,,21.0.8
JDK-8352000,21.0.8,needs_review,interop,,要確認,,,java/net/ipv6tests/UdpTest.java fails with checkTime failed,core-libs,java.net,,21.0.8
JDK-8352025,21.0.8,excluded,classlib,,対応不要,"keywords=open source,test",doc_or_test,Open source several Swing RootPane and Slider related tests,client-libs,javax.swing,,21.0.8
JDK-8352026,21.0.8,needs_review,runtime_core,,要確認,,,Replace NULL with nullptr in HotSpot gtests,hotspot,runtime,,21.0.8
JDK-8352028,21.0.8,excluded,classlib,,対応不要,"keywords=open source,test",doc_or_test,Automate and open source few closed manual applet test,client-libs,javax.swing,,21.0.8
JDK-8352029,21.0.8,needs_review,classlib,,要確認,,,Remove applet usage from JFileChooser tests bug4150029,client-libs,javax.swing,,21.0.8
JDK-8352030,21.0.8,excluded,classlib,,対応不要,"keywords=open source,test",doc_or_test,Convert and Open source few manual applet test to main based,client-libs,java.awt,,21.0.8
JDK-8352031,21.0.8,excluded,classlib,,対応不要,"keywords=open source,test",doc_or_test,Open source several AWT focus tests - series 1,client-libs,java.awt,,21.0.8
JDK-8352032,21.0.8,excluded,classlib,,対応不要,"keywords=open source,test",doc_or_test,Open source several AWT focus tests - series 2,client-libs,java.awt,,21.0.8
JDK-8352033,21.0.8,excluded,classlib,,対応不要,"keywords=open source,test",doc_or_test,Open source AWT MenuItem related tests,client-libs,java.awt,,21.0.8
JDK-8352034,21.0.8,excluded,classlib,,対応不要,"keywords=open source,test",doc_or_test,Open source closed choice tests #2,client-libs,java.awt,,21.0.8
JDK-8352035,21.0.8,excluded,classlib,,対応不要,"keywords=open source,test",doc_or_test,Open source several AWT focus tests - series 5,client-libs,java.awt,,21.0.8
JDK-8352036,21.0.8,excluded,classlib,,対応不要,"keywords=open source,test",doc_or_test,Open source few Checkbox and Cursor tests - Set1,client-libs,java.awt,,21.0.8
JDK-8352041,21.0.8,excluded,classlib,,対応不要,"keywords=open source,test",doc_or_test,Open source DnD tests - Set5,client-libs,java.awt,,21.0.8
JDK-8352051,21.0.8,excluded,classlib,,対応不要,"keywords=open source,test",doc_or_test,Open source closed frame tests # 2,client-libs,java.awt,,21.0.8
JDK-8352076,21.0.8,excluded,interop,,対応不要,"keywords=problemlist,test; labels=noreg-self | keywords=\bgc\b,\bshenandoah\b","doc_or_test,gc_related",[21u] Problem list tests that fail in 21 and would be fixed by 8309622,core-libs,java.util:i18n,"jdk17u-fix-request,jdk17u-fix-yes,jdk21u-fix-request,jdk21u-fix-yes,noreg-self",21.0.8
JDK-8352097,21.0.7,needs_review,classlib,,要確認,,,(tz) zone.tab update missed in 2025a backport,core-libs,java.time,"24-na,jdk11u-critical-request,jdk11u-critical-yes,jdk17u-critical-request,jdk17u-critical-yes,jdk21u-critical-request,jdk21u-critical-yes,jdk8u-critical-request,jdk8u-critical-yes",21.0.7
JDK-8352103,21.0.8,excluded,classlib,,対応不要,"keywords=open source,test",doc_or_test,Open source some Component/Panel/EventQueue tests - Set2,client-libs,java.awt,,21.0.8
JDK-8352104,21.0.8,excluded,classlib,,対応不要,"keywords=open source,test",doc_or_test,Open source several AWT Dialog tests - Batch 4,client-libs,java.awt,,21.0.8
JDK-8352167,21.0.8,needs_review,runtime_core,,要確認,,,WB_IsFrameDeoptimized miss ResourceMark,hotspot,runtime,,21.0.8
JDK-8352183,21.0.8,needs_review,runtime_core,,要確認,,,[x64] Fix useless padding,hotspot,compiler,,21.0.8
JDK-8352220,21.0.8,needs_review,interop,,要確認,,,assert fired in java/net/httpclient/DependentPromiseActionsTest (infrequent),core-libs,java.net,,21.0.8
JDK-8352221,21.0.8,excluded,classlib,,対応不要,"keywords=open source,test",doc_or_test,Open source few Component tests - Set1,client-libs,java.awt,,21.0.8
JDK-8352225,21.0.8,excluded,classlib,,対応不要,"keywords=open source,test",doc_or_test,Open source some Desktop related tests,client-libs,,,21.0.8
JDK-8352227,21.0.8,excluded,interop,,対応不要,targets=macos,non_windows11_platform,"java/net/Socket/UdpSocket.java fails with ""java.net.BindException: Address already in use"" (macos-aarch64)",core-libs,java.net,,21.0.8
JDK-8352230,21.0.8,needs_review,runtime_core,,要確認,,,CompileFramework: test library to conveniently compile java and jasm sources for fuzzing,hotspot,compiler,,21.0.8
JDK-8352232,21.0.8,needs_review,classlib,,要確認,,,Automate javax/print/attribute/PageRangesException.java,client-libs,java.awt,,21.0.8
JDK-8352233,21.0.8,excluded,classlib,,対応不要,targets=linux,non_windows11_platform,JRadioButton/ButtonGroupFocusTest.java fails in CI on Linux,client-libs,javax.swing,,21.0.8
JDK-8352234,21.0.8,needs_review,interop,,要確認,,,(fs) Remove some extensions from java/nio/file/Files/probeContentType/Basic.java,core-libs,java.nio,,21.0.8
JDK-8352238,21.0.8,needs_review,interop,,要確認,,,test/jdk/java/net/httpclient/HttpsTunnelAuthTest.java fails intermittently,core-libs,java.net,,21.0.8
JDK-8352240,21.0.8,needs_review,classlib,,要確認,,,Remove PassFailJFrame constructor with screenshots,client-libs,,,21.0.8
JDK-8352283,21.0.8,excluded,gc,,対応不要,component=hotspot/gc; keywords=\bshenandoah\b,gc_related,Shenandoah: Improve handshake closure labels,hotspot,gc,,21.0.8
JDK-8352285,21.0.8,needs_review,runtime_core,,要確認,,,CTW: Attempt to preload all classes in constant pool,hotspot,compiler,,21.0.8
JDK-8352286,21.0.8,needs_review,runtime_core,,要確認,,,Give better error for ConcurrentHashTable corruption,hotspot,runtime,,21.0.8
JDK-8352425,21.0.8,needs_review,interop,,要確認,,,HttpClient with StructuredTaskScope does not close when a task fails,core-libs,java.net,,21.0.8
JDK-8352436,21.0.8,needs_review,runtime_core,,要確認,,,[AArch64] C1: guarantee(val < (1ULL << nbits)) failed: Field too big for insn,hotspot,compiler,,21.0.8
JDK-8352438,21.0.8,needs_review,classlib,,要確認,,,[JMH] vector.IndexInRangeBenchmark failed with IndexOutOfBoundsException for size=1024,core-libs,,,21.0.8
JDK-8352513,21.0.8,needs_review,interop,,要確認,,,Incorrect handling of HTTP/2 GOAWAY frames in HttpClient,core-libs,java.net,,21.0.8
JDK-8352515,21.0.8,excluded,classlib,,対応不要,"keywords=open source,test",doc_or_test,Open source several Swing PopupMenu related tests,client-libs,javax.swing,,21.0.8
JDK-8352516,21.0.8,needs_review,runtime_core,,要確認,,,Update runtime/condy tests to be executed with VM flags,hotspot,runtime,,21.0.8
JDK-8352517,21.0.8,excluded,classlib,,対応不要,"keywords=open source,test",doc_or_test,Open source closed choice tests #3,client-libs,java.awt,,21.0.8
JDK-8352518,21.0.8,excluded,classlib,,対応不要,"keywords=open source,test",doc_or_test,Open source AWT FileDialog related tests,client-libs,java.awt,,21.0.8
JDK-8352519,21.0.8,excluded,classlib,,対応不要,"keywords=open source,test",doc_or_test,Open source more AWT window tests,client-libs,java.awt,,21.0.8
JDK-8352522,21.0.8,excluded,classlib,,対応不要,"keywords=open source,test",doc_or_test,Open source few more AWT PopupMenu tests,client-libs,java.awt,,21.0.8
JDK-8352523,21.0.8,needs_review,runtime_core,,要確認,,,Enable debug logging for vmTestbase/nsk/jvmti/scenarios/sampling/SP05/sp05t003/TestDescription.java,hotspot,jvmti,,21.0.8
JDK-8352524,21.0.8,needs_review,runtime_core,,要確認,,,Adjust timeout in test javax/management/monitor/DerivedGaugeMonitorTest.java,core-svc,javax.management,,21.0.8
JDK-8352525,21.0.8,needs_review,runtime_core,,要確認,,,serviceability/sa/ClhsdbWhere.java fails AssertionFailure: Corrupted constant pool,hotspot,svc-agent,,21.0.8
JDK-8352526,21.0.8,needs_review,runtime_core,,要確認,,,Test serviceability/sa/ClhsdbCDSJstackPrintAll.java failed: ArrayIndexOutOfBoundsException,hotspot,svc-agent,,21.0.8
JDK-8352537,21.0.8,needs_review,classlib,,要確認,,,Use latch in AbstractButton/bug6298940.java instead of delay,client-libs,javax.swing,,21.0.8
JDK-8352538,21.0.8,needs_review,classlib,,要確認,,,Exception thrown before awaitAndCheck hangs PassFailJFrame,client-libs,,,21.0.8
JDK-8352539,21.0.8,needs_review,classlib,,要確認,,,Improve HTML instruction formatting in PassFailJFrame,client-libs,,,21.0.8
JDK-8352540,21.0.8,needs_review,security,,要確認,,,Upgrade NSS binaries for interop tests,security-libs,javax.crypto,,21.0.8
JDK-8352543,21.0.8,needs_review,classlib,,要確認,,,[XWayland] No displayChanged event after setDisplayMode call,client-libs,java.awt,,21.0.8
JDK-8352544,21.0.8,needs_review,classlib,,要確認,,,Update LCMS to 2.17,client-libs,2d,,21.0.8
JDK-8352548,21.0.8,needs_review,security,,要確認,,,Test sun/security/tools/jarsigner/TimestampCheck.java is failing,security-libs,java.security,,21.0.8
JDK-8352586,21.0.8,excluded,classlib,test_infra,対応不要,"keywords=jtreg,test",doc_or_test,Some java/lang jtreg tests miss requires vm.hasJFR,core-libs,java.lang,,21.0.8
JDK-8352658,21.0.8,needs_review,classlib,,要確認,,,[JMH] Cannot access class jdk.internal.vm.ContinuationScope,core-libs,java.lang,,21.0.8
JDK-8352735,21.0.8,needs_review,compiler_tools,,要確認,,,Clean up the code in sun.tools.jar.Main to properly close resources and use ZipFile during extract,tools,jar,hgupdate-sync,21.0.8
JDK-8352771,21.0.8,needs_review,runtime_core,,要確認,,,Crash: assert(h_array_list.not_null()) failed: invariant,hotspot,jfr,,21.0.8
JDK-8352772,21.0.8,excluded,runtime_core,,対応不要,targets=linux,non_windows11_platform,OpenJDK fails to configure on linux aarch64 when CDS is disabled after JDK-8331942,hotspot,runtime,,21.0.8
JDK-8353017,21.0.8,needs_review,other,,要確認,,,Use jvmArgs consistently in microbenchmarks,performance,libraries,,21.0.8
JDK-8353018,21.0.8,needs_review,other,,要確認,,,Use -jvmArgsPrepend when running microbenchmarks in RunTests.gmk,performance,libraries,,21.0.8
JDK-8353071,21.0.8,needs_review,classlib,,要確認,,,Opensource five more random Swing tests,client-libs,javax.swing,,21.0.8
JDK-8353072,21.0.8,needs_review,classlib,performance_regression,要確認,,,Opensource five Swing component related regression tests,client-libs,javax.swing,,21.0.8
JDK-8353073,21.0.8,needs_review,runtime_core,,要確認,,,vmTestbase/nsk/jdb/stop_at/stop_at002/stop_at002.java failure goes undetected,core-svc,debugger,,21.0.8
JDK-8353076,21.0.8,excluded,classlib,,対応不要,"keywords=open source,test",doc_or_test,Open source closed choice tests #1,client-libs,java.awt,,21.0.8
JDK-8353077,21.0.8,excluded,classlib,,対応不要,"keywords=open source,test",doc_or_test,Open source several AWT focus tests - series 4,client-libs,java.awt,,21.0.8
JDK-8353078,21.0.8,excluded,classlib,,対応不要,"keywords=open source,test",doc_or_test,Open source couple more miscellaneous AWT tests,client-libs,java.awt,,21.0.8
JDK-8353081,21.0.8,excluded,classlib,,対応不要,"keywords=open source,test",doc_or_test,Open source some of the AWT Window tests,client-libs,java.awt,,21.0.8
JDK-8353082,21.0.8,excluded,classlib,,対応不要,"keywords=open source,test",doc_or_test,Open source closed frame tests # 4,client-libs,java.awt,,21.0.8
JDK-8353086,21.0.8,needs_review,security,,要確認,,,Test sun/security/tools/jarsigner/ConciseJarsigner.java failed: unable to find valid certification path to requested target,security-libs,java.security,,21.0.8
JDK-8353096,21.0.8,needs_review,interop,,要確認,,,URLConnection.getLastModified() leaks file handles for jar:file and file: URLs,core-libs,java.net,,21.0.8
JDK-8353102,21.0.8,excluded,gc,,対応不要,component=hotspot/gc; keywords=\bg1\b,gc_related,G1: NUMA migrations cause crashes in region allocation,hotspot,gc,,21.0.8
JDK-8353128,21.0.8,needs_review,runtime_core,,要確認,,,JFR: Split JFRCheckpoint VM operation,hotspot,jfr,,21.0.8
JDK-8353140,21.0.8,needs_review,classlib,,要確認,,,Desktop.browse method fails if earlier CoInitialize call as COINIT_MULTITHREADED,client-libs,java.awt,,21.0.8
JDK-8353292,21.0.8,needs_review,runtime_core,,要確認,,,Replaying compilation with null static final fields results in a crash,hotspot,compiler,,21.0.8
JDK-8353301,21.0.8,needs_review,classlib,,要確認,,,Primitive caches must use boxed instances from the archive,core-libs,java.lang,,21.0.8
JDK-8353518,21.0.8,excluded,classlib,,対応不要,"keywords=open source,test",doc_or_test,Open source several Swing HTMLEditorKit related tests,client-libs,javax.swing,,21.0.8
JDK-8353520,21.0.8,needs_review,classlib,,要確認,,,Convert and Opensource few JFileChooser applet test to main,client-libs,javax.swing,,21.0.8
JDK-8353522,21.0.8,excluded,runtime_core,,対応不要,targets=linux,non_windows11_platform,Make os::Linux::active_processor_count() public,hotspot,runtime,,21.0.8
JDK-8353524,21.0.8,needs_review,classlib,,要確認,,,Opensource few AWT PopupMenu tests,client-libs,java.awt,,21.0.8
JDK-8353525,21.0.8,excluded,classlib,,対応不要,"keywords=open source,test",doc_or_test,Open source several AWT focus tests - series 3,client-libs,java.awt,,21.0.8
JDK-8353528,21.0.8,needs_review,classlib,,要確認,,,Opensource few AWT image tests,client-libs,java.awt,,21.0.8
JDK-8353534,21.0.8,excluded,classlib,,対応不要,"keywords=open source,test",doc_or_test,Open source several Java2D rendering loop tests.,client-libs,2d,,21.0.8
JDK-8353535,21.0.8,excluded,classlib,,対応不要,"keywords=open source,test",doc_or_test,Open source several AWT PopupMenu tests,client-libs,java.awt,,21.0.8
JDK-8353536,21.0.8,needs_review,runtime_core,,要確認,,,More reliable OOM handling in ExceptionDuringDumpAtObjectsInitPhase test,hotspot,runtime,,21.0.8
JDK-8353538,21.0.8,needs_review,classlib,,要確認,,,Update HarfBuzz to 10.4.0,client-libs,2d,,21.0.8
JDK-8353540,21.0.8,needs_review,classlib,,要確認,,,Update Libpng to 1.6.47,client-libs,java.awt,,21.0.8
JDK-8353645,21.0.8,needs_review,classlib,,要確認,,,java/io/File/GetXSpace.java fails on Windows with CD-ROM drive,core-libs,java.io,,21.0.8
JDK-8353646,21.0.8,needs_review,interop,,要確認,,,Wrong timeout computations in DnsClient,core-libs,javax.naming,,21.0.8
JDK-8353647,21.0.8,needs_review,interop,,要確認,,,com/sun/jndi/dns/ConfigTests/Timeout.java failed intermittent,core-libs,javax.naming,,21.0.8
JDK-8353648,21.0.8,needs_review,runtime_core,,要確認,,,Remove unused UseNUMA in os_aix.cpp,hotspot,runtime,,21.0.8
JDK-8353650,21.0.8,needs_review,runtime_core,,要確認,,,C2: Loop strip mining uses ABS with min int,hotspot,compiler,,21.0.8
JDK-8353651,21.0.8,needs_review,runtime_core,,要確認,,,C2: VectorInsertNode::make() shouldn't call ConINode::make() directly,hotspot,compiler,,21.0.8
JDK-8353652,21.0.8,needs_review,runtime_core,,要確認,,,Incorrect TraceLoopPredicate output,hotspot,compiler,,21.0.8
JDK-8353653,21.0.8,needs_review,runtime_core,,要確認,,,Fatal error in auto-vectorizer with float16 kernel.,hotspot,compiler,,21.0.8
JDK-8353654,21.0.8,excluded,gc,,対応不要,component=hotspot/gc,gc_related,ShenandoahHeap::is_in should check for alive regions,hotspot,gc,,21.0.8
JDK-8353675,21.0.8,needs_review,runtime_core,,要確認,,,Caller/callee param size mismatch in deoptimization causes crash,hotspot,compiler,,21.0.8
JDK-8353676,21.0.8,needs_review,runtime_core,,要確認,,,SIGFPE In ObjectSynchronizer::is_async_deflation_needed(),hotspot,runtime,,21.0.8
JDK-8353690,21.0.8,needs_review,classlib,,要確認,,,PNGImageWriter uses much more memory than necessary,client-libs,javax.imageio,,21.0.8
JDK-8353700,21.0.8,excluded,classlib,,対応不要,"keywords=open source,test",doc_or_test,Open source some of the AWT Geometry/Button tests,client-libs,java.awt,,21.0.8
JDK-8353701,21.0.8,excluded,classlib,,対応不要,"keywords=open source,test",doc_or_test,Open source few more AWT Frame related tests,client-libs,java.awt,,21.0.8
JDK-8353702,21.0.8,excluded,classlib,,対応不要,"keywords=open source,test",doc_or_test,Open source closed frame tests # 3,client-libs,java.awt,,21.0.8
JDK-8353703,21.0.8,excluded,classlib,,対応不要,"keywords=open source,test",doc_or_test,Open source additional Component tests (part 3),client-libs,java.awt,,21.0.8
JDK-8353852,21.0.8,needs_review,classlib,,要確認,,,[ubsan] exclude function BilinearInterp and ShapeSINextSpan in libawt java2d from ubsan checks,client-libs,2d,,21.0.8
JDK-8353853,21.0.8,needs_review,runtime_core,,要確認,,,[ubsan] block.cpp:1617:30: runtime error: 9.97582e+36 is outside the range of representable values of type 'int',hotspot,compiler,,21.0.8
JDK-8353864,21.0.8,needs_review,classlib,performance_regression,要確認,,,Opensource five more Swing regression tests,client-libs,javax.swing,,21.0.8
JDK-8353865,21.0.8,needs_review,runtime_core,,要確認,,,"memory_swap_current_in_bytes reports 0 as ""unlimited""",hotspot,runtime,,21.0.8
JDK-8353866,21.0.8,excluded,classlib,,対応不要,"keywords=open source,test",doc_or_test,Open source several AWT Robot tests,client-libs,java.awt,,21.0.8
JDK-8353867,21.0.8,excluded,gc,,対応不要,component=hotspot/gc,gc_related,[TESTBUG] gtest CollectorPolicy.young_scaled_initial_ergo_vm fails if heap is too small,hotspot,gc,,21.0.8
JDK-8353870,21.0.8,excluded,classlib,,対応不要,"keywords=open source,test",doc_or_test,Open source DnD tests - Set4,client-libs,java.awt,,21.0.8
JDK-8353872,21.0.8,excluded,classlib,,対応不要,"keywords=open source,test",doc_or_test,Open source few Cursor tests - Set2,client-libs,java.awt,,21.0.8
JDK-8353874,21.0.8,excluded,classlib,,対応不要,"keywords=open source,test",doc_or_test,Open source few TrayIcon tests - Set8,client-libs,java.awt,,21.0.8
JDK-8353876,21.0.8,excluded,classlib,,対応不要,"keywords=open source,test",doc_or_test,Open source few DnD tests - Set6,client-libs,java.awt,,21.0.8
JDK-8353877,21.0.8,needs_review,classlib,,要確認,,,test/jdk/javax/swing/JRadioButton/8033699/bug8033699.java fails in ubuntu22.04,client-libs,javax.swing,,21.0.8
JDK-8353881,21.0.8,needs_review,security,,要確認,,,jdk/test/lib/security/timestamp/TsaServer.java warnings,security-libs,java.security,,21.0.8
JDK-8353893,21.0.8,excluded,gc,,対応不要,component=hotspot/gc,gc_related,CollectorPolicy.young_scaled_initial_ergo_vm gtest fails on ppc64 based platforms,hotspot,gc,,21.0.8
JDK-8353894,21.0.8,needs_review,security,,要確認,,,Restore null return for invalid services from legacy providers,security-libs,java.security,,21.0.8
JDK-8353899,21.0.8,needs_review,security,,要確認,,,Test sun/security/tools/jarsigner/TsacertOptionTest.java failed: Warning found in stdout,security-libs,java.security,,21.0.8
JDK-8353900,21.0.8,needs_review,interop,,要確認,,,Race condition in jdk/java/net/httpclient/offline/FixedResponseHttpClient.java,core-libs,java.net,,21.0.8
JDK-8353901,21.0.8,excluded,gc,,対応不要,component=hotspot/gc; keywords=\bgc\b,gc_related,nsk.share.gc.Memory::getArrayLength returns wrong value,hotspot,gc,,21.0.8
JDK-8353904,21.0.7,needs_review,test_infra,,要確認,,,[21u] Remove designator DEFAULT_PROMOTED_VERSION_PRE=ea for release 21.0.7,infrastructure,release_eng,,21.0.7
JDK-8353915,21.0.8,needs_review,security,,要確認,,,NullPointerException in sun.security.jca.ProviderList.getService(),security-libs,java.security,,21.0.8
JDK-8353921,21.0.8,needs_review,classlib,,要確認,,,(tz) Update Timezone Data to 2025b,core-libs,java.time,,21.0.8
JDK-8353922,21.0.8,excluded,gc,,対応不要,component=hotspot/gc; keywords=\bg1\b,gc_related,G1: interpreter post-barrier x86 code asserts index size of wrong buffer,hotspot,gc,,21.0.8
JDK-8354058,21.0.8,needs_review,runtime_core,,要確認,,,AArch64: turn on signum intrinsics by default on Ampere CPUs,hotspot,compiler,,21.0.8
JDK-8354165,21.0.8,needs_review,runtime_core,,要確認,,,compiler/vectorization/TestFloat16VectorConvChain.java fails with non-standard AVX/SSE settings,hotspot,compiler,,21.0.8
JDK-8354185,21.0.8,needs_review,classlib,,要確認,,,Opensource five miscellaneous Swing tests,client-libs,javax.swing,,21.0.8
JDK-8354197,21.0.8,needs_review,runtime_core,,要確認,,,compiler/vectorization/TestFloat16VectorConvChain.java  timeouts on ppc64 platforms after JDK-8335860,hotspot,compiler,,21.0.8
JDK-8354199,21.0.8,needs_review,classlib,,要確認,,,java/awt/Cursor/JPanelCursorTest/JPanelCursorTest.java does not show the default cursor,client-libs,java.awt,,21.0.8
JDK-8354201,21.0.8,excluded,classlib,,対応不要,"keywords=open source,test",doc_or_test,Open source AWT Frame related tests,client-libs,java.awt,,21.0.8
JDK-8354202,21.0.8,excluded,classlib,,対応不要,"keywords=open source,test",doc_or_test,Open source several AWT focus tests - series 6,client-libs,java.awt,,21.0.8
JDK-8354203,21.0.8,excluded,classlib,,対応不要,"keywords=open source,test",doc_or_test,Open source few more AWT List tests,client-libs,java.awt,,21.0.8
JDK-8354206,21.0.8,excluded,classlib,,対応不要,"keywords=open source,test",doc_or_test,Open source additional Component tests (part 2),client-libs,java.awt,,21.0.8
JDK-8354207,21.0.8,excluded,classlib,,対応不要,"keywords=open source,test",doc_or_test,Open source some MenuBar tests - Set2,client-libs,java.awt,,21.0.8
JDK-8354208,21.0.8,excluded,classlib,,対応不要,"keywords=open source,test",doc_or_test,Open source several AWT Dialog tests - Batch 2,client-libs,java.awt,,21.0.8
JDK-8354253,21.0.8,needs_review,runtime_core,,要確認,,,jcmd Compiler.codecache should print total size of code cache,hotspot,compiler,,21.0.8
JDK-8354267,21.0.8,needs_review,interop,,要確認,,,"java/net/httpclient/ShutdownNow.java fails with java.lang.AssertionError: client was still running, but exited after further delay: timeout should be adjusted",core-libs,java.net,,21.0.8
JDK-8354271,21.0.8,excluded,gc,,対応不要,component=hotspot/gc; keywords=\bzgc\b,gc_related,ZGC: Another division by zero in rule_major_allocation_rate,hotspot,gc,,21.0.8
JDK-8354349,21.0.8,needs_review,interop,,要確認,,,Several java/net/InetAddress tests fails UnknownHostException,core-libs,java.net,,21.0.8
JDK-8354367,21.0.8,needs_review,runtime_core,,要確認,,,java/lang/instrument/modules/AppendToClassPathModuleTest.java ignores VM flags,core-svc,java.lang.instrument,,21.0.8
JDK-8354368,21.0.8,needs_review,runtime_core,,要確認,,,Test jdk/incubator/vector/LoadJsvmlTest.java ignores VM flags,hotspot,compiler,,21.0.8
JDK-8354369,21.0.8,needs_review,classlib,,要確認,,,"javax/swing/JFileChooser/JFileChooserSetLocationTest.java failed with ""setLocation() is not working properly""",client-libs,javax.swing,,21.0.8
JDK-8354370,21.0.8,excluded,gc,,対応不要,component=hotspot/gc; keywords=\bzgc\b,gc_related,zgc/genzgc tests ignore vm flags,hotspot,gc,,21.0.8
JDK-8354373,21.0.8,excluded,classlib,,対応不要,"keywords=open source,test",doc_or_test,Open source several AWT List tests,client-libs,java.awt,,21.0.8
JDK-8354374,21.0.8,excluded,classlib,,対応不要,"keywords=open source,test",doc_or_test,Open source few more AWT FileDialog tests,client-libs,java.awt,,21.0.8
JDK-8354375,21.0.8,excluded,classlib,,対応不要,"keywords=open source,test",doc_or_test,Open source several Choice related tests,client-libs,java.awt,,21.0.8
JDK-8354377,21.0.8,excluded,classlib,,対応不要,"keywords=open source,test",doc_or_test,Open source few Checkbox tests - Set2,client-libs,java.awt,,21.0.8
JDK-8354378,21.0.8,excluded,classlib,,対応不要,"keywords=open source,test",doc_or_test,open source some 2d graphics tests,client-libs,2d,,21.0.8
JDK-8354379,21.0.8,excluded,classlib,,対応不要,"keywords=open source,test",doc_or_test,Open source some of the AWT window test,client-libs,java.awt,,21.0.8
JDK-8354384,21.0.8,excluded,classlib,,対応不要,"keywords=open source,test",doc_or_test,Open source few various AWT tests - Set1,client-libs,java.awt,,21.0.8
JDK-8354385,21.0.8,excluded,classlib,,対応不要,"keywords=open source,test",doc_or_test,Open source some MenuBar tests - Set1,client-libs,java.awt,,21.0.8
JDK-8354422,21.0.8,excluded,classlib,,対応不要,"keywords=open source,test",doc_or_test,Open source several AWT Mouse tests - Batch 1,client-libs,java.awt,,21.0.8
JDK-8354423,21.0.8,excluded,classlib,,対応不要,"keywords=open source,test",doc_or_test,Open source few DND tests - Set1,client-libs,java.awt,,21.0.8
JDK-8354425,21.0.8,excluded,classlib,,対応不要,"keywords=open source,test",doc_or_test,Open source several AWT Canvas and Rectangle related tests,client-libs,java.awt,,21.0.8
JDK-8354429,21.0.8,needs_review,interop,,要確認,,,(ch) sun.nio.ch.Poller.register throws AssertionError,core-libs,java.nio,,21.0.8
JDK-8354444,21.0.8,needs_review,runtime_core,,要確認,,,Hotspot should support multiple large page sizes on Windows,hotspot,runtime,,21.0.8
JDK-8354494,21.0.8,needs_review,test_infra,,要確認,,,Debug symbols bundle should contain full debug files when building --with-external-symbols-in-bundles=public,infrastructure,build,,21.0.8
JDK-8354528,21.0.8,needs_review,runtime_core,,要確認,,,Integer.numberOfLeadingZeros outputs incorrectly in certain cases,hotspot,compiler,,21.0.8
JDK-8354533,21.0.8,needs_review,classlib,,要確認,,,"Writer not closed with disk full error, file resource leaked",core-libs,java.io,,21.0.8
JDK-8354579,21.0.8,needs_review,runtime_core,,要確認,,,Extend printing for System.map,hotspot,runtime,,21.0.8
JDK-8354630,21.0.8,needs_review,compiler_tools,,要確認,,,org.jline.util.PumpReader signed byte problem,tools,jshell,,21.0.8
JDK-8354633,21.0.8,needs_review,classlib,,要確認,,,Convert Applet test ManualHTMLDataFlavorTest.java to main program,client-libs,java.awt,,21.0.8
JDK-8354635,21.0.8,excluded,classlib,,対応不要,"keywords=open source,test",doc_or_test,Open source closed frame tests # 5,client-libs,java.awt,,21.0.8
JDK-8354638,21.0.8,needs_review,classlib,,要確認,,,java/awt/dnd/DnDRemoveFocusOwnerCrashTest.java timed out after JDK-8341257,client-libs,java.awt,,21.0.8
JDK-8354639,21.0.8,excluded,runtime_core,,対応不要,keywords=\bzgc\b,gc_related,serviceability/dcmd/vm tests fail for ZGC after JDK-8322475,hotspot,runtime,,21.0.8
JDK-8354640,21.0.8,needs_review,security,,要確認,,,javax/management/security/HashedPasswordFileTest.java creates tmp file in src dir,core-svc,javax.management,,21.0.8
JDK-8354642,21.0.8,needs_review,runtime_core,,要確認,,,Test vmTestbase/nsk/jvmti/scenarios/sampling/SP05/sp05t003/TestDescription.java timed out: thread not suspended,hotspot,jvmti,,21.0.8
JDK-8354644,21.0.8,needs_review,runtime_core,,要確認,,,Improve diagnostic logging runtime/cds/DeterministicDump.java,hotspot,runtime,,21.0.8
JDK-8354647,21.0.8,excluded,runtime_core,,対応不要,"targets=alpine,linux",non_windows11_platform,serviceability/dcmd/vm/SystemDumpMapTest.java and SystemMapTest.java fail on Linux Alpine after 8322475,hotspot,runtime,,21.0.8
JDK-8354648,21.0.8,needs_review,classlib,,要確認,,,javax/swing/JMenu/4213634/bug4213634.java fails,client-libs,javax.swing,,21.0.8
JDK-8354649,21.0.8,excluded,classlib,,対応不要,targets=macos,non_windows11_platform,"[Accessibility,macOS,VoiceOver] VoiceOver reads the spinner value 10 as 1 when user iterates to 10 for the first time on macOS",client-libs,javax.accessibility,,21.0.8
JDK-8354654,21.0.8,needs_review,classlib,,要確認,,,"Screen capture for test TaskbarPositionTest.java, failure case",client-libs,,,21.0.8
JDK-8354709,21.0.7,needs_review,security,,要確認,,,Jarsigner should print a warning if an entry is removed,security-libs,java.security,,21.0.7
JDK-8354710,21.0.7,needs_review,compiler_tools,,要確認,,,Clean up the code in sun.tools.jar.Main to properly close resources and use ZipFile during extract,tools,jar,,21.0.7
JDK-8354711,21.0.7,excluded,interop,,対応不要,keywords=\bgc\b,gc_related,UpcallLinker::on_exit races with GC when copying frame anchor,core-libs,java.lang.foreign,,21.0.7
JDK-8354712,21.0.7,excluded,interop,,対応不要,keywords=\bgc\b,gc_related,UpcallLinker::on_entry racingly clears pending exception with GC safepoints,core-libs,java.lang.foreign,,21.0.7
JDK-8354713,21.0.7,needs_review,interop,,要確認,,,ProgrammableUpcallHandler::on_entry/on_exit access thread fields from native,core-libs,java.lang.foreign,,21.0.7
JDK-8354786,21.0.8,excluded,classlib,,対応不要,"keywords=open source,test",doc_or_test,Open source few TrayIcon tests - Set7,client-libs,java.awt,,21.0.8
JDK-8354787,21.0.8,excluded,classlib,,対応不要,"keywords=open source,test",doc_or_test,Open source several AWT Mouse tests - Batch 2,client-libs,java.awt,,21.0.8
JDK-8354788,21.0.8,excluded,classlib,,対応不要,"keywords=open source,test",doc_or_test,Open source several AWT Dialog tests - Batch 1,client-libs,java.awt,,21.0.8
JDK-8354790,21.0.8,excluded,classlib,,対応不要,"keywords=open source,test",doc_or_test,Open source several AWT Dialog tests - Batch 3,client-libs,java.awt,,21.0.8
JDK-8354893,21.0.8,needs_review,compiler_tools,performance_regression,要確認,,,[REDO BACKPORT] javac crashes while adding type annotations to the return type of a constructor (JDK-8320001),tools,javac,"22-na,jdk21u-fix-request,jdk21u-fix-yes",21.0.8
JDK-8354923,21.0.8,needs_review,compiler_tools,,要確認,,,Type annotation attached to incorrect type during class reading,tools,javac,,21.0.8
JDK-8354948,21.0.8,needs_review,compiler_tools,,要確認,,,"In ClassReader, extract a constant for the superclass supertype_index",tools,javac,,21.0.8
JDK-8355035,21.0.8,needs_review,interop,,要確認,,,HTTP/2 ConnectionWindowUpdateSender may miss some unprocessed DataFrames from closed streams,core-libs,java.net,,21.0.8
JDK-8355057,21.0.8,needs_review,compiler_tools,,要確認,,,CompletionFailure in getEnclosingType attaching type annotations,tools,javac,,21.0.8
JDK-8355075,21.0.8,needs_review,runtime_core,,要確認,,,TestVectorZeroCount: counter not reset between iterations,hotspot,compiler,,21.0.8
JDK-8355096,21.0.8,needs_review,runtime_core,,要確認,,,Add intrinsic for float/double modulo for x86 AVX2 and AVX512,hotspot,compiler,,21.0.8
JDK-8355099,21.0.8,needs_review,security,,要確認,,,TLS handshake fails because of ConcurrentModificationException in PKCS12KeyStore.engineGetEntry,security-libs,java.security,,21.0.8
JDK-8355100,21.0.8,needs_review,classlib,,要確認,,,Enhance checks in BigDecimal.toPlainString(),core-libs,java.math,,21.0.8
JDK-8355101,21.0.8,needs_review,security,,要確認,,,DistributionPointFetcher fails to fetch CRLs if the DistributionPoints field contains more than one DistributionPoint and the first one fails,security-libs,java.security,,21.0.8
JDK-8355112,21.0.8,needs_review,classlib,,要確認,,,java/util/Properties/StoreReproducibilityTest.java times out,core-libs,java.util,,21.0.8
JDK-8355117,21.0.8,needs_review,runtime_core,,要確認,,,Test ThreadCpuTime.java should pause like ThreadCpuTimeArray.java,core-svc,java.lang.management,,21.0.8
JDK-8355121,21.0.8,excluded,classlib,,対応不要,"keywords=open source,test",doc_or_test,Open source mixed AWT tests - Set3,client-libs,java.awt,,21.0.8
JDK-8355149,21.0.8,needs_review,classlib,,要確認,,,Test javax/swing/JTabbedPane/8007563/Test8007563.java fails,client-libs,javax.swing,,21.0.8
JDK-8355151,21.0.8,needs_review,classlib,,要確認,,,Tests fails with java.lang.IllegalAccessException: class com.sun.javatest.regtest.agent.MainWrapper$MainTask cannot access,client-libs,2d,,21.0.8
JDK-8355152,21.0.8,needs_review,runtime_core,,要確認,,,"serviceability/sa/TestJhsdbJstackLineNumbers.java failed with ""Didn't find enough line numbers""",hotspot,svc-agent,,21.0.8
JDK-8355169,21.0.8,needs_review,classlib,,要確認,,,java/awt/Desktop/MailTest.java fails in platforms where Action.MAIL is not supported,client-libs,java.awt,,21.0.8
JDK-8355170,21.0.8,needs_review,security,,要確認,,,Refactor ClassLoaderDeadlock.sh and Deadlock.sh to run fully in java,security-libs,java.security,,21.0.8
JDK-8355212,21.0.8,excluded,runtime_core,,対応不要,keywords=\bshenandoah\b,gc_related,Shenandoah/C2: TestVerifyLoopOptimizations test failure,hotspot,compiler,,21.0.8
JDK-8355316,21.0.8,needs_review,runtime_core,,要確認,,,Include timings for leaving safepoint in safepoint logging,hotspot,runtime,,21.0.8
JDK-8355419,21.0.8,needs_review,runtime_core,,要確認,,,Test TestCodeCacheFull.java fails with option -XX:-UseCodeCacheFlushing,hotspot,compiler,,21.0.8
JDK-8355549,21.0.8,needs_review,security,,要確認,,,Uninitialised memory in deleteGSSCB of GSSLibStub.c:179,security-libs,org.ietf.jgss,,21.0.8
JDK-8355550,21.0.8,needs_review,classlib,,要確認,,,SequenceInputStream.transferTo should not return as soon as Long.MAX_VALUE bytes have been transferred,core-libs,java.io,,21.0.8
JDK-8355551,21.0.8,needs_review,runtime_core,,要確認,,,C2: assert(false) failed: node should be in igvn hash table,hotspot,compiler,,21.0.8
JDK-8355552,21.0.8,needs_review,runtime_core,,要確認,,,java -D-D crashes,hotspot,runtime,,21.0.8
JDK-8355655,21.0.8,needs_review,runtime_core,,要確認,,,[ASAN] Gtest os_linux.glibc_mallinfo_wrapper_vm fails,hotspot,runtime,,21.0.8
JDK-8355707,21.0.8,needs_review,runtime_core,,要確認,,,Remove runtime platform check from frem/drem,hotspot,compiler,,21.0.8
JDK-8355709,21.0.8,needs_review,interop,,要確認,,,Test java/net/httpclient/CancelRequestTest.java failed: WARNING: tracker for HttpClientImpl(42) has outstanding operations,core-libs,java.net,,21.0.8
JDK-8355710,21.0.8,needs_review,classlib,,要確認,,,java/awt/dnd/RejectDragDropActionTest.java timed out,client-libs,java.awt,,21.0.8
JDK-8355712,21.0.8,needs_review,interop,,要確認,,,java/net/vthread/BlockingSocketOps.java timeout/hang intermittently on Windows,core-libs,java.net,,21.0.8
JDK-8355713,21.0.8,needs_review,security,,要確認,,,KeyStore getEntry is not thread-safe,security-libs,java.security,,21.0.8
JDK-8355714,21.0.8,needs_review,runtime_core,,要確認,,,Update nsk.share.jpda.Jdb to don't use finalization,core-svc,debugger,,21.0.8
JDK-8355715,21.0.8,needs_review,runtime_core,,要確認,,,"JFR GCHelper class recognizes ""Archive"" regions as valid",hotspot,jfr,,21.0.8
JDK-8355716,21.0.8,needs_review,runtime_core,,要確認,,,Replace usage of -noclassgc with -Xnoclassgc in test/jdk/java/lang/management/MemoryMXBean/LowMemoryTest2.java,core-svc,java.lang.management,,21.0.8
JDK-8355727,21.0.8,needs_review,runtime_core,,要確認,,,Fix incorrect log message in JDI stop002t test,core-svc,debugger,,21.0.8
JDK-8355728,21.0.8,needs_review,interop,,要確認,,,HTTP/2 flow control checks may count unprocessed data twice,core-libs,java.net,,21.0.8
JDK-8355729,21.0.8,needs_review,security,,要確認,,,Update HSS/LMS public key encoding,security-libs,java.security,,21.0.8
JDK-8355730,21.0.8,needs_review,interop,,要確認,,,java/net/DatagramSocket/InterruptibleDatagramSocket.java fails with virtual thread factory,core-libs,java.net,,21.0.8
JDK-8355731,21.0.8,needs_review,security,,要確認,,,Compatible OCSP readtimeout property with OCSP timeout,security-libs,java.security,,21.0.8
JDK-8355732,21.0.8,needs_review,security,test_infra,要確認,,,security/auth/callback/TextCallbackHandler/Password.java make runnable with JTReg and add the UI,security-libs,java.security,,21.0.8
JDK-8355733,21.0.8,needs_review,classlib,,要確認,,,Test javax/swing/JComboBox/TestComboBoxComponentRendering.java fails in ubuntu 23.x and later,client-libs,javax.swing,,21.0.8
JDK-8355734,21.0.8,needs_review,interop,,要確認,,,(fc) Make java/nio/channels/FileChannel/BlockDeviceSize.java test manual,core-libs,java.nio,,21.0.8
JDK-8355735,21.0.8,needs_review,classlib,,要確認,,,Test javax/swing/JTabbedPane/TestJTabbedPaneBackgroundColor.java failed,client-libs,javax.swing,,21.0.8
JDK-8355736,21.0.8,needs_review,interop,,要確認,,,java/net/httpclient/Http1ChunkedTest.java fails with java.util.MissingFormatArgumentException: Format specifier '%s',core-libs,java.net,,21.0.8
JDK-8355737,21.0.8,needs_review,interop,,要確認,,,httpclient HeadTest does not run on HTTP2,core-libs,java.net,,21.0.8
JDK-8355738,21.0.8,needs_review,security,,要確認,,,Increased number of SHA-384-Digest java.util.jar.Attributes$Name instances leading to higher memory footprint,core-libs,java.util.jar,,21.0.8
JDK-8355759,21.0.8,needs_review,runtime_core,,要確認,,,sun.jvmstat.monitor.MonitoredHost.getMonitoredHost() throws unexpected exceptions when invoked concurrently,core-svc,tools,,21.0.8
JDK-8355760,21.0.8,needs_review,classlib,,要確認,,,Overflow in Collections.rotate,core-libs,java.util:collections,,21.0.8
JDK-8355761,21.0.8,needs_review,runtime_core,,要確認,,,"[AArch64] C2 compilation hits offset_ok_for_immed: assert ""c2 compiler bug""",hotspot,compiler,,21.0.8
JDK-8355762,21.0.8,excluded,runtime_core,,対応不要,targets=macos,non_windows11_platform,MacOS Zero cannot run gtests due to wrong JVM path,hotspot,runtime,,21.0.8
JDK-8356013,21.0.8,needs_review,compiler_tools,,要確認,,,NPE due to unreported compiler error,tools,javac,,21.0.8
JDK-8356178,21.0.8,needs_review,runtime_core,,要確認,,,Update vmTestbase/nsk/share/LocalProcess.java to don't use finalization,core-svc,debugger,,21.0.8
JDK-8356180,21.0.8,needs_review,runtime_core,,要確認,,,"com/sun/tools/attach/BasicTests.java fails with ""SocketException: Permission denied: connect""",core-svc,tools,,21.0.8
JDK-8356181,21.0.8,needs_review,security,,要確認,,,Relocate supporting classes in security/testlibrary to test/lib/jdk tree,security-libs,jdk.security,,21.0.8
JDK-8356248,21.0.8,needs_review,runtime_core,,要確認,,,MAX_SECS definition is unused in os_linux,hotspot,runtime,,21.0.8
JDK-8356254,21.0.8,needs_review,runtime_core,,要確認,,,"Use ""/native"" Run Option for TestAvailableProcessors Execution",hotspot,test,,21.0.8
JDK-8356481,21.0.8,needs_review,runtime_core,,要確認,,,Test forceEarlyReturn002.java timed out,core-svc,debugger,,21.0.8
JDK-8356489,21.0.8,needs_review,runtime_core,,要確認,,,Test WaitNotifySuspendedVThreadTest.java timed out,hotspot,jvmti,,21.0.8
JDK-8356490,21.0.8,needs_review,runtime_core,,要確認,,,Rename nsk_strace.h,hotspot,test,,21.0.8
JDK-8356491,21.0.8,needs_review,runtime_core,,要確認,,,Update nsk.share.jpda.BindServer to don't use finalization,hotspot,svc,,21.0.8
JDK-8356507,21.0.8,needs_review,runtime_core,,要確認,,,Clean up Finalizable.java and finalize terminology in vmTestbase/nsk/share,hotspot,svc,,21.0.8
JDK-8356508,21.0.8,needs_review,runtime_core,,要確認,,,Update nsk/jdwp tests to use driver instead of othervm,core-svc,debugger,,21.0.8
JDK-8356509,21.0.8,needs_review,runtime_core,,要確認,,,serviceability/jvmti/StartPhase/AllowedFunctions/AllowedFunctions.java fails with unexpected exit code: 112,hotspot,jvmti,,21.0.8
JDK-8356512,21.0.8,needs_review,runtime_core,,要確認,,,Fix -Wzero-as-null-pointer-constant warnings in gtest framework,hotspot,test,,21.0.8
JDK-8356514,21.0.8,excluded,classlib,,対応不要,"keywords=open source,test",doc_or_test,Open source a few more Component related tests,client-libs,java.awt,,21.0.8
JDK-8356515,21.0.8,needs_review,classlib,,要確認,,,Opensource few List and a Window test,client-libs,java.awt,,21.0.8
JDK-8356517,21.0.8,needs_review,compiler_tools,,要確認,,,WinInstallerUiTest fails in local test runs if the path to test work directory is longer that regular,tools,jpackage,,21.0.8
JDK-8356518,21.0.8,needs_review,classlib,,要確認,,,Test javax/swing/JRadioButton/8033699/bug8033699.java  still fails:  Focus is not on Radio Button Single as Expected,client-libs,,,21.0.8
JDK-8356519,21.0.8,needs_review,security,,要確認,,,Test sun/security/mscapi/nonUniqueAliases/NonUniqueAliases.java is marked with @ignore,security-libs,javax.crypto,,21.0.8
JDK-8356520,21.0.8,excluded,classlib,,対応不要,targets=windows xp,non_windows11_platform,JButton/bug4796987.java never runs because Windows XP is unavailable,client-libs,javax.swing,,21.0.8
JDK-8356530,21.0.8,needs_review,security,,要確認,,,Remove two Camerfirma root CA certificates,security-libs,java.security,,21.0.8
JDK-8356637,21.0.8,needs_review,classlib,,要確認,,,Pattern.Bound has `static` fields that should be `static final`.,core-libs,java.util.regex,,21.0.8
JDK-8356650,21.0.8,needs_review,security,,要確認,,,Update sun/security/pkcs12/KeytoolOpensslInteropTest.java to use a recent Openssl version,security-libs,java.security,,21.0.8
JDK-8356669,21.0.8,needs_review,runtime_core,,要確認,,,x86 count_positives intrinsic broken for -XX:AVX3Threshold=0,hotspot,compiler,,21.0.8
JDK-8356670,21.0.8,needs_review,runtime_core,,要確認,,,Compiler directives parser swallows a character after line comments,hotspot,compiler,,21.0.8
JDK-8356671,21.0.8,needs_review,runtime_core,,要確認,,,"jdk/jfr/event/runtime/TestResidentSetSizeEvent.java fails with ""The size should be less than or equal to peak""",hotspot,jfr,,21.0.8
JDK-8356672,21.0.8,needs_review,classlib,,要確認,,,Misleading exception message from STS.Subtask::get when task forked after shutdown,core-libs,java.util.concurrent,,21.0.8
JDK-8356674,21.0.8,needs_review,runtime_core,,要確認,,,NPE when HSDB visits bad oop,hotspot,svc-agent,,21.0.8
JDK-8356675,21.0.8,needs_review,runtime_core,,要確認,,,Kitchensink.java and RenaissanceStressTest.java  time out with jvmti module errors,hotspot,jfr,,21.0.8
JDK-8356676,21.0.8,needs_review,runtime_core,,要確認,,,Stack overflow during C2 compilation when splitting memory phi,hotspot,compiler,,21.0.8
JDK-8356677,21.0.8,needs_review,runtime_core,,要確認,,,LogCompilation doesn't reset lateInlining when it encounters a failure.,hotspot,compiler,,21.0.8
JDK-8356707,21.0.8,needs_review,security,,要確認,,,GZIPInputStream constructor could leak an un-end()ed Inflater,core-libs,java.util.jar,,21.0.8
JDK-8356784,21.0.8,needs_review,interop,,要確認,,,Misformatted copyright messages in FFM,core-libs,java.lang.foreign,,21.0.8
JDK-8356785,21.0.8,excluded,test_infra,,対応不要,"keywords=copyright,test",doc_or_test,Many test files have the wrong Copyright header,infrastructure,licensing,,21.0.8
JDK-8356786,21.0.8,needs_review,runtime_core,,要確認,,,Remove support of remote and manual debuggee launchers,hotspot,svc,,21.0.8
JDK-8356802,21.0.8,needs_review,classlib,,要確認,,,j.text.DateFormatSymbols setZoneStrings() exception is unhelpful,core-libs,java.text,,21.0.8
JDK-8356943,21.0.8,needs_review,other,,要確認,,,translet-name ignored when package-name is also set,xml,,,21.0.8
JDK-8356992,21.0.8,needs_review,runtime_core,,要確認,,,[JVMCI] fatal error: Never compilable: in JVMCI shutdown,hotspot,compiler,,21.0.8
JDK-8357001,21.0.8,needs_review,classlib,,要確認,,,Test java/awt/Toolkit/Headless/HeadlessToolkit.java fails by timeout,client-libs,java.awt,,21.0.8
JDK-8357023,21.0.8,excluded,runtime_core,test_infra,対応不要,"keywords=jtreg,test",doc_or_test,Replace NULL with nullptr in HotSpot jtreg test native code files,hotspot,runtime,,21.0.8
JDK-8357024,21.0.8,needs_review,runtime_core,,要確認,,,Rename get_stack_trace.h,hotspot,jvmti,,21.0.8
JDK-8357025,21.0.8,needs_review,runtime_core,,要確認,,,Rename Injector.h,hotspot,jvmti,,21.0.8
JDK-8357026,21.0.8,needs_review,runtime_core,,要確認,,,Rename jvmti_FollowRefObjects.h,hotspot,jvmti,,21.0.8
JDK-8357027,21.0.8,needs_review,runtime_core,,要確認,,,Rename native_thread.h,hotspot,test,,21.0.8
JDK-8357028,21.0.8,needs_review,runtime_core,,要確認,,,Rename nsk_list.h,hotspot,jvmti,,21.0.8
JDK-8357029,21.0.8,needs_review,runtime_core,,要確認,,,Rename nsk_mutex.h,hotspot,runtime,,21.0.8
JDK-8357030,21.0.8,needs_review,runtime_core,,要確認,,,Rename mlvmJvmtiUtils.h,hotspot,jvmti,,21.0.8
JDK-8357031,21.0.8,needs_review,runtime_core,,要確認,,,Rename jnihelper.h,hotspot,runtime,,21.0.8
JDK-8357032,21.0.8,needs_review,runtime_core,,要確認,,,Rename jvmti_aod.h,hotspot,jvmti,,21.0.8
JDK-8357065,21.0.8,needs_review,classlib,,要確認,,,Re-enable -Wtype-limits for GCC in LCMS,client-libs,2d,,21.0.8
JDK-8357069,21.0.8,excluded,runtime_core,,対応不要,targets=aix,non_windows11_platform,[AIX] Adapt code for C++ VLA rule,hotspot,other,,21.0.8
JDK-8357112,21.0.8,needs_review,runtime_core,,要確認,,,Improve test coverage for JVMTI GetThreadState on carrier and mounted vthread,hotspot,jvmti,,21.0.8
JDK-8357113,21.0.8,needs_review,runtime_core,,要確認,,,Rename agent_common.h,hotspot,jvmti,,21.0.8
JDK-8357114,21.0.8,needs_review,test_infra,,要確認,,,[test] improve assertEquals failure output,infrastructure,,,21.0.8
JDK-8357115,21.0.8,needs_review,classlib,,要確認,,,Convert closed text/html/CSS manual applet test to main,client-libs,javax.swing,,21.0.8
JDK-8357116,21.0.8,needs_review,compiler_tools,,要確認,,,Ctrl+C does not call shutdown hooks after JLine upgrade,tools,jshell,,21.0.8
JDK-8357117,21.0.8,needs_review,classlib,,要確認,,,Incorrect error message during startup if working directory does not exist,core-libs,java.lang,,21.0.8
JDK-8357118,21.0.8,needs_review,classlib,,要確認,,,test/jdk/javax/swing/JToolBar/4529206/bug4529206.java fails in ubuntu22.04,client-libs,,,21.0.8
JDK-8357120,21.0.8,needs_review,classlib,,要確認,,,test/jdk/javax/swing/text/DefaultEditorKit/4278839/bug4278839.java fails in ubuntu22.04,client-libs,javax.swing,,21.0.8
JDK-8357121,21.0.8,needs_review,runtime_core,,要確認,,,Test: add more test case for string compare (UL case),hotspot,compiler,,21.0.8
JDK-8357122,21.0.8,needs_review,classlib,,要確認,,,Opensource JMenu tests - series1,client-libs,javax.swing,,21.0.8
JDK-8357204,21.0.8,needs_review,classlib,,要確認,,,Opensource few misc swing tests,client-libs,javax.swing,,21.0.8
JDK-8357205,21.0.8,excluded,classlib,,対応不要,"keywords=open source,test",doc_or_test,Open source more Swing text tests,client-libs,javax.swing,,21.0.8
JDK-8357206,21.0.8,needs_review,classlib,,要確認,,,Opensource JInternalFrame tests - series1,client-libs,javax.swing,,21.0.8
JDK-8357214,21.0.8,excluded,classlib,,対応不要,"keywords=open source,test",doc_or_test,Open source two Swing DefaultCaret tests,client-libs,javax.swing,,21.0.8
JDK-8357215,21.0.8,excluded,classlib,,対応不要,"keywords=open source,test",doc_or_test,Open source several swing tests batch1,client-libs,javax.swing,,21.0.8
JDK-8357261,21.0.8,excluded,gc,,対応不要,component=hotspot/gc,gc_related,Avoid sending per-region GCPhaseParallel JFR events in G1ScanCollectionSetRegionClosure,hotspot,gc,,21.0.8
JDK-8357388,21.0.8,needs_review,runtime_core,,要確認,,,The jcmd thread dump related tests should test virtual threads,core-svc,tools,,21.0.8
JDK-8357389,21.0.8,needs_review,runtime_core,,要確認,,,jdk/jfr/startupargs/TestMemoryOptions.java fails with 32-bit build,hotspot,jfr,,21.0.8
JDK-8357391,21.0.8,excluded,gc,,対応不要,component=hotspot/gc; keywords=\bzgc\b,gc_related,ZGC: TestAllocateHeapAt.java should not run with UseLargePages,hotspot,gc,,21.0.8
JDK-8357437,21.0.8,needs_review,runtime_core,,要確認,,,Use correct extension for C++ test headers,hotspot,test,,21.0.8
JDK-8357477,21.0.8,excluded,interop,,対応不要,targets=aix,non_windows11_platform,AIX: sporadic unexpected errno when calling setsockopt in Net.joinOrDrop,core-libs,java.nio,,21.0.8
JDK-8357482,21.0.8,needs_review,runtime_core,,要確認,,,DynamicLauncher for JDP test needs to try harder to find a free port,core-svc,javax.management,,21.0.8
JDK-8357483,21.0.8,needs_review,runtime_core,,要確認,,,Remove the appcds/javaldr/AnonVmClassesDuringDump.java test,hotspot,runtime,,21.0.8
JDK-8357484,21.0.8,needs_review,interop,,要確認,,,Bug in com/sun/net/httpserver/bugs/B6361557.java test,core-libs,java.net,,21.0.8
JDK-8357487,21.0.8,needs_review,runtime_core,,要確認,,,Incomplete logging in nsk/jvmti/ResourceExhausted/resexhausted00* tests,hotspot,test,,21.0.8
JDK-8357488,21.0.8,needs_review,runtime_core,,要確認,,,[jittester] Remove TempDir debug output,hotspot,compiler,,21.0.8
JDK-8357489,21.0.8,excluded,classlib,,対応不要,"keywords=open source,test",doc_or_test,Open source Swing Tests - Set 5,client-libs,javax.swing,,21.0.8
JDK-8357492,21.0.8,excluded,classlib,,対応不要,"keywords=open source,test",doc_or_test,Open source several AWT Menu tests - Batch 2,client-libs,java.awt,,21.0.8
JDK-8357493,21.0.8,needs_review,classlib,,要確認,,,Open some JComboBox bugs 4,client-libs,javax.swing,,21.0.8
JDK-8357494,21.0.8,excluded,classlib,,対応不要,"keywords=open source,test",doc_or_test,Open source several clipboard tests batch1,client-libs,java.awt,,21.0.8
JDK-8357500,21.0.8,excluded,classlib,,対応不要,"keywords=open source,test",doc_or_test,Clean up and open source couple AWT Graphics related tests (Part 1),client-libs,java.awt,,21.0.8
JDK-8357534,21.0.8,needs_review,runtime_core,,要確認,,,[VS 2022 17.14] Warning C5287 in debugInit.c: enum type mismatch during build,core-svc,debugger,,21.0.8
JDK-8357544,21.0.8,needs_review,runtime_core,,要確認,,,Clean up vmTestbase/vm/share,hotspot,test,,21.0.8
JDK-8357545,21.0.8,needs_review,security,,要確認,,,Better cleanup for jdk/test/sun/security/pkcs12/P12SecretKey.java,security-libs,java.security,,21.0.8
JDK-8357548,21.0.8,needs_review,interop,,要確認,,,ISO 4217 Amendment 179 Update,core-libs,java.util:i18n,,21.0.8
JDK-8357667,21.0.8,needs_review,classlib,,要確認,,,Missing @since tag on JColorChooser.showDialog overload,client-libs,javax.swing,,21.0.8
JDK-8357820,21.0.8,needs_review,runtime_core,,要確認,,,[AArch64] Incorrect result of VectorizedHashCode intrinsic on Cortex-A53,hotspot,compiler,,21.0.8
JDK-8357855,21.0.8,needs_review,runtime_core,,要確認,,,Merge vm/share/InMemoryJavaCompiler w/ jdk/test/lib/compiler/InMemoryJavaCompiler,hotspot,test,,21.0.8
JDK-8357856,21.0.8,needs_review,runtime_core,,要確認,,,failure_handler lldb command times out on macosx-aarch64 core file,hotspot,test,,21.0.8
JDK-8359037,21.0.8,needs_review,runtime_core,,要確認,,,"C2: compilation fails with ""assert(false) failed: empty program detected during loop optimization""",hotspot,compiler,,21.0.8
JDK-8359349,21.0.8,needs_review,security,,要確認,,,Add 2 TLS and 2 CS Sectigo roots,security-libs,java.security,,21.0.8
JDK-8360406,21.0.8,needs_review,compiler_tools,,要確認,,,[21u] Disable logic for attaching type annotations to class files until 8359336 is fixed,tools,javac,"24-na,25-na,jdk21u-critical-request,jdk21u-critical-yes",21.0.8
JDK-8361672,21.0.8,needs_review,test_infra,,要確認,,,[21u] Remove designator DEFAULT_PROMOTED_VERSION_PRE=ea for release 21.0.8,infrastructure,release_eng,,21.0.8
